0:0:0:0:0:0:0:1 - - [23/Aug/2022:11:50:57 +0530] "GET /e HTTP/1.1" 404 306 409
0:0:0:0:0:0:0:1 - - [23/Aug/2022:11:50:57 +0530] "GET /favicon.ico HTTP/1.1" 200 946 60
0:0:0:0:0:0:0:1 - - [23/Aug/2022:11:51:02 +0530] "GET /Eedu HTTP/1.1" 404 306 112
0:0:0:0:0:0:0:1 - - [23/Aug/2022:11:51:06 +0530] "GET /Eedu HTTP/1.1" 404 306 60
0:0:0:0:0:0:0:1 - - [23/Aug/2022:11:51:13 +0530] "GET / HTTP/1.1" 200 2233 2285
0:0:0:0:0:0:0:1 - - [23/Aug/2022:11:51:13 +0530] "GET /script.js HTTP/1.1" 200 2049 28
0:0:0:0:0:0:0:1 - - [23/Aug/2022:11:51:13 +0530] "GET /style.css HTTP/1.1" 200 2881 31
0:0:0:0:0:0:0:1 - - [23/Aug/2022:11:51:23 +0530] "GET /Eedu HTTP/1.1" 404 306 95
0:0:0:0:0:0:0:1 - - [23/Aug/2022:11:51:56 +0530] "GET /Eedu/ HTTP/1.1" 200 15866 142
0:0:0:0:0:0:0:1 - - [23/Aug/2022:11:51:56 +0530] "GET /Eedu/Estyle.css HTTP/1.1" 404 147 90
0:0:0:0:0:0:0:1 - - [23/Aug/2022:11:57:37 +0530] "GET /Eedu/ HTTP/1.1" 200 15951 468
0:0:0:0:0:0:0:1 - - [23/Aug/2022:11:57:37 +0530] "GET /Eedu/Estyle.css HTTP/1.1" 404 147 95
0:0:0:0:0:0:0:1 - - [23/Aug/2022:11:57:43 +0530] "GET /Eedu/ HTTP/1.1" 200 15951 91
0:0:0:0:0:0:0:1 - - [23/Aug/2022:11:57:43 +0530] "GET /Eedu/Estyle.css HTTP/1.1" 404 147 27
0:0:0:0:0:0:0:1 - - [23/Aug/2022:11:57:53 +0530] "GET /Eedu/ HTTP/1.1" 200 15951 109
0:0:0:0:0:0:0:1 - - [23/Aug/2022:11:57:53 +0530] "GET /Eedu/Estyle.css HTTP/1.1" 404 147 25
0:0:0:0:0:0:0:1 - - [23/Aug/2022:11:57:59 +0530] "GET / HTTP/1.1" 200 2233 2211
0:0:0:0:0:0:0:1 - - [23/Aug/2022:11:58:10 +0530] "GET / HTTP/1.1" 200 2233 54
0:0:0:0:0:0:0:1 - - [23/Aug/2022:11:58:15 +0530] "GET /Eedu/ HTTP/1.1" 200 15951 96
0:0:0:0:0:0:0:1 - - [23/Aug/2022:11:58:15 +0530] "GET /Eedu/Estyle.css HTTP/1.1" 404 147 23
0:0:0:0:0:0:0:1 - - [23/Aug/2022:12:02:56 +0530] "GET /Eedu/ HTTP/1.1" 200 15951 465
0:0:0:0:0:0:0:1 - - [23/Aug/2022:12:02:56 +0530] "GET /Eedu/Estyle.css HTTP/1.1" 404 147 90
0:0:0:0:0:0:0:1 - - [23/Aug/2022:12:06:56 +0530] "GET /Eedu/ HTTP/1.1" 200 10902 438
0:0:0:0:0:0:0:1 - - [23/Aug/2022:12:06:56 +0530] "GET /Eedu/Estyle.css HTTP/1.1" 404 147 123
0:0:0:0:0:0:0:1 - - [23/Aug/2022:12:07:04 +0530] "GET /Eedu/ HTTP/1.1" 200 10902 99
0:0:0:0:0:0:0:1 - - [23/Aug/2022:12:07:04 +0530] "GET /Eedu/Estyle.css HTTP/1.1" 404 147 20
0:0:0:0:0:0:0:1 - - [23/Aug/2022:12:08:08 +0530] "GET /Eedu/ HTTP/1.1" 200 11495 389
0:0:0:0:0:0:0:1 - - [23/Aug/2022:12:08:08 +0530] "GET /Eedu/Estyle.css HTTP/1.1" 404 147 100
0:0:0:0:0:0:0:1 - - [23/Aug/2022:12:08:14 +0530] "GET /Eedu/ HTTP/1.1" 200 11495 82
0:0:0:0:0:0:0:1 - - [23/Aug/2022:12:08:14 +0530] "GET /Eedu/Estyle.css HTTP/1.1" 404 147 30
0:0:0:0:0:0:0:1 - - [23/Aug/2022:12:09:00 +0530] "GET /Eedu/ HTTP/1.1" 200 11500 618
0:0:0:0:0:0:0:1 - - [23/Aug/2022:12:09:00 +0530] "GET /Eedu/Estyle.css HTTP/1.1" 404 147 148
0:0:0:0:0:0:0:1 - - [23/Aug/2022:12:09:02 +0530] "GET /Eedu/ HTTP/1.1" 200 11500 83
0:0:0:0:0:0:0:1 - - [23/Aug/2022:12:09:02 +0530] "GET /Eedu/Estyle.css HTTP/1.1" 404 147 28
0:0:0:0:0:0:0:1 - - [23/Aug/2022:12:12:30 +0530] "GET /Eedu/ HTTP/1.1" 200 11504 491
0:0:0:0:0:0:0:1 - - [23/Aug/2022:12:12:30 +0530] "GET /Eedu/css/Estyle.css HTTP/1.1" 404 151 87
0:0:0:0:0:0:0:1 - - [23/Aug/2022:12:12:34 +0530] "GET /Eedu/ HTTP/1.1" 200 11504 75
0:0:0:0:0:0:0:1 - - [23/Aug/2022:12:12:34 +0530] "GET /Eedu/css/Estyle.css HTTP/1.1" 404 151 25
0:0:0:0:0:0:0:1 - - [23/Aug/2022:12:12:36 +0530] "GET /Eedu/ HTTP/1.1" 200 11504 86
0:0:0:0:0:0:0:1 - - [23/Aug/2022:12:12:36 +0530] "GET /Eedu/css/Estyle.css HTTP/1.1" 404 151 35
0:0:0:0:0:0:0:1 - - [23/Aug/2022:12:17:36 +0530] "GET /Eedu/ HTTP/1.1" 200 1462 438
0:0:0:0:0:0:0:1 - - [23/Aug/2022:12:17:36 +0530] "GET /Eedu/edu.css HTTP/1.1" 404 144 91
0:0:0:0:0:0:0:1 - - [23/Aug/2022:12:19:23 +0530] "GET /Eedu/ HTTP/1.1" 200 1461 472
0:0:0:0:0:0:0:1 - - [23/Aug/2022:12:19:23 +0530] "GET /Eedu/edu.css HTTP/1.1" 404 144 107
0:0:0:0:0:0:0:1 - - [23/Aug/2022:12:19:26 +0530] "GET /Eedu/ HTTP/1.1" 200 1461 69
0:0:0:0:0:0:0:1 - - [23/Aug/2022:12:19:26 +0530] "GET /Eedu/edu.css HTTP/1.1" 404 144 19
0:0:0:0:0:0:0:1 - - [23/Aug/2022:12:19:28 +0530] "GET /Eedu/ HTTP/1.1" 200 1461 63
0:0:0:0:0:0:0:1 - - [23/Aug/2022:12:19:28 +0530] "GET /Eedu/edu.css HTTP/1.1" 404 144 37
0:0:0:0:0:0:0:1 - - [23/Aug/2022:12:21:10 +0530] "GET /Eedu/ HTTP/1.1" 200 1464 477
0:0:0:0:0:0:0:1 - - [23/Aug/2022:12:21:10 +0530] "GET /css/edu.css HTTP/1.1" 200 4652 40
0:0:0:0:0:0:0:1 - - [23/Aug/2022:12:22:53 +0530] "GET /Eedu/ HTTP/1.1" 200 11503 496
0:0:0:0:0:0:0:1 - - [23/Aug/2022:12:22:53 +0530] "GET /css/Estyle.css HTTP/1.1" 200 2547 36
0:0:0:0:0:0:0:1 - - [23/Aug/2022:12:25:38 +0530] "GET /Eedu/ HTTP/1.1" 200 16543 475
0:0:0:0:0:0:0:1 - - [23/Aug/2022:12:30:15 +0530] "GET /Eedu/ HTTP/1.1" 200 16543 515
0:0:0:0:0:0:0:1 - - [23/Aug/2022:12:30:15 +0530] "GET /css/Estyle.css HTTP/1.1" 304 - 32
0:0:0:0:0:0:0:1 - - [23/Aug/2022:12:35:28 +0530] "GET /Eedu/ HTTP/1.1" 200 16543 463
0:0:0:0:0:0:0:1 - - [23/Aug/2022:12:35:28 +0530] "GET /css/Estyle.css HTTP/1.1" 304 - 22
0:0:0:0:0:0:0:1 - - [23/Aug/2022:12:40:11 +0530] "GET /Eedu/ HTTP/1.1" 200 16564 467
0:0:0:0:0:0:0:1 - - [23/Aug/2022:12:40:11 +0530] "GET /css/Estyle.css HTTP/1.1" 304 - 23
0:0:0:0:0:0:0:1 - - [23/Aug/2022:12:41:15 +0530] "GET /Eedu/ HTTP/1.1" 200 16564 493
0:0:0:0:0:0:0:1 - - [23/Aug/2022:12:41:19 +0530] "GET /Eedu/ HTTP/1.1" 200 16564 76
0:0:0:0:0:0:0:1 - - [23/Aug/2022:12:42:06 +0530] "GET /Eedu/ HTTP/1.1" 200 16564 484
0:0:0:0:0:0:0:1 - - [23/Aug/2022:12:42:09 +0530] "GET /Eedu/ HTTP/1.1" 200 16564 81
0:0:0:0:0:0:0:1 - - [23/Aug/2022:12:42:11 +0530] "GET /Eedu/ HTTP/1.1" 200 16564 73
0:0:0:0:0:0:0:1 - - [23/Aug/2022:12:44:22 +0530] "GET /Eedu/ HTTP/1.1" 200 16564 502
0:0:0:0:0:0:0:1 - - [23/Aug/2022:12:44:31 +0530] "GET /Eedu/ HTTP/1.1" 200 16564 77
0:0:0:0:0:0:0:1 - - [23/Aug/2022:12:44:44 +0530] "GET /Eedu/ HTTP/1.1" 200 16564 64
0:0:0:0:0:0:0:1 - - [23/Aug/2022:12:46:55 +0530] "GET /Eedu/ HTTP/1.1" 200 16541 490
0:0:0:0:0:0:0:1 - - [23/Aug/2022:12:46:55 +0530] "GET /css/Estyle.css HTTP/1.1" 304 - 26
0:0:0:0:0:0:0:1 - - [23/Aug/2022:12:51:00 +0530] "GET /Eedu/ HTTP/1.1" 200 16541 463
0:0:0:0:0:0:0:1 - - [23/Aug/2022:12:51:05 +0530] "GET /Eedu/ HTTP/1.1" 200 16541 75
0:0:0:0:0:0:0:1 - - [23/Aug/2022:12:51:09 +0530] "GET /Eedu/ HTTP/1.1" 200 16541 67
0:0:0:0:0:0:0:1 - - [23/Aug/2022:12:53:47 +0530] "GET /Eedu/ HTTP/1.1" 200 16541 456
0:0:0:0:0:0:0:1 - - [23/Aug/2022:12:53:47 +0530] "GET /css/Estyle.css HTTP/1.1" 304 - 43
0:0:0:0:0:0:0:1 - - [23/Aug/2022:12:53:51 +0530] "GET /Eedu/ HTTP/1.1" 200 16541 78
0:0:0:0:0:0:0:1 - - [23/Aug/2022:12:56:08 +0530] "GET /Eedu/ HTTP/1.1" 200 16541 448
0:0:0:0:0:0:0:1 - - [23/Aug/2022:12:56:13 +0530] "GET /Eedu/ HTTP/1.1" 200 16541 86
0:0:0:0:0:0:0:1 - - [23/Aug/2022:12:58:22 +0530] "GET /Eedu/ HTTP/1.1" 200 16541 464
0:0:0:0:0:0:0:1 - - [23/Aug/2022:12:58:25 +0530] "GET /Eedu/ HTTP/1.1" 200 16541 58
0:0:0:0:0:0:0:1 - - [23/Aug/2022:13:00:52 +0530] "GET /Eedu/ HTTP/1.1" 200 16533 476
0:0:0:0:0:0:0:1 - - [23/Aug/2022:13:00:52 +0530] "GET /css/Estyle.css HTTP/1.1" 304 - 25
0:0:0:0:0:0:0:1 - - [23/Aug/2022:13:00:55 +0530] "GET /Eedu/ HTTP/1.1" 200 16533 59
0:0:0:0:0:0:0:1 - - [23/Aug/2022:13:01:24 +0530] "GET /Eedu/ HTTP/1.1" 200 16533 99
0:0:0:0:0:0:0:1 - - [23/Aug/2022:13:04:22 +0530] "GET /Eedu/ HTTP/1.1" 200 16533 479
0:0:0:0:0:0:0:1 - - [23/Aug/2022:13:04:25 +0530] "GET /Eedu/ HTTP/1.1" 200 16533 83
0:0:0:0:0:0:0:1 - - [23/Aug/2022:13:13:20 +0530] "GET /Eedu/ HTTP/1.1" 200 16533 485
0:0:0:0:0:0:0:1 - - [23/Aug/2022:13:13:20 +0530] "GET /css/Estyle.css HTTP/1.1" 304 - 36
0:0:0:0:0:0:0:1 - - [23/Aug/2022:13:14:36 +0530] "GET /Eedu/ HTTP/1.1" 200 16533 481
0:0:0:0:0:0:0:1 - - [23/Aug/2022:13:14:41 +0530] "GET /Eedu/ HTTP/1.1" 200 16533 79
0:0:0:0:0:0:0:1 - - [23/Aug/2022:13:19:28 +0530] "GET /Eedu/ HTTP/1.1" 200 16563 425
0:0:0:0:0:0:0:1 - - [23/Aug/2022:13:20:38 +0530] "GET /Eedu/ HTTP/1.1" 200 16563 468
0:0:0:0:0:0:0:1 - - [23/Aug/2022:13:20:42 +0530] "GET /Eedu/ HTTP/1.1" 200 16563 69
0:0:0:0:0:0:0:1 - - [23/Aug/2022:13:22:07 +0530] "GET /Eedu/ HTTP/1.1" 200 16563 477
0:0:0:0:0:0:0:1 - - [23/Aug/2022:13:22:09 +0530] "GET /css/Estyle.css HTTP/1.1" 304 - 46
0:0:0:0:0:0:0:1 - - [23/Aug/2022:13:22:15 +0530] "GET /Eedu/ HTTP/1.1" 200 16563 113
0:0:0:0:0:0:0:1 - - [23/Aug/2022:13:23:53 +0530] "GET /Eedu/ HTTP/1.1" 200 16563 476
0:0:0:0:0:0:0:1 - - [23/Aug/2022:13:23:59 +0530] "GET /Eedu/ HTTP/1.1" 200 16563 69
0:0:0:0:0:0:0:1 - - [23/Aug/2022:13:26:14 +0530] "GET /Eedu/ HTTP/1.1" 200 16563 506
0:0:0:0:0:0:0:1 - - [23/Aug/2022:13:26:14 +0530] "GET /Eedu/ HTTP/1.1" 200 16563 84
0:0:0:0:0:0:0:1 - - [23/Aug/2022:13:26:16 +0530] "GET /Eedu/ HTTP/1.1" 200 16563 63
0:0:0:0:0:0:0:1 - - [23/Aug/2022:13:26:54 +0530] "GET /Eedu/ HTTP/1.1" 200 16532 487
0:0:0:0:0:0:0:1 - - [23/Aug/2022:13:31:05 +0530] "GET /Eedu/ HTTP/1.1" 200 16532 511
0:0:0:0:0:0:0:1 - - [23/Aug/2022:13:33:18 +0530] "GET /Eedu/ HTTP/1.1" 200 16532 546
0:0:0:0:0:0:0:1 - - [23/Aug/2022:13:33:18 +0530] "GET /css/Estyle.css HTTP/1.1" 304 - 32
0:0:0:0:0:0:0:1 - - [23/Aug/2022:13:33:21 +0530] "GET /Eedu/ HTTP/1.1" 200 16532 85
0:0:0:0:0:0:0:1 - - [23/Aug/2022:13:37:24 +0530] "GET /Eedu/ HTTP/1.1" 200 16541 528
0:0:0:0:0:0:0:1 - - [23/Aug/2022:13:37:25 +0530] "GET /Eedu/ HTTP/1.1" 200 16541 81
0:0:0:0:0:0:0:1 - - [23/Aug/2022:21:57:12 +0530] "GET / HTTP/1.1" 200 2233 2911
0:0:0:0:0:0:0:1 - - [23/Aug/2022:21:57:12 +0530] "GET /style.css HTTP/1.1" 304 - 72
0:0:0:0:0:0:0:1 - - [23/Aug/2022:21:57:12 +0530] "GET /script.js HTTP/1.1" 304 - 71
0:0:0:0:0:0:0:1 - - [23/Aug/2022:21:57:28 +0530] "GET /Admin/ HTTP/1.1" 200 14978 124
0:0:0:0:0:0:0:1 - - [23/Aug/2022:21:57:28 +0530] "GET /css/Estyle.css HTTP/1.1" 200 2547 62
0:0:0:0:0:0:0:1 - - [23/Aug/2022:21:57:53 +0530] "GET /Admin/ HTTP/1.1" 200 14978 92
0:0:0:0:0:0:0:1 - - [23/Aug/2022:21:57:59 +0530] "GET /Admin HTTP/1.1" 404 306 120
0:0:0:0:0:0:0:1 - - [23/Aug/2022:21:58:05 +0530] "GET /Admin/ HTTP/1.1" 200 14978 39
0:0:0:0:0:0:0:1 - - [23/Aug/2022:22:00:05 +0530] "GET /Admin/ HTTP/1.1" 200 17415 2626
0:0:0:0:0:0:0:1 - - [23/Aug/2022:22:00:05 +0530] "GET /favicon.ico HTTP/1.1" 304 - 24
0:0:0:0:0:0:0:1 - - [23/Aug/2022:22:01:14 +0530] "GET /Admin/ HTTP/1.1" 200 22306 2584
0:0:0:0:0:0:0:1 - - [23/Aug/2022:22:01:32 +0530] "GET /admin/compitation/RAS HTTP/1.1" 404 306 139
0:0:0:0:0:0:0:1 - - [23/Aug/2022:22:01:37 +0530] "GET /admin/compitation/RAS HTTP/1.1" 404 306 58
0:0:0:0:0:0:0:1 - - [23/Aug/2022:22:01:42 +0530] "GET /admin/compitation/Current%20Affairs HTTP/1.1" 404 306 96
0:0:0:0:0:0:0:1 - - [23/Aug/2022:22:01:50 +0530] "GET /admin/compitation/REET HTTP/1.1" 404 306 64
0:0:0:0:0:0:0:1 - - [23/Aug/2022:22:02:15 +0530] "GET /admin/compitation/RAS HTTP/1.1" 404 306 39
0:0:0:0:0:0:0:1 - - [23/Aug/2022:22:02:22 +0530] "GET /admin/compitation/Current%20Affairs HTTP/1.1" 404 306 42
0:0:0:0:0:0:0:1 - - [23/Aug/2022:22:03:36 +0530] "GET /Admin/ HTTP/1.1" 200 22306 2727
0:0:0:0:0:0:0:1 - - [23/Aug/2022:22:03:39 +0530] "GET /admin/compitation/RAS HTTP/1.1" 404 306 159
0:0:0:0:0:0:0:1 - - [23/Aug/2022:22:03:52 +0530] "GET /admin/compitation/Current%20Affairs HTTP/1.1" 404 306 89
0:0:0:0:0:0:0:1 - - [23/Aug/2022:22:08:06 +0530] "GET /Admin/ HTTP/1.1" 200 22306 2714
0:0:0:0:0:0:0:1 - - [23/Aug/2022:22:08:09 +0530] "GET /admin/compitation/RAS HTTP/1.1" 404 306 111
0:0:0:0:0:0:0:1 - - [23/Aug/2022:22:12:14 +0530] "GET /Admin/ HTTP/1.1" 200 22306 2534
0:0:0:0:0:0:0:1 - - [23/Aug/2022:22:12:19 +0530] "GET /admin/compitation/RAS HTTP/1.1" 404 306 168
0:0:0:0:0:0:0:1 - - [23/Aug/2022:22:12:24 +0530] "GET /admin/compitation/RAS HTTP/1.1" 404 306 67
0:0:0:0:0:0:0:1 - - [23/Aug/2022:23:14:48 +0530] "GET /Admin/ HTTP/1.1" 200 22306 2502
0:0:0:0:0:0:0:1 - - [23/Aug/2022:23:14:48 +0530] "GET /css/Estyle.css HTTP/1.1" 304 - 39
0:0:0:0:0:0:0:1 - - [23/Aug/2022:23:16:10 +0530] "GET /Admin/compitation/RAS HTTP/1.1" 200 2732 121
0:0:0:0:0:0:0:1 - - [23/Aug/2022:23:16:14 +0530] "GET /Admin/createQuiz/RAS/Geography HTTP/1.1" 200 2381 72
0:0:0:0:0:0:0:1 - - [23/Aug/2022:23:20:22 +0530] "POST /admin/saveQuiz HTTP/1.1" 404 306 240
0:0:0:0:0:0:0:1 - - [23/Aug/2022:23:26:54 +0530] "GET /Admin/compitation/RAS HTTP/1.1" 200 2732 89
0:0:0:0:0:0:0:1 - - [23/Aug/2022:23:26:58 +0530] "GET /Admin/compitation/Current%20Affairs HTTP/1.1" 200 2746 57
0:0:0:0:0:0:0:1 - - [23/Aug/2022:23:27:01 +0530] "GET /Admin/createQuiz/Current%20Affairs/Geography HTTP/1.1" 200 2381 81
0:0:0:0:0:0:0:1 - - [23/Aug/2022:23:27:06 +0530] "GET /Admin/compitation/REET HTTP/1.1" 200 2733 107
0:0:0:0:0:0:0:1 - - [23/Aug/2022:23:27:07 +0530] "GET /Admin/createQuiz/REET/Geography HTTP/1.1" 200 2381 61
0:0:0:0:0:0:0:1 - - [23/Aug/2022:23:31:34 +0530] "GET /Admin/ HTTP/1.1" 200 22306 2841
0:0:0:0:0:0:0:1 - - [23/Aug/2022:23:31:36 +0530] "GET /Admin/compitation/RAS HTTP/1.1" 200 2732 87
0:0:0:0:0:0:0:1 - - [23/Aug/2022:23:31:38 +0530] "GET /Admin/createQuiz/RAS/Geography HTTP/1.1" 200 3617 131
0:0:0:0:0:0:0:1 - - [23/Aug/2022:23:31:38 +0530] "GET /vendor/fontawesome-free/css/all.min.css HTTP/1.1" 200 68848 70
0:0:0:0:0:0:0:1 - - [23/Aug/2022:23:31:38 +0530] "GET /css/sb-admin-2.min.css HTTP/1.1" 200 256692 71
0:0:0:0:0:0:0:1 - - [23/Aug/2022:23:31:38 +0530] "GET /vendor/bootstrap/js/bootstrap.bundle.min.js HTTP/1.1" 200 78635 74
0:0:0:0:0:0:0:1 - - [23/Aug/2022:23:31:38 +0530] "GET /vendor/jquery/jquery.min.js HTTP/1.1" 200 86927 74
0:0:0:0:0:0:0:1 - - [23/Aug/2022:23:31:38 +0530] "GET /vendor/jquery-easing/jquery.easing.min.js HTTP/1.1" 304 - 74
0:0:0:0:0:0:0:1 - - [23/Aug/2022:23:31:38 +0530] "GET /js/template.js HTTP/1.1" 304 - 75
0:0:0:0:0:0:0:1 - - [23/Aug/2022:23:31:38 +0530] "GET /js/sb-admin-2.min.js HTTP/1.1" 304 - 41
0:0:0:0:0:0:0:1 - - [23/Aug/2022:23:31:38 +0530] "GET /vendor/bootstrap/js/bootstrap.bundle.min.js.map HTTP/1.1" 200 311949 34
0:0:0:0:0:0:0:1 - - [23/Aug/2022:23:35:48 +0530] "GET /Admin/ HTTP/1.1" 200 22306 2791
0:0:0:0:0:0:0:1 - - [23/Aug/2022:23:35:50 +0530] "GET /Admin/compitation/RAS HTTP/1.1" 200 2732 120
0:0:0:0:0:0:0:1 - - [23/Aug/2022:23:35:51 +0530] "GET /Admin/createQuiz/RAS/Geography HTTP/1.1" 200 3617 104
0:0:0:0:0:0:0:1 - - [23/Aug/2022:23:35:51 +0530] "GET /vendor/fontawesome-free/webfonts/fa-solid-900.woff2 HTTP/1.1" 200 74348 78
0:0:0:0:0:0:0:1 - - [23/Aug/2022:23:35:51 +0530] "GET /vendor/bootstrap/js/bootstrap.bundle.min.js.map HTTP/1.1" 200 311949 67
0:0:0:0:0:0:0:1 - - [23/Aug/2022:23:38:58 +0530] "GET /Admin/ HTTP/1.1" 200 22306 2620
0:0:0:0:0:0:0:1 - - [23/Aug/2022:23:38:59 +0530] "GET /Admin/compitation/RAS HTTP/1.1" 200 2732 95
0:0:0:0:0:0:0:1 - - [23/Aug/2022:23:39:01 +0530] "GET /Admin/createQuiz/RAS/Geography HTTP/1.1" 500 411 192
0:0:0:0:0:0:0:1 - - [23/Aug/2022:23:39:53 +0530] "GET /Admin/createQuiz/RAS/Geography HTTP/1.1" 500 411 150
0:0:0:0:0:0:0:1 - - [23/Aug/2022:23:40:04 +0530] "GET /Admin/compitation/Current%20Affairs HTTP/1.1" 200 2746 52
0:0:0:0:0:0:0:1 - - [23/Aug/2022:23:40:07 +0530] "GET /Admin/createQuiz/Current%20Affairs/Geography HTTP/1.1" 500 411 51
0:0:0:0:0:0:0:1 - - [23/Aug/2022:23:40:18 +0530] "GET /Admin/compitation/Current%20Affairs HTTP/1.1" 200 2746 85
0:0:0:0:0:0:0:1 - - [23/Aug/2022:23:40:19 +0530] "GET /Admin/createQuiz/Current%20Affairs/Geography HTTP/1.1" 500 411 82
0:0:0:0:0:0:0:1 - - [23/Aug/2022:23:43:11 +0530] "GET /Admin/ HTTP/1.1" 200 22306 2482
0:0:0:0:0:0:0:1 - - [23/Aug/2022:23:43:13 +0530] "GET /Admin/compitation/RAS HTTP/1.1" 200 2732 107
0:0:0:0:0:0:0:1 - - [23/Aug/2022:23:43:15 +0530] "GET /Admin/createQuiz/RAS/Geography HTTP/1.1" 200 3617 123
0:0:0:0:0:0:0:1 - - [23/Aug/2022:23:43:15 +0530] "GET /vendor/bootstrap/js/bootstrap.bundle.min.js.map HTTP/1.1" 200 311949 99
0:0:0:0:0:0:0:1 - - [23/Aug/2022:23:43:35 +0530] "GET /vendor/bootstrap/js/bootstrap.bundle.min.js.map HTTP/1.1" 200 311949 34
0:0:0:0:0:0:0:1 - - [23/Aug/2022:23:44:33 +0530] "GET /Admin/compitation/REET HTTP/1.1" 200 2733 100
0:0:0:0:0:0:0:1 - - [23/Aug/2022:23:44:35 +0530] "GET /Admin/createQuiz/REET/Geography HTTP/1.1" 200 3617 78
0:0:0:0:0:0:0:1 - - [23/Aug/2022:23:44:49 +0530] "GET /Admin/compitation/Current%20Affairs HTTP/1.1" 200 2746 97
0:0:0:0:0:0:0:1 - - [23/Aug/2022:23:44:51 +0530] "GET /Admin/createQuiz/Current%20Affairs/Geography HTTP/1.1" 200 3617 67
0:0:0:0:0:0:0:1 - - [23/Aug/2022:23:49:10 +0530] "GET /Admin/compitation/RAS HTTP/1.1" 200 2732 76
0:0:0:0:0:0:0:1 - - [23/Aug/2022:23:49:12 +0530] "GET /Admin/createQuiz/RAS/Geography HTTP/1.1" 200 3617 64
0:0:0:0:0:0:0:1 - - [23/Aug/2022:23:49:29 +0530] "GET /Admin/ HTTP/1.1" 200 22306 97
0:0:0:0:0:0:0:1 - - [23/Aug/2022:23:49:38 +0530] "GET / HTTP/1.1" 200 2233 72
0:0:0:0:0:0:0:1 - - [23/Aug/2022:23:49:44 +0530] "GET /Admin/ HTTP/1.1" 200 22306 58
0:0:0:0:0:0:0:1 - - [23/Aug/2022:23:54:30 +0530] "GET /Admin/ HTTP/1.1" 200 22306 2074
0:0:0:0:0:0:0:1 - - [23/Aug/2022:23:54:32 +0530] "GET /Admin/compitation/RAS HTTP/1.1" 200 2732 97
0:0:0:0:0:0:0:1 - - [23/Aug/2022:23:54:33 +0530] "GET /Admin/createQuiz/RAS/Geography HTTP/1.1" 200 3617 102
0:0:0:0:0:0:0:1 - - [23/Aug/2022:23:55:44 +0530] "GET /Admin/ HTTP/1.1" 200 22306 2699
0:0:0:0:0:0:0:1 - - [23/Aug/2022:23:55:45 +0530] "GET /Admin/compitation/RAS HTTP/1.1" 200 2732 112
0:0:0:0:0:0:0:1 - - [23/Aug/2022:23:55:47 +0530] "GET /Admin/createQuiz/RAS/Geography HTTP/1.1" 200 22060 161
0:0:0:0:0:0:0:1 - - [23/Aug/2022:23:55:47 +0530] "GET /img/boy.png HTTP/1.1" 200 28020 43
0:0:0:0:0:0:0:1 - - [23/Aug/2022:23:55:47 +0530] "GET /img/SDIcon.ico HTTP/1.1" 404 146 84
0:0:0:0:0:0:0:1 - - [23/Aug/2022:23:56:05 +0530] "GET / HTTP/1.1" 200 2233 56
0:0:0:0:0:0:0:1 - - [23/Aug/2022:23:56:10 +0530] "GET / HTTP/1.1" 200 2233 33
0:0:0:0:0:0:0:1 - - [23/Aug/2022:23:56:13 +0530] "GET / HTTP/1.1" 200 2233 42
0:0:0:0:0:0:0:1 - - [23/Aug/2022:23:56:26 +0530] "GET /admin/createEvents HTTP/1.1" 404 306 101
0:0:0:0:0:0:0:1 - - [23/Aug/2022:23:56:30 +0530] "GET /admin/createActionParam HTTP/1.1" 404 306 60
0:0:0:0:0:0:0:1 - - [23/Aug/2022:23:56:39 +0530] "GET /Admin/compitation/Current%20Affairs HTTP/1.1" 200 2746 88
0:0:0:0:0:0:0:1 - - [23/Aug/2022:23:56:40 +0530] "GET /Admin/createQuiz/Current%20Affairs/Geography HTTP/1.1" 200 22060 98
