0:0:0:0:0:0:0:1 - - [10/Sep/2022:00:43:28 +0530] "GET /user/create HTTP/1.1" 200 16032 2842
0:0:0:0:0:0:0:1 - - [10/Sep/2022:00:44:20 +0530] "POST /user/save HTTP/1.1" 200 16087 368
0:0:0:0:0:0:0:1 - - [10/Sep/2022:01:08:39 +0530] "GET / HTTP/1.1" 200 2462 2834
0:0:0:0:0:0:0:1 - - [10/Sep/2022:01:08:39 +0530] "GET /style.css HTTP/1.1" 304 - 58
0:0:0:0:0:0:0:1 - - [10/Sep/2022:01:08:39 +0530] "GET /script.js HTTP/1.1" 304 - 59
0:0:0:0:0:0:0:1 - - [10/Sep/2022:01:08:46 +0530] "GET /login HTTP/1.1" 200 2093 76
0:0:0:0:0:0:0:1 - - [10/Sep/2022:01:08:46 +0530] "GET /css/loginCss.css HTTP/1.1" 304 - 32
0:0:0:0:0:0:0:1 - - [10/Sep/2022:01:08:46 +0530] "GET /css/StyleSheet2.css HTTP/1.1" 304 - 30
0:0:0:0:0:0:0:1 - - [10/Sep/2022:01:08:46 +0530] "GET /css/[[@%7B/image/bg3.jpeg%7D]] HTTP/1.1" 400 - 0
0:0:0:0:0:0:0:1 - - [10/Sep/2022:01:08:47 +0530] "GET /image/pass.png HTTP/1.1" 404 146 173
0:0:0:0:0:0:0:1 - - [10/Sep/2022:01:08:47 +0530] "GET /image/mail.png HTTP/1.1" 404 146 174
0:0:0:0:0:0:0:1 - - [10/Sep/2022:01:08:53 +0530] "POST /submit HTTP/1.1" 302 - 229
0:0:0:0:0:0:0:1 - - [10/Sep/2022:01:08:53 +0530] "GET /Eedu/ HTTP/1.1" 200 43788 220
0:0:0:0:0:0:0:1 - - [10/Sep/2022:01:08:53 +0530] "GET /css/Estyle.css HTTP/1.1" 304 - 48
0:0:0:0:0:0:0:1 - - [10/Sep/2022:01:08:55 +0530] "GET /Eedu/compitation/RAS HTTP/1.1" 200 41412 145
0:0:0:0:0:0:0:1 - - [10/Sep/2022:01:08:59 +0530] "GET /Eedu/showQuiz/RAS/INDIAN%20ECONOMICS HTTP/1.1" 200 17386 131
0:0:0:0:0:0:0:1 - - [10/Sep/2022:01:09:01 +0530] "GET /Eedu/startQuiz/RAS/INDIAN%20ECONOMICS/2 HTTP/1.1" 500 318 144
0:0:0:0:0:0:0:1 - - [10/Sep/2022:01:10:31 +0530] "GET /Eedu/ HTTP/1.1" 200 43788 2829
0:0:0:0:0:0:0:1 - - [10/Sep/2022:01:10:32 +0530] "GET /Eedu/compitation/RAS HTTP/1.1" 200 41412 266
0:0:0:0:0:0:0:1 - - [10/Sep/2022:01:10:35 +0530] "GET /Eedu/showQuiz/RAS/INDIAN%20ECONOMICS HTTP/1.1" 200 17386 150
0:0:0:0:0:0:0:1 - - [10/Sep/2022:01:10:36 +0530] "GET /Eedu/startQuiz/RAS/INDIAN%20ECONOMICS/2 HTTP/1.1" 500 318 162
0:0:0:0:0:0:0:1 - - [10/Sep/2022:01:11:16 +0530] "GET /Eedu/ HTTP/1.1" 200 43788 2742
0:0:0:0:0:0:0:1 - - [10/Sep/2022:01:11:17 +0530] "GET /Eedu/compitation/RAS HTTP/1.1" 200 41412 267
0:0:0:0:0:0:0:1 - - [10/Sep/2022:01:11:19 +0530] "GET /Eedu/showQuiz/RAS/INDIAN%20ECONOMICS HTTP/1.1" 200 17386 169
0:0:0:0:0:0:0:1 - - [10/Sep/2022:01:11:50 +0530] "GET /Eedu/startQuiz/RAS/INDIAN%20ECONOMICS/2 HTTP/1.1" 500 318 29565
0:0:0:0:0:0:0:1 - - [10/Sep/2022:01:42:55 +0530] "GET / HTTP/1.1" 200 2462 2771
0:0:0:0:0:0:0:1 - - [10/Sep/2022:01:43:11 +0530] "GET /Eedu/ HTTP/1.1" 200 43788 298
0:0:0:0:0:0:0:1 - - [10/Sep/2022:01:43:11 +0530] "GET /css/Estyle.css HTTP/1.1" 304 - 37
0:0:0:0:0:0:0:1 - - [10/Sep/2022:01:43:14 +0530] "GET /Eedu/compitation/RAS HTTP/1.1" 200 41412 248
0:0:0:0:0:0:0:1 - - [10/Sep/2022:01:43:16 +0530] "GET /Eedu/showQuiz/RAS/INDIAN%20ECONOMICS HTTP/1.1" 200 17386 159
0:0:0:0:0:0:0:1 - - [10/Sep/2022:01:43:17 +0530] "GET /Eedu/startQuiz/RAS/INDIAN%20ECONOMICS/2 HTTP/1.1" 200 8780 125
0:0:0:0:0:0:0:1 - - [10/Sep/2022:01:43:17 +0530] "GET /css/quiz.css HTTP/1.1" 304 - 14
0:0:0:0:0:0:0:1 - - [10/Sep/2022:01:44:44 +0530] "GET /Eedu/ HTTP/1.1" 200 43788 3215
0:0:0:0:0:0:0:1 - - [10/Sep/2022:01:44:47 +0530] "GET /Eedu/compitation/RAS HTTP/1.1" 200 41412 242
0:0:0:0:0:0:0:1 - - [10/Sep/2022:01:44:49 +0530] "GET /Eedu/showQuiz/RAS/INDIAN%20ECONOMICS HTTP/1.1" 200 17386 236
0:0:0:0:0:0:0:1 - - [10/Sep/2022:01:44:50 +0530] "GET /Eedu/startQuiz/RAS/INDIAN%20ECONOMICS/2 HTTP/1.1" 200 8780 123
0:0:0:0:0:0:0:1 - - [10/Sep/2022:01:45:31 +0530] "GET /Eedu/ HTTP/1.1" 200 43788 2921
0:0:0:0:0:0:0:1 - - [10/Sep/2022:01:45:33 +0530] "GET /Eedu/compitation/RAS HTTP/1.1" 200 41412 249
0:0:0:0:0:0:0:1 - - [10/Sep/2022:01:45:34 +0530] "GET /Eedu/showQuiz/RAS/INDIAN%20ECONOMICS HTTP/1.1" 200 17386 191
0:0:0:0:0:0:0:1 - - [10/Sep/2022:01:45:35 +0530] "GET /Eedu/startQuiz/RAS/INDIAN%20ECONOMICS/2 HTTP/1.1" 200 8780 110
0:0:0:0:0:0:0:1 - - [10/Sep/2022:13:06:33 +0530] "GET / HTTP/1.1" 200 2462 2621
0:0:0:0:0:0:0:1 - - [10/Sep/2022:13:06:33 +0530] "GET /style.css HTTP/1.1" 304 - 68
0:0:0:0:0:0:0:1 - - [10/Sep/2022:13:06:33 +0530] "GET /script.js HTTP/1.1" 304 - 68
0:0:0:0:0:0:0:1 - - [10/Sep/2022:13:06:45 +0530] "GET /login HTTP/1.1" 200 2093 92
0:0:0:0:0:0:0:1 - - [10/Sep/2022:13:06:45 +0530] "GET /css/StyleSheet2.css HTTP/1.1" 304 - 35
0:0:0:0:0:0:0:1 - - [10/Sep/2022:13:06:45 +0530] "GET /css/loginCss.css HTTP/1.1" 304 - 39
0:0:0:0:0:0:0:1 - - [10/Sep/2022:13:06:45 +0530] "GET /css/[[@%7B/image/bg3.jpeg%7D]] HTTP/1.1" 400 - 0
0:0:0:0:0:0:0:1 - - [10/Sep/2022:13:06:45 +0530] "GET /image/pass.png HTTP/1.1" 404 146 167
0:0:0:0:0:0:0:1 - - [10/Sep/2022:13:06:45 +0530] "GET /image/mail.png HTTP/1.1" 404 146 168
0:0:0:0:0:0:0:1 - - [10/Sep/2022:13:07:00 +0530] "POST /submit HTTP/1.1" 302 - 242
0:0:0:0:0:0:0:1 - - [10/Sep/2022:13:07:00 +0530] "GET /Eedu/ HTTP/1.1" 200 43788 198
0:0:0:0:0:0:0:1 - - [10/Sep/2022:13:07:00 +0530] "GET /css/Estyle.css HTTP/1.1" 304 - 25
0:0:0:0:0:0:0:1 - - [10/Sep/2022:13:07:08 +0530] "GET /Eedu/compitation/RAS HTTP/1.1" 200 41412 154
0:0:0:0:0:0:0:1 - - [10/Sep/2022:13:07:11 +0530] "GET /Eedu/showQuiz/RAS/INDIAN%20ECONOMICS HTTP/1.1" 200 17386 120
0:0:0:0:0:0:0:1 - - [10/Sep/2022:13:07:12 +0530] "GET /Eedu/showScoreBoard/RAS/INDIAN%20ECONOMICS/2 HTTP/1.1" 500 318 157
0:0:0:0:0:0:0:1 - - [10/Sep/2022:13:07:17 +0530] "GET /Eedu/showScoreBoard/RAS/INDIAN%20ECONOMICS/1 HTTP/1.1" 500 318 102
