0:0:0:0:0:0:0:1 - - [24/Aug/2022:00:08:22 +0530] "GET /Admin/ HTTP/1.1" 200 22306 2686
0:0:0:0:0:0:0:1 - - [24/Aug/2022:00:08:24 +0530] "GET /Admin/compitation/RAS HTTP/1.1" 200 2732 108
0:0:0:0:0:0:0:1 - - [24/Aug/2022:00:08:26 +0530] "GET /Admin/createQuiz/RAS/Geography HTTP/1.1" 200 3617 135
0:0:0:0:0:0:0:1 - - [24/Aug/2022:00:08:34 +0530] "POST /Admin/saveQuiz HTTP/1.1" 302 - 116
0:0:0:0:0:0:0:1 - - [24/Aug/2022:00:08:34 +0530] "GET /admin/ HTTP/1.1" 404 306 74
0:0:0:0:0:0:0:1 - - [24/Aug/2022:00:08:37 +0530] "POST /Admin/saveQuiz HTTP/1.1" 302 - 42
0:0:0:0:0:0:0:1 - - [24/Aug/2022:00:08:37 +0530] "GET /admin/ HTTP/1.1" 404 306 31
0:0:0:0:0:0:0:1 - - [24/Aug/2022:00:10:24 +0530] "GET /Admin/ HTTP/1.1" 200 22306 2776
0:0:0:0:0:0:0:1 - - [24/Aug/2022:00:10:25 +0530] "GET /Admin/compitation/RAS HTTP/1.1" 200 2732 74
0:0:0:0:0:0:0:1 - - [24/Aug/2022:00:10:26 +0530] "GET /Admin/createQuiz/RAS/Geography HTTP/1.1" 200 3617 104
0:0:0:0:0:0:0:1 - - [24/Aug/2022:00:10:29 +0530] "POST /Admin/saveQuiz HTTP/1.1" 302 - 147
0:0:0:0:0:0:0:1 - - [24/Aug/2022:00:10:29 +0530] "GET /admin/ HTTP/1.1" 404 306 94
0:0:0:0:0:0:0:1 - - [24/Aug/2022:00:12:42 +0530] "GET /Admin/ HTTP/1.1" 200 22306 2672
0:0:0:0:0:0:0:1 - - [24/Aug/2022:00:12:43 +0530] "GET /Admin/compitation/RAS HTTP/1.1" 200 2732 102
0:0:0:0:0:0:0:1 - - [24/Aug/2022:00:12:45 +0530] "GET /Admin/createQuiz/RAS/Geography HTTP/1.1" 200 3616 100
0:0:0:0:0:0:0:1 - - [24/Aug/2022:00:12:50 +0530] "POST /Admin/saveQuiz HTTP/1.1" 302 - 135
0:0:0:0:0:0:0:1 - - [24/Aug/2022:00:12:50 +0530] "GET /admin/ HTTP/1.1" 404 306 93
0:0:0:0:0:0:0:1 - - [24/Aug/2022:00:13:56 +0530] "GET /Admin/ HTTP/1.1" 200 22306 2872
0:0:0:0:0:0:0:1 - - [24/Aug/2022:00:13:57 +0530] "GET /Admin/compitation/RAS HTTP/1.1" 200 2732 74
0:0:0:0:0:0:0:1 - - [24/Aug/2022:00:13:58 +0530] "GET /Admin/createQuiz/RAS/Geography HTTP/1.1" 200 3616 90
0:0:0:0:0:0:0:1 - - [24/Aug/2022:00:14:00 +0530] "POST /Admin/saveQuiz HTTP/1.1" 302 - 124
0:0:0:0:0:0:0:1 - - [24/Aug/2022:00:14:00 +0530] "GET /Admin/ HTTP/1.1" 200 22306 67
0:0:0:0:0:0:0:1 - - [24/Aug/2022:00:14:05 +0530] "GET /Admin/compitation/Current%20Affairs HTTP/1.1" 200 2746 88
0:0:0:0:0:0:0:1 - - [24/Aug/2022:00:14:06 +0530] "GET /Admin/createQuiz/Current%20Affairs/Geography HTTP/1.1" 200 3616 73
0:0:0:0:0:0:0:1 - - [24/Aug/2022:00:16:56 +0530] "GET /Admin/ HTTP/1.1" 200 22306 2613
0:0:0:0:0:0:0:1 - - [24/Aug/2022:00:16:58 +0530] "GET /Admin/compitation/RAS HTTP/1.1" 200 2732 119
0:0:0:0:0:0:0:1 - - [24/Aug/2022:00:17:02 +0530] "GET /Admin/createQuiz/RAS/Geography HTTP/1.1" 200 3614 125
0:0:0:0:0:0:0:1 - - [24/Aug/2022:00:22:05 +0530] "GET /Admin/ HTTP/1.1" 200 22306 2739
0:0:0:0:0:0:0:1 - - [24/Aug/2022:00:22:06 +0530] "GET /Admin/compitation/RAS HTTP/1.1" 200 2732 100
0:0:0:0:0:0:0:1 - - [24/Aug/2022:00:22:08 +0530] "GET /Admin/createQuiz/RAS/Geography HTTP/1.1" 200 3614 107
0:0:0:0:0:0:0:1 - - [24/Aug/2022:00:26:19 +0530] "GET /Admin/ HTTP/1.1" 200 22306 2631
0:0:0:0:0:0:0:1 - - [24/Aug/2022:00:26:19 +0530] "GET /css/Estyle.css HTTP/1.1" 304 - 35
0:0:0:0:0:0:0:1 - - [24/Aug/2022:00:26:21 +0530] "GET /Admin/compitation/RAS HTTP/1.1" 200 2732 116
0:0:0:0:0:0:0:1 - - [24/Aug/2022:00:26:22 +0530] "GET /Admin/createQuiz/RAS/Geography HTTP/1.1" 200 3614 94
0:0:0:0:0:0:0:1 - - [24/Aug/2022:00:26:35 +0530] "GET /vendor/bootstrap/js/bootstrap.bundle.min.js.map HTTP/1.1" 200 311949 139
0:0:0:0:0:0:0:1 - - [24/Aug/2022:10:50:29 +0530] "GET /Admin/ HTTP/1.1" 200 22306 2888
0:0:0:0:0:0:0:1 - - [24/Aug/2022:10:50:29 +0530] "GET /css/Estyle.css HTTP/1.1" 304 - 37
0:0:0:0:0:0:0:1 - - [24/Aug/2022:10:50:31 +0530] "GET /Admin/compitation/RAS HTTP/1.1" 200 2732 98
0:0:0:0:0:0:0:1 - - [24/Aug/2022:10:50:32 +0530] "GET /Admin/createQuiz/RAS/Geography HTTP/1.1" 500 411 270
0:0:0:0:0:0:0:1 - - [24/Aug/2022:10:52:39 +0530] "GET /Admin/ HTTP/1.1" 200 22306 3054
0:0:0:0:0:0:0:1 - - [24/Aug/2022:10:52:40 +0530] "GET /Admin/compitation/RAS HTTP/1.1" 200 2732 134
0:0:0:0:0:0:0:1 - - [24/Aug/2022:10:52:41 +0530] "GET /Admin/createQuiz/RAS/Geography HTTP/1.1" 500 411 234
0:0:0:0:0:0:0:1 - - [24/Aug/2022:10:56:40 +0530] "GET /Admin/ HTTP/1.1" 200 22306 2998
0:0:0:0:0:0:0:1 - - [24/Aug/2022:10:56:42 +0530] "GET /Admin/compitation/Current%20Affairs HTTP/1.1" 200 2746 119
0:0:0:0:0:0:0:1 - - [24/Aug/2022:10:56:44 +0530] "GET /Admin/createQuiz/Current%20Affairs/Geography HTTP/1.1" 500 411 204
0:0:0:0:0:0:0:1 - - [24/Aug/2022:10:59:55 +0530] "GET /Admin/ HTTP/1.1" 200 22306 2966
0:0:0:0:0:0:0:1 - - [24/Aug/2022:10:59:57 +0530] "GET /Admin/compitation/RAS HTTP/1.1" 200 2732 123
0:0:0:0:0:0:0:1 - - [24/Aug/2022:10:59:58 +0530] "GET /Admin/createQuiz/RAS/Geography HTTP/1.1" 500 411 227
0:0:0:0:0:0:0:1 - - [24/Aug/2022:11:00:50 +0530] "GET /Admin/ HTTP/1.1" 200 22306 2858
0:0:0:0:0:0:0:1 - - [24/Aug/2022:11:00:52 +0530] "GET /Admin/compitation/RAS HTTP/1.1" 200 2732 111
0:0:0:0:0:0:0:1 - - [24/Aug/2022:11:03:42 +0530] "GET /Admin/ HTTP/1.1" 200 22306 2882
0:0:0:0:0:0:0:1 - - [24/Aug/2022:11:03:43 +0530] "GET /Admin/compitation/RAS HTTP/1.1" 200 2732 80
0:0:0:0:0:0:0:1 - - [24/Aug/2022:11:03:45 +0530] "GET /Admin/createQuiz/RAS/Geography HTTP/1.1" 500 411 220
0:0:0:0:0:0:0:1 - - [24/Aug/2022:11:33:18 +0530] "GET /Admin/ HTTP/1.1" 200 22306 2900
0:0:0:0:0:0:0:1 - - [24/Aug/2022:11:33:19 +0530] "GET /Admin/compitation/RAS HTTP/1.1" 200 2732 85
0:0:0:0:0:0:0:1 - - [24/Aug/2022:11:33:21 +0530] "GET /Admin/createQuiz/RAS/Geography HTTP/1.1" 200 9470 199
0:0:0:0:0:0:0:1 - - [24/Aug/2022:11:33:21 +0530] "GET /vendor/bootstrap/js/bootstrap.bundle.min.js.map HTTP/1.1" 200 311949 70
0:0:0:0:0:0:0:1 - - [24/Aug/2022:11:34:29 +0530] "GET /Admin/ HTTP/1.1" 200 22306 106
0:0:0:0:0:0:0:1 - - [24/Aug/2022:11:34:31 +0530] "GET /Admin/compitation/RAS HTTP/1.1" 200 2732 46
0:0:0:0:0:0:0:1 - - [24/Aug/2022:11:34:31 +0530] "GET /Admin/createQuiz/RAS/Geography HTTP/1.1" 200 9470 59
0:0:0:0:0:0:0:1 - - [24/Aug/2022:11:51:04 +0530] "GET /Admin/ HTTP/1.1" 200 22306 2795
0:0:0:0:0:0:0:1 - - [24/Aug/2022:11:51:11 +0530] "GET /Admin/compitation/RAS HTTP/1.1" 200 2732 102
0:0:0:0:0:0:0:1 - - [24/Aug/2022:11:51:14 +0530] "GET /Admin/createQuiz/RAS/Geography HTTP/1.1" 200 9470 197
0:0:0:0:0:0:0:1 - - [24/Aug/2022:11:58:30 +0530] "GET /Admin/ HTTP/1.1" 200 22306 2677
0:0:0:0:0:0:0:1 - - [24/Aug/2022:11:58:33 +0530] "GET /Admin/compitation/RAS HTTP/1.1" 200 2732 101
0:0:0:0:0:0:0:1 - - [24/Aug/2022:11:58:34 +0530] "GET /Admin/createQuiz/RAS/Geography HTTP/1.1" 500 411 228
0:0:0:0:0:0:0:1 - - [24/Aug/2022:12:27:25 +0530] "GET /Admin/ HTTP/1.1" 200 22306 3092
0:0:0:0:0:0:0:1 - - [24/Aug/2022:12:27:26 +0530] "GET /Admin/compitation/RAS HTTP/1.1" 200 2732 78
0:0:0:0:0:0:0:1 - - [24/Aug/2022:12:27:28 +0530] "GET /Admin/createQuiz/RAS/Geography HTTP/1.1" 200 11521 194
0:0:0:0:0:0:0:1 - - [24/Aug/2022:12:27:47 +0530] "POST /Admin/saveQuiz HTTP/1.1" 302 - 122
0:0:0:0:0:0:0:1 - - [24/Aug/2022:12:27:48 +0530] "GET /Admin/ HTTP/1.1" 200 22306 45
0:0:0:0:0:0:0:1 - - [24/Aug/2022:12:29:16 +0530] "GET /Admin/ HTTP/1.1" 200 22306 2773
0:0:0:0:0:0:0:1 - - [24/Aug/2022:12:29:20 +0530] "GET /Admin/compitation/RAS HTTP/1.1" 200 2732 89
0:0:0:0:0:0:0:1 - - [24/Aug/2022:12:29:21 +0530] "GET /Admin/createQuiz/RAS/Geography HTTP/1.1" 200 11521 196
0:0:0:0:0:0:0:1 - - [24/Aug/2022:12:29:30 +0530] "POST /Admin/saveQuiz HTTP/1.1" 302 - 143
0:0:0:0:0:0:0:1 - - [24/Aug/2022:12:29:30 +0530] "GET /Admin/ HTTP/1.1" 200 22306 41
0:0:0:0:0:0:0:1 - - [24/Aug/2022:12:32:47 +0530] "GET /Admin/ HTTP/1.1" 200 22306 2812
0:0:0:0:0:0:0:1 - - [24/Aug/2022:12:32:49 +0530] "GET /Admin/compitation/RAS HTTP/1.1" 200 2732 99
0:0:0:0:0:0:0:1 - - [24/Aug/2022:12:32:50 +0530] "GET /Admin/createQuiz/RAS/Geography HTTP/1.1" 200 11495 193
0:0:0:0:0:0:0:1 - - [24/Aug/2022:12:32:58 +0530] "POST /Admin/saveQuiz HTTP/1.1" 302 - 139
0:0:0:0:0:0:0:1 - - [24/Aug/2022:12:32:58 +0530] "GET /Admin/ HTTP/1.1" 200 22306 49
0:0:0:0:0:0:0:1 - - [24/Aug/2022:13:27:05 +0530] "GET /Eedu HTTP/1.1" 404 306 333
0:0:0:0:0:0:0:1 - - [24/Aug/2022:13:27:14 +0530] "GET /Eedu/ HTTP/1.1" 200 23587 2442
0:0:0:0:0:0:0:1 - - [24/Aug/2022:13:27:14 +0530] "GET /css/Estyle.css HTTP/1.1" 304 - 26
0:0:0:0:0:0:0:1 - - [24/Aug/2022:13:27:16 +0530] "GET /Eedu/compitation/RAS HTTP/1.1" 200 3137 133
0:0:0:0:0:0:0:1 - - [24/Aug/2022:13:27:19 +0530] "GET /Eedu/showQuiz/RAS/Geography HTTP/1.1" 200 270 89
0:0:0:0:0:0:0:1 - - [24/Aug/2022:13:28:45 +0530] "GET /Eedu/ HTTP/1.1" 200 23587 2601
0:0:0:0:0:0:0:1 - - [24/Aug/2022:13:28:47 +0530] "GET /Eedu/compitation/RAS HTTP/1.1" 200 3137 116
0:0:0:0:0:0:0:1 - - [24/Aug/2022:13:28:48 +0530] "GET /Eedu/showQuiz/RAS/Geography HTTP/1.1" 200 3168 115
0:0:0:0:0:0:0:1 - - [24/Aug/2022:13:32:32 +0530] "GET /Eedu/ HTTP/1.1" 200 23587 2379
0:0:0:0:0:0:0:1 - - [24/Aug/2022:13:32:36 +0530] "GET /Eedu/compitation/Current%20Affairs HTTP/1.1" 200 3151 103
0:0:0:0:0:0:0:1 - - [24/Aug/2022:13:32:38 +0530] "GET /Eedu/showQuiz/Current%20Affairs/Geography HTTP/1.1" 200 3192 135
0:0:0:0:0:0:0:1 - - [24/Aug/2022:13:36:14 +0530] "GET /Eedu/ HTTP/1.1" 200 23587 3088
0:0:0:0:0:0:0:1 - - [24/Aug/2022:13:36:17 +0530] "GET /Eedu/compitation/RAS HTTP/1.1" 200 3137 112
0:0:0:0:0:0:0:1 - - [24/Aug/2022:13:36:18 +0530] "GET /Eedu/showQuiz/RAS/Geography HTTP/1.1" 200 3218 132
0:0:0:0:0:0:0:1 - - [24/Aug/2022:13:38:48 +0530] "GET /Eedu/ HTTP/1.1" 200 23587 2505
0:0:0:0:0:0:0:1 - - [24/Aug/2022:13:38:50 +0530] "GET /Eedu/compitation/RAS HTTP/1.1" 200 3137 110
0:0:0:0:0:0:0:1 - - [24/Aug/2022:13:38:51 +0530] "GET /Eedu/showQuiz/RAS/Geography HTTP/1.1" 200 3335 83
0:0:0:0:0:0:0:1 - - [24/Aug/2022:14:34:47 +0530] "GET /Eedu/startQuiz/RAS//0 HTTP/1.1" 404 306 265
