0:0:0:0:0:0:0:1 - - [22/Sep/2022:17:14:01 +0530] "GET / HTTP/1.1" 200 2457 2591
0:0:0:0:0:0:0:1 - - [22/Sep/2022:17:14:01 +0530] "GET /script.js HTTP/1.1" 200 2049 66
0:0:0:0:0:0:0:1 - - [22/Sep/2022:17:14:01 +0530] "GET /style.css HTTP/1.1" 200 2881 66
0:0:0:0:0:0:0:1 - - [22/Sep/2022:17:14:15 +0530] "GET / HTTP/1.1" 200 2457 81
0:0:0:0:0:0:0:1 - - [22/Sep/2022:17:14:19 +0530] "GET / HTTP/1.1" 200 2457 55
0:0:0:0:0:0:0:1 - - [22/Sep/2022:17:14:21 +0530] "GET / HTTP/1.1" 200 2457 60
0:0:0:0:0:0:0:1 - - [22/Sep/2022:17:14:22 +0530] "GET / HTTP/1.1" 200 2457 47
0:0:0:0:0:0:0:1 - - [22/Sep/2022:17:14:24 +0530] "GET / HTTP/1.1" 200 2457 52
0:0:0:0:0:0:0:1 - - [22/Sep/2022:17:14:26 +0530] "GET /login HTTP/1.1" 200 2551 106
0:0:0:0:0:0:0:1 - - [22/Sep/2022:17:14:26 +0530] "GET /css/StyleSheet2.css HTTP/1.1" 200 13107 30
0:0:0:0:0:0:0:1 - - [22/Sep/2022:17:14:26 +0530] "GET /vendor/fontawesome-free/css/all.min.css HTTP/1.1" 200 68848 30
0:0:0:0:0:0:0:1 - - [22/Sep/2022:17:14:26 +0530] "GET /css/sb-admin-2.min.css HTTP/1.1" 200 256692 29
0:0:0:0:0:0:0:1 - - [22/Sep/2022:17:14:26 +0530] "GET /css/loginCss.css HTTP/1.1" 200 10604 45
0:0:0:0:0:0:0:1 - - [22/Sep/2022:17:14:27 +0530] "GET /css/[[@%7B/image/bg3.jpeg%7D]] HTTP/1.1" 400 - 0
0:0:0:0:0:0:0:1 - - [22/Sep/2022:17:14:27 +0530] "GET /image/pass.png HTTP/1.1" 404 146 232
0:0:0:0:0:0:0:1 - - [22/Sep/2022:17:14:27 +0530] "GET /img/SDIcon.ico HTTP/1.1" 404 146 210
0:0:0:0:0:0:0:1 - - [22/Sep/2022:17:14:27 +0530] "GET /image/mail.png HTTP/1.1" 404 146 232
0:0:0:0:0:0:0:1 - - [22/Sep/2022:17:14:32 +0530] "GET /signUp HTTP/1.1" 200 2723 99
0:0:0:0:0:0:0:1 - - [22/Sep/2022:17:14:32 +0530] "GET /image/mail.png HTTP/1.1" 404 146 17
0:0:0:0:0:0:0:1 - - [22/Sep/2022:17:14:38 +0530] "GET /favicon.ico HTTP/1.1" 200 946 50
0:0:0:0:0:0:0:1 - - [22/Sep/2022:17:14:44 +0530] "GET /login HTTP/1.1" 200 2551 47
0:0:0:0:0:0:0:1 - - [22/Sep/2022:17:14:46 +0530] "GET /? HTTP/1.1" 200 2457 49
0:0:0:0:0:0:0:1 - - [22/Sep/2022:17:14:47 +0530] "GET /signUp HTTP/1.1" 200 2723 38
0:0:0:0:0:0:0:1 - - [22/Sep/2022:17:14:51 +0530] "GET /? HTTP/1.1" 200 2457 30
0:0:0:0:0:0:0:1 - - [22/Sep/2022:17:14:52 +0530] "GET /login HTTP/1.1" 200 2551 33
0:0:0:0:0:0:0:1 - - [22/Sep/2022:17:15:09 +0530] "POST /submit HTTP/1.1" 302 - 182
0:0:0:0:0:0:0:1 - - [22/Sep/2022:17:15:10 +0530] "GET /Eedu/7/ HTTP/1.1" 200 44053 189
0:0:0:0:0:0:0:1 - - [22/Sep/2022:17:15:10 +0530] "GET /css/Estyle.css HTTP/1.1" 200 2722 22
0:0:0:0:0:0:0:1 - - [22/Sep/2022:17:15:15 +0530] "GET /Eedu/compitation/RAS/7 HTTP/1.1" 200 41707 118
0:0:0:0:0:0:0:1 - - [22/Sep/2022:17:15:17 +0530] "GET /Eedu/showQuiz/RAS/INDIAN%20ECONOMICS/7 HTTP/1.1" 200 77560 155
0:0:0:0:0:0:0:1 - - [22/Sep/2022:17:15:20 +0530] "GET /Eedu/showScoreBoard/RAS/INDIAN%20ECONOMICS/9/7 HTTP/1.1" 200 6322 166
0:0:0:0:0:0:0:1 - - [22/Sep/2022:17:15:20 +0530] "GET /vendor/bootstrap/js/bootstrap.bundle.min.js HTTP/1.1" 200 78635 26
0:0:0:0:0:0:0:1 - - [22/Sep/2022:17:15:20 +0530] "GET /vendor/jquery-easing/jquery.easing.min.js HTTP/1.1" 200 2532 25
0:0:0:0:0:0:0:1 - - [22/Sep/2022:17:15:20 +0530] "GET /vendor/jquery/jquery.min.js HTTP/1.1" 200 86927 45
0:0:0:0:0:0:0:1 - - [22/Sep/2022:17:15:20 +0530] "GET /vendor/datatables/dataTables.bootstrap4.min.css HTTP/1.1" 200 5222 48
0:0:0:0:0:0:0:1 - - [22/Sep/2022:17:15:20 +0530] "GET /js/sb-admin-2.min.js HTTP/1.1" 200 1106 44
0:0:0:0:0:0:0:1 - - [22/Sep/2022:17:15:20 +0530] "GET /js/template.js HTTP/1.1" 200 - 38
0:0:0:0:0:0:0:1 - - [22/Sep/2022:17:15:20 +0530] "GET /vendor/datatables/dataTables.bootstrap4.min.js HTTP/1.1" 200 2085 15
0:0:0:0:0:0:0:1 - - [22/Sep/2022:17:15:20 +0530] "GET /vendor/datatables/jquery.dataTables.min.js HTTP/1.1" 200 82411 18
0:0:0:0:0:0:0:1 - - [22/Sep/2022:17:15:20 +0530] "GET /js/demo/datatables-demo.js HTTP/1.1" 200 103 24
0:0:0:0:0:0:0:1 - - [22/Sep/2022:17:15:20 +0530] "GET /img/boy.png HTTP/1.1" 200 28020 25
0:0:0:0:0:0:0:1 - - [22/Sep/2022:17:15:23 +0530] "GET /Eedu/startQuiz/RAS/INDIAN%20ECONOMICS/9/7 HTTP/1.1" 500 413 154
0:0:0:0:0:0:0:1 - - [22/Sep/2022:17:15:26 +0530] "GET /Eedu/startQuiz/RAS/INDIAN%20ECONOMICS/8/7 HTTP/1.1" 500 413 111
0:0:0:0:0:0:0:1 - - [22/Sep/2022:17:15:46 +0530] "GET /Eedu/startQuiz/RAS/INDIAN%20ECONOMICS/1/7 HTTP/1.1" 500 413 142
0:0:0:0:0:0:0:1 - - [22/Sep/2022:17:15:54 +0530] "GET /image/pass.png HTTP/1.1" 404 146 50
0:0:0:0:0:0:0:1 - - [22/Sep/2022:17:15:56 +0530] "GET /signUp HTTP/1.1" 200 2723 67
0:0:0:0:0:0:0:1 - - [22/Sep/2022:17:15:56 +0530] "GET /css/[[@%7B/image/bg3.jpeg%7D]] HTTP/1.1" 400 - 0
0:0:0:0:0:0:0:1 - - [22/Sep/2022:17:15:56 +0530] "GET /image/mail.png HTTP/1.1" 404 146 18
0:0:0:0:0:0:0:1 - - [22/Sep/2022:17:15:56 +0530] "GET /image/pass.png HTTP/1.1" 404 146 14
0:0:0:0:0:0:0:1 - - [22/Sep/2022:17:15:57 +0530] "GET /? HTTP/1.1" 200 2457 42
0:0:0:0:0:0:0:1 - - [22/Sep/2022:17:15:58 +0530] "GET /login HTTP/1.1" 200 2551 97
0:0:0:0:0:0:0:1 - - [22/Sep/2022:17:15:59 +0530] "GET /? HTTP/1.1" 200 2457 40
0:0:0:0:0:0:0:1 - - [22/Sep/2022:17:16:00 +0530] "GET /signUp HTTP/1.1" 200 2723 36
0:0:0:0:0:0:0:1 - - [22/Sep/2022:17:28:20 +0530] "GET /? HTTP/1.1" 200 2457 30
0:0:0:0:0:0:0:1 - - [22/Sep/2022:17:28:20 +0530] "GET /style.css HTTP/1.1" 304 - 32
0:0:0:0:0:0:0:1 - - [22/Sep/2022:17:28:20 +0530] "GET /script.js HTTP/1.1" 304 - 31
0:0:0:0:0:0:0:1 - - [22/Sep/2022:17:28:21 +0530] "GET /login HTTP/1.1" 200 2551 66
0:0:0:0:0:0:0:1 - - [22/Sep/2022:17:28:21 +0530] "GET /css/loginCss.css HTTP/1.1" 304 - 36
0:0:0:0:0:0:0:1 - - [22/Sep/2022:17:28:21 +0530] "GET /css/sb-admin-2.min.css HTTP/1.1" 304 - 15
0:0:0:0:0:0:0:1 - - [22/Sep/2022:17:28:21 +0530] "GET /css/StyleSheet2.css HTTP/1.1" 304 - 30
0:0:0:0:0:0:0:1 - - [22/Sep/2022:17:28:21 +0530] "GET /vendor/fontawesome-free/css/all.min.css HTTP/1.1" 304 - 22
0:0:0:0:0:0:0:1 - - [22/Sep/2022:17:28:21 +0530] "GET /css/[[@%7B/image/bg3.jpeg%7D]] HTTP/1.1" 400 - 0
0:0:0:0:0:0:0:1 - - [22/Sep/2022:17:28:21 +0530] "GET /image/pass.png HTTP/1.1" 404 146 42
0:0:0:0:0:0:0:1 - - [22/Sep/2022:17:28:21 +0530] "GET /image/mail.png HTTP/1.1" 404 146 42
