0:0:0:0:0:0:0:1 - - [11/Sep/2022:13:18:11 +0530] "GET / HTTP/1.1" 200 2462 2157
0:0:0:0:0:0:0:1 - - [11/Sep/2022:13:18:11 +0530] "GET /style.css HTTP/1.1" 304 - 51
0:0:0:0:0:0:0:1 - - [11/Sep/2022:13:18:11 +0530] "GET /script.js HTTP/1.1" 304 - 53
0:0:0:0:0:0:0:1 - - [11/Sep/2022:13:18:36 +0530] "GET /signUp HTTP/1.1" 200 2258 142
0:0:0:0:0:0:0:1 - - [11/Sep/2022:13:18:36 +0530] "GET /css/StyleSheet2.css HTTP/1.1" 304 - 38
0:0:0:0:0:0:0:1 - - [11/Sep/2022:13:18:36 +0530] "GET /css/loginCss.css HTTP/1.1" 304 - 40
0:0:0:0:0:0:0:1 - - [11/Sep/2022:13:18:36 +0530] "GET /css/[[@%7B/image/bg3.jpeg%7D]] HTTP/1.1" 400 - 0
0:0:0:0:0:0:0:1 - - [11/Sep/2022:13:18:37 +0530] "GET /image/mail.png HTTP/1.1" 404 146 247
0:0:0:0:0:0:0:1 - - [11/Sep/2022:13:18:37 +0530] "GET /image/pass.png HTTP/1.1" 404 146 246
0:0:0:0:0:0:0:1 - - [11/Sep/2022:13:19:00 +0530] "POST /signUpSubmit HTTP/1.1" 200 2093 267
0:0:0:0:0:0:0:1 - - [11/Sep/2022:13:19:08 +0530] "POST /submit HTTP/1.1" 302 - 139
0:0:0:0:0:0:0:1 - - [11/Sep/2022:13:19:09 +0530] "GET /Eedu/ HTTP/1.1" 200 43788 209
0:0:0:0:0:0:0:1 - - [11/Sep/2022:13:19:09 +0530] "GET /css/Estyle.css HTTP/1.1" 304 - 26
0:0:0:0:0:0:0:1 - - [11/Sep/2022:13:19:16 +0530] "GET /Eedu/compitation/RAS HTTP/1.1" 200 41412 132
0:0:0:0:0:0:0:1 - - [11/Sep/2022:13:19:28 +0530] "GET /Eedu/showQuiz/RAS/INDIAN%20ECONOMICS HTTP/1.1" 200 17386 273
0:0:0:0:0:0:0:1 - - [11/Sep/2022:13:19:30 +0530] "GET /Eedu/showScoreBoard/RAS/INDIAN%20ECONOMICS/2 HTTP/1.1" 200 8802 203
0:0:0:0:0:0:0:1 - - [11/Sep/2022:13:19:31 +0530] "GET /vendor/fontawesome-free/css/all.min.css HTTP/1.1" 304 - 58
0:0:0:0:0:0:0:1 - - [11/Sep/2022:13:19:31 +0530] "GET /css/sb-admin-2.min.css HTTP/1.1" 304 - 54
0:0:0:0:0:0:0:1 - - [11/Sep/2022:13:19:31 +0530] "GET /vendor/bootstrap/js/bootstrap.bundle.min.js HTTP/1.1" 304 - 55
0:0:0:0:0:0:0:1 - - [11/Sep/2022:13:19:31 +0530] "GET /vendor/jquery/jquery.min.js HTTP/1.1" 304 - 63
0:0:0:0:0:0:0:1 - - [11/Sep/2022:13:19:31 +0530] "GET /vendor/datatables/dataTables.bootstrap4.min.css HTTP/1.1" 304 - 67
0:0:0:0:0:0:0:1 - - [11/Sep/2022:13:19:31 +0530] "GET /img/boy.png HTTP/1.1" 304 - 66
0:0:0:0:0:0:0:1 - - [11/Sep/2022:13:19:31 +0530] "GET /js/template.js HTTP/1.1" 304 - 26
0:0:0:0:0:0:0:1 - - [11/Sep/2022:13:19:31 +0530] "GET /vendor/datatables/dataTables.bootstrap4.min.js HTTP/1.1" 304 - 19
0:0:0:0:0:0:0:1 - - [11/Sep/2022:13:19:31 +0530] "GET /js/sb-admin-2.min.js HTTP/1.1" 304 - 26
0:0:0:0:0:0:0:1 - - [11/Sep/2022:13:19:31 +0530] "GET /js/demo/datatables-demo.js HTTP/1.1" 304 - 31
0:0:0:0:0:0:0:1 - - [11/Sep/2022:13:19:31 +0530] "GET /vendor/datatables/jquery.dataTables.min.js HTTP/1.1" 304 - 34
0:0:0:0:0:0:0:1 - - [11/Sep/2022:13:19:31 +0530] "GET /vendor/jquery-easing/jquery.easing.min.js HTTP/1.1" 304 - 44
0:0:0:0:0:0:0:1 - - [11/Sep/2022:13:20:02 +0530] "GET /Eedu/startQuiz/RAS/INDIAN%20ECONOMICS/2 HTTP/1.1" 200 8780 204
0:0:0:0:0:0:0:1 - - [11/Sep/2022:13:20:02 +0530] "GET /css/quiz.css HTTP/1.1" 304 - 11
0:0:0:0:0:0:0:1 - - [11/Sep/2022:13:20:10 +0530] "POST /Eedu/saveQuiz/RAS/INDIAN%20ECONOMICS/2 HTTP/1.1" 200 1730 196
0:0:0:0:0:0:0:1 - - [11/Sep/2022:13:20:10 +0530] "GET /css/SuccessStyle.css HTTP/1.1" 304 - 35
0:0:0:0:0:0:0:1 - - [11/Sep/2022:13:20:10 +0530] "GET /js/SuccessJs.js HTTP/1.1" 304 - 35
0:0:0:0:0:0:0:1 - - [11/Sep/2022:13:20:12 +0530] "GET /Eedu/showQuiz/RAS/INDIAN%20ECONOMICS HTTP/1.1" 200 17386 97
0:0:0:0:0:0:0:1 - - [11/Sep/2022:13:20:13 +0530] "GET /Eedu/startQuiz/RAS/INDIAN%20ECONOMICS/1 HTTP/1.1" 200 3132 55
0:0:0:0:0:0:0:1 - - [11/Sep/2022:13:20:17 +0530] "GET /Eedu/startQuiz/RAS/INDIAN%20ECONOMICS/2 HTTP/1.1" 200 8780 67
0:0:0:0:0:0:0:1 - - [11/Sep/2022:13:20:24 +0530] "GET /Eedu/showQuiz/RAS/ENGLISH HTTP/1.1" 200 8804 71
0:0:0:0:0:0:0:1 - - [11/Sep/2022:13:20:26 +0530] "GET /Eedu/showScoreBoard/RAS/ENGLISH/1 HTTP/1.1" 200 6140 111
0:0:0:0:0:0:0:1 - - [11/Sep/2022:13:20:42 +0530] "GET /image/pass.png HTTP/1.1" 404 146 62
0:0:0:0:0:0:0:1 - - [11/Sep/2022:13:20:42 +0530] "GET /image/mail.png HTTP/1.1" 404 146 62
0:0:0:0:0:0:0:1 - - [11/Sep/2022:13:20:46 +0530] "GET /login HTTP/1.1" 200 2093 49
0:0:0:0:0:0:0:1 - - [11/Sep/2022:13:21:02 +0530] "POST /submit HTTP/1.1" 200 2258 50
0:0:0:0:0:0:0:1 - - [11/Sep/2022:13:21:34 +0530] "POST /signUpSubmit HTTP/1.1" 200 2093 66
0:0:0:0:0:0:0:1 - - [11/Sep/2022:13:21:42 +0530] "POST /submit HTTP/1.1" 302 - 53
0:0:0:0:0:0:0:1 - - [11/Sep/2022:13:21:42 +0530] "GET /Eedu/ HTTP/1.1" 200 43788 64
0:0:0:0:0:0:0:1 - - [11/Sep/2022:13:21:53 +0530] "GET /? HTTP/1.1" 200 2462 79
0:0:0:0:0:0:0:1 - - [11/Sep/2022:13:21:56 +0530] "GET /login HTTP/1.1" 200 2093 29
0:0:0:0:0:0:0:1 - - [11/Sep/2022:13:21:59 +0530] "GET /? HTTP/1.1" 200 2462 24
0:0:0:0:0:0:0:1 - - [11/Sep/2022:13:22:00 +0530] "GET /signUp HTTP/1.1" 200 2258 21
0:0:0:0:0:0:0:1 - - [11/Sep/2022:13:22:01 +0530] "GET /? HTTP/1.1" 200 2462 27
0:0:0:0:0:0:0:1 - - [11/Sep/2022:13:22:04 +0530] "GET /login HTTP/1.1" 200 2093 32
0:0:0:0:0:0:0:1 - - [11/Sep/2022:13:22:10 +0530] "POST /submit HTTP/1.1" 302 - 78
0:0:0:0:0:0:0:1 - - [11/Sep/2022:13:22:11 +0530] "GET /Eedu/ HTTP/1.1" 200 43788 54
0:0:0:0:0:0:0:1 - - [11/Sep/2022:13:22:23 +0530] "POST /submit HTTP/1.1" 302 - 77
0:0:0:0:0:0:0:1 - - [11/Sep/2022:13:22:23 +0530] "GET /Eedu/ HTTP/1.1" 200 43788 33
0:0:0:0:0:0:0:1 - - [11/Sep/2022:13:22:36 +0530] "POST /submit HTTP/1.1" 302 - 34
0:0:0:0:0:0:0:1 - - [11/Sep/2022:13:22:36 +0530] "GET /Eedu/ HTTP/1.1" 200 43788 25
0:0:0:0:0:0:0:1 - - [11/Sep/2022:13:23:18 +0530] "POST /submit HTTP/1.1" 302 - 59
0:0:0:0:0:0:0:1 - - [11/Sep/2022:13:23:18 +0530] "GET /Admin/ HTTP/1.1" 200 39427 65
0:0:0:0:0:0:0:1 - - [11/Sep/2022:13:23:23 +0530] "GET /Admin/compitation/RAS HTTP/1.1" 200 17551 58
0:0:0:0:0:0:0:1 - - [11/Sep/2022:13:23:58 +0530] "GET /Admin/createQuiz/RAS/MATHEMATICS HTTP/1.1" 200 14772 162
0:0:0:0:0:0:0:1 - - [11/Sep/2022:13:24:08 +0530] "GET /? HTTP/1.1" 200 2462 96
0:0:0:0:0:0:0:1 - - [11/Sep/2022:13:24:15 +0530] "GET /login HTTP/1.1" 200 2093 65
0:0:0:0:0:0:0:1 - - [11/Sep/2022:13:31:21 +0530] "GET / HTTP/1.1" 200 2462 1944
0:0:0:0:0:0:0:1 - - [11/Sep/2022:13:31:23 +0530] "GET /login HTTP/1.1" 200 2093 82
0:0:0:0:0:0:0:1 - - [11/Sep/2022:13:31:23 +0530] "GET /css/[[@%7B/image/bg3.jpeg%7D]] HTTP/1.1" 400 - 0
0:0:0:0:0:0:0:1 - - [11/Sep/2022:13:31:24 +0530] "GET /image/mail.png HTTP/1.1" 404 146 180
0:0:0:0:0:0:0:1 - - [11/Sep/2022:13:31:24 +0530] "GET /image/pass.png HTTP/1.1" 404 146 180
0:0:0:0:0:0:0:1 - - [11/Sep/2022:13:31:32 +0530] "POST /submit HTTP/1.1" 302 - 215
0:0:0:0:0:0:0:1 - - [11/Sep/2022:13:31:32 +0530] "GET /Eedu/4/ HTTP/1.1" 200 43788 199
0:0:0:0:0:0:0:1 - - [11/Sep/2022:13:35:09 +0530] "GET / HTTP/1.1" 200 2462 2730
0:0:0:0:0:0:0:1 - - [11/Sep/2022:13:35:13 +0530] "GET /login HTTP/1.1" 200 2093 131
0:0:0:0:0:0:0:1 - - [11/Sep/2022:13:35:13 +0530] "GET /css/[[@%7B/image/bg3.jpeg%7D]] HTTP/1.1" 400 - 0
0:0:0:0:0:0:0:1 - - [11/Sep/2022:13:35:14 +0530] "GET /image/pass.png HTTP/1.1" 404 146 240
0:0:0:0:0:0:0:1 - - [11/Sep/2022:13:35:14 +0530] "GET /image/mail.png HTTP/1.1" 404 146 243
0:0:0:0:0:0:0:1 - - [11/Sep/2022:13:35:20 +0530] "POST /submit HTTP/1.1" 302 - 240
0:0:0:0:0:0:0:1 - - [11/Sep/2022:13:35:20 +0530] "GET /Eedu/4/ HTTP/1.1" 200 44058 205
0:0:0:0:0:0:0:1 - - [11/Sep/2022:13:35:23 +0530] "GET /Eedu/%7BuserId%7D(userId=$%7BuserId%7D)/compitation/RAS HTTP/1.1" 400 502 139
0:0:0:0:0:0:0:1 - - [11/Sep/2022:13:36:33 +0530] "GET / HTTP/1.1" 200 2462 2786
0:0:0:0:0:0:0:1 - - [11/Sep/2022:13:36:35 +0530] "GET /login HTTP/1.1" 200 2093 89
0:0:0:0:0:0:0:1 - - [11/Sep/2022:13:36:35 +0530] "GET /css/[[@%7B/image/bg3.jpeg%7D]] HTTP/1.1" 400 - 0
0:0:0:0:0:0:0:1 - - [11/Sep/2022:13:36:35 +0530] "GET /image/mail.png HTTP/1.1" 404 146 201
0:0:0:0:0:0:0:1 - - [11/Sep/2022:13:36:35 +0530] "GET /image/pass.png HTTP/1.1" 404 146 201
0:0:0:0:0:0:0:1 - - [11/Sep/2022:13:36:41 +0530] "POST /submit HTTP/1.1" 302 - 215
0:0:0:0:0:0:0:1 - - [11/Sep/2022:13:36:41 +0530] "GET /Eedu/4/ HTTP/1.1" 200 44058 266
0:0:0:0:0:0:0:1 - - [11/Sep/2022:13:36:43 +0530] "GET /Eedu/%7BuserId%7D(userId=$%7BuserId%7D)/compitation/RAS HTTP/1.1" 200 41412 183
0:0:0:0:0:0:0:1 - - [11/Sep/2022:13:37:49 +0530] "GET / HTTP/1.1" 200 2462 2598
0:0:0:0:0:0:0:1 - - [11/Sep/2022:13:37:51 +0530] "GET /login HTTP/1.1" 200 2093 71
0:0:0:0:0:0:0:1 - - [11/Sep/2022:13:37:51 +0530] "GET /css/[[@%7B/image/bg3.jpeg%7D]] HTTP/1.1" 400 - 0
0:0:0:0:0:0:0:1 - - [11/Sep/2022:13:37:52 +0530] "GET /image/mail.png HTTP/1.1" 404 146 218
0:0:0:0:0:0:0:1 - - [11/Sep/2022:13:37:52 +0530] "GET /image/pass.png HTTP/1.1" 404 146 218
0:0:0:0:0:0:0:1 - - [11/Sep/2022:13:37:57 +0530] "POST /submit HTTP/1.1" 302 - 223
0:0:0:0:0:0:0:1 - - [11/Sep/2022:13:37:57 +0530] "GET /Eedu/4/ HTTP/1.1" 200 44058 180
0:0:0:0:0:0:0:1 - - [11/Sep/2022:13:37:59 +0530] "GET /Eedu/%7BuserId%7D(userId=$%7BuserId%7D)/compitation/RAS HTTP/1.1" 200 41412 207
0:0:0:0:0:0:0:1 - - [11/Sep/2022:13:40:26 +0530] "GET /Eedu/ HTTP/1.1" 404 306 349
0:0:0:0:0:0:0:1 - - [11/Sep/2022:13:40:45 +0530] "GET / HTTP/1.1" 200 2462 2556
0:0:0:0:0:0:0:1 - - [11/Sep/2022:13:40:53 +0530] "GET /login HTTP/1.1" 200 2093 63
0:0:0:0:0:0:0:1 - - [11/Sep/2022:13:40:53 +0530] "GET /css/[[@%7B/image/bg3.jpeg%7D]] HTTP/1.1" 400 - 0
0:0:0:0:0:0:0:1 - - [11/Sep/2022:13:40:53 +0530] "GET /image/pass.png HTTP/1.1" 404 146 175
0:0:0:0:0:0:0:1 - - [11/Sep/2022:13:40:53 +0530] "GET /image/mail.png HTTP/1.1" 404 146 181
0:0:0:0:0:0:0:1 - - [11/Sep/2022:13:41:01 +0530] "POST /submit HTTP/1.1" 302 - 192
0:0:0:0:0:0:0:1 - - [11/Sep/2022:13:41:01 +0530] "GET /Eedu/4/ HTTP/1.1" 200 43808 177
0:0:0:0:0:0:0:1 - - [11/Sep/2022:13:41:03 +0530] "GET /Eedu/compitation/RAS/4 HTTP/1.1" 200 41412 200
0:0:0:0:0:0:0:1 - - [11/Sep/2022:14:01:54 +0530] "GET / HTTP/1.1" 200 2462 2826
0:0:0:0:0:0:0:1 - - [11/Sep/2022:14:01:57 +0530] "GET /login HTTP/1.1" 200 2093 60
0:0:0:0:0:0:0:1 - - [11/Sep/2022:14:01:57 +0530] "GET /css/[[@%7B/image/bg3.jpeg%7D]] HTTP/1.1" 400 - 0
0:0:0:0:0:0:0:1 - - [11/Sep/2022:14:01:58 +0530] "GET /image/mail.png HTTP/1.1" 404 146 189
0:0:0:0:0:0:0:1 - - [11/Sep/2022:14:01:58 +0530] "GET /image/pass.png HTTP/1.1" 404 146 189
0:0:0:0:0:0:0:1 - - [11/Sep/2022:14:02:04 +0530] "POST /submit HTTP/1.1" 302 - 216
0:0:0:0:0:0:0:1 - - [11/Sep/2022:14:02:05 +0530] "GET /Eedu/4/ HTTP/1.1" 200 43808 199
0:0:0:0:0:0:0:1 - - [11/Sep/2022:14:02:08 +0530] "GET /Eedu/compitation/REET/4 HTTP/1.1" 200 271 154
0:0:0:0:0:0:0:1 - - [11/Sep/2022:14:02:11 +0530] "GET /Eedu/4 HTTP/1.1" 200 43808 96
0:0:0:0:0:0:0:1 - - [11/Sep/2022:14:02:16 +0530] "GET /Eedu/compitation/RAS/4 HTTP/1.1" 200 41426 99
0:0:0:0:0:0:0:1 - - [11/Sep/2022:14:02:18 +0530] "GET /Eedu/showQuiz/RAS/INDIAN%20ECONOMICS/4 HTTP/1.1" 200 17394 135
0:0:0:0:0:0:0:1 - - [11/Sep/2022:14:02:22 +0530] "GET /Eedu/showScoreBoard/RAS/INDIAN%20ECONOMICS/2/4 HTTP/1.1" 500 707 169
0:0:0:0:0:0:0:1 - - [11/Sep/2022:14:03:53 +0530] "GET / HTTP/1.1" 200 2462 2726
0:0:0:0:0:0:0:1 - - [11/Sep/2022:14:03:54 +0530] "GET /login HTTP/1.1" 200 2093 75
0:0:0:0:0:0:0:1 - - [11/Sep/2022:14:03:54 +0530] "GET /css/[[@%7B/image/bg3.jpeg%7D]] HTTP/1.1" 400 - 0
0:0:0:0:0:0:0:1 - - [11/Sep/2022:14:03:54 +0530] "GET /image/pass.png HTTP/1.1" 404 146 198
0:0:0:0:0:0:0:1 - - [11/Sep/2022:14:03:54 +0530] "GET /image/mail.png HTTP/1.1" 404 146 197
0:0:0:0:0:0:0:1 - - [11/Sep/2022:14:04:02 +0530] "POST /submit HTTP/1.1" 302 - 214
0:0:0:0:0:0:0:1 - - [11/Sep/2022:14:04:02 +0530] "GET /Eedu/4/ HTTP/1.1" 200 43808 231
0:0:0:0:0:0:0:1 - - [11/Sep/2022:14:04:04 +0530] "GET /Eedu/compitation/REET/4 HTTP/1.1" 200 271 155
0:0:0:0:0:0:0:1 - - [11/Sep/2022:14:04:06 +0530] "GET /Eedu/4 HTTP/1.1" 200 43808 119
0:0:0:0:0:0:0:1 - - [11/Sep/2022:14:04:07 +0530] "GET /Eedu/compitation/RAS/4 HTTP/1.1" 200 41426 78
0:0:0:0:0:0:0:1 - - [11/Sep/2022:14:04:10 +0530] "GET /Eedu/showQuiz/RAS/INDIAN%20ECONOMICS/4 HTTP/1.1" 200 17394 140
0:0:0:0:0:0:0:1 - - [11/Sep/2022:14:04:11 +0530] "GET /Eedu/showScoreBoard/RAS/INDIAN%20ECONOMICS/2/4 HTTP/1.1" 200 8754 149
0:0:0:0:0:0:0:1 - - [11/Sep/2022:14:04:35 +0530] "GET /Eedu/startQuiz/RAS/INDIAN%20ECONOMICS/1/4 HTTP/1.1" 200 3134 263
0:0:0:0:0:0:0:1 - - [11/Sep/2022:14:04:44 +0530] "POST /Eedu/saveQuiz/RAS/INDIAN%20ECONOMICS/1/4 HTTP/1.1" 200 1732 193
0:0:0:0:0:0:0:1 - - [11/Sep/2022:14:04:45 +0530] "GET /Eedu/showQuiz/RAS/INDIAN%20ECONOMICS/4 HTTP/1.1" 200 17394 80
0:0:0:0:0:0:0:1 - - [11/Sep/2022:14:04:49 +0530] "GET /Eedu/startQuiz/RAS/INDIAN%20ECONOMICS/2/4 HTTP/1.1" 200 8782 138
0:0:0:0:0:0:0:1 - - [11/Sep/2022:14:04:55 +0530] "POST /Eedu/saveQuiz/RAS/INDIAN%20ECONOMICS/2/4 HTTP/1.1" 200 1732 53
0:0:0:0:0:0:0:1 - - [11/Sep/2022:14:04:57 +0530] "GET /Eedu/showQuiz/RAS/INDIAN%20ECONOMICS/4 HTTP/1.1" 200 17394 44
0:0:0:0:0:0:0:1 - - [11/Sep/2022:14:04:59 +0530] "GET /Eedu/showScoreBoard/RAS/INDIAN%20ECONOMICS/2/4 HTTP/1.1" 200 8920 88
0:0:0:0:0:0:0:1 - - [11/Sep/2022:14:05:21 +0530] "GET /Eedu/showScoreBoard/RAS/INDIAN%20ECONOMICS/1/4 HTTP/1.1" 200 6829 86
0:0:0:0:0:0:0:1 - - [11/Sep/2022:14:08:29 +0530] "GET / HTTP/1.1" 200 2462 2503
0:0:0:0:0:0:0:1 - - [11/Sep/2022:14:08:31 +0530] "GET /login HTTP/1.1" 200 2093 93
0:0:0:0:0:0:0:1 - - [11/Sep/2022:14:08:31 +0530] "GET /css/[[@%7B/image/pass.png%7D]] HTTP/1.1" 400 - 0
0:0:0:0:0:0:0:1 - - [11/Sep/2022:14:08:31 +0530] "GET /css/[[@%7B/image/bg3.jpeg%7D]] HTTP/1.1" 400 - 0
0:0:0:0:0:0:0:1 - - [11/Sep/2022:14:08:31 +0530] "GET /css/[[@%7B//image/mail.png%7D]] HTTP/1.1" 400 - 0
0:0:0:0:0:0:0:1 - - [11/Sep/2022:14:08:32 +0530] "GET /image/mail.png HTTP/1.1" 404 146 188
0:0:0:0:0:0:0:1 - - [11/Sep/2022:14:08:32 +0530] "GET /image/pass.png HTTP/1.1" 404 146 188
0:0:0:0:0:0:0:1 - - [11/Sep/2022:14:08:37 +0530] "POST /submit HTTP/1.1" 302 - 181
0:0:0:0:0:0:0:1 - - [11/Sep/2022:14:08:38 +0530] "GET /Eedu/4/ HTTP/1.1" 200 43808 200
0:0:0:0:0:0:0:1 - - [11/Sep/2022:14:08:41 +0530] "GET /Eedu/compitation/RAS/4 HTTP/1.1" 200 41426 171
0:0:0:0:0:0:0:1 - - [11/Sep/2022:14:08:42 +0530] "GET /Eedu/showQuiz/RAS/INDIAN%20ECONOMICS/4 HTTP/1.1" 200 17394 126
0:0:0:0:0:0:0:1 - - [11/Sep/2022:14:08:45 +0530] "GET /Eedu/startQuiz/RAS/INDIAN%20ECONOMICS/2/4 HTTP/1.1" 200 8782 106
0:0:0:0:0:0:0:1 - - [11/Sep/2022:14:08:52 +0530] "POST /Eedu/saveQuiz/RAS/INDIAN%20ECONOMICS/2/4 HTTP/1.1" 200 1732 212
0:0:0:0:0:0:0:1 - - [11/Sep/2022:14:08:53 +0530] "GET /Eedu/showQuiz/RAS/INDIAN%20ECONOMICS/4 HTTP/1.1" 200 17394 90
0:0:0:0:0:0:0:1 - - [11/Sep/2022:14:08:55 +0530] "GET /Eedu/showScoreBoard/RAS/INDIAN%20ECONOMICS/2/4 HTTP/1.1" 200 8921 198
0:0:0:0:0:0:0:1 - - [11/Sep/2022:14:09:27 +0530] "GET /vendor/fontawesome-free/webfonts/fa-solid-900.woff2 HTTP/1.1" 304 - 39
0:0:0:0:0:0:0:1 - - [11/Sep/2022:14:11:40 +0530] "GET / HTTP/1.1" 200 2462 3022
0:0:0:0:0:0:0:1 - - [11/Sep/2022:14:11:42 +0530] "GET /login HTTP/1.1" 200 2093 78
0:0:0:0:0:0:0:1 - - [11/Sep/2022:14:11:42 +0530] "GET /css/[[@%7B/image/bg3.jpeg%7D]] HTTP/1.1" 400 - 0
0:0:0:0:0:0:0:1 - - [11/Sep/2022:14:11:42 +0530] "GET /image/pass.png HTTP/1.1" 404 146 222
0:0:0:0:0:0:0:1 - - [11/Sep/2022:14:11:42 +0530] "GET /image/mail.png HTTP/1.1" 404 146 222
0:0:0:0:0:0:0:1 - - [11/Sep/2022:14:11:49 +0530] "POST /submit HTTP/1.1" 302 - 229
0:0:0:0:0:0:0:1 - - [11/Sep/2022:14:11:49 +0530] "GET /Eedu/4/ HTTP/1.1" 200 43808 278
0:0:0:0:0:0:0:1 - - [11/Sep/2022:14:11:51 +0530] "GET /Eedu/compitation/RAS/4 HTTP/1.1" 200 41426 182
0:0:0:0:0:0:0:1 - - [11/Sep/2022:14:11:52 +0530] "GET /Eedu/showQuiz/RAS/INDIAN%20ECONOMICS/4 HTTP/1.1" 200 17394 123
0:0:0:0:0:0:0:1 - - [11/Sep/2022:14:11:57 +0530] "GET /Eedu/showScoreBoard/RAS/INDIAN%20ECONOMICS/2/4 HTTP/1.1" 200 8921 169
0:0:0:0:0:0:0:1 - - [11/Sep/2022:14:15:16 +0530] "GET / HTTP/1.1" 200 2462 2886
0:0:0:0:0:0:0:1 - - [11/Sep/2022:14:15:18 +0530] "GET /login HTTP/1.1" 200 2093 85
0:0:0:0:0:0:0:1 - - [11/Sep/2022:14:15:18 +0530] "GET /css/[[@%7B/image/bg3.jpeg%7D]] HTTP/1.1" 400 - 0
0:0:0:0:0:0:0:1 - - [11/Sep/2022:14:15:18 +0530] "GET /image/pass.png HTTP/1.1" 404 146 174
0:0:0:0:0:0:0:1 - - [11/Sep/2022:14:15:18 +0530] "GET /image/mail.png HTTP/1.1" 404 146 174
0:0:0:0:0:0:0:1 - - [11/Sep/2022:14:15:24 +0530] "POST /submit HTTP/1.1" 302 - 191
0:0:0:0:0:0:0:1 - - [11/Sep/2022:14:15:24 +0530] "GET /Eedu/4/ HTTP/1.1" 200 43808 234
0:0:0:0:0:0:0:1 - - [11/Sep/2022:14:15:26 +0530] "GET /Eedu/compitation/RAS/4 HTTP/1.1" 200 41426 156
0:0:0:0:0:0:0:1 - - [11/Sep/2022:14:15:28 +0530] "GET /Eedu/showQuiz/RAS/INDIAN%20ECONOMICS/4 HTTP/1.1" 200 17394 129
0:0:0:0:0:0:0:1 - - [11/Sep/2022:14:15:31 +0530] "GET /Eedu/showScoreBoard/RAS/INDIAN%20ECONOMICS/2/4 HTTP/1.1" 200 8921 151
0:0:0:0:0:0:0:1 - - [11/Sep/2022:14:22:55 +0530] "GET /Eedu/startQuiz/RAS/INDIAN%20ECONOMICS/2/4 HTTP/1.1" 200 8782 293
0:0:0:0:0:0:0:1 - - [11/Sep/2022:14:30:39 +0530] "GET / HTTP/1.1" 200 2462 2964
0:0:0:0:0:0:0:1 - - [11/Sep/2022:14:30:41 +0530] "GET /login HTTP/1.1" 200 2093 93
0:0:0:0:0:0:0:1 - - [11/Sep/2022:14:30:41 +0530] "GET /css/[[@%7B/image/bg3.jpeg%7D]] HTTP/1.1" 400 - 0
0:0:0:0:0:0:0:1 - - [11/Sep/2022:14:30:41 +0530] "GET /image/pass.png HTTP/1.1" 404 146 203
0:0:0:0:0:0:0:1 - - [11/Sep/2022:14:30:41 +0530] "GET /image/mail.png HTTP/1.1" 404 146 203
0:0:0:0:0:0:0:1 - - [11/Sep/2022:14:30:51 +0530] "POST /submit HTTP/1.1" 302 - 196
0:0:0:0:0:0:0:1 - - [11/Sep/2022:14:30:51 +0530] "GET /Eedu/4/ HTTP/1.1" 200 43808 216
0:0:0:0:0:0:0:1 - - [11/Sep/2022:14:30:52 +0530] "GET /Eedu/compitation/RAS/4 HTTP/1.1" 200 41426 182
0:0:0:0:0:0:0:1 - - [11/Sep/2022:14:30:54 +0530] "GET /Eedu/showQuiz/RAS/INDIAN%20ECONOMICS/4 HTTP/1.1" 200 17394 134
0:0:0:0:0:0:0:1 - - [11/Sep/2022:14:30:55 +0530] "GET /Eedu/startQuiz/RAS/INDIAN%20ECONOMICS/2/4 HTTP/1.1" 200 271 119
0:0:0:0:0:0:0:1 - - [11/Sep/2022:14:31:03 +0530] "GET /Eedu/showScoreBoard/RAS/INDIAN%20ECONOMICS/2/4 HTTP/1.1" 200 8921 211
0:0:0:0:0:0:0:1 - - [11/Sep/2022:14:31:20 +0530] "GET /Eedu/startQuiz/RAS/INDIAN%20ECONOMICS/2/4 HTTP/1.1" 200 271 64
0:0:0:0:0:0:0:1 - - [11/Sep/2022:14:31:26 +0530] "GET /Eedu/4 HTTP/1.1" 200 43808 54
0:0:0:0:0:0:0:1 - - [11/Sep/2022:14:31:27 +0530] "GET /Eedu/compitation/RAS/4 HTTP/1.1" 200 41426 69
0:0:0:0:0:0:0:1 - - [11/Sep/2022:14:31:28 +0530] "GET /Eedu/showQuiz/RAS/INDIAN%20ECONOMICS/4 HTTP/1.1" 200 17394 54
0:0:0:0:0:0:0:1 - - [11/Sep/2022:14:31:29 +0530] "GET /Eedu/startQuiz/RAS/INDIAN%20ECONOMICS/1/4 HTTP/1.1" 200 271 113
0:0:0:0:0:0:0:1 - - [11/Sep/2022:14:31:35 +0530] "GET /Eedu/4 HTTP/1.1" 200 43808 54
0:0:0:0:0:0:0:1 - - [11/Sep/2022:14:31:40 +0530] "GET /Eedu/compitation/JEE%20ADVANCED/4 HTTP/1.1" 200 279 46
0:0:0:0:0:0:0:1 - - [11/Sep/2022:14:31:43 +0530] "GET /Eedu/4 HTTP/1.1" 200 43808 43
0:0:0:0:0:0:0:1 - - [11/Sep/2022:14:31:50 +0530] "GET /Eedu/compitation/RAS/4 HTTP/1.1" 200 41426 50
0:0:0:0:0:0:0:1 - - [11/Sep/2022:14:31:51 +0530] "GET /Eedu/showQuiz/RAS/INDIAN%20ECONOMICS/4 HTTP/1.1" 200 17394 44
0:0:0:0:0:0:0:1 - - [11/Sep/2022:14:32:16 +0530] "GET / HTTP/1.1" 200 2462 27
0:0:0:0:0:0:0:1 - - [11/Sep/2022:14:32:20 +0530] "GET /signUp HTTP/1.1" 200 2258 58
0:0:0:0:0:0:0:1 - - [11/Sep/2022:14:32:20 +0530] "GET /css/[[@%7B/image/bg3.jpeg%7D]] HTTP/1.1" 400 - 0
0:0:0:0:0:0:0:1 - - [11/Sep/2022:14:32:20 +0530] "GET /image/mail.png HTTP/1.1" 404 146 41
0:0:0:0:0:0:0:1 - - [11/Sep/2022:14:32:20 +0530] "GET /image/pass.png HTTP/1.1" 404 146 33
0:0:0:0:0:0:0:1 - - [11/Sep/2022:14:32:39 +0530] "POST /signUpSubmit HTTP/1.1" 200 2093 220
0:0:0:0:0:0:0:1 - - [11/Sep/2022:14:32:39 +0530] "GET /css/[[@%7B/image/bg3.jpeg%7D]] HTTP/1.1" 400 - 0
0:0:0:0:0:0:0:1 - - [11/Sep/2022:14:32:39 +0530] "GET /image/pass.png HTTP/1.1" 404 146 57
0:0:0:0:0:0:0:1 - - [11/Sep/2022:14:32:39 +0530] "GET /image/mail.png HTTP/1.1" 404 146 57
0:0:0:0:0:0:0:1 - - [11/Sep/2022:14:32:48 +0530] "POST /submit HTTP/1.1" 302 - 85
0:0:0:0:0:0:0:1 - - [11/Sep/2022:14:32:48 +0530] "GET /Eedu/5/ HTTP/1.1" 200 43808 56
0:0:0:0:0:0:0:1 - - [11/Sep/2022:14:32:52 +0530] "GET /Eedu/compitation/POLICE/5 HTTP/1.1" 200 273 175
0:0:0:0:0:0:0:1 - - [11/Sep/2022:14:32:55 +0530] "GET /Eedu/compitation/NEET/5 HTTP/1.1" 200 271 44
0:0:0:0:0:0:0:1 - - [11/Sep/2022:14:32:59 +0530] "GET /Eedu/compitation/RAS/5 HTTP/1.1" 200 41426 57
0:0:0:0:0:0:0:1 - - [11/Sep/2022:14:33:02 +0530] "GET /Eedu/showQuiz/RAS/INDIAN%20ECONOMICS/5 HTTP/1.1" 200 17394 49
0:0:0:0:0:0:0:1 - - [11/Sep/2022:14:33:03 +0530] "GET /Eedu/startQuiz/RAS/INDIAN%20ECONOMICS/2/5 HTTP/1.1" 200 8782 105
0:0:0:0:0:0:0:1 - - [11/Sep/2022:14:33:15 +0530] "POST /Eedu/saveQuiz/RAS/INDIAN%20ECONOMICS/2/5 HTTP/1.1" 200 1732 111
0:0:0:0:0:0:0:1 - - [11/Sep/2022:14:33:16 +0530] "GET /Eedu/showQuiz/RAS/INDIAN%20ECONOMICS/5 HTTP/1.1" 200 17394 74
0:0:0:0:0:0:0:1 - - [11/Sep/2022:14:33:17 +0530] "GET /Eedu/showScoreBoard/RAS/INDIAN%20ECONOMICS/2/5 HTTP/1.1" 200 9255 159
0:0:0:0:0:0:0:1 - - [11/Sep/2022:14:35:44 +0530] "GET /Eedu/compitation/RAS/5 HTTP/1.1" 200 41426 120
0:0:0:0:0:0:0:1 - - [11/Sep/2022:14:36:17 +0530] "GET /Eedu/showQuiz/RAS/INDIAN%20ECONOMICS/5 HTTP/1.1" 200 17394 123
0:0:0:0:0:0:0:1 - - [11/Sep/2022:14:36:19 +0530] "GET /Eedu/startQuiz/RAS/INDIAN%20ECONOMICS/2/5 HTTP/1.1" 200 271 79
0:0:0:0:0:0:0:1 - - [11/Sep/2022:14:36:23 +0530] "GET /Eedu/startQuiz/RAS/INDIAN%20ECONOMICS/1/5 HTTP/1.1" 200 3134 63
0:0:0:0:0:0:0:1 - - [11/Sep/2022:14:36:29 +0530] "POST /Eedu/saveQuiz/RAS/INDIAN%20ECONOMICS/1/5 HTTP/1.1" 200 1732 47
0:0:0:0:0:0:0:1 - - [11/Sep/2022:14:36:31 +0530] "GET /Eedu/showQuiz/RAS/INDIAN%20ECONOMICS/5 HTTP/1.1" 200 17394 93
0:0:0:0:0:0:0:1 - - [11/Sep/2022:14:36:44 +0530] "GET /Eedu/startQuiz/RAS/INDIAN%20ECONOMICS/2/5 HTTP/1.1" 200 271 155
0:0:0:0:0:0:0:1 - - [11/Sep/2022:14:38:27 +0530] "GET /? HTTP/1.1" 200 2462 2985
0:0:0:0:0:0:0:1 - - [11/Sep/2022:14:38:33 +0530] "GET /login HTTP/1.1" 200 2093 86
0:0:0:0:0:0:0:1 - - [11/Sep/2022:14:38:33 +0530] "GET /css/[[@%7B/image/bg3.jpeg%7D]] HTTP/1.1" 400 - 0
0:0:0:0:0:0:0:1 - - [11/Sep/2022:14:38:33 +0530] "GET /image/mail.png HTTP/1.1" 404 146 211
0:0:0:0:0:0:0:1 - - [11/Sep/2022:14:38:33 +0530] "GET /image/pass.png HTTP/1.1" 404 146 211
0:0:0:0:0:0:0:1 - - [11/Sep/2022:14:38:48 +0530] "POST /submit HTTP/1.1" 302 - 278
0:0:0:0:0:0:0:1 - - [11/Sep/2022:14:38:49 +0530] "GET /Eedu/1/ HTTP/1.1" 200 43808 245
0:0:0:0:0:0:0:1 - - [11/Sep/2022:14:39:00 +0530] "GET /Eedu/compitation/RAS/1 HTTP/1.1" 200 41426 243
0:0:0:0:0:0:0:1 - - [11/Sep/2022:14:39:02 +0530] "GET /Eedu/showQuiz/RAS/INDIAN%20ECONOMICS/1 HTTP/1.1" 200 17394 133
0:0:0:0:0:0:0:1 - - [11/Sep/2022:14:39:03 +0530] "GET /Eedu/startQuiz/RAS/INDIAN%20ECONOMICS/2/1 HTTP/1.1" 200 271 123
0:0:0:0:0:0:0:1 - - [11/Sep/2022:14:39:06 +0530] "GET /Eedu/startQuiz/RAS/INDIAN%20ECONOMICS/1/1 HTTP/1.1" 200 271 79
0:0:0:0:0:0:0:1 - - [11/Sep/2022:14:39:14 +0530] "GET /image/pass.png HTTP/1.1" 404 146 64
0:0:0:0:0:0:0:1 - - [11/Sep/2022:14:39:14 +0530] "GET /image/mail.png HTTP/1.1" 404 146 64
0:0:0:0:0:0:0:1 - - [11/Sep/2022:14:39:18 +0530] "GET /login HTTP/1.1" 200 2093 33
0:0:0:0:0:0:0:1 - - [11/Sep/2022:14:39:18 +0530] "GET /css/[[@%7B/image/bg3.jpeg%7D]] HTTP/1.1" 400 - 0
0:0:0:0:0:0:0:1 - - [11/Sep/2022:14:39:18 +0530] "GET /image/pass.png HTTP/1.1" 404 146 15
0:0:0:0:0:0:0:1 - - [11/Sep/2022:14:39:18 +0530] "GET /image/mail.png HTTP/1.1" 404 146 18
0:0:0:0:0:0:0:1 - - [11/Sep/2022:14:39:59 +0530] "POST /submit HTTP/1.1" 302 - 51
0:0:0:0:0:0:0:1 - - [11/Sep/2022:14:39:59 +0530] "GET /Eedu/3/ HTTP/1.1" 200 43808 56
0:0:0:0:0:0:0:1 - - [11/Sep/2022:14:40:04 +0530] "GET /Eedu/compitation/RAS/3 HTTP/1.1" 200 41426 142
0:0:0:0:0:0:0:1 - - [11/Sep/2022:14:40:05 +0530] "GET /Eedu/showQuiz/RAS/INDIAN%20ECONOMICS/3 HTTP/1.1" 200 17394 56
0:0:0:0:0:0:0:1 - - [11/Sep/2022:14:40:06 +0530] "GET /Eedu/startQuiz/RAS/INDIAN%20ECONOMICS/2/3 HTTP/1.1" 200 8782 108
0:0:0:0:0:0:0:1 - - [11/Sep/2022:14:40:20 +0530] "POST /Eedu/saveQuiz/RAS/INDIAN%20ECONOMICS/2/3 HTTP/1.1" 200 1732 166
0:0:0:0:0:0:0:1 - - [11/Sep/2022:14:40:22 +0530] "GET /Eedu/showQuiz/RAS/INDIAN%20ECONOMICS/3 HTTP/1.1" 200 17394 63
0:0:0:0:0:0:0:1 - - [11/Sep/2022:14:40:27 +0530] "POST /Eedu/saveQuiz/RAS/INDIAN%20ECONOMICS/2/3 HTTP/1.1" 200 271 113
0:0:0:0:0:0:0:1 - - [11/Sep/2022:14:40:33 +0530] "GET /Eedu/3 HTTP/1.1" 200 43808 66
0:0:0:0:0:0:0:1 - - [11/Sep/2022:14:44:28 +0530] "GET /Eedu/compitation/RAS/3 HTTP/1.1" 200 41426 82
0:0:0:0:0:0:0:1 - - [11/Sep/2022:14:44:30 +0530] "GET /Eedu/showQuiz/RAS/INDIAN%20ECONOMICS/3 HTTP/1.1" 200 17394 42
0:0:0:0:0:0:0:1 - - [11/Sep/2022:14:44:32 +0530] "GET /Eedu/showScoreBoard/RAS/INDIAN%20ECONOMICS/2/3 HTTP/1.1" 200 9430 217
0:0:0:0:0:0:0:1 - - [11/Sep/2022:14:44:37 +0530] "GET /Eedu/startQuiz/RAS/INDIAN%20ECONOMICS/2/3 HTTP/1.1" 200 271 70
0:0:0:0:0:0:0:1 - - [11/Sep/2022:14:44:39 +0530] "GET /Eedu/3 HTTP/1.1" 200 43808 91
0:0:0:0:0:0:0:1 - - [11/Sep/2022:14:44:40 +0530] "GET /Eedu/compitation/PATWAR/3 HTTP/1.1" 200 273 63
0:0:0:0:0:0:0:1 - - [11/Sep/2022:14:44:42 +0530] "GET /Eedu/3 HTTP/1.1" 200 43808 37
0:0:0:0:0:0:0:1 - - [11/Sep/2022:14:44:44 +0530] "GET /Eedu/compitation/CUREENT%20AFFAIRS/3 HTTP/1.1" 200 282 160
0:0:0:0:0:0:0:1 - - [11/Sep/2022:14:44:45 +0530] "GET /Eedu/3 HTTP/1.1" 200 43808 45
0:0:0:0:0:0:0:1 - - [11/Sep/2022:14:45:22 +0530] "GET /Eedu/showQuiz/LDC-HIGHCOURT/ HTTP/1.1" 404 306 218
0:0:0:0:0:0:0:1 - - [11/Sep/2022:14:45:28 +0530] "GET / HTTP/1.1" 200 2462 41
0:0:0:0:0:0:0:1 - - [11/Sep/2022:14:45:28 +0530] "GET /style.css HTTP/1.1" 304 - 34
0:0:0:0:0:0:0:1 - - [11/Sep/2022:14:45:28 +0530] "GET /script.js HTTP/1.1" 304 - 13
0:0:0:0:0:0:0:1 - - [11/Sep/2022:14:45:32 +0530] "GET /login HTTP/1.1" 200 2093 66
0:0:0:0:0:0:0:1 - - [11/Sep/2022:14:45:32 +0530] "GET /css/loginCss.css HTTP/1.1" 200 10604 54
0:0:0:0:0:0:0:1 - - [11/Sep/2022:14:45:32 +0530] "GET /css/StyleSheet2.css HTTP/1.1" 200 13107 51
0:0:0:0:0:0:0:1 - - [11/Sep/2022:14:45:32 +0530] "GET /css/[[@%7B/image/bg3.jpeg%7D]] HTTP/1.1" 400 - 0
0:0:0:0:0:0:0:1 - - [11/Sep/2022:14:45:32 +0530] "GET /image/mail.png HTTP/1.1" 404 146 39
0:0:0:0:0:0:0:1 - - [11/Sep/2022:14:45:32 +0530] "GET /image/pass.png HTTP/1.1" 404 146 39
0:0:0:0:0:0:0:1 - - [11/Sep/2022:14:45:45 +0530] "GET /? HTTP/1.1" 200 2462 79
0:0:0:0:0:0:0:1 - - [11/Sep/2022:16:53:34 +0530] "GET /Eedu/ HTTP/1.1" 404 306 331
0:0:0:0:0:0:0:1 - - [11/Sep/2022:16:53:39 +0530] "GET / HTTP/1.1" 200 2462 2389
0:0:0:0:0:0:0:1 - - [11/Sep/2022:16:53:41 +0530] "GET /login HTTP/1.1" 200 2093 115
0:0:0:0:0:0:0:1 - - [11/Sep/2022:16:53:42 +0530] "GET /css/[[@%7B/image/bg3.jpeg%7D]] HTTP/1.1" 400 - 0
0:0:0:0:0:0:0:1 - - [11/Sep/2022:16:53:42 +0530] "GET /image/mail.png HTTP/1.1" 404 146 135
0:0:0:0:0:0:0:1 - - [11/Sep/2022:16:53:42 +0530] "GET /image/pass.png HTTP/1.1" 404 146 134
0:0:0:0:0:0:0:1 - - [11/Sep/2022:17:24:39 +0530] "GET /img/SDIcon.ico HTTP/1.1" 404 146 381
0:0:0:0:0:0:0:1 - - [11/Sep/2022:17:24:43 +0530] "GET / HTTP/1.1" 200 2462 2488
0:0:0:0:0:0:0:1 - - [11/Sep/2022:17:24:45 +0530] "GET /login HTTP/1.1" 200 2093 86
0:0:0:0:0:0:0:1 - - [11/Sep/2022:17:24:45 +0530] "GET /css/loginCss.css HTTP/1.1" 200 10604 54
0:0:0:0:0:0:0:1 - - [11/Sep/2022:17:24:45 +0530] "GET /css/StyleSheet2.css HTTP/1.1" 200 13107 51
0:0:0:0:0:0:0:1 - - [11/Sep/2022:17:24:45 +0530] "GET /css/[[@%7B/image/bg3.jpeg%7D]] HTTP/1.1" 400 - 0
0:0:0:0:0:0:0:1 - - [11/Sep/2022:17:24:45 +0530] "GET /image/mail.png HTTP/1.1" 404 146 58
0:0:0:0:0:0:0:1 - - [11/Sep/2022:17:24:45 +0530] "GET /image/pass.png HTTP/1.1" 404 146 57
0:0:0:0:0:0:0:1 - - [11/Sep/2022:17:24:52 +0530] "POST /submit HTTP/1.1" 302 - 190
0:0:0:0:0:0:0:1 - - [11/Sep/2022:17:24:52 +0530] "GET /Eedu/4/ HTTP/1.1" 200 43808 184
0:0:0:0:0:0:0:1 - - [11/Sep/2022:17:24:58 +0530] "GET /Eedu/compitation/RAS/4 HTTP/1.1" 200 41426 167
0:0:0:0:0:0:0:1 - - [11/Sep/2022:17:24:59 +0530] "GET /Eedu/showQuiz/RAS/INDIAN%20ECONOMICS/4 HTTP/1.1" 200 17394 117
0:0:0:0:0:0:0:1 - - [11/Sep/2022:17:25:01 +0530] "GET /Eedu/showScoreBoard/RAS/INDIAN%20ECONOMICS/2/4 HTTP/1.1" 200 9265 205
0:0:0:0:0:0:0:1 - - [11/Sep/2022:17:30:26 +0530] "GET /Eedu/startQuiz/RAS/INDIAN%20ECONOMICS/1/4 HTTP/1.1" 200 271 119
0:0:0:0:0:0:0:1 - - [11/Sep/2022:17:30:29 +0530] "GET /Eedu/4 HTTP/1.1" 200 43808 96
0:0:0:0:0:0:0:1 - - [11/Sep/2022:17:30:36 +0530] "GET /Eedu/compitation/REET/4 HTTP/1.1" 200 271 126
0:0:0:0:0:0:0:1 - - [11/Sep/2022:17:30:42 +0530] "GET /Eedu/compitation/JEE%20ADVANCED/4 HTTP/1.1" 200 279 41
0:0:0:0:0:0:0:1 - - [11/Sep/2022:17:30:49 +0530] "GET /Eedu/startQuiz/RAS/INDIAN%20ECONOMICS/2/4 HTTP/1.1" 200 271 54
0:0:0:0:0:0:0:1 - - [11/Sep/2022:17:30:50 +0530] "GET /Eedu/4 HTTP/1.1" 200 43808 55
0:0:0:0:0:0:0:1 - - [11/Sep/2022:17:30:54 +0530] "GET /Eedu/compitation/POLICE/4 HTTP/1.1" 200 273 40
0:0:0:0:0:0:0:1 - - [11/Sep/2022:17:31:04 +0530] "GET / HTTP/1.1" 200 2462 30
0:0:0:0:0:0:0:1 - - [11/Sep/2022:17:31:16 +0530] "GET /login HTTP/1.1" 200 2093 77
0:0:0:0:0:0:0:1 - - [11/Sep/2022:17:31:16 +0530] "GET /css/loginCss.css HTTP/1.1" 304 - 22
0:0:0:0:0:0:0:1 - - [11/Sep/2022:17:31:16 +0530] "GET /css/StyleSheet2.css HTTP/1.1" 304 - 23
0:0:0:0:0:0:0:1 - - [11/Sep/2022:17:31:16 +0530] "GET /css/[[@%7B/image/bg3.jpeg%7D]] HTTP/1.1" 400 - 0
0:0:0:0:0:0:0:1 - - [11/Sep/2022:17:31:16 +0530] "GET /image/pass.png HTTP/1.1" 404 146 25
0:0:0:0:0:0:0:1 - - [11/Sep/2022:17:31:16 +0530] "GET /image/mail.png HTTP/1.1" 404 146 26
0:0:0:0:0:0:0:1 - - [11/Sep/2022:18:06:32 +0530] "GET /Eedu/ HTTP/1.1" 404 306 164
0:0:0:0:0:0:0:1 - - [11/Sep/2022:18:06:35 +0530] "GET / HTTP/1.1" 200 2462 55
0:0:0:0:0:0:0:1 - - [11/Sep/2022:18:57:54 +0530] "GET /signUp HTTP/1.1" 200 2258 134
0:0:0:0:0:0:0:1 - - [11/Sep/2022:18:57:54 +0530] "GET /css/loginCss.css HTTP/1.1" 304 - 23
0:0:0:0:0:0:0:1 - - [11/Sep/2022:18:57:54 +0530] "GET /css/StyleSheet2.css HTTP/1.1" 304 - 23
0:0:0:0:0:0:0:1 - - [11/Sep/2022:18:57:54 +0530] "GET /css/[[@%7B/image/bg3.jpeg%7D]] HTTP/1.1" 400 - 0
0:0:0:0:0:0:0:1 - - [11/Sep/2022:18:57:54 +0530] "GET /image/pass.png HTTP/1.1" 404 146 35
0:0:0:0:0:0:0:1 - - [11/Sep/2022:18:57:54 +0530] "GET /image/mail.png HTTP/1.1" 404 146 36
0:0:0:0:0:0:0:1 - - [11/Sep/2022:18:57:56 +0530] "GET /? HTTP/1.1" 200 2462 52
0:0:0:0:0:0:0:1 - - [11/Sep/2022:18:57:57 +0530] "GET /signUp HTTP/1.1" 200 2258 38
0:0:0:0:0:0:0:1 - - [11/Sep/2022:18:57:57 +0530] "GET /css/[[@%7B/image/bg3.jpeg%7D]] HTTP/1.1" 400 - 0
0:0:0:0:0:0:0:1 - - [11/Sep/2022:18:57:57 +0530] "GET /image/pass.png HTTP/1.1" 404 146 27
0:0:0:0:0:0:0:1 - - [11/Sep/2022:18:57:57 +0530] "GET /image/mail.png HTTP/1.1" 404 146 28
0:0:0:0:0:0:0:1 - - [11/Sep/2022:18:58:03 +0530] "GET /? HTTP/1.1" 200 2462 41
0:0:0:0:0:0:0:1 - - [11/Sep/2022:18:58:05 +0530] "GET /login HTTP/1.1" 200 2093 32
0:0:0:0:0:0:0:1 - - [11/Sep/2022:18:58:05 +0530] "GET /css/[[@%7B/image/bg3.jpeg%7D]] HTTP/1.1" 400 - 0
0:0:0:0:0:0:0:1 - - [11/Sep/2022:18:58:05 +0530] "GET /image/mail.png HTTP/1.1" 404 146 27
0:0:0:0:0:0:0:1 - - [11/Sep/2022:18:58:05 +0530] "GET /image/pass.png HTTP/1.1" 404 146 23
0:0:0:0:0:0:0:1 - - [11/Sep/2022:18:58:08 +0530] "GET /? HTTP/1.1" 200 2462 43
0:0:0:0:0:0:0:1 - - [11/Sep/2022:18:58:09 +0530] "GET /login HTTP/1.1" 200 2093 28
0:0:0:0:0:0:0:1 - - [11/Sep/2022:18:58:09 +0530] "GET /css/[[@%7B/image/bg3.jpeg%7D]] HTTP/1.1" 400 - 0
0:0:0:0:0:0:0:1 - - [11/Sep/2022:18:58:09 +0530] "GET /image/pass.png HTTP/1.1" 404 146 18
0:0:0:0:0:0:0:1 - - [11/Sep/2022:18:58:09 +0530] "GET /image/mail.png HTTP/1.1" 404 146 19
0:0:0:0:0:0:0:1 - - [11/Sep/2022:18:58:11 +0530] "GET /? HTTP/1.1" 200 2462 51
0:0:0:0:0:0:0:1 - - [11/Sep/2022:18:58:46 +0530] "GET /signUp HTTP/1.1" 200 2258 90
0:0:0:0:0:0:0:1 - - [11/Sep/2022:18:58:46 +0530] "GET /css/[[@%7B/image/bg3.jpeg%7D]] HTTP/1.1" 400 - 0
0:0:0:0:0:0:0:1 - - [11/Sep/2022:18:58:46 +0530] "GET /css/[[@%7B//image/mail.png%7D]] HTTP/1.1" 400 - 0
0:0:0:0:0:0:0:1 - - [11/Sep/2022:18:58:46 +0530] "GET /css/[[@%7B/image/pass.png%7D]] HTTP/1.1" 400 - 0
0:0:0:0:0:0:0:1 - - [11/Sep/2022:18:58:46 +0530] "GET /image/pass.png HTTP/1.1" 404 146 42
0:0:0:0:0:0:0:1 - - [11/Sep/2022:18:58:46 +0530] "GET /image/mail.png HTTP/1.1" 404 146 42
0:0:0:0:0:0:0:1 - - [11/Sep/2022:18:59:12 +0530] "POST /signUpSubmit HTTP/1.1" 200 2093 156
0:0:0:0:0:0:0:1 - - [11/Sep/2022:18:59:12 +0530] "GET /css/[[@%7B/image/bg3.jpeg%7D]] HTTP/1.1" 400 - 0
0:0:0:0:0:0:0:1 - - [11/Sep/2022:18:59:12 +0530] "GET /image/pass.png HTTP/1.1" 404 146 17
0:0:0:0:0:0:0:1 - - [11/Sep/2022:18:59:12 +0530] "GET /image/mail.png HTTP/1.1" 404 146 21
0:0:0:0:0:0:0:1 - - [11/Sep/2022:18:59:26 +0530] "POST /submit HTTP/1.1" 302 - 64
0:0:0:0:0:0:0:1 - - [11/Sep/2022:18:59:26 +0530] "GET /Eedu/6/ HTTP/1.1" 200 43808 64
0:0:0:0:0:0:0:1 - - [11/Sep/2022:18:59:26 +0530] "GET /css/Estyle.css HTTP/1.1" 200 2722 20
0:0:0:0:0:0:0:1 - - [11/Sep/2022:18:59:30 +0530] "GET /Eedu/compitation/RAS/6 HTTP/1.1" 200 41426 107
0:0:0:0:0:0:0:1 - - [11/Sep/2022:18:59:32 +0530] "GET /Eedu/showQuiz/RAS/INDIAN%20ECONOMICS/6 HTTP/1.1" 200 17394 55
0:0:0:0:0:0:0:1 - - [11/Sep/2022:18:59:33 +0530] "GET /Eedu/showScoreBoard/RAS/INDIAN%20ECONOMICS/2/6 HTTP/1.1" 200 9430 116
0:0:0:0:0:0:0:1 - - [11/Sep/2022:18:59:38 +0530] "GET /Eedu/startQuiz/RAS/INDIAN%20ECONOMICS/2/6 HTTP/1.1" 200 8782 88
0:0:0:0:0:0:0:1 - - [11/Sep/2022:18:59:51 +0530] "POST /Eedu/saveQuiz/RAS/INDIAN%20ECONOMICS/2/6 HTTP/1.1" 200 1732 141
0:0:0:0:0:0:0:1 - - [11/Sep/2022:19:00:02 +0530] "POST /Eedu/saveQuiz/RAS/INDIAN%20ECONOMICS/2/6 HTTP/1.1" 200 271 89
0:0:0:0:0:0:0:1 - - [11/Sep/2022:19:00:05 +0530] "GET /Eedu/6 HTTP/1.1" 200 43808 103
0:0:0:0:0:0:0:1 - - [11/Sep/2022:19:00:20 +0530] "GET /Eedu/compitation/RAS/6 HTTP/1.1" 200 41426 62
0:0:0:0:0:0:0:1 - - [11/Sep/2022:19:00:21 +0530] "GET /Eedu/showQuiz/RAS/STATE%20POLITY/6 HTTP/1.1" 200 8827 43
0:0:0:0:0:0:0:1 - - [11/Sep/2022:19:00:23 +0530] "GET /Eedu/showScoreBoard/RAS/STATE%20POLITY/1/6 HTTP/1.1" 200 5985 39
0:0:0:0:0:0:0:1 - - [11/Sep/2022:19:00:26 +0530] "GET /Eedu/startQuiz/RAS/STATE%20POLITY/1/6 HTTP/1.1" 200 10536 64
0:0:0:0:0:0:0:1 - - [11/Sep/2022:19:00:35 +0530] "GET /Eedu/showQuiz/RAS/INDIAN%20POLITY/6 HTTP/1.1" 200 17376 66
0:0:0:0:0:0:0:1 - - [11/Sep/2022:19:00:38 +0530] "GET /Eedu/showScoreBoard/RAS/INDIAN%20POLITY/1/6 HTTP/1.1" 200 5986 65
0:0:0:0:0:0:0:1 - - [11/Sep/2022:19:00:48 +0530] "GET /Eedu/showScoreBoard/RAS/INDIAN%20POLITY/2/6 HTTP/1.1" 200 7187 94
0:0:0:0:0:0:0:1 - - [11/Sep/2022:19:01:06 +0530] "POST /submit HTTP/1.1" 302 - 62
0:0:0:0:0:0:0:1 - - [11/Sep/2022:19:01:07 +0530] "GET /Admin/ HTTP/1.1" 200 39427 62
0:0:0:0:0:0:0:1 - - [11/Sep/2022:19:01:09 +0530] "GET /Admin/compitation/RAS HTTP/1.1" 200 17551 57
0:0:0:0:0:0:0:1 - - [11/Sep/2022:19:01:10 +0530] "GET /Admin/createQuiz/RAS/HINDI HTTP/1.1" 200 14754 112
0:0:0:0:0:0:0:1 - - [11/Sep/2022:19:03:25 +0530] "POST /Admin/saveQuiz HTTP/1.1" 302 - 69
0:0:0:0:0:0:0:1 - - [11/Sep/2022:19:03:25 +0530] "GET /Admin/ HTTP/1.1" 200 39427 28
0:0:0:0:0:0:0:1 - - [11/Sep/2022:19:03:26 +0530] "GET /Admin/compitation/RAS HTTP/1.1" 200 17551 91
0:0:0:0:0:0:0:1 - - [11/Sep/2022:19:03:28 +0530] "GET /Admin/createQuiz/RAS/ENGLISH HTTP/1.1" 200 14760 133
0:0:0:0:0:0:0:1 - - [11/Sep/2022:19:03:37 +0530] "POST /Admin/saveQuiz HTTP/1.1" 302 - 62
0:0:0:0:0:0:0:1 - - [11/Sep/2022:19:03:37 +0530] "GET /Admin/ HTTP/1.1" 200 39427 21
0:0:0:0:0:0:0:1 - - [11/Sep/2022:19:03:42 +0530] "GET /Admin/compitation/PATWAR HTTP/1.1" 200 305 35
0:0:0:0:0:0:0:1 - - [11/Sep/2022:19:03:48 +0530] "GET /Admin/compitation/REET HTTP/1.1" 200 305 38
0:0:0:0:0:0:0:1 - - [11/Sep/2022:19:04:06 +0530] "GET /Admin/compitation/LDC-HIGHCOURT HTTP/1.1" 200 305 37
0:0:0:0:0:0:0:1 - - [11/Sep/2022:19:04:12 +0530] "GET /Admin/compitation/JEE%20ADVANCED HTTP/1.1" 200 305 55
0:0:0:0:0:0:0:1 - - [11/Sep/2022:19:09:33 +0530] "GET /Admin/compitation/JEE%20MAIN HTTP/1.1" 200 305 147
0:0:0:0:0:0:0:1 - - [11/Sep/2022:19:09:33 +0530] "GET /css/Estyle.css HTTP/1.1" 304 - 23
0:0:0:0:0:0:0:1 - - [11/Sep/2022:19:09:39 +0530] "GET /Admin/compitation/RAS HTTP/1.1" 200 17551 108
0:0:0:0:0:0:0:1 - - [11/Sep/2022:19:09:41 +0530] "GET /Admin/createQuiz/RAS/GEOGRAPHY HTTP/1.1" 200 14766 119
0:0:0:0:0:0:0:1 - - [11/Sep/2022:19:10:21 +0530] "GET /Admin/compitation/VDO(GRAMSEVAK) HTTP/1.1" 200 305 40
0:0:0:0:0:0:0:1 - - [11/Sep/2022:19:10:36 +0530] "GET /Admin/createQuiz/RAS/INDIAN%20ECONOMICS HTTP/1.1" 200 14787 51
0:0:0:0:0:0:0:1 - - [11/Sep/2022:19:10:42 +0530] "POST /Admin/saveQuiz HTTP/1.1" 302 - 45
0:0:0:0:0:0:0:1 - - [11/Sep/2022:19:10:42 +0530] "GET /Admin/ HTTP/1.1" 200 39427 40
0:0:0:0:0:0:0:1 - - [11/Sep/2022:19:10:47 +0530] "GET /Admin/compitation/RAS HTTP/1.1" 200 17551 119
0:0:0:0:0:0:0:1 - - [11/Sep/2022:19:10:48 +0530] "GET /Admin/createQuiz/RAS/INDIAN%20ECONOMICS HTTP/1.1" 200 14787 71
0:0:0:0:0:0:0:1 - - [11/Sep/2022:19:10:56 +0530] "POST /Admin/saveQuiz HTTP/1.1" 302 - 43
0:0:0:0:0:0:0:1 - - [11/Sep/2022:19:10:56 +0530] "GET /Admin/ HTTP/1.1" 200 39427 35
0:0:0:0:0:0:0:1 - - [11/Sep/2022:19:10:57 +0530] "GET /Admin/compitation/RAS HTTP/1.1" 200 17551 35
0:0:0:0:0:0:0:1 - - [11/Sep/2022:19:10:58 +0530] "GET /Admin/createQuiz/RAS/INDIAN%20ECONOMICS HTTP/1.1" 200 14787 52
0:0:0:0:0:0:0:1 - - [11/Sep/2022:19:11:04 +0530] "POST /Admin/saveQuiz HTTP/1.1" 302 - 38
0:0:0:0:0:0:0:1 - - [11/Sep/2022:19:11:04 +0530] "GET /Admin/ HTTP/1.1" 200 39427 16
0:0:0:0:0:0:0:1 - - [11/Sep/2022:19:11:05 +0530] "GET /Admin/compitation/RAS HTTP/1.1" 200 17551 41
0:0:0:0:0:0:0:1 - - [11/Sep/2022:19:11:06 +0530] "GET /Admin/createQuiz/RAS/INDIAN%20ECONOMICS HTTP/1.1" 200 14787 36
0:0:0:0:0:0:0:1 - - [11/Sep/2022:19:11:13 +0530] "POST /Admin/saveQuiz HTTP/1.1" 302 - 44
0:0:0:0:0:0:0:1 - - [11/Sep/2022:19:11:13 +0530] "GET /Admin/ HTTP/1.1" 200 39427 45
0:0:0:0:0:0:0:1 - - [11/Sep/2022:19:11:14 +0530] "GET /Admin/compitation/RAS HTTP/1.1" 200 17551 90
0:0:0:0:0:0:0:1 - - [11/Sep/2022:19:11:15 +0530] "GET /Admin/createQuiz/RAS/INDIAN%20ECONOMICS HTTP/1.1" 200 14787 108
0:0:0:0:0:0:0:1 - - [11/Sep/2022:19:11:30 +0530] "POST /Admin/saveQuiz HTTP/1.1" 302 - 51
0:0:0:0:0:0:0:1 - - [11/Sep/2022:19:11:30 +0530] "GET /Admin/ HTTP/1.1" 200 39427 34
0:0:0:0:0:0:0:1 - - [11/Sep/2022:19:11:31 +0530] "GET /Admin/compitation/RAS HTTP/1.1" 200 17551 46
0:0:0:0:0:0:0:1 - - [11/Sep/2022:19:11:32 +0530] "GET /Admin/createQuiz/RAS/INDIAN%20ECONOMICS HTTP/1.1" 200 14787 41
0:0:0:0:0:0:0:1 - - [11/Sep/2022:19:11:41 +0530] "POST /Admin/saveQuiz HTTP/1.1" 302 - 29
0:0:0:0:0:0:0:1 - - [11/Sep/2022:19:11:41 +0530] "GET /Admin/ HTTP/1.1" 200 39427 13
0:0:0:0:0:0:0:1 - - [11/Sep/2022:19:11:42 +0530] "GET /Admin/compitation/RAS HTTP/1.1" 200 17551 36
0:0:0:0:0:0:0:1 - - [11/Sep/2022:19:11:43 +0530] "GET /Admin/createQuiz/RAS/INDIAN%20ECONOMICS HTTP/1.1" 200 14787 55
0:0:0:0:0:0:0:1 - - [11/Sep/2022:19:11:49 +0530] "POST /Admin/saveQuiz HTTP/1.1" 302 - 105
0:0:0:0:0:0:0:1 - - [11/Sep/2022:19:11:49 +0530] "GET /Admin/ HTTP/1.1" 200 39427 49
0:0:0:0:0:0:0:1 - - [11/Sep/2022:19:12:00 +0530] "GET / HTTP/1.1" 200 2462 28
0:0:0:0:0:0:0:1 - - [11/Sep/2022:19:12:03 +0530] "GET /login HTTP/1.1" 200 2093 25
0:0:0:0:0:0:0:1 - - [11/Sep/2022:19:12:03 +0530] "GET /css/loginCss.css HTTP/1.1" 304 - 18
0:0:0:0:0:0:0:1 - - [11/Sep/2022:19:12:03 +0530] "GET /css/StyleSheet2.css HTTP/1.1" 304 - 19
0:0:0:0:0:0:0:1 - - [11/Sep/2022:19:12:03 +0530] "GET /css/[[@%7B/image/bg3.jpeg%7D]] HTTP/1.1" 400 - 0
0:0:0:0:0:0:0:1 - - [11/Sep/2022:19:12:03 +0530] "GET /image/pass.png HTTP/1.1" 404 146 27
0:0:0:0:0:0:0:1 - - [11/Sep/2022:19:12:03 +0530] "GET /image/mail.png HTTP/1.1" 404 146 27
0:0:0:0:0:0:0:1 - - [11/Sep/2022:19:12:09 +0530] "POST /submit HTTP/1.1" 302 - 39
0:0:0:0:0:0:0:1 - - [11/Sep/2022:19:12:09 +0530] "GET /Eedu/4/ HTTP/1.1" 200 43808 32
0:0:0:0:0:0:0:1 - - [11/Sep/2022:19:12:11 +0530] "GET /Eedu/compitation/RAS/4 HTTP/1.1" 200 41426 62
0:0:0:0:0:0:0:1 - - [11/Sep/2022:19:12:12 +0530] "GET /Eedu/showQuiz/RAS/INDIAN%20ECONOMICS/4 HTTP/1.1" 200 77279 88
0:0:0:0:0:0:0:1 - - [11/Sep/2022:19:12:21 +0530] "GET /Eedu/showQuiz/RAS/INDIAN%20ECONOMICS/4 HTTP/1.1" 200 77279 103
0:0:0:0:0:0:0:1 - - [11/Sep/2022:19:12:33 +0530] "GET /Eedu/showScoreBoard/RAS/INDIAN%20ECONOMICS/7/4 HTTP/1.1" 200 5989 68
0:0:0:0:0:0:0:1 - - [11/Sep/2022:19:12:37 +0530] "GET /Eedu/showScoreBoard/RAS/INDIAN%20ECONOMICS/4/4 HTTP/1.1" 200 5989 37
0:0:0:0:0:0:0:1 - - [11/Sep/2022:19:12:41 +0530] "GET /Eedu/showScoreBoard/RAS/INDIAN%20ECONOMICS/2/4 HTTP/1.1" 200 9434 104
0:0:0:0:0:0:0:1 - - [11/Sep/2022:19:12:47 +0530] "GET /Eedu/startQuiz/RAS/INDIAN%20ECONOMICS/7/4 HTTP/1.1" 200 18856 107
0:0:0:0:0:0:0:1 - - [11/Sep/2022:19:13:03 +0530] "POST /Eedu/saveQuiz/RAS/INDIAN%20ECONOMICS/7/4 HTTP/1.1" 200 1732 90
0:0:0:0:0:0:0:1 - - [11/Sep/2022:19:13:04 +0530] "GET /Eedu/showQuiz/RAS/INDIAN%20ECONOMICS/4 HTTP/1.1" 200 77279 92
0:0:0:0:0:0:0:1 - - [11/Sep/2022:19:13:07 +0530] "GET /Eedu/showScoreBoard/RAS/INDIAN%20ECONOMICS/8/4 HTTP/1.1" 200 5989 88
0:0:0:0:0:0:0:1 - - [11/Sep/2022:19:13:10 +0530] "GET /Eedu/showScoreBoard/RAS/INDIAN%20ECONOMICS/7/4 HTTP/1.1" 200 6138 119
0:0:0:0:0:0:0:1 - - [11/Sep/2022:19:14:02 +0530] "GET /Eedu/showScoreBoard/RAS/INDIAN%20ECONOMICS/1/4 HTTP/1.1" 200 6997 54
0:0:0:0:0:0:0:1 - - [11/Sep/2022:19:15:15 +0530] "GET /Eedu/showScoreBoard/RAS/INDIAN%20ECONOMICS/5/4 HTTP/1.1" 200 5989 54
0:0:0:0:0:0:0:1 - - [11/Sep/2022:19:15:21 +0530] "GET /Eedu/startQuiz/RAS/INDIAN%20ECONOMICS/7/4 HTTP/1.1" 200 271 59
0:0:0:0:0:0:0:1 - - [11/Sep/2022:19:15:24 +0530] "GET /Eedu/4 HTTP/1.1" 200 43808 58
0:0:0:0:0:0:0:1 - - [11/Sep/2022:19:15:27 +0530] "GET /Eedu/compitation/RAS/4 HTTP/1.1" 200 41426 91
0:0:0:0:0:0:0:1 - - [11/Sep/2022:19:15:56 +0530] "GET /Eedu/compitation/NEET/4 HTTP/1.1" 200 271 99
0:0:0:0:0:0:0:1 - - [11/Sep/2022:19:16:29 +0530] "GET /Eedu/4 HTTP/1.1" 200 43808 55
0:0:0:0:0:0:0:1 - - [11/Sep/2022:19:16:32 +0530] "GET /Eedu/compitation/RAS/4 HTTP/1.1" 200 41426 40
0:0:0:0:0:0:0:1 - - [11/Sep/2022:19:16:41 +0530] "GET /Eedu/compitation/RAS/4 HTTP/1.1" 200 41426 36
0:0:0:0:0:0:0:1 - - [11/Sep/2022:19:16:44 +0530] "GET /Eedu/showQuiz/RAS/INDIAN%20ECONOMICS/4 HTTP/1.1" 200 77279 53
0:0:0:0:0:0:0:1 - - [11/Sep/2022:19:16:47 +0530] "GET /Eedu/startQuiz/RAS/INDIAN%20ECONOMICS/6/4 HTTP/1.1" 200 18856 82
0:0:0:0:0:0:0:1 - - [11/Sep/2022:19:17:14 +0530] "POST /Eedu/saveQuiz/RAS/INDIAN%20ECONOMICS/6/4 HTTP/1.1" 200 1732 112
0:0:0:0:0:0:0:1 - - [11/Sep/2022:19:17:16 +0530] "GET /Eedu/showQuiz/RAS/INDIAN%20ECONOMICS/4 HTTP/1.1" 200 77279 110
0:0:0:0:0:0:0:1 - - [11/Sep/2022:19:17:29 +0530] "GET /Eedu/4 HTTP/1.1" 200 43808 149
0:0:0:0:0:0:0:1 - - [11/Sep/2022:19:21:50 +0530] "GET /Eedu/4 HTTP/1.1" 200 43808 2794
0:0:0:0:0:0:0:1 - - [11/Sep/2022:19:21:50 +0530] "GET /css/Estyle.css HTTP/1.1" 304 - 53
0:0:0:0:0:0:0:1 - - [11/Sep/2022:19:21:51 +0530] "GET / HTTP/1.1" 200 2462 88
0:0:0:0:0:0:0:1 - - [11/Sep/2022:19:21:54 +0530] "GET /login HTTP/1.1" 200 2093 99
0:0:0:0:0:0:0:1 - - [11/Sep/2022:19:21:54 +0530] "GET /css/[[@%7B/image/bg3.jpeg%7D]] HTTP/1.1" 400 - 0
0:0:0:0:0:0:0:1 - - [11/Sep/2022:19:21:54 +0530] "GET /image/mail.png HTTP/1.1" 404 146 128
0:0:0:0:0:0:0:1 - - [11/Sep/2022:19:21:54 +0530] "GET /image/pass.png HTTP/1.1" 404 146 126
0:0:0:0:0:0:0:1 - - [11/Sep/2022:19:22:01 +0530] "POST /submit HTTP/1.1" 302 - 180
0:0:0:0:0:0:0:1 - - [11/Sep/2022:19:22:01 +0530] "GET /Eedu/4/ HTTP/1.1" 200 43808 61
0:0:0:0:0:0:0:1 - - [11/Sep/2022:19:22:05 +0530] "GET /Eedu/compitation/RAS/4 HTTP/1.1" 200 41449 160
0:0:0:0:0:0:0:1 - - [11/Sep/2022:19:22:14 +0530] "GET /Eedu/showQuiz/RAS/INDIAN%20ECONOMICS/4 HTTP/1.1" 200 77302 234
0:0:0:0:0:0:0:1 - - [11/Sep/2022:19:22:24 +0530] "GET /Eedu/showScoreBoard/RAS/INDIAN%20ECONOMICS/9/4 HTTP/1.1" 200 5989 108
0:0:0:0:0:0:0:1 - - [11/Sep/2022:19:22:27 +0530] "GET /Eedu/startQuiz/RAS/INDIAN%20ECONOMICS/9/4 HTTP/1.1" 200 18856 122
0:0:0:0:0:0:0:1 - - [11/Sep/2022:19:22:44 +0530] "POST /Eedu/saveQuiz/RAS/INDIAN%20ECONOMICS/9/4 HTTP/1.1" 200 1732 237
0:0:0:0:0:0:0:1 - - [11/Sep/2022:19:22:47 +0530] "GET /Eedu/showQuiz/RAS/INDIAN%20ECONOMICS/4 HTTP/1.1" 200 77302 99
0:0:0:0:0:0:0:1 - - [11/Sep/2022:19:23:05 +0530] "GET /Eedu/startQuiz/RAS/INDIAN%20ECONOMICS/2/4 HTTP/1.1" 200 283 51
0:0:0:0:0:0:0:1 - - [11/Sep/2022:19:25:53 +0530] "GET /Eedu/4 HTTP/1.1" 200 43808 109
0:0:0:0:0:0:0:1 - - [11/Sep/2022:19:26:51 +0530] "GET /Eedu/4 HTTP/1.1" 200 43808 2753
0:0:0:0:0:0:0:1 - - [11/Sep/2022:19:26:55 +0530] "GET /Eedu/compitation/RAS/4 HTTP/1.1" 200 41449 200
0:0:0:0:0:0:0:1 - - [11/Sep/2022:19:26:56 +0530] "GET /Eedu/showQuiz/RAS/HINDI/4 HTTP/1.1" 200 17343 224
0:0:0:0:0:0:0:1 - - [11/Sep/2022:19:26:59 +0530] "GET /Eedu/startQuiz/RAS/HINDI/2/4 HTTP/1.1" 200 18832 157
0:0:0:0:0:0:0:1 - - [11/Sep/2022:19:27:14 +0530] "POST /Eedu/saveQuiz/RAS/HINDI/2/4 HTTP/1.1" 200 1719 169
0:0:0:0:0:0:0:1 - - [11/Sep/2022:19:27:14 +0530] "GET /js/SuccessJs.js HTTP/1.1" 200 107 23
0:0:0:0:0:0:0:1 - - [11/Sep/2022:19:27:14 +0530] "GET /css/SuccessStyle.css HTTP/1.1" 200 7068 30
0:0:0:0:0:0:0:1 - - [11/Sep/2022:19:27:16 +0530] "GET /Eedu/showQuiz/RAS/HINDI/4 HTTP/1.1" 200 17343 104
0:0:0:0:0:0:0:1 - - [11/Sep/2022:19:27:18 +0530] "GET /Eedu/startQuiz/RAS/HINDI/2/4 HTTP/1.1" 200 324 122
0:0:0:0:0:0:0:1 - - [11/Sep/2022:19:28:12 +0530] "GET /Eedu/showQuiz/RAS/HINDI/4 HTTP/1.1" 200 17343 2941
0:0:0:0:0:0:0:1 - - [11/Sep/2022:19:28:14 +0530] "GET /Eedu/startQuiz/RAS/HINDI/2/4 HTTP/1.1" 200 325 137
0:0:0:0:0:0:0:1 - - [11/Sep/2022:19:28:23 +0530] "GET /Eedu/4 HTTP/1.1" 200 43808 159
0:0:0:0:0:0:0:1 - - [11/Sep/2022:19:28:24 +0530] "GET /Eedu/compitation/RAS/4 HTTP/1.1" 200 41449 170
0:0:0:0:0:0:0:1 - - [11/Sep/2022:19:28:26 +0530] "GET /Eedu/showQuiz/RAS/INDIAN%20ECONOMICS/4 HTTP/1.1" 200 77302 134
0:0:0:0:0:0:0:1 - - [11/Sep/2022:19:28:28 +0530] "GET /Eedu/startQuiz/RAS/INDIAN%20ECONOMICS/1/4 HTTP/1.1" 200 325 54
0:0:0:0:0:0:0:1 - - [11/Sep/2022:19:28:30 +0530] "GET /Eedu/4 HTTP/1.1" 200 43808 98
0:0:0:0:0:0:0:1 - - [11/Sep/2022:19:28:34 +0530] "GET /Eedu/compitation/RAS/4 HTTP/1.1" 200 41449 51
0:0:0:0:0:0:0:1 - - [11/Sep/2022:19:28:35 +0530] "GET /Eedu/showQuiz/RAS/INDIAN%20ECONOMICS/4 HTTP/1.1" 200 77302 72
0:0:0:0:0:0:0:1 - - [11/Sep/2022:19:28:36 +0530] "GET /Eedu/startQuiz/RAS/INDIAN%20ECONOMICS/8/4 HTTP/1.1" 200 18856 114
0:0:0:0:0:0:0:1 - - [11/Sep/2022:19:28:53 +0530] "POST /Eedu/saveQuiz/RAS/INDIAN%20ECONOMICS/8/4 HTTP/1.1" 200 1732 236
0:0:0:0:0:0:0:1 - - [11/Sep/2022:19:28:55 +0530] "GET /Eedu/showQuiz/RAS/INDIAN%20ECONOMICS/4 HTTP/1.1" 200 77302 81
0:0:0:0:0:0:0:1 - - [11/Sep/2022:19:28:56 +0530] "GET /Eedu/startQuiz/RAS/INDIAN%20ECONOMICS/8/4 HTTP/1.1" 200 325 53
0:0:0:0:0:0:0:1 - - [11/Sep/2022:19:29:00 +0530] "GET /Eedu/4 HTTP/1.1" 200 43808 53
0:0:0:0:0:0:0:1 - - [11/Sep/2022:19:29:08 +0530] "GET /Eedu/compitation/RAS/4 HTTP/1.1" 200 41449 44
0:0:0:0:0:0:0:1 - - [11/Sep/2022:19:29:11 +0530] "GET /Eedu/showQuiz/RAS/INDIAN%20ECONOMICS/4 HTTP/1.1" 200 77302 76
0:0:0:0:0:0:0:1 - - [11/Sep/2022:19:29:48 +0530] "GET /Eedu/showScoreBoard/RAS/INDIAN%20ECONOMICS/9/4 HTTP/1.1" 200 6138 213
0:0:0:0:0:0:0:1 - - [11/Sep/2022:19:31:59 +0530] "GET /Eedu/showQuiz/RAS/INDIAN%20ECONOMICS/4 HTTP/1.1" 200 77302 3065
0:0:0:0:0:0:0:1 - - [11/Sep/2022:19:32:01 +0530] "GET / HTTP/1.1" 200 2462 118
0:0:0:0:0:0:0:1 - - [11/Sep/2022:19:32:04 +0530] "GET /login HTTP/1.1" 200 2093 100
0:0:0:0:0:0:0:1 - - [11/Sep/2022:19:32:04 +0530] "GET /css/loginCss.css HTTP/1.1" 304 - 34
0:0:0:0:0:0:0:1 - - [11/Sep/2022:19:32:04 +0530] "GET /css/StyleSheet2.css HTTP/1.1" 304 - 31
0:0:0:0:0:0:0:1 - - [11/Sep/2022:19:32:04 +0530] "GET /css/[[@%7B/image/bg3.jpeg%7D]] HTTP/1.1" 400 - 0
0:0:0:0:0:0:0:1 - - [11/Sep/2022:19:32:05 +0530] "GET /image/mail.png HTTP/1.1" 404 146 144
0:0:0:0:0:0:0:1 - - [11/Sep/2022:19:32:05 +0530] "GET /image/pass.png HTTP/1.1" 404 146 143
0:0:0:0:0:0:0:1 - - [11/Sep/2022:19:32:11 +0530] "POST /submit HTTP/1.1" 302 - 164
0:0:0:0:0:0:0:1 - - [11/Sep/2022:19:32:11 +0530] "GET /Eedu/4/ HTTP/1.1" 200 43808 109
0:0:0:0:0:0:0:1 - - [11/Sep/2022:19:32:16 +0530] "GET /Eedu/compitation/RAS/4 HTTP/1.1" 200 41557 89
0:0:0:0:0:0:0:1 - - [11/Sep/2022:19:33:52 +0530] "GET /Eedu/compitation/RAS/4 HTTP/1.1" 200 41570 2552
0:0:0:0:0:0:0:1 - - [11/Sep/2022:19:33:52 +0530] "GET /css/Estyle.css HTTP/1.1" 304 - 58
0:0:0:0:0:0:0:1 - - [11/Sep/2022:19:37:12 +0530] "GET /Eedu/compitation/RAS/4 HTTP/1.1" 200 41686 2797
0:0:0:0:0:0:0:1 - - [11/Sep/2022:19:38:39 +0530] "GET /Eedu/showQuiz/RAS/GEOGRAPHY/4 HTTP/1.1" 200 8837 215
0:0:0:0:0:0:0:1 - - [11/Sep/2022:19:38:40 +0530] "GET /Eedu/startQuiz/RAS/GEOGRAPHY/1/4 HTTP/1.1" 200 3118 163
0:0:0:0:0:0:0:1 - - [11/Sep/2022:19:38:44 +0530] "POST /Eedu/saveQuiz/RAS/GEOGRAPHY/1/4 HTTP/1.1" 200 1723 163
0:0:0:0:0:0:0:1 - - [11/Sep/2022:19:38:46 +0530] "GET /Eedu/showQuiz/RAS/GEOGRAPHY/4 HTTP/1.1" 200 8837 86
0:0:0:0:0:0:0:1 - - [11/Sep/2022:19:38:48 +0530] "GET /Eedu/showScoreBoard/RAS/GEOGRAPHY/1/4 HTTP/1.1" 200 6303 189
0:0:0:0:0:0:0:1 - - [11/Sep/2022:19:38:48 +0530] "GET /vendor/bootstrap/js/bootstrap.bundle.min.js.map HTTP/1.1" 200 311949 55
0:0:0:0:0:0:0:1 - - [11/Sep/2022:19:41:10 +0530] "GET / HTTP/1.1" 200 2462 2380
0:0:0:0:0:0:0:1 - - [11/Sep/2022:19:41:11 +0530] "GET /login HTTP/1.1" 200 2093 95
0:0:0:0:0:0:0:1 - - [11/Sep/2022:19:41:11 +0530] "GET /css/[[@%7B/image/bg3.jpeg%7D]] HTTP/1.1" 400 - 0
0:0:0:0:0:0:0:1 - - [11/Sep/2022:19:41:11 +0530] "GET /css/[[@%7B//image/mail.png%7D]] HTTP/1.1" 400 - 0
0:0:0:0:0:0:0:1 - - [11/Sep/2022:19:41:11 +0530] "GET /css/[[@%7B/image/pass.png%7D]] HTTP/1.1" 400 - 0
0:0:0:0:0:0:0:1 - - [11/Sep/2022:19:41:11 +0530] "GET /image/mail.png HTTP/1.1" 404 146 154
0:0:0:0:0:0:0:1 - - [11/Sep/2022:19:41:11 +0530] "GET /image/pass.png HTTP/1.1" 404 146 151
0:0:0:0:0:0:0:1 - - [11/Sep/2022:19:41:16 +0530] "POST /submit HTTP/1.1" 302 - 191
0:0:0:0:0:0:0:1 - - [11/Sep/2022:19:41:16 +0530] "GET /Eedu/4/ HTTP/1.1" 200 44045 178
0:0:0:0:0:0:0:1 - - [11/Sep/2022:19:45:57 +0530] "GET /Eedu/4/ HTTP/1.1" 200 44050 2747
0:0:0:0:0:0:0:1 - - [11/Sep/2022:19:46:04 +0530] "GET /Eedu/compitation/RAS/4 HTTP/1.1" 200 41691 188
0:0:0:0:0:0:0:1 - - [11/Sep/2022:19:46:10 +0530] "GET /Eedu/showQuiz/RAS/INDIAN%20ECONOMICS/4 HTTP/1.1" 200 77544 247
0:0:0:0:0:0:0:1 - - [11/Sep/2022:19:46:56 +0530] "GET /Eedu/startQuiz/RAS/INDIAN%20ECONOMICS/9/4 HTTP/1.1" 200 325 102
0:0:0:0:0:0:0:1 - - [11/Sep/2022:19:46:59 +0530] "GET /Eedu/4 HTTP/1.1" 200 44050 105
0:0:0:0:0:0:0:1 - - [11/Sep/2022:19:46:59 +0530] "GET /css/Estyle.css HTTP/1.1" 304 - 15
0:0:0:0:0:0:0:1 - - [11/Sep/2022:19:47:02 +0530] "GET /Eedu/compitation/POLICE/4 HTTP/1.1" 200 327 66
0:0:0:0:0:0:0:1 - - [11/Sep/2022:19:47:05 +0530] "GET /Eedu/4 HTTP/1.1" 200 44050 116
0:0:0:0:0:0:0:1 - - [11/Sep/2022:19:47:32 +0530] "GET /Eedu/compitation/RAS/4 HTTP/1.1" 200 41691 68
0:0:0:0:0:0:0:1 - - [11/Sep/2022:19:47:33 +0530] "GET /Eedu/showQuiz/RAS/INDIAN%20ECONOMICS/4 HTTP/1.1" 200 77544 82
0:0:0:0:0:0:0:1 - - [11/Sep/2022:19:47:37 +0530] "GET /Eedu/showScoreBoard/RAS/INDIAN%20ECONOMICS/8/4 HTTP/1.1" 200 6138 167
0:0:0:0:0:0:0:1 - - [11/Sep/2022:20:56:34 +0530] "GET / HTTP/1.1" 200 2462 1738
0:0:0:0:0:0:0:1 - - [11/Sep/2022:20:56:37 +0530] "GET /login HTTP/1.1" 200 2093 102
0:0:0:0:0:0:0:1 - - [11/Sep/2022:20:56:37 +0530] "GET /css/StyleSheet2.css HTTP/1.1" 304 - 29
0:0:0:0:0:0:0:1 - - [11/Sep/2022:20:56:37 +0530] "GET /css/loginCss.css HTTP/1.1" 304 - 29
0:0:0:0:0:0:0:1 - - [11/Sep/2022:20:56:37 +0530] "GET /css/[[@%7B/image/bg3.jpeg%7D]] HTTP/1.1" 400 - 0
0:0:0:0:0:0:0:1 - - [11/Sep/2022:20:56:37 +0530] "GET /image/pass.png HTTP/1.1" 404 146 137
0:0:0:0:0:0:0:1 - - [11/Sep/2022:20:56:37 +0530] "GET /image/mail.png HTTP/1.1" 404 146 140
0:0:0:0:0:0:0:1 - - [11/Sep/2022:20:56:43 +0530] "POST /submit HTTP/1.1" 302 - 193
0:0:0:0:0:0:0:1 - - [11/Sep/2022:20:56:43 +0530] "GET /Eedu/4/ HTTP/1.1" 200 44050 185
0:0:0:0:0:0:0:1 - - [11/Sep/2022:20:56:43 +0530] "GET /css/Estyle.css HTTP/1.1" 304 - 33
0:0:0:0:0:0:0:1 - - [11/Sep/2022:20:56:54 +0530] "GET /Eedu/compitation/RAS/4 HTTP/1.1" 200 41691 151
0:0:0:0:0:0:0:1 - - [11/Sep/2022:20:56:58 +0530] "GET /Eedu/showQuiz/RAS/INDIAN%20ECONOMICS/4 HTTP/1.1" 200 77544 148
0:0:0:0:0:0:0:1 - - [11/Sep/2022:21:34:52 +0530] "GET /css/Estyle.css HTTP/1.1" 304 - 22
0:0:0:0:0:0:0:1 - - [11/Sep/2022:21:34:52 +0530] "GET /Eedu/showQuiz/RAS/INDIAN%20ECONOMICS/4 HTTP/1.1" 200 77544 166
0:0:0:0:0:0:0:1 - - [11/Sep/2022:21:37:45 +0530] "GET /Eedu/showQuiz/RAS/INDIAN%20ECONOMICS/4 HTTP/1.1" 200 77544 77
0:0:0:0:0:0:0:1 - - [11/Sep/2022:21:40:45 +0530] "GET /Eedu/showQuiz/RAS/INDIAN%20ECONOMICS/4 HTTP/1.1" 200 77560 2755
0:0:0:0:0:0:0:1 - - [11/Sep/2022:21:40:53 +0530] "GET /Eedu/startQuiz/RAS/INDIAN%20ECONOMICS/9/4 HTTP/1.1" 200 325 179
0:0:0:0:0:0:0:1 - - [11/Sep/2022:21:40:55 +0530] "GET /Eedu/4 HTTP/1.1" 200 44066 156
0:0:0:0:0:0:0:1 - - [11/Sep/2022:21:40:56 +0530] "GET /Eedu/compitation/RAS/4 HTTP/1.1" 200 41707 140
0:0:0:0:0:0:0:1 - - [11/Sep/2022:21:40:58 +0530] "GET /Eedu/showQuiz/RAS/INDIAN%20POLITY/4 HTTP/1.1" 200 17657 88
0:0:0:0:0:0:0:1 - - [11/Sep/2022:21:40:59 +0530] "GET /Eedu/showScoreBoard/RAS/INDIAN%20POLITY/2/4 HTTP/1.1" 200 7187 170
0:0:0:0:0:0:0:1 - - [11/Sep/2022:21:41:03 +0530] "GET /Eedu/startQuiz/RAS/INDIAN%20POLITY/2/4 HTTP/1.1" 200 18850 127
0:0:0:0:0:0:0:1 - - [11/Sep/2022:21:41:04 +0530] "GET /css/quiz.css HTTP/1.1" 200 1244 56
0:0:0:0:0:0:0:1 - - [11/Sep/2022:21:41:19 +0530] "POST /Eedu/saveQuiz/RAS/INDIAN%20POLITY/2/4 HTTP/1.1" 200 1729 180
0:0:0:0:0:0:0:1 - - [11/Sep/2022:21:41:19 +0530] "GET /js/SuccessJs.js HTTP/1.1" 304 - 29
0:0:0:0:0:0:0:1 - - [11/Sep/2022:21:41:19 +0530] "GET /css/SuccessStyle.css HTTP/1.1" 304 - 30
0:0:0:0:0:0:0:1 - - [11/Sep/2022:21:41:25 +0530] "GET /Eedu/showQuiz/RAS/INDIAN%20POLITY/4 HTTP/1.1" 200 17657 68
0:0:0:0:0:0:0:1 - - [11/Sep/2022:21:42:56 +0530] "GET /Eedu/compitation/RAS/4 HTTP/1.1" 200 41707 86
0:0:0:0:0:0:0:1 - - [11/Sep/2022:21:44:46 +0530] "GET /Eedu/startQuiz/RAS/INDIAN%20ECONOMICS/8/4 HTTP/1.1" 200 325 97
0:0:0:0:0:0:0:1 - - [11/Sep/2022:21:45:02 +0530] "GET /Eedu/4 HTTP/1.1" 200 44066 49
0:0:0:0:0:0:0:1 - - [11/Sep/2022:21:45:07 +0530] "GET /Eedu/compitation/RAS/4 HTTP/1.1" 200 41707 72
0:0:0:0:0:0:0:1 - - [11/Sep/2022:21:45:13 +0530] "GET /Eedu/showQuiz/RAS/INDIAN%20ECONOMICS/4 HTTP/1.1" 200 77560 80
0:0:0:0:0:0:0:1 - - [11/Sep/2022:21:45:15 +0530] "GET /Eedu/startQuiz/RAS/INDIAN%20ECONOMICS/7/4 HTTP/1.1" 200 325 106
0:0:0:0:0:0:0:1 - - [11/Sep/2022:21:45:17 +0530] "GET /Eedu/4 HTTP/1.1" 200 44066 54
0:0:0:0:0:0:0:1 - - [11/Sep/2022:21:45:30 +0530] "GET /Eedu/4 HTTP/1.1" 200 44066 59
0:0:0:0:0:0:0:1 - - [11/Sep/2022:21:46:10 +0530] "GET /Eedu/compitation/RAS/4 HTTP/1.1" 200 41707 54
0:0:0:0:0:0:0:1 - - [11/Sep/2022:21:46:12 +0530] "GET /Eedu/showQuiz/RAS/INDIAN%20ECONOMICS/4 HTTP/1.1" 200 77560 56
0:0:0:0:0:0:0:1 - - [11/Sep/2022:21:46:15 +0530] "GET /Eedu/startQuiz/RAS/INDIAN%20ECONOMICS/9/4 HTTP/1.1" 200 325 54
0:0:0:0:0:0:0:1 - - [11/Sep/2022:21:46:17 +0530] "GET /Eedu/4 HTTP/1.1" 200 44066 68
0:0:0:0:0:0:0:1 - - [11/Sep/2022:21:46:18 +0530] "GET /Eedu/compitation/RAS/4 HTTP/1.1" 200 41707 174
0:0:0:0:0:0:0:1 - - [11/Sep/2022:21:46:19 +0530] "GET /Eedu/showQuiz/RAS/INDIAN%20POLITY/4 HTTP/1.1" 200 17657 54
0:0:0:0:0:0:0:1 - - [11/Sep/2022:21:46:21 +0530] "GET /Eedu/showScoreBoard/RAS/INDIAN%20POLITY/2/4 HTTP/1.1" 200 7353 90
0:0:0:0:0:0:0:1 - - [11/Sep/2022:21:46:26 +0530] "GET /vendor/bootstrap/js/bootstrap.bundle.min.js.map HTTP/1.1" 200 311949 54
0:0:0:0:0:0:0:1 - - [11/Sep/2022:21:50:06 +0530] "GET /Eedu/showQuiz/RAS/INDIAN%20POLITY/4 HTTP/1.1" 200 17657 47
0:0:0:0:0:0:0:1 - - [11/Sep/2022:21:50:09 +0530] "GET /Eedu/showScoreBoard/RAS/INDIAN%20POLITY/1/4 HTTP/1.1" 200 5986 73
0:0:0:0:0:0:0:1 - - [11/Sep/2022:21:50:16 +0530] "GET / HTTP/1.1" 200 2462 98
0:0:0:0:0:0:0:1 - - [11/Sep/2022:21:50:19 +0530] "GET /signUp HTTP/1.1" 200 2258 78
0:0:0:0:0:0:0:1 - - [11/Sep/2022:21:50:19 +0530] "GET /css/loginCss.css HTTP/1.1" 304 - 19
0:0:0:0:0:0:0:1 - - [11/Sep/2022:21:50:19 +0530] "GET /css/StyleSheet2.css HTTP/1.1" 304 - 18
0:0:0:0:0:0:0:1 - - [11/Sep/2022:21:50:19 +0530] "GET /css/[[@%7B/image/bg3.jpeg%7D]] HTTP/1.1" 400 - 0
0:0:0:0:0:0:0:1 - - [11/Sep/2022:21:50:19 +0530] "GET /image/mail.png HTTP/1.1" 404 146 132
0:0:0:0:0:0:0:1 - - [11/Sep/2022:21:50:19 +0530] "GET /image/pass.png HTTP/1.1" 404 146 131
0:0:0:0:0:0:0:1 - - [11/Sep/2022:21:51:39 +0530] "GET /? HTTP/1.1" 200 2462 89
0:0:0:0:0:0:0:1 - - [11/Sep/2022:21:51:40 +0530] "GET /login HTTP/1.1" 200 2093 52
0:0:0:0:0:0:0:1 - - [11/Sep/2022:21:51:40 +0530] "GET /css/[[@%7B/image/bg3.jpeg%7D]] HTTP/1.1" 400 - 0
0:0:0:0:0:0:0:1 - - [11/Sep/2022:21:51:40 +0530] "GET /css/[[@%7B//image/mail.png%7D]] HTTP/1.1" 400 - 0
0:0:0:0:0:0:0:1 - - [11/Sep/2022:21:51:40 +0530] "GET /css/[[@%7B/image/pass.png%7D]] HTTP/1.1" 400 - 0
0:0:0:0:0:0:0:1 - - [11/Sep/2022:21:51:40 +0530] "GET /image/mail.png HTTP/1.1" 404 146 35
0:0:0:0:0:0:0:1 - - [11/Sep/2022:21:51:40 +0530] "GET /image/pass.png HTTP/1.1" 404 146 34
0:0:0:0:0:0:0:1 - - [11/Sep/2022:21:51:42 +0530] "GET /? HTTP/1.1" 200 2462 46
0:0:0:0:0:0:0:1 - - [11/Sep/2022:21:51:43 +0530] "GET /signUp HTTP/1.1" 200 2258 40
0:0:0:0:0:0:0:1 - - [11/Sep/2022:21:51:43 +0530] "GET /css/[[@%7B/image/bg3.jpeg%7D]] HTTP/1.1" 400 - 0
0:0:0:0:0:0:0:1 - - [11/Sep/2022:21:51:43 +0530] "GET /image/mail.png HTTP/1.1" 404 146 11
0:0:0:0:0:0:0:1 - - [11/Sep/2022:21:51:43 +0530] "GET /image/pass.png HTTP/1.1" 404 146 10
0:0:0:0:0:0:0:1 - - [11/Sep/2022:21:51:45 +0530] "GET /? HTTP/1.1" 200 2462 41
0:0:0:0:0:0:0:1 - - [11/Sep/2022:21:51:46 +0530] "GET /login HTTP/1.1" 200 2093 61
0:0:0:0:0:0:0:1 - - [11/Sep/2022:21:51:46 +0530] "GET /css/[[@%7B/image/bg3.jpeg%7D]] HTTP/1.1" 400 - 0
0:0:0:0:0:0:0:1 - - [11/Sep/2022:21:51:46 +0530] "GET /image/pass.png HTTP/1.1" 404 146 28
0:0:0:0:0:0:0:1 - - [11/Sep/2022:21:51:46 +0530] "GET /image/mail.png HTTP/1.1" 404 146 29
0:0:0:0:0:0:0:1 - - [11/Sep/2022:21:51:47 +0530] "GET /? HTTP/1.1" 200 2462 80
0:0:0:0:0:0:0:1 - - [11/Sep/2022:21:51:49 +0530] "GET /signUp HTTP/1.1" 200 2258 44
0:0:0:0:0:0:0:1 - - [11/Sep/2022:21:51:49 +0530] "GET /css/[[@%7B/image/bg3.jpeg%7D]] HTTP/1.1" 400 - 0
0:0:0:0:0:0:0:1 - - [11/Sep/2022:21:51:49 +0530] "GET /image/mail.png HTTP/1.1" 404 146 21
0:0:0:0:0:0:0:1 - - [11/Sep/2022:21:51:49 +0530] "GET /image/pass.png HTTP/1.1" 404 146 20
0:0:0:0:0:0:0:1 - - [11/Sep/2022:21:51:51 +0530] "GET /? HTTP/1.1" 200 2462 35
0:0:0:0:0:0:0:1 - - [11/Sep/2022:21:51:53 +0530] "GET /login HTTP/1.1" 200 2093 26
0:0:0:0:0:0:0:1 - - [11/Sep/2022:21:51:53 +0530] "GET /css/[[@%7B/image/bg3.jpeg%7D]] HTTP/1.1" 400 - 0
0:0:0:0:0:0:0:1 - - [11/Sep/2022:21:51:53 +0530] "GET /image/mail.png HTTP/1.1" 404 146 11
0:0:0:0:0:0:0:1 - - [11/Sep/2022:21:51:53 +0530] "GET /image/pass.png HTTP/1.1" 404 146 10
0:0:0:0:0:0:0:1 - - [11/Sep/2022:21:51:57 +0530] "GET /? HTTP/1.1" 200 2462 33
0:0:0:0:0:0:0:1 - - [11/Sep/2022:21:52:00 +0530] "GET /signUp HTTP/1.1" 200 2258 19
0:0:0:0:0:0:0:1 - - [11/Sep/2022:21:52:00 +0530] "GET /css/[[@%7B/image/bg3.jpeg%7D]] HTTP/1.1" 400 - 0
0:0:0:0:0:0:0:1 - - [11/Sep/2022:21:52:00 +0530] "GET /image/mail.png HTTP/1.1" 404 146 26
0:0:0:0:0:0:0:1 - - [11/Sep/2022:21:52:00 +0530] "GET /image/pass.png HTTP/1.1" 404 146 25
0:0:0:0:0:0:0:1 - - [11/Sep/2022:21:52:55 +0530] "GET / HTTP/1.1" 200 2462 2681
0:0:0:0:0:0:0:1 - - [11/Sep/2022:21:52:57 +0530] "GET /signUp HTTP/1.1" 200 2262 101
0:0:0:0:0:0:0:1 - - [11/Sep/2022:21:52:57 +0530] "GET /css/[[@%7B/image/bg3.jpeg%7D]] HTTP/1.1" 400 - 0
0:0:0:0:0:0:0:1 - - [11/Sep/2022:21:52:57 +0530] "GET /image/pass.png HTTP/1.1" 404 146 147
0:0:0:0:0:0:0:1 - - [11/Sep/2022:21:52:57 +0530] "GET /image/mail.png HTTP/1.1" 404 146 156
0:0:0:0:0:0:0:1 - - [11/Sep/2022:21:57:25 +0530] "GET / HTTP/1.1" 200 2462 2236
0:0:0:0:0:0:0:1 - - [11/Sep/2022:21:57:29 +0530] "GET /signUp HTTP/1.1" 200 2263 90
0:0:0:0:0:0:0:1 - - [11/Sep/2022:21:57:29 +0530] "GET /css/[[@%7B/image/bg3.jpeg%7D]] HTTP/1.1" 400 - 0
0:0:0:0:0:0:0:1 - - [11/Sep/2022:21:57:29 +0530] "GET /image/mail.png HTTP/1.1" 404 146 152
0:0:0:0:0:0:0:1 - - [11/Sep/2022:21:57:29 +0530] "GET /image/pass.png HTTP/1.1" 404 146 147
0:0:0:0:0:0:0:1 - - [11/Sep/2022:21:57:48 +0530] "POST /signUpSubmit HTTP/1.1" 200 2093 198
0:0:0:0:0:0:0:1 - - [11/Sep/2022:21:57:48 +0530] "GET /css/[[@%7B/image/bg3.jpeg%7D]] HTTP/1.1" 400 - 0
0:0:0:0:0:0:0:1 - - [11/Sep/2022:21:57:48 +0530] "GET /image/pass.png HTTP/1.1" 404 146 47
0:0:0:0:0:0:0:1 - - [11/Sep/2022:21:57:48 +0530] "GET /image/mail.png HTTP/1.1" 404 146 50
0:0:0:0:0:0:0:1 - - [11/Sep/2022:21:59:57 +0530] "GET / HTTP/1.1" 200 2462 2485
0:0:0:0:0:0:0:1 - - [11/Sep/2022:21:59:58 +0530] "GET /signUp HTTP/1.1" 200 2263 82
0:0:0:0:0:0:0:1 - - [11/Sep/2022:21:59:58 +0530] "GET /css/[[@%7B/image/bg3.jpeg%7D]] HTTP/1.1" 400 - 0
0:0:0:0:0:0:0:1 - - [11/Sep/2022:21:59:59 +0530] "GET /image/pass.png HTTP/1.1" 404 146 152
0:0:0:0:0:0:0:1 - - [11/Sep/2022:21:59:59 +0530] "GET /image/mail.png HTTP/1.1" 404 146 152
0:0:0:0:0:0:0:1 - - [11/Sep/2022:22:00:12 +0530] "POST /signUpSubmit HTTP/1.1" 200 2263 240
0:0:0:0:0:0:0:1 - - [11/Sep/2022:22:00:12 +0530] "GET /css/[[@%7B/image/bg3.jpeg%7D]] HTTP/1.1" 400 - 0
0:0:0:0:0:0:0:1 - - [11/Sep/2022:22:00:12 +0530] "GET /image/pass.png HTTP/1.1" 404 146 25
0:0:0:0:0:0:0:1 - - [11/Sep/2022:22:00:12 +0530] "GET /image/mail.png HTTP/1.1" 404 146 25
0:0:0:0:0:0:0:1 - - [11/Sep/2022:22:01:24 +0530] "GET /? HTTP/1.1" 200 2462 87
0:0:0:0:0:0:0:1 - - [11/Sep/2022:22:01:28 +0530] "GET /login HTTP/1.1" 200 2093 63
0:0:0:0:0:0:0:1 - - [11/Sep/2022:22:01:28 +0530] "GET /css/[[@%7B/image/bg3.jpeg%7D]] HTTP/1.1" 400 - 0
0:0:0:0:0:0:0:1 - - [11/Sep/2022:22:01:28 +0530] "GET /image/pass.png HTTP/1.1" 404 146 60
0:0:0:0:0:0:0:1 - - [11/Sep/2022:22:01:28 +0530] "GET /image/mail.png HTTP/1.1" 404 146 61
0:0:0:0:0:0:0:1 - - [11/Sep/2022:22:01:34 +0530] "POST /submit HTTP/1.1" 302 - 103
0:0:0:0:0:0:0:1 - - [11/Sep/2022:22:01:34 +0530] "GET /Eedu/4/ HTTP/1.1" 200 44066 218
0:0:0:0:0:0:0:1 - - [11/Sep/2022:22:01:34 +0530] "GET /css/Estyle.css HTTP/1.1" 304 - 35
0:0:0:0:0:0:0:1 - - [11/Sep/2022:22:11:42 +0530] "GET / HTTP/1.1" 200 2462 2555
0:0:0:0:0:0:0:1 - - [11/Sep/2022:22:11:44 +0530] "GET /signUp HTTP/1.1" 200 2688 103
0:0:0:0:0:0:0:1 - - [11/Sep/2022:22:11:44 +0530] "GET /css/[[@%7B//image/mail.png%7D]] HTTP/1.1" 400 - 0
0:0:0:0:0:0:0:1 - - [11/Sep/2022:22:11:44 +0530] "GET /css/[[@%7B/image/bg3.jpeg%7D]] HTTP/1.1" 400 - 0
0:0:0:0:0:0:0:1 - - [11/Sep/2022:22:11:44 +0530] "GET /css/[[@%7B/image/pass.png%7D]] HTTP/1.1" 400 - 0
0:0:0:0:0:0:0:1 - - [11/Sep/2022:22:11:44 +0530] "GET /image/pass.png HTTP/1.1" 404 146 150
0:0:0:0:0:0:0:1 - - [11/Sep/2022:22:11:44 +0530] "GET /image/mail.png HTTP/1.1" 404 146 150
0:0:0:0:0:0:0:1 - - [11/Sep/2022:22:12:13 +0530] "POST /signUpSubmit HTTP/1.1" 200 2740 225
0:0:0:0:0:0:0:1 - - [11/Sep/2022:22:12:13 +0530] "GET /css/[[@%7B/image/bg3.jpeg%7D]] HTTP/1.1" 400 - 0
0:0:0:0:0:0:0:1 - - [11/Sep/2022:22:12:13 +0530] "GET /image/pass.png HTTP/1.1" 404 146 61
0:0:0:0:0:0:0:1 - - [11/Sep/2022:22:12:13 +0530] "GET /image/mail.png HTTP/1.1" 404 146 61
0:0:0:0:0:0:0:1 - - [11/Sep/2022:22:12:37 +0530] "GET /? HTTP/1.1" 200 2462 90
0:0:0:0:0:0:0:1 - - [11/Sep/2022:22:15:06 +0530] "GET / HTTP/1.1" 200 2462 2936
0:0:0:0:0:0:0:1 - - [11/Sep/2022:22:15:08 +0530] "GET /signUp HTTP/1.1" 200 2688 103
0:0:0:0:0:0:0:1 - - [11/Sep/2022:22:15:08 +0530] "GET /css/[[@%7B/image/bg3.jpeg%7D]] HTTP/1.1" 400 - 0
0:0:0:0:0:0:0:1 - - [11/Sep/2022:22:15:08 +0530] "GET /image/pass.png HTTP/1.1" 404 146 187
0:0:0:0:0:0:0:1 - - [11/Sep/2022:22:15:08 +0530] "GET /image/mail.png HTTP/1.1" 404 146 188
0:0:0:0:0:0:0:1 - - [11/Sep/2022:22:15:24 +0530] "POST /signUpSubmit HTTP/1.1" 200 2781 227
0:0:0:0:0:0:0:1 - - [11/Sep/2022:22:15:24 +0530] "GET /css/[[@%7B/image/bg3.jpeg%7D]] HTTP/1.1" 400 - 0
0:0:0:0:0:0:0:1 - - [11/Sep/2022:22:15:24 +0530] "GET /image/pass.png HTTP/1.1" 404 146 23
0:0:0:0:0:0:0:1 - - [11/Sep/2022:22:15:24 +0530] "GET /image/mail.png HTTP/1.1" 404 146 23
0:0:0:0:0:0:0:1 - - [11/Sep/2022:22:16:53 +0530] "POST /signUpSubmit HTTP/1.1" 200 2612 216
0:0:0:0:0:0:0:1 - - [11/Sep/2022:22:16:53 +0530] "GET /css/[[@%7B/image/bg3.jpeg%7D]] HTTP/1.1" 400 - 0
0:0:0:0:0:0:0:1 - - [11/Sep/2022:22:16:53 +0530] "GET /image/mail.png HTTP/1.1" 404 146 36
0:0:0:0:0:0:0:1 - - [11/Sep/2022:22:16:53 +0530] "GET /image/pass.png HTTP/1.1" 404 146 34
0:0:0:0:0:0:0:1 - - [11/Sep/2022:22:18:26 +0530] "GET /? HTTP/1.1" 200 2462 103
0:0:0:0:0:0:0:1 - - [11/Sep/2022:22:18:27 +0530] "GET /signUp HTTP/1.1" 200 2688 60
0:0:0:0:0:0:0:1 - - [11/Sep/2022:22:18:27 +0530] "GET /css/StyleSheet2.css HTTP/1.1" 304 - 35
0:0:0:0:0:0:0:1 - - [11/Sep/2022:22:18:27 +0530] "GET /css/loginCss.css HTTP/1.1" 304 - 37
0:0:0:0:0:0:0:1 - - [11/Sep/2022:22:18:27 +0530] "GET /css/[[@%7B/image/bg3.jpeg%7D]] HTTP/1.1" 400 - 0
0:0:0:0:0:0:0:1 - - [11/Sep/2022:22:18:27 +0530] "GET /image/pass.png HTTP/1.1" 404 146 47
0:0:0:0:0:0:0:1 - - [11/Sep/2022:22:18:27 +0530] "GET /image/mail.png HTTP/1.1" 404 146 48
0:0:0:0:0:0:0:1 - - [11/Sep/2022:22:19:14 +0530] "POST /signUpSubmit HTTP/1.1" 200 2619 84
0:0:0:0:0:0:0:1 - - [11/Sep/2022:22:19:14 +0530] "GET /css/[[@%7B/image/bg3.jpeg%7D]] HTTP/1.1" 400 - 0
0:0:0:0:0:0:0:1 - - [11/Sep/2022:22:19:14 +0530] "GET /image/mail.png HTTP/1.1" 404 146 35
0:0:0:0:0:0:0:1 - - [11/Sep/2022:22:19:14 +0530] "GET /image/pass.png HTTP/1.1" 404 146 34
0:0:0:0:0:0:0:1 - - [11/Sep/2022:22:20:58 +0530] "GET / HTTP/1.1" 200 2462 2615
0:0:0:0:0:0:0:1 - - [11/Sep/2022:22:21:01 +0530] "GET /signUp HTTP/1.1" 200 2688 103
0:0:0:0:0:0:0:1 - - [11/Sep/2022:22:21:01 +0530] "GET /css/[[@%7B/image/bg3.jpeg%7D]] HTTP/1.1" 400 - 0
0:0:0:0:0:0:0:1 - - [11/Sep/2022:22:21:01 +0530] "GET /image/mail.png HTTP/1.1" 404 146 166
0:0:0:0:0:0:0:1 - - [11/Sep/2022:22:21:01 +0530] "GET /image/pass.png HTTP/1.1" 404 146 163
0:0:0:0:0:0:0:1 - - [11/Sep/2022:22:21:17 +0530] "POST /signUpSubmit HTTP/1.1" 200 2614 243
0:0:0:0:0:0:0:1 - - [11/Sep/2022:22:21:17 +0530] "GET /css/[[@%7B/image/bg3.jpeg%7D]] HTTP/1.1" 400 - 0
0:0:0:0:0:0:0:1 - - [11/Sep/2022:22:21:17 +0530] "GET /image/pass.png HTTP/1.1" 404 146 26
0:0:0:0:0:0:0:1 - - [11/Sep/2022:22:21:17 +0530] "GET /image/mail.png HTTP/1.1" 404 146 26
0:0:0:0:0:0:0:1 - - [11/Sep/2022:22:21:31 +0530] "POST /submit HTTP/1.1" 302 - 147
0:0:0:0:0:0:0:1 - - [11/Sep/2022:22:21:31 +0530] "GET /Eedu/7/ HTTP/1.1" 200 44066 128
0:0:0:0:0:0:0:1 - - [11/Sep/2022:22:21:35 +0530] "GET /image/mail.png HTTP/1.1" 404 146 57
0:0:0:0:0:0:0:1 - - [11/Sep/2022:22:21:49 +0530] "POST /submit HTTP/1.1" 200 2688 107
0:0:0:0:0:0:0:1 - - [11/Sep/2022:22:21:49 +0530] "GET /css/[[@%7B/image/bg3.jpeg%7D]] HTTP/1.1" 400 - 0
0:0:0:0:0:0:0:1 - - [11/Sep/2022:22:21:49 +0530] "GET /image/pass.png HTTP/1.1" 404 146 37
0:0:0:0:0:0:0:1 - - [11/Sep/2022:22:21:49 +0530] "GET /image/mail.png HTTP/1.1" 404 146 38
0:0:0:0:0:0:0:1 - - [11/Sep/2022:22:24:50 +0530] "GET / HTTP/1.1" 200 2462 2439
0:0:0:0:0:0:0:1 - - [11/Sep/2022:22:24:54 +0530] "GET /login HTTP/1.1" 200 2516 122
0:0:0:0:0:0:0:1 - - [11/Sep/2022:22:24:54 +0530] "GET /css/[[@%7B/image/bg3.jpeg%7D]] HTTP/1.1" 400 - 0
0:0:0:0:0:0:0:1 - - [11/Sep/2022:22:24:54 +0530] "GET /image/mail.png HTTP/1.1" 404 146 161
0:0:0:0:0:0:0:1 - - [11/Sep/2022:22:24:54 +0530] "GET /image/pass.png HTTP/1.1" 404 146 161
0:0:0:0:0:0:0:1 - - [11/Sep/2022:22:25:10 +0530] "POST /submit HTTP/1.1" 500 318 205
0:0:0:0:0:0:0:1 - - [11/Sep/2022:22:26:53 +0530] "GET / HTTP/1.1" 200 2462 2666
0:0:0:0:0:0:0:1 - - [11/Sep/2022:22:26:56 +0530] "GET /login HTTP/1.1" 200 2516 132
0:0:0:0:0:0:0:1 - - [11/Sep/2022:22:26:56 +0530] "GET /css/[[@%7B/image/bg3.jpeg%7D]] HTTP/1.1" 400 - 0
0:0:0:0:0:0:0:1 - - [11/Sep/2022:22:26:56 +0530] "GET /image/mail.png HTTP/1.1" 404 146 168
0:0:0:0:0:0:0:1 - - [11/Sep/2022:22:26:56 +0530] "GET /image/pass.png HTTP/1.1" 404 146 168
0:0:0:0:0:0:0:1 - - [11/Sep/2022:22:27:08 +0530] "POST /submit HTTP/1.1" 500 318 206
0:0:0:0:0:0:0:1 - - [11/Sep/2022:22:30:29 +0530] "GET / HTTP/1.1" 200 2462 2948
0:0:0:0:0:0:0:1 - - [11/Sep/2022:22:30:31 +0530] "GET /login HTTP/1.1" 200 2516 104
0:0:0:0:0:0:0:1 - - [11/Sep/2022:22:30:31 +0530] "GET /css/[[@%7B/image/bg3.jpeg%7D]] HTTP/1.1" 400 - 0
0:0:0:0:0:0:0:1 - - [11/Sep/2022:22:30:31 +0530] "GET /image/pass.png HTTP/1.1" 404 146 145
0:0:0:0:0:0:0:1 - - [11/Sep/2022:22:30:31 +0530] "GET /image/mail.png HTTP/1.1" 404 146 145
0:0:0:0:0:0:0:1 - - [11/Sep/2022:22:30:48 +0530] "POST /submit HTTP/1.1" 200 2800 218
0:0:0:0:0:0:0:1 - - [11/Sep/2022:22:30:48 +0530] "GET /css/[[@%7B/image/bg3.jpeg%7D]] HTTP/1.1" 400 - 0
0:0:0:0:0:0:0:1 - - [11/Sep/2022:22:30:48 +0530] "GET /image/pass.png HTTP/1.1" 404 146 28
0:0:0:0:0:0:0:1 - - [11/Sep/2022:22:30:48 +0530] "GET /image/mail.png HTTP/1.1" 404 146 28
0:0:0:0:0:0:0:1 - - [11/Sep/2022:22:32:10 +0530] "GET / HTTP/1.1" 200 2462 2541
0:0:0:0:0:0:0:1 - - [11/Sep/2022:22:32:12 +0530] "GET /login HTTP/1.1" 200 2516 131
0:0:0:0:0:0:0:1 - - [11/Sep/2022:22:32:12 +0530] "GET /css/[[@%7B/image/bg3.jpeg%7D]] HTTP/1.1" 400 - 0
0:0:0:0:0:0:0:1 - - [11/Sep/2022:22:32:12 +0530] "GET /image/pass.png HTTP/1.1" 404 146 160
0:0:0:0:0:0:0:1 - - [11/Sep/2022:22:32:12 +0530] "GET /image/mail.png HTTP/1.1" 404 146 164
0:0:0:0:0:0:0:1 - - [11/Sep/2022:22:32:20 +0530] "POST /submit HTTP/1.1" 200 2824 174
0:0:0:0:0:0:0:1 - - [11/Sep/2022:22:32:20 +0530] "GET /css/[[@%7B/image/bg3.jpeg%7D]] HTTP/1.1" 400 - 0
0:0:0:0:0:0:0:1 - - [11/Sep/2022:22:32:20 +0530] "GET /image/pass.png HTTP/1.1" 404 146 23
0:0:0:0:0:0:0:1 - - [11/Sep/2022:22:32:20 +0530] "GET /image/mail.png HTTP/1.1" 404 146 23
0:0:0:0:0:0:0:1 - - [11/Sep/2022:22:37:25 +0530] "GET / HTTP/1.1" 200 2462 2486
0:0:0:0:0:0:0:1 - - [11/Sep/2022:22:37:27 +0530] "GET /login HTTP/1.1" 200 2558 106
0:0:0:0:0:0:0:1 - - [11/Sep/2022:22:37:27 +0530] "GET /css/[[@%7B/image/bg3.jpeg%7D]] HTTP/1.1" 400 - 0
0:0:0:0:0:0:0:1 - - [11/Sep/2022:22:37:28 +0530] "GET /image/pass.png HTTP/1.1" 404 146 165
0:0:0:0:0:0:0:1 - - [11/Sep/2022:22:37:28 +0530] "GET /image/mail.png HTTP/1.1" 404 146 165
0:0:0:0:0:0:0:1 - - [11/Sep/2022:22:37:37 +0530] "POST /submit HTTP/1.1" 200 2866 193
0:0:0:0:0:0:0:1 - - [11/Sep/2022:22:37:37 +0530] "GET /css/[[@%7B/image/bg3.jpeg%7D]] HTTP/1.1" 400 - 0
0:0:0:0:0:0:0:1 - - [11/Sep/2022:22:37:37 +0530] "GET /image/mail.png HTTP/1.1" 404 146 23
0:0:0:0:0:0:0:1 - - [11/Sep/2022:22:37:37 +0530] "GET /image/pass.png HTTP/1.1" 404 146 23
0:0:0:0:0:0:0:1 - - [11/Sep/2022:22:38:20 +0530] "GET /? HTTP/1.1" 200 2462 94
0:0:0:0:0:0:0:1 - - [11/Sep/2022:22:38:22 +0530] "GET /login HTTP/1.1" 200 2558 59
0:0:0:0:0:0:0:1 - - [11/Sep/2022:22:38:22 +0530] "GET /css/[[@%7B/image/bg3.jpeg%7D]] HTTP/1.1" 400 - 0
0:0:0:0:0:0:0:1 - - [11/Sep/2022:22:38:22 +0530] "GET /image/pass.png HTTP/1.1" 404 146 57
0:0:0:0:0:0:0:1 - - [11/Sep/2022:22:38:22 +0530] "GET /image/mail.png HTTP/1.1" 404 146 59
0:0:0:0:0:0:0:1 - - [11/Sep/2022:22:38:23 +0530] "GET /? HTTP/1.1" 200 2462 55
0:0:0:0:0:0:0:1 - - [11/Sep/2022:22:38:24 +0530] "GET /signUp HTTP/1.1" 200 2730 41
0:0:0:0:0:0:0:1 - - [11/Sep/2022:22:38:24 +0530] "GET /css/[[@%7B/image/bg3.jpeg%7D]] HTTP/1.1" 400 - 0
0:0:0:0:0:0:0:1 - - [11/Sep/2022:22:38:24 +0530] "GET /image/mail.png HTTP/1.1" 404 146 33
0:0:0:0:0:0:0:1 - - [11/Sep/2022:22:38:24 +0530] "GET /image/pass.png HTTP/1.1" 404 146 31
0:0:0:0:0:0:0:1 - - [11/Sep/2022:22:38:28 +0530] "GET /? HTTP/1.1" 200 2462 54
0:0:0:0:0:0:0:1 - - [11/Sep/2022:22:38:30 +0530] "GET /login HTTP/1.1" 200 2558 36
0:0:0:0:0:0:0:1 - - [11/Sep/2022:22:38:30 +0530] "GET /css/[[@%7B/image/bg3.jpeg%7D]] HTTP/1.1" 400 - 0
0:0:0:0:0:0:0:1 - - [11/Sep/2022:22:38:30 +0530] "GET /image/mail.png HTTP/1.1" 404 146 41
0:0:0:0:0:0:0:1 - - [11/Sep/2022:22:38:30 +0530] "GET /image/pass.png HTTP/1.1" 404 146 41
0:0:0:0:0:0:0:1 - - [11/Sep/2022:22:38:31 +0530] "GET /? HTTP/1.1" 200 2462 84
0:0:0:0:0:0:0:1 - - [11/Sep/2022:22:38:32 +0530] "GET /signUp HTTP/1.1" 200 2730 45
0:0:0:0:0:0:0:1 - - [11/Sep/2022:22:38:32 +0530] "GET /css/[[@%7B/image/bg3.jpeg%7D]] HTTP/1.1" 400 - 0
0:0:0:0:0:0:0:1 - - [11/Sep/2022:22:38:32 +0530] "GET /image/mail.png HTTP/1.1" 404 146 22
0:0:0:0:0:0:0:1 - - [11/Sep/2022:22:38:32 +0530] "GET /image/pass.png HTTP/1.1" 404 146 19
0:0:0:0:0:0:0:1 - - [11/Sep/2022:22:38:35 +0530] "GET /? HTTP/1.1" 200 2462 37
0:0:0:0:0:0:0:1 - - [11/Sep/2022:22:39:43 +0530] "GET /login HTTP/1.1" 200 2558 30
0:0:0:0:0:0:0:1 - - [11/Sep/2022:22:39:43 +0530] "GET /css/[[@%7B/image/bg3.jpeg%7D]] HTTP/1.1" 400 - 0
0:0:0:0:0:0:0:1 - - [11/Sep/2022:22:39:43 +0530] "GET /image/mail.png HTTP/1.1" 404 146 19
0:0:0:0:0:0:0:1 - - [11/Sep/2022:22:39:43 +0530] "GET /image/pass.png HTTP/1.1" 404 146 17
0:0:0:0:0:0:0:1 - - [11/Sep/2022:22:39:54 +0530] "POST /submit HTTP/1.1" 302 - 130
0:0:0:0:0:0:0:1 - - [11/Sep/2022:22:39:55 +0530] "GET /Eedu/1/ HTTP/1.1" 200 44066 198
0:0:0:0:0:0:0:1 - - [11/Sep/2022:22:39:55 +0530] "GET /css/Estyle.css HTTP/1.1" 304 - 22
0:0:0:0:0:0:0:1 - - [11/Sep/2022:22:40:03 +0530] "GET /Eedu/compitation/REET/1 HTTP/1.1" 200 325 88
0:0:0:0:0:0:0:1 - - [11/Sep/2022:22:40:04 +0530] "GET /Eedu/1 HTTP/1.1" 200 44066 70
0:0:0:0:0:0:0:1 - - [11/Sep/2022:22:40:07 +0530] "GET /Eedu/compitation/RAS/1 HTTP/1.1" 200 41707 85
0:0:0:0:0:0:0:1 - - [11/Sep/2022:22:40:10 +0530] "GET /Eedu/showQuiz/RAS/INDIAN%20ECONOMICS/1 HTTP/1.1" 200 77560 124
0:0:0:0:0:0:0:1 - - [11/Sep/2022:22:40:16 +0530] "GET /Eedu/startQuiz/RAS/INDIAN%20ECONOMICS/6/1 HTTP/1.1" 200 18856 293
0:0:0:0:0:0:0:1 - - [11/Sep/2022:22:40:16 +0530] "GET /css/quiz.css HTTP/1.1" 304 - 23
0:0:0:0:0:0:0:1 - - [11/Sep/2022:22:40:35 +0530] "POST /Eedu/saveQuiz/RAS/INDIAN%20ECONOMICS/6/1 HTTP/1.1" 200 1732 150
0:0:0:0:0:0:0:1 - - [11/Sep/2022:22:40:35 +0530] "GET /css/SuccessStyle.css HTTP/1.1" 304 - 17
0:0:0:0:0:0:0:1 - - [11/Sep/2022:22:40:35 +0530] "GET /js/SuccessJs.js HTTP/1.1" 304 - 18
0:0:0:0:0:0:0:1 - - [11/Sep/2022:22:40:37 +0530] "GET /Eedu/showQuiz/RAS/INDIAN%20ECONOMICS/1 HTTP/1.1" 200 77560 99
0:0:0:0:0:0:0:1 - - [11/Sep/2022:22:40:40 +0530] "GET /Eedu/startQuiz/RAS/INDIAN%20ECONOMICS/9/1 HTTP/1.1" 200 18856 65
0:0:0:0:0:0:0:1 - - [11/Sep/2022:22:40:45 +0530] "GET /Eedu/startQuiz/RAS/INDIAN%20ECONOMICS/8/1 HTTP/1.1" 200 18856 77
0:0:0:0:0:0:0:1 - - [11/Sep/2022:22:40:52 +0530] "POST /Eedu/saveQuiz/RAS/INDIAN%20ECONOMICS/8/1 HTTP/1.1" 200 1732 55
0:0:0:0:0:0:0:1 - - [11/Sep/2022:22:40:53 +0530] "GET /Eedu/showQuiz/RAS/INDIAN%20ECONOMICS/1 HTTP/1.1" 200 77560 83
0:0:0:0:0:0:0:1 - - [11/Sep/2022:22:40:55 +0530] "GET /Eedu/startQuiz/RAS/INDIAN%20ECONOMICS/8/1 HTTP/1.1" 200 325 119
0:0:0:0:0:0:0:1 - - [11/Sep/2022:22:43:39 +0530] "GET /Eedu/1 HTTP/1.1" 200 44066 2745
0:0:0:0:0:0:0:1 - - [11/Sep/2022:22:43:41 +0530] "GET /Eedu/compitation/RAS/1 HTTP/1.1" 200 41707 213
0:0:0:0:0:0:0:1 - - [11/Sep/2022:22:43:44 +0530] "GET /Eedu/showQuiz/RAS/INDIAN%20ECONOMICS/1 HTTP/1.1" 200 77560 214
0:0:0:0:0:0:0:1 - - [11/Sep/2022:22:43:46 +0530] "GET /Eedu/startQuiz/RAS/INDIAN%20ECONOMICS/8/1 HTTP/1.1" 200 359 90
0:0:0:0:0:0:0:1 - - [11/Sep/2022:22:43:58 +0530] "GET /Eedu/1 HTTP/1.1" 200 44066 93
0:0:0:0:0:0:0:1 - - [11/Sep/2022:22:44:45 +0530] "GET /Eedu/1 HTTP/1.1" 200 44066 2687
0:0:0:0:0:0:0:1 - - [11/Sep/2022:22:44:47 +0530] "GET /Eedu/compitation/RAS/1 HTTP/1.1" 200 41707 212
0:0:0:0:0:0:0:1 - - [11/Sep/2022:22:44:49 +0530] "GET /Eedu/showQuiz/RAS/INDIAN%20ECONOMICS/1 HTTP/1.1" 200 77560 225
0:0:0:0:0:0:0:1 - - [11/Sep/2022:22:44:50 +0530] "GET /Eedu/startQuiz/RAS/INDIAN%20ECONOMICS/9/1 HTTP/1.1" 200 18856 130
0:0:0:0:0:0:0:1 - - [11/Sep/2022:22:44:53 +0530] "GET /Eedu/startQuiz/RAS/INDIAN%20ECONOMICS/8/1 HTTP/1.1" 200 359 69
0:0:0:0:0:0:0:1 - - [11/Sep/2022:22:45:00 +0530] "GET /Eedu/1 HTTP/1.1" 200 44066 72
0:0:0:0:0:0:0:1 - - [11/Sep/2022:22:45:03 +0530] "GET /Eedu/compitation/POLICE/1 HTTP/1.1" 200 361 64
0:0:0:0:0:0:0:1 - - [11/Sep/2022:22:45:05 +0530] "GET /Eedu/1 HTTP/1.1" 200 44066 117
0:0:0:0:0:0:0:1 - - [11/Sep/2022:22:45:06 +0530] "GET /Eedu/compitation/RAS/1 HTTP/1.1" 200 41707 80
0:0:0:0:0:0:0:1 - - [11/Sep/2022:22:45:08 +0530] "GET /Eedu/showQuiz/RAS/GEOGRAPHY/1 HTTP/1.1" 200 9095 65
0:0:0:0:0:0:0:1 - - [11/Sep/2022:22:45:12 +0530] "GET /Eedu/startQuiz/RAS/GEOGRAPHY/1/1 HTTP/1.1" 200 359 60
0:0:0:0:0:0:0:1 - - [11/Sep/2022:22:45:13 +0530] "GET /Eedu/1 HTTP/1.1" 200 44066 62
0:0:0:0:0:0:0:1 - - [11/Sep/2022:22:45:15 +0530] "GET /Eedu/compitation/RAS/1 HTTP/1.1" 200 41707 56
0:0:0:0:0:0:0:1 - - [11/Sep/2022:22:45:16 +0530] "GET /Eedu/showQuiz/RAS/INDIAN%20ECONOMICS/1 HTTP/1.1" 200 77560 57
0:0:0:0:0:0:0:1 - - [11/Sep/2022:22:45:18 +0530] "GET /Eedu/startQuiz/RAS/INDIAN%20ECONOMICS/2/1 HTTP/1.1" 200 359 69
0:0:0:0:0:0:0:1 - - [11/Sep/2022:22:45:19 +0530] "GET /Eedu/1 HTTP/1.1" 200 44066 115
0:0:0:0:0:0:0:1 - - [11/Sep/2022:22:45:21 +0530] "GET /Eedu/compitation/PATWAR/1 HTTP/1.1" 200 361 70
0:0:0:0:0:0:0:1 - - [11/Sep/2022:22:45:22 +0530] "GET /Eedu/1 HTTP/1.1" 200 44066 98
0:0:0:0:0:0:0:1 - - [11/Sep/2022:22:45:23 +0530] "GET /Eedu/compitation/RAS/1 HTTP/1.1" 200 41707 38
0:0:0:0:0:0:0:1 - - [11/Sep/2022:22:45:25 +0530] "GET /Eedu/showQuiz/RAS/INDIAN%20ECONOMICS/1 HTTP/1.1" 200 77560 54
0:0:0:0:0:0:0:1 - - [11/Sep/2022:22:45:27 +0530] "GET /Eedu/startQuiz/RAS/INDIAN%20ECONOMICS/2/1 HTTP/1.1" 200 359 51
0:0:0:0:0:0:0:1 - - [11/Sep/2022:22:45:28 +0530] "GET /Eedu/1 HTTP/1.1" 200 44066 57
0:0:0:0:0:0:0:1 - - [11/Sep/2022:22:47:33 +0530] "GET /Eedu/compitation/RAS/1 HTTP/1.1" 200 41707 110
0:0:0:0:0:0:0:1 - - [11/Sep/2022:22:47:34 +0530] "GET /Eedu/showQuiz/RAS/INDIAN%20POLITY/1 HTTP/1.1" 200 17657 63
0:0:0:0:0:0:0:1 - - [11/Sep/2022:22:47:36 +0530] "GET /Eedu/startQuiz/RAS/INDIAN%20POLITY/2/1 HTTP/1.1" 200 359 54
0:0:0:0:0:0:0:1 - - [11/Sep/2022:22:47:38 +0530] "GET /Eedu/1 HTTP/1.1" 200 44066 53
