0:0:0:0:0:0:0:1 - - [08/Sep/2022:11:02:21 +0530] "GET /Eedu/ HTTP/1.1" 200 43704 151
0:0:0:0:0:0:0:1 - - [08/Sep/2022:11:02:21 +0530] "GET /css/Estyle.css HTTP/1.1" 304 - 30
0:0:0:0:0:0:0:1 - - [08/Sep/2022:11:02:25 +0530] "GET /Eedu/compitation/RAS HTTP/1.1" 200 20411 153
0:0:0:0:0:0:0:1 - - [08/Sep/2022:11:02:43 +0530] "GET /Eedu/showQuiz/RAS/INDIAN%20ECONOMICS HTTP/1.1" 200 6442 156
0:0:0:0:0:0:0:1 - - [08/Sep/2022:11:02:47 +0530] "GET /Eedu/startQuiz/RAS/INDIAN%20ECONOMICS/2 HTTP/1.1" 200 8780 100
0:0:0:0:0:0:0:1 - - [08/Sep/2022:11:02:47 +0530] "GET /css/quiz.css HTTP/1.1" 304 - 26
0:0:0:0:0:0:0:1 - - [08/Sep/2022:11:03:11 +0530] "POST /Eedu/saveQuiz/RAS/INDIAN%20ECONOMICS/2 HTTP/1.1" 302 - 95
0:0:0:0:0:0:0:1 - - [08/Sep/2022:11:03:11 +0530] "GET /Eedu/ HTTP/1.1" 200 43704 44
0:0:0:0:0:0:0:1 - - [08/Sep/2022:11:04:37 +0530] "GET /Eedu/compitation/RAS HTTP/1.1" 200 20411 52
0:0:0:0:0:0:0:1 - - [08/Sep/2022:11:04:38 +0530] "GET /Eedu/showQuiz/RAS/INDIAN%20ECONOMICS HTTP/1.1" 200 6442 63
0:0:0:0:0:0:0:1 - - [08/Sep/2022:11:04:40 +0530] "GET /Eedu/startQuiz/RAS/INDIAN%20ECONOMICS/2 HTTP/1.1" 200 8780 88
0:0:0:0:0:0:0:1 - - [08/Sep/2022:11:25:43 +0530] "GET /Eedu/startQuiz/RAS/INDIAN%20ECONOMICS/2 HTTP/1.1" 200 8780 215
0:0:0:0:0:0:0:1 - - [08/Sep/2022:11:28:24 +0530] "GET /Eedu/startQuiz/RAS/INDIAN%20ECONOMICS/2 HTTP/1.1" 200 8780 193
0:0:0:0:0:0:0:1 - - [08/Sep/2022:11:45:10 +0530] "GET /Eedu/startQuiz/RAS/INDIAN%20ECONOMICS/2 HTTP/1.1" 200 8780 3008
0:0:0:0:0:0:0:1 - - [08/Sep/2022:14:27:08 +0530] "GET /css/quiz.css HTTP/1.1" 200 1192 114
0:0:0:0:0:0:0:1 - - [08/Sep/2022:14:29:33 +0530] "GET /Eedu/startQuiz/RAS/INDIAN%20ECONOMICS/2 HTTP/1.1" 200 8780 3162
0:0:0:0:0:0:0:1 - - [08/Sep/2022:14:43:00 +0530] "GET /Eedu/showQuiz/RAS/INDIAN%20ECONOMICS HTTP/1.1" 200 6442 3065
0:0:0:0:0:0:0:1 - - [08/Sep/2022:14:43:04 +0530] "GET /Eedu/showQuiz/ HTTP/1.1" 404 306 152
0:0:0:0:0:0:0:1 - - [08/Sep/2022:14:43:08 +0530] "GET /Eedu/ HTTP/1.1" 200 43704 149
0:0:0:0:0:0:0:1 - - [08/Sep/2022:14:43:12 +0530] "GET /Eedu/compitation/RAS HTTP/1.1" 200 41365 215
0:0:0:0:0:0:0:1 - - [08/Sep/2022:14:43:29 +0530] "GET /Eedu/compitation/NEET HTTP/1.1" 200 270 70
0:0:0:0:0:0:0:1 - - [08/Sep/2022:14:43:34 +0530] "GET /Eedu/compitation/RAS HTTP/1.1" 200 41365 80
0:0:0:0:0:0:0:1 - - [08/Sep/2022:14:47:43 +0530] "GET /Eedu/ HTTP/1.1" 200 43704 3028
0:0:0:0:0:0:0:1 - - [08/Sep/2022:14:47:45 +0530] "GET /Eedu/compitation/RAS HTTP/1.1" 200 41365 231
0:0:0:0:0:0:0:1 - - [08/Sep/2022:14:47:48 +0530] "GET /Eedu/showQuiz/RAS/INDIAN%20ECONOMICS HTTP/1.1" 200 16957 238
0:0:0:0:0:0:0:1 - - [08/Sep/2022:14:48:12 +0530] "GET /Eedu/compitation/RAS HTTP/1.1" 200 41365 84
0:0:0:0:0:0:0:1 - - [08/Sep/2022:14:48:15 +0530] "GET /Eedu/showQuiz/RAS/INDIAN%20ECONOMICS HTTP/1.1" 200 16957 56
0:0:0:0:0:0:0:1 - - [08/Sep/2022:14:48:34 +0530] "GET /Eedu/startQuiz/RAS/INDIAN%20ECONOMICS/2 HTTP/1.1" 200 8780 104
0:0:0:0:0:0:0:1 - - [08/Sep/2022:14:48:34 +0530] "GET /css/quiz.css HTTP/1.1" 200 1234 68
0:0:0:0:0:0:0:1 - - [08/Sep/2022:14:56:36 +0530] "GET /Eedu/ HTTP/1.1" 200 43704 3278
0:0:0:0:0:0:0:1 - - [08/Sep/2022:14:56:38 +0530] "GET /Eedu/compitation/RAS HTTP/1.1" 200 41365 220
0:0:0:0:0:0:0:1 - - [08/Sep/2022:14:56:42 +0530] "GET /Eedu/showQuiz/RAS/INDIAN%20ECONOMICS HTTP/1.1" 200 16961 235
0:0:0:0:0:0:0:1 - - [08/Sep/2022:15:01:06 +0530] "GET /Eedu/showQuiz/RAS/INDIAN%20ECONOMICS HTTP/1.1" 200 16961 132
0:0:0:0:0:0:0:1 - - [08/Sep/2022:15:06:52 +0530] "GET /Eedu/ HTTP/1.1" 200 43704 3181
0:0:0:0:0:0:0:1 - - [08/Sep/2022:15:07:48 +0530] "GET /Eedu/compitation/RAS HTTP/1.1" 200 41365 269
0:0:0:0:0:0:0:1 - - [08/Sep/2022:15:08:19 +0530] "GET /Eedu/showQuiz/RAS/INDIAN%20ECONOMICS HTTP/1.1" 200 16942 164
0:0:0:0:0:0:0:1 - - [08/Sep/2022:15:11:28 +0530] "GET /Eedu/showQuiz/RAS/INDIAN%20ECONOMICS HTTP/1.1" 200 16988 2946
0:0:0:0:0:0:0:1 - - [08/Sep/2022:15:13:13 +0530] "GET /Eedu/showQuiz/RAS/INDIAN%20ECONOMICS HTTP/1.1" 200 17012 3070
0:0:0:0:0:0:0:1 - - [08/Sep/2022:15:14:28 +0530] "GET /Eedu/showQuiz/RAS/INDIAN%20ECONOMICS HTTP/1.1" 200 17008 3015
0:0:0:0:0:0:0:1 - - [08/Sep/2022:15:35:49 +0530] "GET /css/Estyle.css HTTP/1.1" 304 - 31
0:0:0:0:0:0:0:1 - - [08/Sep/2022:15:35:49 +0530] "GET /Eedu/ HTTP/1.1" 200 43763 2835
0:0:0:0:0:0:0:1 - - [08/Sep/2022:15:41:45 +0530] "GET /Eedu/ HTTP/1.1" 200 43788 2864
0:0:0:0:0:0:0:1 - - [08/Sep/2022:15:42:11 +0530] "GET /Eedu/compitation/REET HTTP/1.1" 200 293 194
0:0:0:0:0:0:0:1 - - [08/Sep/2022:15:42:40 +0530] "GET /Eedu/compitation/RAS HTTP/1.1" 200 41412 124
0:0:0:0:0:0:0:1 - - [08/Sep/2022:15:42:50 +0530] "GET /Eedu/showQuiz/RAS/INDIAN%20ECONOMICS HTTP/1.1" 200 16988 148
0:0:0:0:0:0:0:1 - - [08/Sep/2022:15:42:55 +0530] "GET /Eedu/showQuiz/RAS/INDIAN%20ECONOMICS HTTP/1.1" 200 16988 49
0:0:0:0:0:0:0:1 - - [08/Sep/2022:15:42:57 +0530] "GET /Eedu/startQuiz/RAS/INDIAN%20ECONOMICS/1 HTTP/1.1" 200 3132 100
0:0:0:0:0:0:0:1 - - [08/Sep/2022:15:42:57 +0530] "GET /css/quiz.css HTTP/1.1" 200 1244 56
0:0:0:0:0:0:0:1 - - [08/Sep/2022:15:43:02 +0530] "POST /Eedu/saveQuiz/RAS/INDIAN%20ECONOMICS/1 HTTP/1.1" 302 - 200
0:0:0:0:0:0:0:1 - - [08/Sep/2022:15:43:02 +0530] "GET /Eedu/ HTTP/1.1" 200 43788 43
0:0:0:0:0:0:0:1 - - [08/Sep/2022:17:22:24 +0530] "GET /Eedu/ HTTP/1.1" 200 43788 3194
0:0:0:0:0:0:0:1 - - [08/Sep/2022:17:22:38 +0530] "GET /Eedu/compitation/RAS HTTP/1.1" 200 41412 211
0:0:0:0:0:0:0:1 - - [08/Sep/2022:17:22:40 +0530] "GET /Eedu/showQuiz/RAS/INDIAN%20ECONOMICS HTTP/1.1" 200 17196 227
0:0:0:0:0:0:0:1 - - [08/Sep/2022:17:22:43 +0530] "GET /Eedu/showScoreBoard/RAS/INDIAN%20ECONOMICS/2 HTTP/1.1" 200 1751 78
0:0:0:0:0:0:0:1 - - [08/Sep/2022:17:22:43 +0530] "GET /vendor/datatables/dataTables.bootstrap4.min.css HTTP/1.1" 200 5222 58
0:0:0:0:0:0:0:1 - - [08/Sep/2022:17:22:43 +0530] "GET /vendor/datatables/dataTables.bootstrap4.min.js HTTP/1.1" 200 2085 55
0:0:0:0:0:0:0:1 - - [08/Sep/2022:17:22:43 +0530] "GET /vendor/datatables/jquery.dataTables.min.js HTTP/1.1" 200 82411 55
0:0:0:0:0:0:0:1 - - [08/Sep/2022:17:22:43 +0530] "GET /js/demo/datatables-demo.js HTTP/1.1" 200 103 57
0:0:0:0:0:0:0:1 - - [08/Sep/2022:22:37:18 +0530] "GET /Eedu/ HTTP/1.1" 200 43788 2863
0:0:0:0:0:0:0:1 - - [08/Sep/2022:22:37:18 +0530] "GET /css/Estyle.css HTTP/1.1" 200 2752 57
0:0:0:0:0:0:0:1 - - [08/Sep/2022:22:37:23 +0530] "GET /Eedu/ HTTP/1.1" 200 43788 92
0:0:0:0:0:0:0:1 - - [08/Sep/2022:22:37:29 +0530] "GET /Eedu/compitation/RAS HTTP/1.1" 200 41412 260
0:0:0:0:0:0:0:1 - - [08/Sep/2022:22:37:40 +0530] "GET /Eedu/showQuiz/RAS/INDIAN%20ECONOMICS HTTP/1.1" 200 17196 199
0:0:0:0:0:0:0:1 - - [08/Sep/2022:22:37:44 +0530] "GET /Eedu/showScoreBoard/RAS/INDIAN%20ECONOMICS/2 HTTP/1.1" 200 1751 84
0:0:0:0:0:0:0:1 - - [08/Sep/2022:22:37:44 +0530] "GET /vendor/datatables/dataTables.bootstrap4.min.css HTTP/1.1" 304 - 50
0:0:0:0:0:0:0:1 - - [08/Sep/2022:22:37:44 +0530] "GET /vendor/datatables/jquery.dataTables.min.js HTTP/1.1" 304 - 38
0:0:0:0:0:0:0:1 - - [08/Sep/2022:22:37:44 +0530] "GET /js/demo/datatables-demo.js HTTP/1.1" 304 - 36
0:0:0:0:0:0:0:1 - - [08/Sep/2022:22:37:44 +0530] "GET /vendor/datatables/dataTables.bootstrap4.min.js HTTP/1.1" 304 - 38
0:0:0:0:0:0:0:1 - - [08/Sep/2022:22:38:24 +0530] "GET /Eedu/showScoreBoard/RAS/INDIAN%20ECONOMICS/2 HTTP/1.1" 200 1751 63
0:0:0:0:0:0:0:1 - - [08/Sep/2022:22:38:26 +0530] "GET /Eedu/showScoreBoard/RAS/INDIAN%20ECONOMICS/2 HTTP/1.1" 200 1751 43
0:0:0:0:0:0:0:1 - - [08/Sep/2022:22:38:27 +0530] "GET /Eedu/showScoreBoard/RAS/INDIAN%20ECONOMICS/2 HTTP/1.1" 200 1751 107
0:0:0:0:0:0:0:1 - - [08/Sep/2022:22:39:28 +0530] "GET /Eedu/ HTTP/1.1" 200 43788 2834
0:0:0:0:0:0:0:1 - - [08/Sep/2022:22:39:51 +0530] "GET /Eedu/compitation/RAS HTTP/1.1" 200 41412 319
0:0:0:0:0:0:0:1 - - [08/Sep/2022:22:39:57 +0530] "GET /Eedu/showQuiz/RAS/INDIAN%20ECONOMICS HTTP/1.1" 200 17196 220
0:0:0:0:0:0:0:1 - - [08/Sep/2022:22:40:04 +0530] "GET /Eedu/showScoreBoard/RAS/INDIAN%20ECONOMICS/1 HTTP/1.1" 200 1751 61
0:0:0:0:0:0:0:1 - - [08/Sep/2022:22:40:23 +0530] "GET /Eedu/showScoreBoard/RAS/INDIAN%20ECONOMICS/1 HTTP/1.1" 200 1751 76
0:0:0:0:0:0:0:1 - - [08/Sep/2022:22:40:29 +0530] "GET /Eedu/showScoreBoard/RAS/INDIAN%20ECONOMICS/1 HTTP/1.1" 200 1751 41
0:0:0:0:0:0:0:1 - - [08/Sep/2022:22:50:14 +0530] "GET /Eedu/ HTTP/1.1" 200 43788 2865
0:0:0:0:0:0:0:1 - - [08/Sep/2022:22:50:17 +0530] "GET /Eedu/compitation/RAS HTTP/1.1" 200 41412 236
0:0:0:0:0:0:0:1 - - [08/Sep/2022:22:50:18 +0530] "GET /Eedu/showQuiz/RAS/INDIAN%20ECONOMICS HTTP/1.1" 200 17196 188
0:0:0:0:0:0:0:1 - - [08/Sep/2022:22:50:22 +0530] "GET /Eedu/showScoreBoard/RAS/INDIAN%20ECONOMICS/2 HTTP/1.1" 200 1901 119
0:0:0:0:0:0:0:1 - - [08/Sep/2022:22:50:52 +0530] "GET /Eedu/showScoreBoard/RAS/INDIAN%20ECONOMICS/2 HTTP/1.1" 200 1901 70
0:0:0:0:0:0:0:1 - - [08/Sep/2022:22:53:35 +0530] "GET /Eedu/ HTTP/1.1" 200 43788 2942
0:0:0:0:0:0:0:1 - - [08/Sep/2022:22:53:38 +0530] "GET /Eedu/ HTTP/1.1" 200 43788 117
0:0:0:0:0:0:0:1 - - [08/Sep/2022:22:54:08 +0530] "GET /Eedu/ HTTP/1.1" 200 43788 2730
0:0:0:0:0:0:0:1 - - [08/Sep/2022:23:05:56 +0530] "GET /Eedu/ HTTP/1.1" 200 43788 2831
0:0:0:0:0:0:0:1 - - [08/Sep/2022:23:05:58 +0530] "GET /Eedu/compitation/RAS HTTP/1.1" 200 41412 212
0:0:0:0:0:0:0:1 - - [08/Sep/2022:23:05:59 +0530] "GET /Eedu/showQuiz/RAS/INDIAN%20ECONOMICS HTTP/1.1" 200 17196 241
0:0:0:0:0:0:0:1 - - [08/Sep/2022:23:06:01 +0530] "GET /Eedu/showScoreBoard/RAS/INDIAN%20ECONOMICS/2 HTTP/1.1" 200 1901 102
0:0:0:0:0:0:0:1 - - [08/Sep/2022:23:08:17 +0530] "GET /Eedu/ HTTP/1.1" 200 43788 2931
0:0:0:0:0:0:0:1 - - [08/Sep/2022:23:08:19 +0530] "GET /Eedu/compitation/RAS HTTP/1.1" 200 41412 201
0:0:0:0:0:0:0:1 - - [08/Sep/2022:23:08:20 +0530] "GET /Eedu/showQuiz/RAS/INDIAN%20ECONOMICS HTTP/1.1" 200 17196 225
0:0:0:0:0:0:0:1 - - [08/Sep/2022:23:08:22 +0530] "GET /Eedu/showScoreBoard/RAS/INDIAN%20ECONOMICS/2 HTTP/1.1" 200 1915 100
0:0:0:0:0:0:0:1 - - [08/Sep/2022:23:09:35 +0530] "GET /Eedu/ HTTP/1.1" 200 43788 3030
0:0:0:0:0:0:0:1 - - [08/Sep/2022:23:09:37 +0530] "GET /Eedu/compitation/RAS HTTP/1.1" 200 41412 225
0:0:0:0:0:0:0:1 - - [08/Sep/2022:23:09:39 +0530] "GET /Eedu/showQuiz/RAS/INDIAN%20ECONOMICS HTTP/1.1" 200 17196 213
0:0:0:0:0:0:0:1 - - [08/Sep/2022:23:09:40 +0530] "GET /Eedu/showScoreBoard/RAS/INDIAN%20ECONOMICS/2 HTTP/1.1" 200 1871 91
0:0:0:0:0:0:0:1 - - [08/Sep/2022:23:11:40 +0530] "GET /Eedu/ HTTP/1.1" 200 43788 2701
0:0:0:0:0:0:0:1 - - [08/Sep/2022:23:11:55 +0530] "GET /Eedu/compitation/RAS HTTP/1.1" 200 41412 222
0:0:0:0:0:0:0:1 - - [08/Sep/2022:23:11:57 +0530] "GET /Eedu/showQuiz/RAS/INDIAN%20ECONOMICS HTTP/1.1" 200 17196 181
0:0:0:0:0:0:0:1 - - [08/Sep/2022:23:11:58 +0530] "GET /Eedu/showScoreBoard/RAS/INDIAN%20ECONOMICS/2 HTTP/1.1" 200 1871 121
0:0:0:0:0:0:0:1 - - [08/Sep/2022:23:13:13 +0530] "GET /Eedu/ HTTP/1.1" 200 43788 2790
0:0:0:0:0:0:0:1 - - [08/Sep/2022:23:13:14 +0530] "GET /Eedu/compitation/RAS HTTP/1.1" 200 41412 274
0:0:0:0:0:0:0:1 - - [08/Sep/2022:23:13:16 +0530] "GET /Eedu/showQuiz/RAS/INDIAN%20ECONOMICS HTTP/1.1" 200 17196 194
0:0:0:0:0:0:0:1 - - [08/Sep/2022:23:13:17 +0530] "GET /Eedu/showScoreBoard/RAS/INDIAN%20ECONOMICS/2 HTTP/1.1" 200 1871 109
0:0:0:0:0:0:0:1 - - [08/Sep/2022:23:14:56 +0530] "GET /Eedu/ HTTP/1.1" 200 43788 2575
0:0:0:0:0:0:0:1 - - [08/Sep/2022:23:14:58 +0530] "GET /Eedu/compitation/RAS HTTP/1.1" 200 41412 226
0:0:0:0:0:0:0:1 - - [08/Sep/2022:23:15:00 +0530] "GET /Eedu/showQuiz/RAS/INDIAN%20ECONOMICS HTTP/1.1" 200 17196 181
0:0:0:0:0:0:0:1 - - [08/Sep/2022:23:15:01 +0530] "GET /Eedu/showScoreBoard/RAS/INDIAN%20ECONOMICS/2 HTTP/1.1" 200 2343 102
0:0:0:0:0:0:0:1 - - [08/Sep/2022:23:37:49 +0530] "GET /Eedu/ HTTP/1.1" 200 43788 2885
0:0:0:0:0:0:0:1 - - [08/Sep/2022:23:37:49 +0530] "GET /css/Estyle.css HTTP/1.1" 200 2751 62
0:0:0:0:0:0:0:1 - - [08/Sep/2022:23:38:00 +0530] "GET /Eedu/compitation/RAS HTTP/1.1" 200 41412 242
0:0:0:0:0:0:0:1 - - [08/Sep/2022:23:38:02 +0530] "GET /Eedu/showQuiz/RAS/INDIAN%20ECONOMICS HTTP/1.1" 200 17196 186
0:0:0:0:0:0:0:1 - - [08/Sep/2022:23:38:04 +0530] "GET /Eedu/showScoreBoard/RAS/INDIAN%20ECONOMICS/2 HTTP/1.1" 200 2565 98
0:0:0:0:0:0:0:1 - - [08/Sep/2022:23:46:59 +0530] "GET /Eedu/ HTTP/1.1" 200 43788 2333
0:0:0:0:0:0:0:1 - - [08/Sep/2022:23:46:59 +0530] "GET /css/Estyle.css HTTP/1.1" 304 - 48
0:0:0:0:0:0:0:1 - - [08/Sep/2022:23:47:01 +0530] "GET /Eedu/compitation/RAS HTTP/1.1" 200 41412 269
0:0:0:0:0:0:0:1 - - [08/Sep/2022:23:47:03 +0530] "GET /Eedu/showQuiz/RAS/INDIAN%20ECONOMICS HTTP/1.1" 200 17196 162
0:0:0:0:0:0:0:1 - - [08/Sep/2022:23:47:06 +0530] "GET /Eedu/showScoreBoard/RAS/INDIAN%20ECONOMICS/2 HTTP/1.1" 200 2565 112
0:0:0:0:0:0:0:1 - - [08/Sep/2022:23:48:56 +0530] "GET /Eedu/compitation/CUREENT%20AFFAIRS HTTP/1.1" 200 293 146
0:0:0:0:0:0:0:1 - - [08/Sep/2022:23:52:45 +0530] "GET /Eedu/ HTTP/1.1" 200 43788 2782
0:0:0:0:0:0:0:1 - - [08/Sep/2022:23:52:45 +0530] "GET /css/Estyle.css HTTP/1.1" 304 - 38
0:0:0:0:0:0:0:1 - - [08/Sep/2022:23:52:49 +0530] "GET /Eedu/compitation/LDC-HIGHCOURT HTTP/1.1" 200 270 207
0:0:0:0:0:0:0:1 - - [08/Sep/2022:23:53:01 +0530] "GET /Eedu/showQuiz/LDC-HIGHCOURT/ HTTP/1.1" 404 306 133
0:0:0:0:0:0:0:1 - - [08/Sep/2022:23:53:07 +0530] "GET /Eedu/showQuiz/LDC-HIGHCOURT/ HTTP/1.1" 404 306 71
0:0:0:0:0:0:0:1 - - [08/Sep/2022:23:55:06 +0530] "GET /Eedu/ HTTP/1.1" 200 43788 3096
0:0:0:0:0:0:0:1 - - [08/Sep/2022:23:55:06 +0530] "GET /css/Estyle.css HTTP/1.1" 200 2751 50
0:0:0:0:0:0:0:1 - - [08/Sep/2022:23:55:07 +0530] "GET /favicon.ico HTTP/1.1" 200 946 95
0:0:0:0:0:0:0:1 - - [08/Sep/2022:23:55:17 +0530] "GET /Eedu/compitation/LDC-HIGHCOURT HTTP/1.1" 200 246 222
0:0:0:0:0:0:0:1 - - [08/Sep/2022:23:55:21 +0530] "GET /Eedu/ HTTP/1.1" 200 43788 92
0:0:0:0:0:0:0:1 - - [08/Sep/2022:23:55:24 +0530] "GET /Eedu/compitation/REET HTTP/1.1" 200 237 60
0:0:0:0:0:0:0:1 - - [08/Sep/2022:23:55:27 +0530] "GET /Eedu/ HTTP/1.1" 200 43788 40
0:0:0:0:0:0:0:1 - - [08/Sep/2022:23:55:30 +0530] "GET /Eedu/compitation/CUREENT%20AFFAIRS HTTP/1.1" 200 248 72
0:0:0:0:0:0:0:1 - - [08/Sep/2022:23:55:34 +0530] "GET /Eedu/ HTTP/1.1" 200 43788 98
0:0:0:0:0:0:0:1 - - [08/Sep/2022:23:55:36 +0530] "GET /Eedu/compitation/VDO(GRAMSEVAK) HTTP/1.1" 200 247 48
0:0:0:0:0:0:0:1 - - [08/Sep/2022:23:55:38 +0530] "GET /Eedu/ HTTP/1.1" 200 43788 53
0:0:0:0:0:0:0:1 - - [08/Sep/2022:23:55:39 +0530] "GET /Eedu/compitation/RAS HTTP/1.1" 200 41412 57
0:0:0:0:0:0:0:1 - - [08/Sep/2022:23:55:48 +0530] "GET /Eedu/showQuiz/RAS/INDIAN%20ECONOMICS HTTP/1.1" 200 17196 130
