0:0:0:0:0:0:0:1 - - [27/Aug/2022:15:01:22 +0530] "GET / HTTP/1.1" 200 2233 2883
0:0:0:0:0:0:0:1 - - [27/Aug/2022:15:01:22 +0530] "GET /script.js HTTP/1.1" 200 2049 69
0:0:0:0:0:0:0:1 - - [27/Aug/2022:15:01:22 +0530] "GET /style.css HTTP/1.1" 200 2881 69
0:0:0:0:0:0:0:1 - - [27/Aug/2022:15:01:46 +0530] "GET / HTTP/1.1" 200 2233 83
0:0:0:0:0:0:0:1 - - [27/Aug/2022:15:01:51 +0530] "GET /Admin/compitation/RAS HTTP/1.1" 200 17504 406
0:0:0:0:0:0:0:1 - - [27/Aug/2022:15:01:51 +0530] "GET /css/Estyle.css HTTP/1.1" 304 - 25
0:0:0:0:0:0:0:1 - - [27/Aug/2022:15:01:55 +0530] "GET /Admin/createQuiz/RAS/INDIAN%20ECONOMICS HTTP/1.1" 200 14787 195
0:0:0:0:0:0:0:1 - - [27/Aug/2022:15:01:55 +0530] "GET /js/sb-admin-2.min.js HTTP/1.1" 200 1106 12
0:0:0:0:0:0:0:1 - - [27/Aug/2022:15:01:55 +0530] "GET /js/template.js HTTP/1.1" 200 - 12
0:0:0:0:0:0:0:1 - - [27/Aug/2022:15:01:55 +0530] "GET /vendor/jquery/jquery.min.js HTTP/1.1" 200 86927 18
0:0:0:0:0:0:0:1 - - [27/Aug/2022:15:01:55 +0530] "GET /vendor/fontawesome-free/css/all.min.css HTTP/1.1" 200 68848 44
0:0:0:0:0:0:0:1 - - [27/Aug/2022:15:01:55 +0530] "GET /css/sb-admin-2.min.css HTTP/1.1" 200 256692 47
0:0:0:0:0:0:0:1 - - [27/Aug/2022:15:01:55 +0530] "GET /vendor/bootstrap/js/bootstrap.bundle.min.js HTTP/1.1" 200 78635 28
0:0:0:0:0:0:0:1 - - [27/Aug/2022:15:01:55 +0530] "GET /vendor/jquery-easing/jquery.easing.min.js HTTP/1.1" 200 2532 15
0:0:0:0:0:0:0:1 - - [27/Aug/2022:15:01:55 +0530] "GET /vendor/fontawesome-free/webfonts/fa-solid-900.woff2 HTTP/1.1" 200 74348 55
0:0:0:0:0:0:0:1 - - [27/Aug/2022:15:02:06 +0530] "GET /Eedu/ HTTP/1.1" 200 43704 147
0:0:0:0:0:0:0:1 - - [27/Aug/2022:15:02:09 +0530] "GET /Eedu/compitation/RAS HTTP/1.1" 200 20411 113
0:0:0:0:0:0:0:1 - - [27/Aug/2022:15:02:10 +0530] "GET /Eedu/showQuiz/RAS/STATE%20POLITY HTTP/1.1" 200 3345 92
0:0:0:0:0:0:0:1 - - [27/Aug/2022:15:02:12 +0530] "GET /Eedu/startQuiz/RAS/STATE%20POLITY/1 HTTP/1.1" 500 410 174
0:0:0:0:0:0:0:1 - - [27/Aug/2022:15:06:35 +0530] "GET /Eedu/ HTTP/1.1" 200 43704 2933
0:0:0:0:0:0:0:1 - - [27/Aug/2022:15:06:37 +0530] "GET /Eedu/compitation/RAS HTTP/1.1" 200 20411 224
0:0:0:0:0:0:0:1 - - [27/Aug/2022:15:06:39 +0530] "GET /Eedu/showQuiz/RAS/STATE%20POLITY HTTP/1.1" 200 3345 182
0:0:0:0:0:0:0:1 - - [27/Aug/2022:15:07:01 +0530] "GET /Eedu/startQuiz/RAS/STATE%20POLITY/1 HTTP/1.1" 500 410 20984
0:0:0:0:0:0:0:1 - - [27/Aug/2022:15:09:57 +0530] "GET /Eedu/ HTTP/1.1" 200 43704 2835
0:0:0:0:0:0:0:1 - - [27/Aug/2022:15:10:09 +0530] "GET /Eedu/compitation/RAS HTTP/1.1" 200 20411 227
0:0:0:0:0:0:0:1 - - [27/Aug/2022:15:10:12 +0530] "GET /Eedu/showQuiz/RAS/STATE%20POLITY HTTP/1.1" 200 3345 153
0:0:0:0:0:0:0:1 - - [27/Aug/2022:15:10:13 +0530] "GET /Eedu/startQuiz/RAS/STATE%20POLITY/1 HTTP/1.1" 500 410 179
0:0:0:0:0:0:0:1 - - [27/Aug/2022:15:17:29 +0530] "GET /Eedu/ HTTP/1.1" 200 43704 2806
0:0:0:0:0:0:0:1 - - [27/Aug/2022:15:17:30 +0530] "GET /Eedu/compitation/RAS HTTP/1.1" 200 20411 233
0:0:0:0:0:0:0:1 - - [27/Aug/2022:15:17:31 +0530] "GET /Eedu/showQuiz/RAS/STATE%20POLITY HTTP/1.1" 200 3345 171
0:0:0:0:0:0:0:1 - - [27/Aug/2022:15:17:32 +0530] "GET /Eedu/startQuiz/RAS/STATE%20POLITY/1 HTTP/1.1" 500 410 187
0:0:0:0:0:0:0:1 - - [27/Aug/2022:15:18:54 +0530] "GET /Eedu/ HTTP/1.1" 200 43704 2105
0:0:0:0:0:0:0:1 - - [27/Aug/2022:15:18:56 +0530] "GET /Eedu/compitation/RAS HTTP/1.1" 200 20411 279
0:0:0:0:0:0:0:1 - - [27/Aug/2022:15:18:57 +0530] "GET /Eedu/showQuiz/RAS/STATE%20POLITY HTTP/1.1" 200 3345 192
0:0:0:0:0:0:0:1 - - [27/Aug/2022:15:23:15 +0530] "GET /Eedu/startQuiz/RAS/STATE%20POLITY/1 HTTP/1.1" 500 410 256310
0:0:0:0:0:0:0:1 - - [27/Aug/2022:17:00:02 +0530] "GET /Eedu/ HTTP/1.1" 200 43704 2046
0:0:0:0:0:0:0:1 - - [27/Aug/2022:17:00:03 +0530] "GET /Eedu/compitation/RAS HTTP/1.1" 200 20411 207
0:0:0:0:0:0:0:1 - - [27/Aug/2022:17:00:05 +0530] "GET /Eedu/showQuiz/RAS/STATE%20POLITY HTTP/1.1" 200 3345 209
0:0:0:0:0:0:0:1 - - [27/Aug/2022:17:00:06 +0530] "GET /Eedu/startQuiz/RAS/STATE%20POLITY/1 HTTP/1.1" 200 426 86
0:0:0:0:0:0:0:1 - - [27/Aug/2022:17:00:06 +0530] "GET /css/startQuizStyle.css HTTP/1.1" 200 11011 45
0:0:0:0:0:0:0:1 - - [27/Aug/2022:17:00:06 +0530] "GET /js/startQuizScript.js HTTP/1.1" 200 10881 29
0:0:0:0:0:0:0:1 - - [27/Aug/2022:17:30:53 +0530] "GET /Admin/compitation/RAS HTTP/1.1" 200 17504 352
0:0:0:0:0:0:0:1 - - [27/Aug/2022:17:31:00 +0530] "GET /Admin/createQuiz/RAS/HINDI HTTP/1.1" 200 14754 294
0:0:0:0:0:0:0:1 - - [27/Aug/2022:17:32:41 +0530] "POST /Admin/saveQuiz HTTP/1.1" 302 - 237
0:0:0:0:0:0:0:1 - - [27/Aug/2022:17:32:41 +0530] "GET /Admin/ HTTP/1.1" 200 39427 81
0:0:0:0:0:0:0:1 - - [27/Aug/2022:17:32:49 +0530] "GET /Eedu/ HTTP/1.1" 200 43704 54
0:0:0:0:0:0:0:1 - - [27/Aug/2022:17:32:53 +0530] "GET /Eedu/compitation/RAS HTTP/1.1" 200 20411 69
0:0:0:0:0:0:0:1 - - [27/Aug/2022:17:32:55 +0530] "GET /Eedu/showQuiz/RAS/HINDI HTTP/1.1" 200 3329 95
0:0:0:0:0:0:0:1 - - [27/Aug/2022:17:33:01 +0530] "GET /Eedu/startQuiz/RAS/HINDI/1 HTTP/1.1" 200 426 119
0:0:0:0:0:0:0:1 - - [27/Aug/2022:17:33:01 +0530] "GET /css/startQuizStyle.css HTTP/1.1" 304 - 15
0:0:0:0:0:0:0:1 - - [27/Aug/2022:17:33:01 +0530] "GET /js/startQuizScript.js HTTP/1.1" 304 - 7
0:0:0:0:0:0:0:1 - - [27/Aug/2022:17:33:50 +0530] "GET /Eedu/compitation/RAS HTTP/1.1" 200 20411 3177
0:0:0:0:0:0:0:1 - - [27/Aug/2022:17:33:53 +0530] "GET /Eedu/showQuiz/RAS/HINDI HTTP/1.1" 200 3329 177
0:0:0:0:0:0:0:1 - - [27/Aug/2022:17:33:54 +0530] "GET /Eedu/startQuiz/RAS/HINDI/1 HTTP/1.1" 200 426 160
0:0:0:0:0:0:0:1 - - [27/Aug/2022:17:34:50 +0530] "GET /Admin/createQuiz/RAS/ENGLISH HTTP/1.1" 200 14760 223
0:0:0:0:0:0:0:1 - - [27/Aug/2022:17:35:47 +0530] "POST /Admin/saveQuiz HTTP/1.1" 302 - 178
0:0:0:0:0:0:0:1 - - [27/Aug/2022:17:35:47 +0530] "GET /Admin/ HTTP/1.1" 200 39427 79
0:0:0:0:0:0:0:1 - - [27/Aug/2022:17:35:58 +0530] "GET /Eedu/ HTTP/1.1" 200 43704 93
0:0:0:0:0:0:0:1 - - [27/Aug/2022:17:36:00 +0530] "GET /Eedu/compitation/RAS HTTP/1.1" 200 20411 72
0:0:0:0:0:0:0:1 - - [27/Aug/2022:17:36:02 +0530] "GET /Eedu/showQuiz/RAS/ENGLISH HTTP/1.1" 200 3333 60
0:0:0:0:0:0:0:1 - - [27/Aug/2022:17:36:03 +0530] "GET /Eedu/startQuiz/RAS/ENGLISH/1 HTTP/1.1" 200 426 106
0:0:0:0:0:0:0:1 - - [27/Aug/2022:17:37:53 +0530] "GET /Eedu/ HTTP/1.1" 200 43704 3028
0:0:0:0:0:0:0:1 - - [27/Aug/2022:17:37:59 +0530] "GET /Eedu/compitation/RAS HTTP/1.1" 200 20411 216
0:0:0:0:0:0:0:1 - - [27/Aug/2022:17:38:01 +0530] "GET /Eedu/showQuiz/RAS/ENGLISH HTTP/1.1" 200 3333 187
0:0:0:0:0:0:0:1 - - [27/Aug/2022:17:38:24 +0530] "GET /Eedu/startQuiz/RAS/ENGLISH/1 HTTP/1.1" 200 426 21437
0:0:0:0:0:0:0:1 - - [27/Aug/2022:17:38:25 +0530] "GET /css/startQuizStyle.css HTTP/1.1" 304 - 75
0:0:0:0:0:0:0:1 - - [27/Aug/2022:17:38:25 +0530] "GET /js/startQuizScript.js HTTP/1.1" 200 9512 84
0:0:0:0:0:0:0:1 - - [27/Aug/2022:17:39:17 +0530] "GET /Eedu/ HTTP/1.1" 200 43704 3042
0:0:0:0:0:0:0:1 - - [27/Aug/2022:17:39:19 +0530] "GET /Eedu/compitation/RAS HTTP/1.1" 200 20411 228
0:0:0:0:0:0:0:1 - - [27/Aug/2022:17:39:22 +0530] "GET /Eedu/showQuiz/RAS/ENGLISH HTTP/1.1" 200 3333 215
0:0:0:0:0:0:0:1 - - [27/Aug/2022:17:39:23 +0530] "GET /Eedu/startQuiz/RAS/ENGLISH/1 HTTP/1.1" 200 426 103
0:0:0:0:0:0:0:1 - - [27/Aug/2022:17:39:23 +0530] "GET /js/startQuizScript.js HTTP/1.1" 304 - 39
0:0:0:0:0:0:0:1 - - [27/Aug/2022:17:57:24 +0530] "GET /Eedu/ HTTP/1.1" 200 43704 2757
0:0:0:0:0:0:0:1 - - [27/Aug/2022:17:57:24 +0530] "GET /css/Estyle.css HTTP/1.1" 304 - 42
0:0:0:0:0:0:0:1 - - [27/Aug/2022:17:57:30 +0530] "GET /Eedu/compitation/RAS HTTP/1.1" 200 20411 253
0:0:0:0:0:0:0:1 - - [27/Aug/2022:17:57:33 +0530] "GET /Eedu/showQuiz/RAS/ENGLISH HTTP/1.1" 200 3333 129
0:0:0:0:0:0:0:1 - - [27/Aug/2022:17:57:34 +0530] "GET /Eedu/startQuiz/RAS/ENGLISH/1 HTTP/1.1" 200 426 79
0:0:0:0:0:0:0:1 - - [27/Aug/2022:17:57:34 +0530] "GET /css/startQuizStyle.css HTTP/1.1" 304 - 23
0:0:0:0:0:0:0:1 - - [27/Aug/2022:17:57:34 +0530] "GET /js/startQuizScript.js HTTP/1.1" 200 9520 35
0:0:0:0:0:0:0:1 - - [27/Aug/2022:17:59:28 +0530] "GET /Eedu/ HTTP/1.1" 200 43704 2574
0:0:0:0:0:0:0:1 - - [27/Aug/2022:17:59:29 +0530] "GET /Eedu/compitation/RAS HTTP/1.1" 200 20411 246
0:0:0:0:0:0:0:1 - - [27/Aug/2022:17:59:32 +0530] "GET /Eedu/showQuiz/RAS/ENGLISH HTTP/1.1" 200 3333 135
0:0:0:0:0:0:0:1 - - [27/Aug/2022:17:59:33 +0530] "GET /Eedu/startQuiz/RAS/ENGLISH/1 HTTP/1.1" 200 426 93
0:0:0:0:0:0:0:1 - - [27/Aug/2022:17:59:33 +0530] "GET /js/startQuizScript.js HTTP/1.1" 200 9541 35
