0:0:0:0:0:0:0:1 - - [06/Sep/2022:14:51:34 +0530] "GET /Eedu/ HTTP/1.1" 200 43704 3100
0:0:0:0:0:0:0:1 - - [06/Sep/2022:14:51:34 +0530] "GET /css/Estyle.css HTTP/1.1" 200 2547 51
0:0:0:0:0:0:0:1 - - [06/Sep/2022:14:51:39 +0530] "GET /Eedu/compitation/RAS HTTP/1.1" 200 20411 234
0:0:0:0:0:0:0:1 - - [06/Sep/2022:14:51:39 +0530] "GET /css/Estyle.css HTTP/1.1" 304 - 21
0:0:0:0:0:0:0:1 - - [06/Sep/2022:14:51:45 +0530] "GET /Eedu/showQuiz/RAS/INDIAN%20POLITY HTTP/1.1" 200 3347 180
0:0:0:0:0:0:0:1 - - [06/Sep/2022:14:51:45 +0530] "GET /css/Estyle.css HTTP/1.1" 304 - 12
0:0:0:0:0:0:0:1 - - [06/Sep/2022:15:13:52 +0530] "GET /Eedu/ HTTP/1.1" 200 43704 2897
0:0:0:0:0:0:0:1 - - [06/Sep/2022:15:13:52 +0530] "GET /css/Estyle.css HTTP/1.1" 200 2547 72
0:0:0:0:0:0:0:1 - - [06/Sep/2022:15:21:51 +0530] "GET /Eedu/ HTTP/1.1" 200 43704 3323
0:0:0:0:0:0:0:1 - - [06/Sep/2022:15:21:51 +0530] "GET /css/Estyle.css HTTP/1.1" 404 124 126
0:0:0:0:0:0:0:1 - - [06/Sep/2022:15:21:58 +0530] "GET /Eedu/ HTTP/1.1" 200 43704 112
0:0:0:0:0:0:0:1 - - [06/Sep/2022:15:21:58 +0530] "GET /css/Estyle.css HTTP/1.1" 404 124 27
0:0:0:0:0:0:0:1 - - [06/Sep/2022:15:22:06 +0530] "GET /Eedu/ HTTP/1.1" 200 43704 109
0:0:0:0:0:0:0:1 - - [06/Sep/2022:15:22:06 +0530] "GET /css/Estyle.css HTTP/1.1" 404 124 23
0:0:0:0:0:0:0:1 - - [06/Sep/2022:15:22:28 +0530] "GET /Eedu/compitation/RAS HTTP/1.1" 200 20411 536
0:0:0:0:0:0:0:1 - - [06/Sep/2022:15:22:28 +0530] "GET /css/Estyle.css HTTP/1.1" 404 124 49
0:0:0:0:0:0:0:1 - - [06/Sep/2022:15:22:31 +0530] "GET /Eedu/showQuiz/RAS/ENGLISH HTTP/1.1" 200 3333 139
0:0:0:0:0:0:0:1 - - [06/Sep/2022:15:22:32 +0530] "GET /css/Estyle.css HTTP/1.1" 404 124 17
0:0:0:0:0:0:0:1 - - [06/Sep/2022:15:22:42 +0530] "GET /Eedu/startQuiz/RAS/ENGLISH/1 HTTP/1.1" 500 444 145
0:0:0:0:0:0:0:1 - - [06/Sep/2022:15:23:46 +0530] "GET /Eedu/ HTTP/1.1" 200 43704 2899
0:0:0:0:0:0:0:1 - - [06/Sep/2022:15:23:46 +0530] "GET /css/Estyle.css HTTP/1.1" 200 2547 54
0:0:0:0:0:0:0:1 - - [06/Sep/2022:15:23:54 +0530] "GET /Eedu/compitation/RAS HTTP/1.1" 200 20411 239
0:0:0:0:0:0:0:1 - - [06/Sep/2022:15:23:56 +0530] "GET /Eedu/showQuiz/RAS/ENGLISH HTTP/1.1" 200 3333 166
0:0:0:0:0:0:0:1 - - [06/Sep/2022:16:44:05 +0530] "GET / HTTP/1.1" 200 2233 2786
0:0:0:0:0:0:0:1 - - [06/Sep/2022:16:44:05 +0530] "GET /style.css HTTP/1.1" 200 2881 65
0:0:0:0:0:0:0:1 - - [06/Sep/2022:16:44:05 +0530] "GET /script.js HTTP/1.1" 200 2049 51
0:0:0:0:0:0:0:1 - - [06/Sep/2022:16:44:18 +0530] "GET /Admin/compitation/RAS HTTP/1.1" 200 17504 339
0:0:0:0:0:0:0:1 - - [06/Sep/2022:16:44:18 +0530] "GET /css/Estyle.css HTTP/1.1" 304 - 25
0:0:0:0:0:0:0:1 - - [06/Sep/2022:16:44:22 +0530] "GET /Admin/createQuiz/RAS/GEOGRAPHY HTTP/1.1" 200 14766 199
0:0:0:0:0:0:0:1 - - [06/Sep/2022:16:44:22 +0530] "GET /css/sb-admin-2.min.css HTTP/1.1" 200 256692 73
0:0:0:0:0:0:0:1 - - [06/Sep/2022:16:44:22 +0530] "GET /vendor/bootstrap/js/bootstrap.bundle.min.js HTTP/1.1" 200 78635 58
0:0:0:0:0:0:0:1 - - [06/Sep/2022:16:44:22 +0530] "GET /vendor/fontawesome-free/css/all.min.css HTTP/1.1" 200 68848 75
0:0:0:0:0:0:0:1 - - [06/Sep/2022:16:44:22 +0530] "GET /vendor/jquery/jquery.min.js HTTP/1.1" 200 86927 63
0:0:0:0:0:0:0:1 - - [06/Sep/2022:16:44:22 +0530] "GET /js/sb-admin-2.min.js HTTP/1.1" 200 1106 68
0:0:0:0:0:0:0:1 - - [06/Sep/2022:16:44:22 +0530] "GET /vendor/jquery-easing/jquery.easing.min.js HTTP/1.1" 200 2532 69
0:0:0:0:0:0:0:1 - - [06/Sep/2022:16:44:22 +0530] "GET /js/template.js HTTP/1.1" 200 - 15
0:0:0:0:0:0:0:1 - - [06/Sep/2022:16:44:35 +0530] "POST /Admin/saveQuiz HTTP/1.1" 302 - 112
0:0:0:0:0:0:0:1 - - [06/Sep/2022:16:44:35 +0530] "GET /Admin/ HTTP/1.1" 200 39427 68
0:0:0:0:0:0:0:1 - - [06/Sep/2022:16:46:07 +0530] "GET /Eedu/ HTTP/1.1" 200 43704 154
0:0:0:0:0:0:0:1 - - [06/Sep/2022:16:46:09 +0530] "GET /Eedu/compitation/RAS HTTP/1.1" 200 20411 72
0:0:0:0:0:0:0:1 - - [06/Sep/2022:16:46:11 +0530] "GET /Eedu/showQuiz/RAS/GEOGRAPHY HTTP/1.1" 200 3337 90
0:0:0:0:0:0:0:1 - - [06/Sep/2022:16:46:12 +0530] "GET /Eedu/startQuiz/RAS/GEOGRAPHY/1 HTTP/1.1" 500 413 155
0:0:0:0:0:0:0:1 - - [06/Sep/2022:16:53:42 +0530] "GET /Eedu/ HTTP/1.1" 200 43704 2753
0:0:0:0:0:0:0:1 - - [06/Sep/2022:16:53:42 +0530] "GET /css/Estyle.css HTTP/1.1" 304 - 26
0:0:0:0:0:0:0:1 - - [06/Sep/2022:16:53:51 +0530] "GET /Eedu/compitation/RAS HTTP/1.1" 200 20411 220
0:0:0:0:0:0:0:1 - - [06/Sep/2022:16:53:56 +0530] "GET /Eedu/showQuiz/RAS/GEOGRAPHY HTTP/1.1" 200 3337 179
0:0:0:0:0:0:0:1 - - [06/Sep/2022:16:53:57 +0530] "GET /Eedu/startQuiz/RAS/GEOGRAPHY/1 HTTP/1.1" 200 3222 78
0:0:0:0:0:0:0:1 - - [06/Sep/2022:16:53:57 +0530] "GET /css/quiz.css HTTP/1.1" 404 144 79
0:0:0:0:0:0:0:1 - - [06/Sep/2022:16:54:03 +0530] "POST /saveQuiz/%7Bcourse%7D/%7Bsubject%7D/%7BquizNumber%7D(course=$%7Bcourse%7D,subject=$%7Bsubject%7D,quizNumber=$%7BquizNumber%7D)%7D HTTP/1.1" 404 306 111
0:0:0:0:0:0:0:1 - - [06/Sep/2022:17:01:08 +0530] "GET /Eedu/ HTTP/1.1" 200 43704 3143
0:0:0:0:0:0:0:1 - - [06/Sep/2022:17:01:10 +0530] "GET /Eedu/compitation/RAS HTTP/1.1" 200 20411 184
0:0:0:0:0:0:0:1 - - [06/Sep/2022:17:01:13 +0530] "GET /Eedu/showQuiz/RAS/GEOGRAPHY HTTP/1.1" 200 3337 199
0:0:0:0:0:0:0:1 - - [06/Sep/2022:17:01:14 +0530] "GET /Eedu/startQuiz/RAS/GEOGRAPHY/1 HTTP/1.1" 200 3222 123
0:0:0:0:0:0:0:1 - - [06/Sep/2022:17:01:14 +0530] "GET /css/quiz.css HTTP/1.1" 404 144 75
0:0:0:0:0:0:0:1 - - [06/Sep/2022:17:01:19 +0530] "POST /saveQuiz/%7Bcourse%7D/%7Bsubject%7D/%7BquizNumber%7D(course=$%7Bcourse%7D,subject=$%7Bsubject%7D,quizNumber=$%7BquizNumber%7D)%7D HTTP/1.1" 404 306 125
0:0:0:0:0:0:0:1 - - [06/Sep/2022:17:02:41 +0530] "GET /Eedu/ HTTP/1.1" 200 43704 3049
0:0:0:0:0:0:0:1 - - [06/Sep/2022:17:02:43 +0530] "GET /Eedu/compitation/RAS HTTP/1.1" 200 20411 193
0:0:0:0:0:0:0:1 - - [06/Sep/2022:17:02:45 +0530] "GET /Eedu/showQuiz/RAS/GEOGRAPHY HTTP/1.1" 200 3337 171
0:0:0:0:0:0:0:1 - - [06/Sep/2022:17:02:46 +0530] "GET /Eedu/startQuiz/RAS/GEOGRAPHY/1 HTTP/1.1" 200 3227 141
0:0:0:0:0:0:0:1 - - [06/Sep/2022:17:02:47 +0530] "GET /css/quiz.css HTTP/1.1" 404 144 96
0:0:0:0:0:0:0:1 - - [06/Sep/2022:17:02:51 +0530] "POST /Eedu/saveQuiz/%7Bcourse%7D/%7Bsubject%7D/%7BquizNumber%7D(course=$%7Bcourse%7D,subject=$%7Bsubject%7D,quizNumber=$%7BquizNumber%7D)%7D HTTP/1.1" 500 318 161
0:0:0:0:0:0:0:1 - - [06/Sep/2022:17:05:51 +0530] "GET /Eedu/ HTTP/1.1" 200 43704 3154
0:0:0:0:0:0:0:1 - - [06/Sep/2022:17:05:51 +0530] "GET /css/Estyle.css HTTP/1.1" 304 - 37
0:0:0:0:0:0:0:1 - - [06/Sep/2022:17:05:52 +0530] "GET /Eedu/compitation/RAS HTTP/1.1" 200 20411 262
0:0:0:0:0:0:0:1 - - [06/Sep/2022:17:05:55 +0530] "GET /Eedu/showQuiz/RAS/GEOGRAPHY HTTP/1.1" 200 3337 198
0:0:0:0:0:0:0:1 - - [06/Sep/2022:17:05:56 +0530] "GET /Eedu/startQuiz/RAS/GEOGRAPHY/1 HTTP/1.1" 200 3227 94
0:0:0:0:0:0:0:1 - - [06/Sep/2022:17:05:56 +0530] "GET /css/quiz.css HTTP/1.1" 404 144 79
0:0:0:0:0:0:0:1 - - [06/Sep/2022:17:06:02 +0530] "POST /Eedu/saveQuiz/%7Bcourse%7D/%7Bsubject%7D/%7BquizNumber%7D(course=$%7Bcourse%7D,subject=$%7Bsubject%7D,quizNumber=$%7BquizNumber%7D)%7D HTTP/1.1" 500 318 141
0:0:0:0:0:0:0:1 - - [06/Sep/2022:17:16:15 +0530] "GET /Eedu/ HTTP/1.1" 200 43704 2697
0:0:0:0:0:0:0:1 - - [06/Sep/2022:17:16:17 +0530] "GET /Eedu/compitation/RAS HTTP/1.1" 200 20411 262
0:0:0:0:0:0:0:1 - - [06/Sep/2022:17:16:19 +0530] "GET /Eedu/showQuiz/RAS/GEOGRAPHY HTTP/1.1" 200 3337 161
0:0:0:0:0:0:0:1 - - [06/Sep/2022:17:16:21 +0530] "GET /Eedu/startQuiz/RAS/GEOGRAPHY/1 HTTP/1.1" 200 3227 124
0:0:0:0:0:0:0:1 - - [06/Sep/2022:17:16:21 +0530] "GET /css/quiz.css HTTP/1.1" 200 562 34
0:0:0:0:0:0:0:1 - - [06/Sep/2022:17:16:27 +0530] "POST /Eedu/saveQuiz/%7Bcourse%7D/%7Bsubject%7D/%7BquizNumber%7D(course=$%7Bcourse%7D,subject=$%7Bsubject%7D,quizNumber=$%7BquizNumber%7D)%7D HTTP/1.1" 500 318 146
0:0:0:0:0:0:0:1 - - [06/Sep/2022:17:19:02 +0530] "GET /Eedu/startQuiz/ HTTP/1.1" 404 306 305
0:0:0:0:0:0:0:1 - - [06/Sep/2022:17:19:11 +0530] "GET /Eedu/ HTTP/1.1" 200 43704 2967
0:0:0:0:0:0:0:1 - - [06/Sep/2022:17:19:11 +0530] "GET /css/Estyle.css HTTP/1.1" 304 - 47
0:0:0:0:0:0:0:1 - - [06/Sep/2022:17:19:12 +0530] "GET /Eedu/compitation/RAS HTTP/1.1" 200 20411 234
0:0:0:0:0:0:0:1 - - [06/Sep/2022:17:19:15 +0530] "GET /Eedu/showQuiz/RAS/GEOGRAPHY HTTP/1.1" 200 3337 97
0:0:0:0:0:0:0:1 - - [06/Sep/2022:17:19:16 +0530] "GET /Eedu/startQuiz/RAS/GEOGRAPHY/1 HTTP/1.1" 200 3227 137
0:0:0:0:0:0:0:1 - - [06/Sep/2022:17:19:16 +0530] "GET /css/quiz.css HTTP/1.1" 304 - 22
0:0:0:0:0:0:0:1 - - [06/Sep/2022:17:19:20 +0530] "POST /Eedu/saveQuiz/%7Bcourse%7D/%7Bsubject%7D/%7BquizNumber%7D(course=$%7Bcourse%7D,subject=$%7Bsubject%7D,quizNumber=$%7BquizNumber%7D)%7D HTTP/1.1" 500 318 155
0:0:0:0:0:0:0:1 - - [06/Sep/2022:17:19:56 +0530] "GET /Admin/compitation/RAS HTTP/1.1" 200 17504 162
0:0:0:0:0:0:0:1 - - [06/Sep/2022:17:20:01 +0530] "GET /Admin/createQuiz/RAS/INDIAN%20ECONOMICS HTTP/1.1" 200 14787 183
0:0:0:0:0:0:0:1 - - [06/Sep/2022:17:20:01 +0530] "GET /vendor/fontawesome-free/css/all.min.css HTTP/1.1" 304 - 59
0:0:0:0:0:0:0:1 - - [06/Sep/2022:17:20:01 +0530] "GET /css/sb-admin-2.min.css HTTP/1.1" 304 - 60
0:0:0:0:0:0:0:1 - - [06/Sep/2022:17:20:01 +0530] "GET /js/sb-admin-2.min.js HTTP/1.1" 304 - 41
0:0:0:0:0:0:0:1 - - [06/Sep/2022:17:20:01 +0530] "GET /vendor/bootstrap/js/bootstrap.bundle.min.js HTTP/1.1" 304 - 44
0:0:0:0:0:0:0:1 - - [06/Sep/2022:17:20:01 +0530] "GET /vendor/jquery/jquery.min.js HTTP/1.1" 304 - 67
0:0:0:0:0:0:0:1 - - [06/Sep/2022:17:20:01 +0530] "GET /vendor/jquery-easing/jquery.easing.min.js HTTP/1.1" 304 - 57
0:0:0:0:0:0:0:1 - - [06/Sep/2022:17:20:01 +0530] "GET /js/template.js HTTP/1.1" 304 - 22
0:0:0:0:0:0:0:1 - - [06/Sep/2022:17:21:08 +0530] "POST /Admin/saveQuiz HTTP/1.1" 302 - 165
0:0:0:0:0:0:0:1 - - [06/Sep/2022:17:21:08 +0530] "GET /Admin/ HTTP/1.1" 200 39427 73
0:0:0:0:0:0:0:1 - - [06/Sep/2022:17:21:17 +0530] "GET /Eedu/ HTTP/1.1" 200 43704 58
0:0:0:0:0:0:0:1 - - [06/Sep/2022:17:21:19 +0530] "GET /Eedu/compitation/RAS HTTP/1.1" 200 20411 53
0:0:0:0:0:0:0:1 - - [06/Sep/2022:17:21:21 +0530] "GET /Eedu/showQuiz/RAS/INDIAN%20ECONOMICS HTTP/1.1" 200 3353 40
0:0:0:0:0:0:0:1 - - [06/Sep/2022:17:21:24 +0530] "GET /Eedu/startQuiz/RAS/INDIAN%20ECONOMICS/1 HTTP/1.1" 200 3227 48
0:0:0:0:0:0:0:1 - - [06/Sep/2022:17:21:24 +0530] "GET /css/quiz.css HTTP/1.1" 304 - 12
0:0:0:0:0:0:0:1 - - [06/Sep/2022:17:21:28 +0530] "POST /Eedu/saveQuiz/%7Bcourse%7D/%7Bsubject%7D/%7BquizNumber%7D(course=$%7Bcourse%7D,subject=$%7Bsubject%7D,quizNumber=$%7BquizNumber%7D)%7D HTTP/1.1" 500 318 99
0:0:0:0:0:0:0:1 - - [06/Sep/2022:17:22:03 +0530] "POST /Eedu/saveQuiz/%7Bcourse%7D/%7Bsubject%7D/%7BquizNumber%7D(course=$%7Bcourse%7D,subject=$%7Bsubject%7D,quizNumber=$%7BquizNumber%7D)%7D HTTP/1.1" 500 318 75
0:0:0:0:0:0:0:1 - - [06/Sep/2022:17:23:53 +0530] "GET /Eedu/ HTTP/1.1" 200 43704 2878
0:0:0:0:0:0:0:1 - - [06/Sep/2022:17:23:55 +0530] "GET /Eedu/compitation/RAS HTTP/1.1" 200 20411 211
0:0:0:0:0:0:0:1 - - [06/Sep/2022:17:23:56 +0530] "GET /Eedu/showQuiz/RAS/INDIAN%20ECONOMICS HTTP/1.1" 200 3353 214
0:0:0:0:0:0:0:1 - - [06/Sep/2022:17:23:57 +0530] "GET /Eedu/startQuiz/RAS/INDIAN%20ECONOMICS/1 HTTP/1.1" 200 3227 109
0:0:0:0:0:0:0:1 - - [06/Sep/2022:17:23:57 +0530] "GET /css/quiz.css HTTP/1.1" 304 - 21
0:0:0:0:0:0:0:1 - - [06/Sep/2022:17:24:03 +0530] "POST /Eedu/saveQuiz/%7Bcourse%7D/%7Bsubject%7D/%7BquizNumber%7D(course=$%7Bcourse%7D,subject=$%7Bsubject%7D,quizNumber=$%7BquizNumber%7D)%7D HTTP/1.1" 302 - 109
0:0:0:0:0:0:0:1 - - [06/Sep/2022:17:24:03 +0530] "GET /Eedu/showQuiz/%7Bcourse%7D/%7Bsubject%7D HTTP/1.1" 200 270 25
0:0:0:0:0:0:0:1 - - [06/Sep/2022:17:26:32 +0530] "GET /Eedu/ HTTP/1.1" 200 43704 2514
0:0:0:0:0:0:0:1 - - [06/Sep/2022:17:26:36 +0530] "GET /Eedu/compitation/RAS HTTP/1.1" 200 20411 203
0:0:0:0:0:0:0:1 - - [06/Sep/2022:17:26:37 +0530] "GET /Eedu/showQuiz/RAS/INDIAN%20ECONOMICS HTTP/1.1" 200 3353 206
0:0:0:0:0:0:0:1 - - [06/Sep/2022:17:26:38 +0530] "GET /Eedu/startQuiz/RAS/INDIAN%20ECONOMICS/1 HTTP/1.1" 200 3227 130
0:0:0:0:0:0:0:1 - - [06/Sep/2022:17:26:38 +0530] "GET /css/quiz.css HTTP/1.1" 304 - 23
0:0:0:0:0:0:0:1 - - [06/Sep/2022:17:26:43 +0530] "POST /Eedu/saveQuiz/%7Bcourse%7D/%7Bsubject%7D/%7BquizNumber%7D(course=$%7Bcourse%7D,subject=$%7Bsubject%7D,quizNumber=$%7BquizNumber%7D)%7D HTTP/1.1" 302 - 107
0:0:0:0:0:0:0:1 - - [06/Sep/2022:17:26:43 +0530] "GET /Eedu/ HTTP/1.1" 200 43704 33
0:0:0:0:0:0:0:1 - - [06/Sep/2022:17:27:16 +0530] "GET /Eedu/compitation/RAS HTTP/1.1" 200 20411 72
0:0:0:0:0:0:0:1 - - [06/Sep/2022:17:27:18 +0530] "GET /Eedu/showQuiz/RAS/INDIAN%20ECONOMICS HTTP/1.1" 200 3353 55
0:0:0:0:0:0:0:1 - - [06/Sep/2022:17:27:18 +0530] "GET /Eedu/startQuiz/RAS/INDIAN%20ECONOMICS/1 HTTP/1.1" 200 3227 98
