0:0:0:0:0:0:0:1 - - [07/Sep/2022:15:30:42 +0530] "GET /css/Estyle.css HTTP/1.1" 304 - 77
0:0:0:0:0:0:0:1 - - [07/Sep/2022:15:30:42 +0530] "GET /Eedu/ HTTP/1.1" 200 43704 2708
0:0:0:0:0:0:0:1 - - [07/Sep/2022:15:30:46 +0530] "GET /Eedu/compitation/RAS HTTP/1.1" 200 20411 253
0:0:0:0:0:0:0:1 - - [07/Sep/2022:15:30:50 +0530] "GET /Eedu/showQuiz/RAS/INDIAN%20ECONOMICS HTTP/1.1" 200 3353 153
0:0:0:0:0:0:0:1 - - [07/Sep/2022:15:30:51 +0530] "GET /Eedu/startQuiz/RAS/INDIAN%20ECONOMICS/1 HTTP/1.1" 200 3227 102
0:0:0:0:0:0:0:1 - - [07/Sep/2022:15:30:51 +0530] "GET /css/quiz.css HTTP/1.1" 200 566 34
0:0:0:0:0:0:0:1 - - [07/Sep/2022:15:31:03 +0530] "POST /Eedu/saveQuiz/%7Bcourse%7D/%7Bsubject%7D/%7BquizNumber%7D(course=$%7Bcourse%7D,subject=$%7Bsubject%7D,quizNumber=$%7BquizNumber%7D)%7D HTTP/1.1" 302 - 143
0:0:0:0:0:0:0:1 - - [07/Sep/2022:15:31:03 +0530] "GET /Eedu/ HTTP/1.1" 200 43704 57
0:0:0:0:0:0:0:1 - - [07/Sep/2022:15:32:28 +0530] "GET /Eedu/ HTTP/1.1" 200 43704 2767
0:0:0:0:0:0:0:1 - - [07/Sep/2022:15:32:28 +0530] "GET /favicon.ico HTTP/1.1" 304 - 19
0:0:0:0:0:0:0:1 - - [07/Sep/2022:15:32:30 +0530] "GET /Eedu/compitation/RAS HTTP/1.1" 200 20411 230
0:0:0:0:0:0:0:1 - - [07/Sep/2022:15:32:32 +0530] "GET /Eedu/showQuiz/RAS/INDIAN%20ECONOMICS HTTP/1.1" 200 3353 174
0:0:0:0:0:0:0:1 - - [07/Sep/2022:15:32:33 +0530] "GET /Eedu/startQuiz/RAS/INDIAN%20ECONOMICS/1 HTTP/1.1" 200 3227 139
0:0:0:0:0:0:0:1 - - [07/Sep/2022:15:32:33 +0530] "GET /css/quiz.css HTTP/1.1" 304 - 17
0:0:0:0:0:0:0:1 - - [07/Sep/2022:15:32:39 +0530] "POST /Eedu/saveQuiz/%7Bcourse%7D/%7Bsubject%7D/%7BquizNumber%7D(course=$%7Bcourse%7D,subject=$%7Bsubject%7D,quizNumber=$%7BquizNumber%7D)%7D HTTP/1.1" 302 - 107
0:0:0:0:0:0:0:1 - - [07/Sep/2022:15:32:39 +0530] "GET /Eedu/ HTTP/1.1" 200 43704 29
0:0:0:0:0:0:0:1 - - [07/Sep/2022:16:46:02 +0530] "GET /Eedu/ HTTP/1.1" 200 43704 3193
0:0:0:0:0:0:0:1 - - [07/Sep/2022:16:46:03 +0530] "GET /Eedu/compitation/RAS HTTP/1.1" 200 20411 187
0:0:0:0:0:0:0:1 - - [07/Sep/2022:16:46:07 +0530] "GET /Eedu/showQuiz/RAS/INDIAN%20ECONOMICS HTTP/1.1" 200 3353 256
0:0:0:0:0:0:0:1 - - [07/Sep/2022:16:46:08 +0530] "GET /Eedu/startQuiz/RAS/INDIAN%20ECONOMICS/1 HTTP/1.1" 200 3213 362
0:0:0:0:0:0:0:1 - - [07/Sep/2022:16:46:08 +0530] "GET /css/quiz.css HTTP/1.1" 304 - 21
0:0:0:0:0:0:0:1 - - [07/Sep/2022:16:46:13 +0530] "POST /Eedu/saveQuiz/%7Bcourse%7D/%7Bsubject%7D/%7BquizNumber%7D(course=$%7Bcourse%7D,subject=$%7Bsubject%7D,quizNumber=$%7BquizNumber%7D)%7D HTTP/1.1" 302 - 117
0:0:0:0:0:0:0:1 - - [07/Sep/2022:16:46:13 +0530] "GET /Eedu/ HTTP/1.1" 200 43704 46
0:0:0:0:0:0:0:1 - - [07/Sep/2022:17:07:00 +0530] "GET /Eedu/ HTTP/1.1" 200 43704 2878
0:0:0:0:0:0:0:1 - - [07/Sep/2022:17:07:03 +0530] "GET /Eedu/compitation/RAS HTTP/1.1" 200 20411 242
0:0:0:0:0:0:0:1 - - [07/Sep/2022:17:07:06 +0530] "GET /Eedu/showQuiz/RAS/INDIAN%20ECONOMICS HTTP/1.1" 200 3353 222
0:0:0:0:0:0:0:1 - - [07/Sep/2022:17:07:06 +0530] "GET /Eedu/startQuiz/RAS/INDIAN%20ECONOMICS/1 HTTP/1.1" 200 3213 127
0:0:0:0:0:0:0:1 - - [07/Sep/2022:17:07:06 +0530] "GET /css/quiz.css HTTP/1.1" 304 - 17
0:0:0:0:0:0:0:1 - - [07/Sep/2022:17:07:11 +0530] "POST /Eedu/saveQuiz/%7Bcourse%7D/%7Bsubject%7D/%7BquizNumber%7D(course=$%7Bcourse%7D,subject=$%7Bsubject%7D,quizNumber=$%7BquizNumber%7D)%7D HTTP/1.1" 302 - 153
0:0:0:0:0:0:0:1 - - [07/Sep/2022:17:07:11 +0530] "GET /Eedu/ HTTP/1.1" 200 43704 37
0:0:0:0:0:0:0:1 - - [07/Sep/2022:17:11:34 +0530] "GET /Eedu/ HTTP/1.1" 200 43704 2940
0:0:0:0:0:0:0:1 - - [07/Sep/2022:17:11:35 +0530] "GET /Eedu/compitation/RAS HTTP/1.1" 200 20411 220
0:0:0:0:0:0:0:1 - - [07/Sep/2022:17:11:37 +0530] "GET /Eedu/showQuiz/RAS/INDIAN%20ECONOMICS HTTP/1.1" 200 3353 226
0:0:0:0:0:0:0:1 - - [07/Sep/2022:17:11:38 +0530] "GET /Eedu/startQuiz/RAS/INDIAN%20ECONOMICS/1 HTTP/1.1" 200 3213 125
0:0:0:0:0:0:0:1 - - [07/Sep/2022:17:11:42 +0530] "POST /Eedu/saveQuiz/%7Bcourse%7D/%7Bsubject%7D/%7BquizNumber%7D(course=$%7Bcourse%7D,subject=$%7Bsubject%7D,quizNumber=$%7BquizNumber%7D)%7D HTTP/1.1" 302 - 174
0:0:0:0:0:0:0:1 - - [07/Sep/2022:17:11:42 +0530] "GET /Eedu/ HTTP/1.1" 200 43704 59
0:0:0:0:0:0:0:1 - - [07/Sep/2022:17:14:46 +0530] "GET /Eedu/ HTTP/1.1" 200 43704 2737
0:0:0:0:0:0:0:1 - - [07/Sep/2022:17:14:48 +0530] "GET /Eedu/compitation/RAS HTTP/1.1" 200 20411 284
0:0:0:0:0:0:0:1 - - [07/Sep/2022:17:14:51 +0530] "GET /Eedu/showQuiz/RAS/INDIAN%20ECONOMICS HTTP/1.1" 200 3353 143
0:0:0:0:0:0:0:1 - - [07/Sep/2022:17:14:52 +0530] "GET /Eedu/startQuiz/RAS/INDIAN%20ECONOMICS/1 HTTP/1.1" 200 3143 105
0:0:0:0:0:0:0:1 - - [07/Sep/2022:17:14:58 +0530] "POST /Eedu/saveQuiz/RAS/INDIAN%20ECONOMICS/1 HTTP/1.1" 302 - 189
0:0:0:0:0:0:0:1 - - [07/Sep/2022:17:14:58 +0530] "GET /Eedu/ HTTP/1.1" 200 43704 47
0:0:0:0:0:0:0:1 - - [07/Sep/2022:17:19:01 +0530] "GET /Admin/compitation/RAS HTTP/1.1" 200 17504 176
0:0:0:0:0:0:0:1 - - [07/Sep/2022:17:19:04 +0530] "GET /Admin/createQuiz/RAS/INDIAN%20ECONOMICS HTTP/1.1" 200 14787 160
0:0:0:0:0:0:0:1 - - [07/Sep/2022:17:19:04 +0530] "GET /vendor/jquery/jquery.min.js HTTP/1.1" 304 - 55
0:0:0:0:0:0:0:1 - - [07/Sep/2022:17:19:04 +0530] "GET /vendor/bootstrap/js/bootstrap.bundle.min.js HTTP/1.1" 304 - 47
0:0:0:0:0:0:0:1 - - [07/Sep/2022:17:19:04 +0530] "GET /vendor/fontawesome-free/css/all.min.css HTTP/1.1" 304 - 63
0:0:0:0:0:0:0:1 - - [07/Sep/2022:17:19:04 +0530] "GET /vendor/jquery-easing/jquery.easing.min.js HTTP/1.1" 304 - 46
0:0:0:0:0:0:0:1 - - [07/Sep/2022:17:19:04 +0530] "GET /js/sb-admin-2.min.js HTTP/1.1" 304 - 53
0:0:0:0:0:0:0:1 - - [07/Sep/2022:17:19:04 +0530] "GET /js/template.js HTTP/1.1" 304 - 20
0:0:0:0:0:0:0:1 - - [07/Sep/2022:17:19:04 +0530] "GET /css/sb-admin-2.min.css HTTP/1.1" 200 256692 76
0:0:0:0:0:0:0:1 - - [07/Sep/2022:17:19:04 +0530] "GET /vendor/fontawesome-free/webfonts/fa-solid-900.woff2 HTTP/1.1" 200 74348 21
0:0:0:0:0:0:0:1 - - [07/Sep/2022:17:19:17 +0530] "POST /Admin/saveQuiz HTTP/1.1" 302 - 102
0:0:0:0:0:0:0:1 - - [07/Sep/2022:17:19:17 +0530] "GET /Admin/ HTTP/1.1" 200 39427 56
0:0:0:0:0:0:0:1 - - [07/Sep/2022:17:19:22 +0530] "GET /Eedu/ HTTP/1.1" 200 43704 89
0:0:0:0:0:0:0:1 - - [07/Sep/2022:17:19:23 +0530] "GET /Eedu/compitation/RAS HTTP/1.1" 200 20411 51
0:0:0:0:0:0:0:1 - - [07/Sep/2022:17:19:25 +0530] "GET /Eedu/showQuiz/RAS/INDIAN%20ECONOMICS HTTP/1.1" 200 6442 48
0:0:0:0:0:0:0:1 - - [07/Sep/2022:17:19:35 +0530] "GET /Eedu/startQuiz/RAS/INDIAN%20ECONOMICS/2 HTTP/1.1" 200 8791 69
0:0:0:0:0:0:0:1 - - [07/Sep/2022:17:19:35 +0530] "GET /css/quiz.css HTTP/1.1" 304 - 9
0:0:0:0:0:0:0:1 - - [07/Sep/2022:17:19:57 +0530] "POST /Eedu/saveQuiz/RAS/INDIAN%20ECONOMICS/2 HTTP/1.1" 302 - 58
0:0:0:0:0:0:0:1 - - [07/Sep/2022:17:19:57 +0530] "GET /Eedu/ HTTP/1.1" 200 43704 34
0:0:0:0:0:0:0:1 - - [07/Sep/2022:17:20:44 +0530] "GET /Eedu/compitation/RAS HTTP/1.1" 200 20411 82
0:0:0:0:0:0:0:1 - - [07/Sep/2022:17:20:45 +0530] "GET /Eedu/showQuiz/RAS/INDIAN%20ECONOMICS HTTP/1.1" 200 6442 91
0:0:0:0:0:0:0:1 - - [07/Sep/2022:17:20:46 +0530] "GET /Eedu/startQuiz/RAS/INDIAN%20ECONOMICS/2 HTTP/1.1" 200 8791 59
0:0:0:0:0:0:0:1 - - [07/Sep/2022:17:41:13 +0530] "GET /Eedu/startQuiz/RAS/INDIAN%20ECONOMICS/2 HTTP/1.1" 200 8778 2079
0:0:0:0:0:0:0:1 - - [07/Sep/2022:17:41:13 +0530] "GET /css/quiz.css HTTP/1.1" 200 787 46
0:0:0:0:0:0:0:1 - - [07/Sep/2022:17:42:19 +0530] "GET /Eedu/startQuiz/RAS/INDIAN%20ECONOMICS/2 HTTP/1.1" 200 8778 3077
0:0:0:0:0:0:0:1 - - [07/Sep/2022:17:42:19 +0530] "GET /css/quiz.css HTTP/1.1" 200 787 40
0:0:0:0:0:0:0:1 - - [07/Sep/2022:17:44:34 +0530] "GET /Eedu/startQuiz/RAS/INDIAN%20ECONOMICS/2 HTTP/1.1" 200 8780 2811
0:0:0:0:0:0:0:1 - - [07/Sep/2022:17:44:34 +0530] "GET /css/quiz.css HTTP/1.1" 200 787 39
0:0:0:0:0:0:0:1 - - [07/Sep/2022:17:44:46 +0530] "POST /Eedu/saveQuiz/RAS/INDIAN%20ECONOMICS/2 HTTP/1.1" 302 - 229
0:0:0:0:0:0:0:1 - - [07/Sep/2022:17:44:46 +0530] "GET /Eedu/ HTTP/1.1" 200 43704 98
