0:0:0:0:0:0:0:1 - - [08/Aug/2022:12:11:32 +0530] "GET / HTTP/1.1" 200 2233 2520
0:0:0:0:0:0:0:1 - - [08/Aug/2022:12:11:32 +0530] "GET /style.css HTTP/1.1" 200 2881 55
0:0:0:0:0:0:0:1 - - [08/Aug/2022:12:11:32 +0530] "GET /script.js HTTP/1.1" 200 2049 50
0:0:0:0:0:0:0:1 - - [08/Aug/2022:12:11:45 +0530] "GET /favicon.ico HTTP/1.1" 200 946 93
0:0:0:0:0:0:0:1 - - [08/Aug/2022:12:11:52 +0530] "GET /shop/view HTTP/1.1" 200 14274 173
0:0:0:0:0:0:0:1 - - [08/Aug/2022:12:11:52 +0530] "GET /vendor/datatables/dataTables.bootstrap4.min.css HTTP/1.1" 200 5222 21
0:0:0:0:0:0:0:1 - - [08/Aug/2022:12:11:52 +0530] "GET /css/sb-admin-2.min.css HTTP/1.1" 200 256692 24
0:0:0:0:0:0:0:1 - - [08/Aug/2022:12:11:52 +0530] "GET /vendor/fontawesome-free/css/all.min.css HTTP/1.1" 200 68848 25
0:0:0:0:0:0:0:1 - - [08/Aug/2022:12:11:52 +0530] "GET /img/boy.png HTTP/1.1" 200 28020 28
0:0:0:0:0:0:0:1 - - [08/Aug/2022:12:11:52 +0530] "GET /vendor/jquery/jquery.min.js HTTP/1.1" 200 86927 22
0:0:0:0:0:0:0:1 - - [08/Aug/2022:12:11:52 +0530] "GET /vendor/bootstrap/js/bootstrap.bundle.min.js HTTP/1.1" 200 78635 22
0:0:0:0:0:0:0:1 - - [08/Aug/2022:12:11:52 +0530] "GET /js/sb-admin-2.min.js HTTP/1.1" 200 1106 28
0:0:0:0:0:0:0:1 - - [08/Aug/2022:12:11:52 +0530] "GET /vendor/datatables/dataTables.bootstrap4.min.js HTTP/1.1" 200 2085 26
0:0:0:0:0:0:0:1 - - [08/Aug/2022:12:11:52 +0530] "GET /vendor/datatables/jquery.dataTables.min.js HTTP/1.1" 200 82411 26
0:0:0:0:0:0:0:1 - - [08/Aug/2022:12:11:52 +0530] "GET /js/template.js HTTP/1.1" 200 - 29
0:0:0:0:0:0:0:1 - - [08/Aug/2022:12:11:52 +0530] "GET /vendor/jquery-easing/jquery.easing.min.js HTTP/1.1" 200 2532 28
0:0:0:0:0:0:0:1 - - [08/Aug/2022:12:11:52 +0530] "GET /js/demo/datatables-demo.js HTTP/1.1" 200 103 30
0:0:0:0:0:0:0:1 - - [08/Aug/2022:12:11:52 +0530] "GET /js/property.js HTTP/1.1" 200 1844 29
0:0:0:0:0:0:0:1 - - [08/Aug/2022:12:11:52 +0530] "GET /vendor/fontawesome-free/webfonts/fa-solid-900.woff2 HTTP/1.1" 200 74348 44
0:0:0:0:0:0:0:1 - - [08/Aug/2022:12:11:52 +0530] "GET /img/SDIcon.ico HTTP/1.1" 200 5430 49
0:0:0:0:0:0:0:1 - - [08/Aug/2022:12:12:15 +0530] "GET /user/create HTTP/1.1" 404 306 140
0:0:0:0:0:0:0:1 - - [08/Aug/2022:12:12:47 +0530] "GET / HTTP/1.1" 200 2233 63
0:0:0:0:0:0:0:1 - - [08/Aug/2022:12:12:53 +0530] "GET /shop/view HTTP/1.1" 200 14274 94
0:0:0:0:0:0:0:1 - - [08/Aug/2022:12:12:57 +0530] "GET /admin/bulkUpload HTTP/1.1" 404 306 84
0:0:0:0:0:0:0:1 - - [08/Aug/2022:12:13:02 +0530] "GET /admin/createEvents HTTP/1.1" 404 306 73
0:0:0:0:0:0:0:1 - - [08/Aug/2022:12:13:08 +0530] "GET / HTTP/1.1" 200 2233 89
0:0:0:0:0:0:0:1 - - [08/Aug/2022:12:13:11 +0530] "GET /shop/view HTTP/1.1" 200 14274 101
0:0:0:0:0:0:0:1 - - [08/Aug/2022:12:13:58 +0530] "GET / HTTP/1.1" 200 2233 35
0:0:0:0:0:0:0:1 - - [08/Aug/2022:12:13:58 +0530] "GET /style.css HTTP/1.1" 304 - 12
0:0:0:0:0:0:0:1 - - [08/Aug/2022:12:13:58 +0530] "GET /script.js HTTP/1.1" 304 - 7
0:0:0:0:0:0:0:1 - - [08/Aug/2022:12:14:07 +0530] "GET /shop/view HTTP/1.1" 200 14274 65
0:0:0:0:0:0:0:1 - - [08/Aug/2022:12:14:07 +0530] "GET /vendor/datatables/dataTables.bootstrap4.min.css HTTP/1.1" 304 - 22
0:0:0:0:0:0:0:1 - - [08/Aug/2022:12:14:07 +0530] "GET /css/sb-admin-2.min.css HTTP/1.1" 304 - 22
0:0:0:0:0:0:0:1 - - [08/Aug/2022:12:14:07 +0530] "GET /img/boy.png HTTP/1.1" 304 - 33
0:0:0:0:0:0:0:1 - - [08/Aug/2022:12:14:07 +0530] "GET /vendor/fontawesome-free/css/all.min.css HTTP/1.1" 304 - 33
0:0:0:0:0:0:0:1 - - [08/Aug/2022:12:14:07 +0530] "GET /vendor/bootstrap/js/bootstrap.bundle.min.js HTTP/1.1" 304 - 35
0:0:0:0:0:0:0:1 - - [08/Aug/2022:12:14:07 +0530] "GET /vendor/jquery-easing/jquery.easing.min.js HTTP/1.1" 304 - 24
0:0:0:0:0:0:0:1 - - [08/Aug/2022:12:14:07 +0530] "GET /js/sb-admin-2.min.js HTTP/1.1" 304 - 24
0:0:0:0:0:0:0:1 - - [08/Aug/2022:12:14:07 +0530] "GET /vendor/datatables/jquery.dataTables.min.js HTTP/1.1" 304 - 24
0:0:0:0:0:0:0:1 - - [08/Aug/2022:12:14:07 +0530] "GET /vendor/jquery/jquery.min.js HTTP/1.1" 304 - 34
0:0:0:0:0:0:0:1 - - [08/Aug/2022:12:14:07 +0530] "GET /js/template.js HTTP/1.1" 304 - 20
0:0:0:0:0:0:0:1 - - [08/Aug/2022:12:14:07 +0530] "GET /js/demo/datatables-demo.js HTTP/1.1" 304 - 7
0:0:0:0:0:0:0:1 - - [08/Aug/2022:12:14:07 +0530] "GET /js/property.js HTTP/1.1" 304 - 7
0:0:0:0:0:0:0:1 - - [08/Aug/2022:12:14:07 +0530] "GET /vendor/datatables/dataTables.bootstrap4.min.js HTTP/1.1" 304 - 10
0:0:0:0:0:0:0:1 - - [08/Aug/2022:12:14:07 +0530] "GET /vendor/fontawesome-free/webfonts/fa-solid-900.woff2 HTTP/1.1" 304 - 14
0:0:0:0:0:0:0:1 - - [08/Aug/2022:12:20:45 +0530] "POST /palaceOrder/search HTTP/1.1" 404 306 91
0:0:0:0:0:0:0:1 - - [08/Aug/2022:13:46:54 +0530] "GET / HTTP/1.1" 200 2233 1985
0:0:0:0:0:0:0:1 - - [08/Aug/2022:13:46:54 +0530] "GET /style.css HTTP/1.1" 304 - 44
0:0:0:0:0:0:0:1 - - [08/Aug/2022:13:46:54 +0530] "GET /script.js HTTP/1.1" 304 - 39
0:0:0:0:0:0:0:1 - - [08/Aug/2022:13:47:04 +0530] "GET / HTTP/1.1" 200 2233 74
0:0:0:0:0:0:0:1 - - [08/Aug/2022:13:47:06 +0530] "GET /shop/view HTTP/1.1" 200 14274 209
0:0:0:0:0:0:0:1 - - [08/Aug/2022:13:47:06 +0530] "GET /vendor/datatables/dataTables.bootstrap4.min.css HTTP/1.1" 304 - 37
0:0:0:0:0:0:0:1 - - [08/Aug/2022:13:47:06 +0530] "GET /vendor/fontawesome-free/css/all.min.css HTTP/1.1" 304 - 46
0:0:0:0:0:0:0:1 - - [08/Aug/2022:13:47:06 +0530] "GET /css/sb-admin-2.min.css HTTP/1.1" 304 - 50
0:0:0:0:0:0:0:1 - - [08/Aug/2022:13:47:06 +0530] "GET /js/sb-admin-2.min.js HTTP/1.1" 304 - 25
0:0:0:0:0:0:0:1 - - [08/Aug/2022:13:47:06 +0530] "GET /js/template.js HTTP/1.1" 304 - 24
0:0:0:0:0:0:0:1 - - [08/Aug/2022:13:47:06 +0530] "GET /vendor/bootstrap/js/bootstrap.bundle.min.js HTTP/1.1" 304 - 41
0:0:0:0:0:0:0:1 - - [08/Aug/2022:13:47:06 +0530] "GET /vendor/jquery/jquery.min.js HTTP/1.1" 304 - 40
0:0:0:0:0:0:0:1 - - [08/Aug/2022:13:47:06 +0530] "GET /vendor/jquery-easing/jquery.easing.min.js HTTP/1.1" 304 - 37
0:0:0:0:0:0:0:1 - - [08/Aug/2022:13:47:06 +0530] "GET /img/boy.png HTTP/1.1" 304 - 72
0:0:0:0:0:0:0:1 - - [08/Aug/2022:13:47:06 +0530] "GET /vendor/datatables/dataTables.bootstrap4.min.js HTTP/1.1" 304 - 64
0:0:0:0:0:0:0:1 - - [08/Aug/2022:13:47:06 +0530] "GET /js/property.js HTTP/1.1" 304 - 54
0:0:0:0:0:0:0:1 - - [08/Aug/2022:13:47:06 +0530] "GET /vendor/datatables/jquery.dataTables.min.js HTTP/1.1" 304 - 66
0:0:0:0:0:0:0:1 - - [08/Aug/2022:13:47:06 +0530] "GET /js/demo/datatables-demo.js HTTP/1.1" 304 - 60
0:0:0:0:0:0:0:1 - - [08/Aug/2022:13:47:06 +0530] "GET /vendor/fontawesome-free/webfonts/fa-solid-900.woff2 HTTP/1.1" 304 - 77
0:0:0:0:0:0:0:1 - - [08/Aug/2022:13:47:44 +0530] "GET / HTTP/1.1" 200 2233 3171
0:0:0:0:0:0:0:1 - - [08/Aug/2022:13:47:50 +0530] "GET / HTTP/1.1" 200 2233 86
0:0:0:0:0:0:0:1 - - [08/Aug/2022:13:47:58 +0530] "GET /index HTTP/1.1" 404 306 165
0:0:0:0:0:0:0:1 - - [08/Aug/2022:13:49:39 +0530] "GET /index HTTP/1.1" 404 306 305
0:0:0:0:0:0:0:1 - - [08/Aug/2022:13:49:45 +0530] "GET / HTTP/1.1" 200 25858 327
0:0:0:0:0:0:0:1 - - [08/Aug/2022:13:55:03 +0530] "GET / HTTP/1.1" 200 26042 533
0:0:0:0:0:0:0:1 - - [08/Aug/2022:13:59:29 +0530] "GET / HTTP/1.1" 200 26023 557
0:0:0:0:0:0:0:1 - - [08/Aug/2022:13:59:29 +0530] "GET /style.css HTTP/1.1" 304 - 73
0:0:0:0:0:0:0:1 - - [08/Aug/2022:13:59:29 +0530] "GET /script.js HTTP/1.1" 304 - 76
0:0:0:0:0:0:0:1 - - [08/Aug/2022:13:59:35 +0530] "GET / HTTP/1.1" 200 26023 104
0:0:0:0:0:0:0:1 - - [08/Aug/2022:14:02:08 +0530] "GET / HTTP/1.1" 200 26019 492
0:0:0:0:0:0:0:1 - - [08/Aug/2022:14:04:24 +0530] "GET / HTTP/1.1" 200 26002 541
