0:0:0:0:0:0:0:1 - - [13/Sep/2022:21:20:33 +0530] "GET /Eedu/1 HTTP/1.1" 200 44066 186
0:0:0:0:0:0:0:1 - - [13/Sep/2022:21:20:33 +0530] "GET /css/Estyle.css HTTP/1.1" 304 - 46
0:0:0:0:0:0:0:1 - - [13/Sep/2022:21:20:38 +0530] "GET /Eedu/compitation/RAS/1 HTTP/1.1" 200 41707 67
0:0:0:0:0:0:0:1 - - [13/Sep/2022:21:20:40 +0530] "GET /Eedu/showQuiz/RAS/INDIAN%20ECONOMICS/1 HTTP/1.1" 200 77560 69
0:0:0:0:0:0:0:1 - - [13/Sep/2022:21:20:45 +0530] "GET /css/quiz.css HTTP/1.1" 304 - 15
0:0:0:0:0:0:0:1 - - [13/Sep/2022:21:20:45 +0530] "GET /Eedu/startQuiz/RAS/INDIAN%20ECONOMICS/9/1 HTTP/1.1" 200 18856 105
0:0:0:0:0:0:0:1 - - [13/Sep/2022:21:21:14 +0530] "POST /Eedu/saveQuiz/RAS/INDIAN%20ECONOMICS/9/1 HTTP/1.1" 200 1732 312
0:0:0:0:0:0:0:1 - - [13/Sep/2022:21:21:14 +0530] "GET /css/SuccessStyle.css HTTP/1.1" 304 - 31
0:0:0:0:0:0:0:1 - - [13/Sep/2022:21:21:14 +0530] "GET /js/SuccessJs.js HTTP/1.1" 304 - 32
0:0:0:0:0:0:0:1 - - [13/Sep/2022:21:21:15 +0530] "GET /Eedu/showQuiz/RAS/INDIAN%20ECONOMICS/1 HTTP/1.1" 200 77560 80
0:0:0:0:0:0:0:1 - - [13/Sep/2022:21:21:17 +0530] "GET /Eedu/startQuiz/RAS/INDIAN%20ECONOMICS/9/1 HTTP/1.1" 200 359 46
0:0:0:0:0:0:0:1 - - [13/Sep/2022:21:21:19 +0530] "GET /Eedu/1 HTTP/1.1" 200 44066 56
0:0:0:0:0:0:0:1 - - [13/Sep/2022:21:21:20 +0530] "GET /Eedu/compitation/NEET/1 HTTP/1.1" 200 359 37
0:0:0:0:0:0:0:1 - - [13/Sep/2022:21:21:22 +0530] "GET /Eedu/1 HTTP/1.1" 200 44066 55
0:0:0:0:0:0:0:1 - - [13/Sep/2022:21:21:24 +0530] "GET /Eedu/compitation/CUREENT%20AFFAIRS/1 HTTP/1.1" 200 370 71
0:0:0:0:0:0:0:1 - - [13/Sep/2022:21:21:25 +0530] "GET /Eedu/1 HTTP/1.1" 200 44066 95
0:0:0:0:0:0:0:1 - - [13/Sep/2022:21:21:29 +0530] "GET /Eedu/compitation/POLICE/1 HTTP/1.1" 200 361 143
0:0:0:0:0:0:0:1 - - [13/Sep/2022:21:21:30 +0530] "GET /Eedu/1 HTTP/1.1" 200 44066 58
0:0:0:0:0:0:0:1 - - [13/Sep/2022:21:21:33 +0530] "GET /Eedu/1 HTTP/1.1" 200 44066 51
0:0:0:0:0:0:0:1 - - [13/Sep/2022:21:21:34 +0530] "GET /Eedu/compitation/RAS/1 HTTP/1.1" 200 41707 42
0:0:0:0:0:0:0:1 - - [13/Sep/2022:21:21:42 +0530] "GET /Eedu/showQuiz/RAS/INDIAN%20ECONOMICS/1 HTTP/1.1" 200 77560 39
0:0:0:0:0:0:0:1 - - [13/Sep/2022:21:21:54 +0530] "GET /Eedu/showScoreBoard/RAS/INDIAN%20ECONOMICS/9/1 HTTP/1.1" 200 6312 244
0:0:0:0:0:0:0:1 - - [13/Sep/2022:21:21:54 +0530] "GET /vendor/jquery-easing/jquery.easing.min.js HTTP/1.1" 200 2532 65
0:0:0:0:0:0:0:1 - - [13/Sep/2022:21:21:54 +0530] "GET /css/sb-admin-2.min.css HTTP/1.1" 200 256692 64
0:0:0:0:0:0:0:1 - - [13/Sep/2022:21:21:54 +0530] "GET /vendor/datatables/dataTables.bootstrap4.min.css HTTP/1.1" 200 5222 69
0:0:0:0:0:0:0:1 - - [13/Sep/2022:21:21:54 +0530] "GET /vendor/fontawesome-free/css/all.min.css HTTP/1.1" 200 68848 70
0:0:0:0:0:0:0:1 - - [13/Sep/2022:21:21:54 +0530] "GET /vendor/bootstrap/js/bootstrap.bundle.min.js HTTP/1.1" 200 78635 64
0:0:0:0:0:0:0:1 - - [13/Sep/2022:21:21:54 +0530] "GET /vendor/jquery/jquery.min.js HTTP/1.1" 200 86927 64
0:0:0:0:0:0:0:1 - - [13/Sep/2022:21:21:54 +0530] "GET /js/template.js HTTP/1.1" 200 - 30
0:0:0:0:0:0:0:1 - - [13/Sep/2022:21:21:54 +0530] "GET /vendor/datatables/dataTables.bootstrap4.min.js HTTP/1.1" 200 2085 24
0:0:0:0:0:0:0:1 - - [13/Sep/2022:21:21:54 +0530] "GET /js/demo/datatables-demo.js HTTP/1.1" 200 103 30
0:0:0:0:0:0:0:1 - - [13/Sep/2022:21:21:54 +0530] "GET /img/boy.png HTTP/1.1" 200 28020 49
0:0:0:0:0:0:0:1 - - [13/Sep/2022:21:21:54 +0530] "GET /vendor/datatables/jquery.dataTables.min.js HTTP/1.1" 200 82411 37
0:0:0:0:0:0:0:1 - - [13/Sep/2022:21:21:54 +0530] "GET /js/sb-admin-2.min.js HTTP/1.1" 200 1106 37
0:0:0:0:0:0:0:1 - - [13/Sep/2022:21:22:10 +0530] "GET / HTTP/1.1" 200 2462 90
0:0:0:0:0:0:0:1 - - [13/Sep/2022:21:22:10 +0530] "GET /style.css HTTP/1.1" 200 2881 14
0:0:0:0:0:0:0:1 - - [13/Sep/2022:21:22:10 +0530] "GET /script.js HTTP/1.1" 200 2049 14
0:0:0:0:0:0:0:1 - - [13/Sep/2022:21:22:17 +0530] "GET /login HTTP/1.1" 200 2558 111
0:0:0:0:0:0:0:1 - - [13/Sep/2022:21:22:17 +0530] "GET /css/StyleSheet2.css HTTP/1.1" 304 - 21
0:0:0:0:0:0:0:1 - - [13/Sep/2022:21:22:17 +0530] "GET /css/loginCss.css HTTP/1.1" 304 - 21
0:0:0:0:0:0:0:1 - - [13/Sep/2022:21:22:17 +0530] "GET /css/[[@%7B/image/bg3.jpeg%7D]] HTTP/1.1" 400 - 0
0:0:0:0:0:0:0:1 - - [13/Sep/2022:21:22:17 +0530] "GET /image/mail.png HTTP/1.1" 404 146 139
0:0:0:0:0:0:0:1 - - [13/Sep/2022:21:22:17 +0530] "GET /image/pass.png HTTP/1.1" 404 146 137
0:0:0:0:0:0:0:1 - - [13/Sep/2022:21:22:24 +0530] "POST /submit HTTP/1.1" 302 - 152
0:0:0:0:0:0:0:1 - - [13/Sep/2022:21:22:24 +0530] "GET /Eedu/4/ HTTP/1.1" 200 44066 60
0:0:0:0:0:0:0:1 - - [13/Sep/2022:21:22:29 +0530] "GET /signUp HTTP/1.1" 200 2730 56
0:0:0:0:0:0:0:1 - - [13/Sep/2022:21:22:29 +0530] "GET /css/[[@%7B/image/bg3.jpeg%7D]] HTTP/1.1" 400 - 0
0:0:0:0:0:0:0:1 - - [13/Sep/2022:21:22:29 +0530] "GET /css/[[@%7B//image/mail.png%7D]] HTTP/1.1" 400 - 0
0:0:0:0:0:0:0:1 - - [13/Sep/2022:21:22:29 +0530] "GET /css/[[@%7B/image/pass.png%7D]] HTTP/1.1" 400 - 0
0:0:0:0:0:0:0:1 - - [13/Sep/2022:21:22:29 +0530] "GET /image/mail.png HTTP/1.1" 404 146 19
0:0:0:0:0:0:0:1 - - [13/Sep/2022:21:22:29 +0530] "GET /image/pass.png HTTP/1.1" 404 146 19
0:0:0:0:0:0:0:1 - - [13/Sep/2022:21:22:36 +0530] "POST /signUpSubmit HTTP/1.1" 200 2835 64
0:0:0:0:0:0:0:1 - - [13/Sep/2022:21:22:37 +0530] "GET /css/[[@%7B/image/bg3.jpeg%7D]] HTTP/1.1" 400 - 0
0:0:0:0:0:0:0:1 - - [13/Sep/2022:21:22:37 +0530] "GET /image/pass.png HTTP/1.1" 404 146 31
0:0:0:0:0:0:0:1 - - [13/Sep/2022:21:22:37 +0530] "GET /image/mail.png HTTP/1.1" 404 146 32
0:0:0:0:0:0:0:1 - - [13/Sep/2022:21:22:59 +0530] "POST /signUpSubmit HTTP/1.1" 200 2669 125
0:0:0:0:0:0:0:1 - - [13/Sep/2022:21:22:59 +0530] "GET /css/[[@%7B/image/bg3.jpeg%7D]] HTTP/1.1" 400 - 0
0:0:0:0:0:0:0:1 - - [13/Sep/2022:21:22:59 +0530] "GET /image/pass.png HTTP/1.1" 404 146 15
0:0:0:0:0:0:0:1 - - [13/Sep/2022:21:22:59 +0530] "GET /image/mail.png HTTP/1.1" 404 146 16
0:0:0:0:0:0:0:1 - - [13/Sep/2022:21:23:26 +0530] "POST /signUpSubmit HTTP/1.1" 200 2842 122
0:0:0:0:0:0:0:1 - - [13/Sep/2022:21:23:26 +0530] "GET /css/[[@%7B/image/bg3.jpeg%7D]] HTTP/1.1" 400 - 0
0:0:0:0:0:0:0:1 - - [13/Sep/2022:21:23:26 +0530] "GET /image/mail.png HTTP/1.1" 404 146 25
0:0:0:0:0:0:0:1 - - [13/Sep/2022:21:23:26 +0530] "GET /image/pass.png HTTP/1.1" 404 146 20
0:0:0:0:0:0:0:1 - - [13/Sep/2022:21:23:39 +0530] "POST /signUpSubmit HTTP/1.1" 200 2842 86
0:0:0:0:0:0:0:1 - - [13/Sep/2022:21:23:39 +0530] "GET /css/[[@%7B/image/bg3.jpeg%7D]] HTTP/1.1" 400 - 0
0:0:0:0:0:0:0:1 - - [13/Sep/2022:21:23:40 +0530] "GET /image/pass.png HTTP/1.1" 404 146 37
0:0:0:0:0:0:0:1 - - [13/Sep/2022:21:23:40 +0530] "GET /image/mail.png HTTP/1.1" 404 146 37
0:0:0:0:0:0:0:1 - - [13/Sep/2022:21:23:51 +0530] "POST /signUpSubmit HTTP/1.1" 200 2842 101
0:0:0:0:0:0:0:1 - - [13/Sep/2022:21:23:51 +0530] "GET /css/[[@%7B/image/bg3.jpeg%7D]] HTTP/1.1" 400 - 0
0:0:0:0:0:0:0:1 - - [13/Sep/2022:21:23:51 +0530] "GET /image/pass.png HTTP/1.1" 404 146 36
0:0:0:0:0:0:0:1 - - [13/Sep/2022:21:23:51 +0530] "GET /image/mail.png HTTP/1.1" 404 146 38
0:0:0:0:0:0:0:1 - - [13/Sep/2022:21:24:12 +0530] "POST /signUpSubmit HTTP/1.1" 200 2656 134
0:0:0:0:0:0:0:1 - - [13/Sep/2022:21:24:12 +0530] "GET /css/[[@%7B/image/bg3.jpeg%7D]] HTTP/1.1" 400 - 0
0:0:0:0:0:0:0:1 - - [13/Sep/2022:21:24:12 +0530] "GET /image/mail.png HTTP/1.1" 404 146 37
0:0:0:0:0:0:0:1 - - [13/Sep/2022:21:24:12 +0530] "GET /image/pass.png HTTP/1.1" 404 146 37
0:0:0:0:0:0:0:1 - - [13/Sep/2022:21:24:23 +0530] "GET /? HTTP/1.1" 200 2462 66
0:0:0:0:0:0:0:1 - - [13/Sep/2022:21:25:46 +0530] "GET /login HTTP/1.1" 200 2558 29
0:0:0:0:0:0:0:1 - - [13/Sep/2022:21:25:46 +0530] "GET /css/[[@%7B/image/bg3.jpeg%7D]] HTTP/1.1" 400 - 0
0:0:0:0:0:0:0:1 - - [13/Sep/2022:21:25:46 +0530] "GET /image/mail.png HTTP/1.1" 404 146 18
0:0:0:0:0:0:0:1 - - [13/Sep/2022:21:25:46 +0530] "GET /image/pass.png HTTP/1.1" 404 146 18
0:0:0:0:0:0:0:1 - - [13/Sep/2022:21:25:56 +0530] "POST /submit HTTP/1.1" 302 - 40
0:0:0:0:0:0:0:1 - - [13/Sep/2022:21:25:56 +0530] "GET /Admin/ HTTP/1.1" 200 39427 68
0:0:0:0:0:0:0:1 - - [13/Sep/2022:21:26:04 +0530] "GET /Admin/compitation/REET HTTP/1.1" 200 586 82
0:0:0:0:0:0:0:1 - - [13/Sep/2022:21:26:10 +0530] "GET /Admin/compitation/RAS HTTP/1.1" 200 17832 98
0:0:0:0:0:0:0:1 - - [13/Sep/2022:21:26:12 +0530] "GET /Admin/createQuiz/RAS/HINDI HTTP/1.1" 200 14754 158
0:0:0:0:0:0:0:1 - - [13/Sep/2022:21:26:18 +0530] "GET /Admin/createQuiz/RAS/MATHEMATICS HTTP/1.1" 200 14772 72
0:0:0:0:0:0:0:1 - - [13/Sep/2022:23:44:28 +0530] "GET / HTTP/1.1" 200 2457 2543
0:0:0:0:0:0:0:1 - - [13/Sep/2022:23:44:28 +0530] "GET /script.js HTTP/1.1" 200 2049 75
0:0:0:0:0:0:0:1 - - [13/Sep/2022:23:44:28 +0530] "GET /style.css HTTP/1.1" 200 2881 75
0:0:0:0:0:0:0:1 - - [13/Sep/2022:23:44:33 +0530] "GET /login HTTP/1.1" 200 2551 147
0:0:0:0:0:0:0:1 - - [13/Sep/2022:23:44:33 +0530] "GET /css/StyleSheet2.css HTTP/1.1" 200 13107 64
0:0:0:0:0:0:0:1 - - [13/Sep/2022:23:44:33 +0530] "GET /css/loginCss.css HTTP/1.1" 200 10604 68
0:0:0:0:0:0:0:1 - - [13/Sep/2022:23:44:33 +0530] "GET /vendor/fontawesome-free/css/all.min.css HTTP/1.1" 200 68848 68
0:0:0:0:0:0:0:1 - - [13/Sep/2022:23:44:33 +0530] "GET /css/sb-admin-2.min.css HTTP/1.1" 200 256692 68
0:0:0:0:0:0:0:1 - - [13/Sep/2022:23:44:33 +0530] "GET /css/[[@%7B/image/bg3.jpeg%7D]] HTTP/1.1" 400 - 0
0:0:0:0:0:0:0:1 - - [13/Sep/2022:23:44:33 +0530] "GET /image/pass.png HTTP/1.1" 404 146 171
0:0:0:0:0:0:0:1 - - [13/Sep/2022:23:44:33 +0530] "GET /image/mail.png HTTP/1.1" 404 146 171
0:0:0:0:0:0:0:1 - - [13/Sep/2022:23:44:33 +0530] "GET /img/SDIcon.ico HTTP/1.1" 404 146 42
