0:0:0:0:0:0:0:1 - - [28/Aug/2022:15:56:11 +0530] "GET / HTTP/1.1" 200 2233 3010
0:0:0:0:0:0:0:1 - - [28/Aug/2022:15:56:11 +0530] "GET /script.js HTTP/1.1" 304 - 41
0:0:0:0:0:0:0:1 - - [28/Aug/2022:15:56:11 +0530] "GET /style.css HTTP/1.1" 304 - 65
0:0:0:0:0:0:0:1 - - [28/Aug/2022:15:56:16 +0530] "GET /Eedu/ HTTP/1.1" 200 43704 301
0:0:0:0:0:0:0:1 - - [28/Aug/2022:15:56:16 +0530] "GET /css/Estyle.css HTTP/1.1" 304 - 24
0:0:0:0:0:0:0:1 - - [28/Aug/2022:15:56:18 +0530] "GET /Eedu/compitation/RAS HTTP/1.1" 200 20411 149
0:0:0:0:0:0:0:1 - - [28/Aug/2022:15:56:19 +0530] "GET /Eedu/showQuiz/RAS/STATE%20POLITY HTTP/1.1" 200 3345 186
0:0:0:0:0:0:0:1 - - [28/Aug/2022:15:56:20 +0530] "GET /Eedu/startQuiz/RAS/STATE%20POLITY/1 HTTP/1.1" 500 412 247
0:0:0:0:0:0:0:1 - - [28/Aug/2022:15:57:24 +0530] "GET /Eedu/ HTTP/1.1" 200 43704 3958
0:0:0:0:0:0:0:1 - - [28/Aug/2022:15:57:26 +0530] "GET /Eedu/compitation/RAS HTTP/1.1" 200 20411 238
0:0:0:0:0:0:0:1 - - [28/Aug/2022:15:57:31 +0530] "GET /Eedu/showQuiz/RAS/ENGLISH HTTP/1.1" 200 3333 263
0:0:0:0:0:0:0:1 - - [28/Aug/2022:15:57:33 +0530] "GET /Eedu/startQuiz/RAS/ENGLISH/1 HTTP/1.1" 200 426 96
0:0:0:0:0:0:0:1 - - [28/Aug/2022:15:57:33 +0530] "GET /css/startQuizStyle.css HTTP/1.1" 304 - 31
0:0:0:0:0:0:0:1 - - [28/Aug/2022:15:57:33 +0530] "GET /js/startQuizScript.js HTTP/1.1" 200 9825 43
0:0:0:0:0:0:0:1 - - [28/Aug/2022:15:58:07 +0530] "GET /Eedu/showQuiz/RAS/INDIAN%20POLITY HTTP/1.1" 200 3347 60
0:0:0:0:0:0:0:1 - - [28/Aug/2022:15:58:08 +0530] "GET /Eedu/startQuiz/RAS/INDIAN%20POLITY/1 HTTP/1.1" 200 426 71
0:0:0:0:0:0:0:1 - - [28/Aug/2022:15:58:08 +0530] "GET /js/startQuizScript.js HTTP/1.1" 304 - 17
0:0:0:0:0:0:0:1 - - [28/Aug/2022:16:00:52 +0530] "GET /Eedu/ HTTP/1.1" 200 43704 2677
0:0:0:0:0:0:0:1 - - [28/Aug/2022:16:00:55 +0530] "GET /Eedu/compitation/RAS HTTP/1.1" 200 20411 210
0:0:0:0:0:0:0:1 - - [28/Aug/2022:16:00:56 +0530] "GET /Eedu/showQuiz/RAS/ENGLISH HTTP/1.1" 200 3333 158
0:0:0:0:0:0:0:1 - - [28/Aug/2022:16:00:57 +0530] "GET /Eedu/startQuiz/RAS/ENGLISH/1 HTTP/1.1" 200 426 135
0:0:0:0:0:0:0:1 - - [28/Aug/2022:16:00:58 +0530] "GET /js/startQuizScript.js HTTP/1.1" 200 9795 55
0:0:0:0:0:0:0:1 - - [28/Aug/2022:16:10:05 +0530] "GET /Eedu/ HTTP/1.1" 200 43704 2829
0:0:0:0:0:0:0:1 - - [28/Aug/2022:16:10:07 +0530] "GET /Eedu/compitation/RAS HTTP/1.1" 200 20411 207
0:0:0:0:0:0:0:1 - - [28/Aug/2022:16:10:09 +0530] "GET /Eedu/showQuiz/RAS/STATE%20POLITY HTTP/1.1" 200 3345 175
0:0:0:0:0:0:0:1 - - [28/Aug/2022:16:10:10 +0530] "GET /Eedu/startQuiz/RAS/STATE%20POLITY/1 HTTP/1.1" 500 412 193
0:0:0:0:0:0:0:1 - - [28/Aug/2022:18:23:16 +0530] "GET /Eedu/compitation/RAS HTTP/1.1" 200 20411 248
0:0:0:0:0:0:0:1 - - [28/Aug/2022:18:23:38 +0530] "GET /Eedu/showQuiz/RAS/STATE%20POLITY HTTP/1.1" 200 3345 206
0:0:0:0:0:0:0:1 - - [28/Aug/2022:18:23:39 +0530] "GET /Eedu/startQuiz/RAS/STATE%20POLITY/1 HTTP/1.1" 500 412 212
0:0:0:0:0:0:0:1 - - [28/Aug/2022:18:23:42 +0530] "GET /Eedu/startQuiz/RAS/STATE%20POLITY/1 HTTP/1.1" 500 412 109
0:0:0:0:0:0:0:1 - - [28/Aug/2022:18:23:47 +0530] "GET /Eedu/showQuiz/RAS/INDIAN%20POLITY HTTP/1.1" 200 3347 45
0:0:0:0:0:0:0:1 - - [28/Aug/2022:18:23:48 +0530] "GET /Eedu/startQuiz/RAS/INDIAN%20POLITY/1 HTTP/1.1" 500 412 61
0:0:0:0:0:0:0:1 - - [28/Aug/2022:21:40:00 +0530] "GET /Eedu/ HTTP/1.1" 200 43704 2879
0:0:0:0:0:0:0:1 - - [28/Aug/2022:21:40:00 +0530] "GET /css/Estyle.css HTTP/1.1" 304 - 36
0:0:0:0:0:0:0:1 - - [28/Aug/2022:21:40:03 +0530] "GET /Eedu/compitation/RAS HTTP/1.1" 200 20411 247
0:0:0:0:0:0:0:1 - - [28/Aug/2022:21:40:04 +0530] "GET /Eedu/showQuiz/RAS/STATE%20POLITY HTTP/1.1" 200 3345 138
0:0:0:0:0:0:0:1 - - [28/Aug/2022:21:40:05 +0530] "GET /Eedu/startQuiz/RAS/STATE%20POLITY/1 HTTP/1.1" 200 4030 106
0:0:0:0:0:0:0:1 - - [28/Aug/2022:21:40:06 +0530] "GET /css/quizStyle.css HTTP/1.1" 304 - 17
0:0:0:0:0:0:0:1 - - [28/Aug/2022:21:40:06 +0530] "GET /js/quizScript.js HTTP/1.1" 200 13554 26
0:0:0:0:0:0:0:1 - - [28/Aug/2022:21:40:18 +0530] "GET /Eedu/startQuiz/RAS/STATE%20POLITY/1 HTTP/1.1" 200 4030 64
0:0:0:0:0:0:0:1 - - [28/Aug/2022:22:55:41 +0530] "GET /Eedu/ HTTP/1.1" 200 43704 3234
0:0:0:0:0:0:0:1 - - [28/Aug/2022:22:55:43 +0530] "GET /Eedu/compitation/RAS HTTP/1.1" 200 20411 277
0:0:0:0:0:0:0:1 - - [28/Aug/2022:22:55:44 +0530] "GET /Eedu/showQuiz/RAS/STATE%20POLITY HTTP/1.1" 200 3345 189
0:0:0:0:0:0:0:1 - - [28/Aug/2022:22:55:45 +0530] "GET /Eedu/startQuiz/RAS/STATE%20POLITY/1 HTTP/1.1" 200 4079 120
0:0:0:0:0:0:0:1 - - [28/Aug/2022:23:04:34 +0530] "GET /Eedu/ HTTP/1.1" 200 43704 2882
0:0:0:0:0:0:0:1 - - [28/Aug/2022:23:04:35 +0530] "GET /Eedu/compitation/RAS HTTP/1.1" 200 20411 207
0:0:0:0:0:0:0:1 - - [28/Aug/2022:23:04:37 +0530] "GET /Eedu/showQuiz/RAS/STATE%20POLITY HTTP/1.1" 200 3345 194
0:0:0:0:0:0:0:1 - - [28/Aug/2022:23:04:38 +0530] "GET /Eedu/startQuiz/RAS/STATE%20POLITY/1 HTTP/1.1" 200 4058 106
0:0:0:0:0:0:0:1 - - [28/Aug/2022:23:04:45 +0530] "GET /Eedu/startQuiz/RAS/STATE%20POLITY/1 HTTP/1.1" 200 4058 58
0:0:0:0:0:0:0:1 - - [28/Aug/2022:23:04:49 +0530] "GET /Eedu/startQuiz/RAS/STATE%20POLITY/1 HTTP/1.1" 200 4058 67
0:0:0:0:0:0:0:1 - - [28/Aug/2022:23:06:59 +0530] "GET /Eedu/startQuiz/RAS/STATE%20POLITY/1 HTTP/1.1" 200 4058 155
0:0:0:0:0:0:0:1 - - [28/Aug/2022:23:07:32 +0530] "GET /Eedu/startQuiz/RAS/STATE%20POLITY/1 HTTP/1.1" 200 4058 83
0:0:0:0:0:0:0:1 - - [28/Aug/2022:23:07:39 +0530] "GET /Eedu/startQuiz/RAS/STATE%20POLITY/1 HTTP/1.1" 200 4058 65
0:0:0:0:0:0:0:1 - - [28/Aug/2022:23:11:17 +0530] "GET /Eedu/ HTTP/1.1" 200 43704 2136
0:0:0:0:0:0:0:1 - - [28/Aug/2022:23:11:20 +0530] "GET /Eedu/compitation/RAS HTTP/1.1" 200 20411 183
0:0:0:0:0:0:0:1 - - [28/Aug/2022:23:11:22 +0530] "GET /Eedu/showQuiz/RAS/STATE%20POLITY HTTP/1.1" 200 3345 190
0:0:0:0:0:0:0:1 - - [28/Aug/2022:23:11:23 +0530] "GET /Eedu/startQuiz/RAS/STATE%20POLITY/1 HTTP/1.1" 200 4058 114
0:0:0:0:0:0:0:1 - - [28/Aug/2022:23:26:57 +0530] "GET /Eedu/ HTTP/1.1" 200 43704 2953
0:0:0:0:0:0:0:1 - - [28/Aug/2022:23:26:58 +0530] "GET /Eedu/compitation/RAS HTTP/1.1" 200 20411 199
0:0:0:0:0:0:0:1 - - [28/Aug/2022:23:27:00 +0530] "GET /Eedu/showQuiz/RAS/STATE%20POLITY HTTP/1.1" 200 3345 204
0:0:0:0:0:0:0:1 - - [28/Aug/2022:23:27:01 +0530] "GET /Eedu/startQuiz/RAS/STATE%20POLITY/1 HTTP/1.1" 200 4058 119
0:0:0:0:0:0:0:1 - - [28/Aug/2022:23:45:58 +0530] "GET /Eedu/ HTTP/1.1" 200 43704 3148
0:0:0:0:0:0:0:1 - - [28/Aug/2022:23:45:59 +0530] "GET /Eedu/compitation/RAS HTTP/1.1" 200 20411 247
0:0:0:0:0:0:0:1 - - [28/Aug/2022:23:46:00 +0530] "GET /Eedu/showQuiz/RAS/STATE%20POLITY HTTP/1.1" 200 3345 196
0:0:0:0:0:0:0:1 - - [28/Aug/2022:23:46:01 +0530] "GET /Eedu/startQuiz/RAS/STATE%20POLITY/1 HTTP/1.1" 500 412 178
0:0:0:0:0:0:0:1 - - [28/Aug/2022:23:49:43 +0530] "GET /Eedu/startQuiz/RAS/STATE%20POLITY/1 HTTP/1.1" 500 412 2842
0:0:0:0:0:0:0:1 - - [28/Aug/2022:23:49:48 +0530] "GET /Eedu/ HTTP/1.1" 200 43704 167
0:0:0:0:0:0:0:1 - - [28/Aug/2022:23:49:49 +0530] "GET /Eedu/compitation/RAS HTTP/1.1" 200 20411 247
0:0:0:0:0:0:0:1 - - [28/Aug/2022:23:49:50 +0530] "GET /Eedu/showQuiz/RAS/STATE%20POLITY HTTP/1.1" 200 3345 95
0:0:0:0:0:0:0:1 - - [28/Aug/2022:23:49:52 +0530] "GET /Eedu/startQuiz/RAS/STATE%20POLITY/1 HTTP/1.1" 500 412 127
0:0:0:0:0:0:0:1 - - [28/Aug/2022:23:50:44 +0530] "GET /Eedu/startQuiz/RAS/STATE%20POLITY/1 HTTP/1.1" 200 4006 2647
0:0:0:0:0:0:0:1 - - [28/Aug/2022:23:51:50 +0530] "GET /Eedu/startQuiz/RAS/STATE%20POLITY/2 HTTP/1.1" 200 4006 111
0:0:0:0:0:0:0:1 - - [28/Aug/2022:23:51:55 +0530] "GET /Eedu/startQuiz/RAS/STATE%20POLITY/2 HTTP/1.1" 200 4006 97
0:0:0:0:0:0:0:1 - - [28/Aug/2022:23:52:00 +0530] "GET /Eedu/startQuiz/RAS/STATE%20POLITY/1 HTTP/1.1" 200 4006 80
0:0:0:0:0:0:0:1 - - [28/Aug/2022:23:52:20 +0530] "GET /Eedu/startQuiz/RAS/STATE%20POLITY/1 HTTP/1.1" 200 4006 86
0:0:0:0:0:0:0:1 - - [28/Aug/2022:23:53:12 +0530] "GET /Eedu/startQuiz/RAS/STATE%20POLITY/1 HTTP/1.1" 200 4006 2976
0:0:0:0:0:0:0:1 - - [28/Aug/2022:23:53:19 +0530] "GET /Eedu/startQuiz/RAS/STATE%20POLITY/1 HTTP/1.1" 200 4006 114
0:0:0:0:0:0:0:1 - - [28/Aug/2022:23:54:05 +0530] "GET /Eedu/ HTTP/1.1" 200 43704 3008
0:0:0:0:0:0:0:1 - - [28/Aug/2022:23:54:07 +0530] "GET /Eedu/compitation/RAS HTTP/1.1" 200 20411 284
0:0:0:0:0:0:0:1 - - [28/Aug/2022:23:54:08 +0530] "GET /Eedu/showQuiz/RAS/STATE%20POLITY HTTP/1.1" 200 3345 194
0:0:0:0:0:0:0:1 - - [28/Aug/2022:23:54:09 +0530] "GET /Eedu/startQuiz/RAS/STATE%20POLITY/1 HTTP/1.1" 200 4006 100
0:0:0:0:0:0:0:1 - - [28/Aug/2022:23:55:40 +0530] "GET /Eedu/startQuiz/RAS/STATE%20POLITY/1 HTTP/1.1" 200 4006 3110
0:0:0:0:0:0:0:1 - - [28/Aug/2022:23:58:41 +0530] "GET /Admin/ HTTP/1.1" 200 39427 2964
0:0:0:0:0:0:0:1 - - [28/Aug/2022:23:58:49 +0530] "GET /Admin/compitation/RAS HTTP/1.1" 200 17504 194
0:0:0:0:0:0:0:1 - - [28/Aug/2022:23:58:54 +0530] "GET /Admin/createQuiz/RAS/STATE%20POLITY HTTP/1.1" 200 14775 254
0:0:0:0:0:0:0:1 - - [28/Aug/2022:23:58:54 +0530] "GET /vendor/jquery-easing/jquery.easing.min.js HTTP/1.1" 304 - 33
0:0:0:0:0:0:0:1 - - [28/Aug/2022:23:58:54 +0530] "GET /js/sb-admin-2.min.js HTTP/1.1" 304 - 34
0:0:0:0:0:0:0:1 - - [28/Aug/2022:23:58:54 +0530] "GET /js/template.js HTTP/1.1" 304 - 9
0:0:0:0:0:0:0:1 - - [28/Aug/2022:23:58:54 +0530] "GET /vendor/bootstrap/js/bootstrap.bundle.min.js HTTP/1.1" 200 78635 58
0:0:0:0:0:0:0:1 - - [28/Aug/2022:23:58:54 +0530] "GET /vendor/jquery/jquery.min.js HTTP/1.1" 200 86927 57
0:0:0:0:0:0:0:1 - - [28/Aug/2022:23:58:54 +0530] "GET /css/sb-admin-2.min.css HTTP/1.1" 200 256692 73
0:0:0:0:0:0:0:1 - - [28/Aug/2022:23:58:54 +0530] "GET /vendor/fontawesome-free/css/all.min.css HTTP/1.1" 200 68848 81
0:0:0:0:0:0:0:1 - - [28/Aug/2022:23:59:11 +0530] "GET /Eedu/compitation/RAS HTTP/1.1" 200 20411 139
0:0:0:0:0:0:0:1 - - [28/Aug/2022:23:59:13 +0530] "GET /Eedu/showQuiz/RAS/STATE%20POLITY HTTP/1.1" 200 3345 117
0:0:0:0:0:0:0:1 - - [28/Aug/2022:23:59:14 +0530] "GET /Eedu/startQuiz/RAS/STATE%20POLITY/1 HTTP/1.1" 200 4026 108
