0:0:0:0:0:0:0:1 - - [29/Aug/2022:17:22:26 +0530] "GET /Eedu/ HTTP/1.1" 200 43704 3070
0:0:0:0:0:0:0:1 - - [29/Aug/2022:17:22:26 +0530] "GET /css/Estyle.css HTTP/1.1" 200 2547 81
0:0:0:0:0:0:0:1 - - [29/Aug/2022:17:22:28 +0530] "GET /Eedu/compitation/RAS HTTP/1.1" 200 20411 209
0:0:0:0:0:0:0:1 - - [29/Aug/2022:17:22:29 +0530] "GET /Eedu/showQuiz/RAS/STATE%20POLITY HTTP/1.1" 200 3345 170
0:0:0:0:0:0:0:1 - - [29/Aug/2022:17:22:31 +0530] "GET /Eedu/startQuiz/RAS/STATE%20POLITY/1 HTTP/1.1" 200 4320 108
0:0:0:0:0:0:0:1 - - [29/Aug/2022:17:22:31 +0530] "GET /css/quizStyle.css HTTP/1.1" 200 11409 18
0:0:0:0:0:0:0:1 - - [29/Aug/2022:17:22:31 +0530] "GET /js/quizScript.js HTTP/1.1" 200 13553 17
0:0:0:0:0:0:0:1 - - [29/Aug/2022:17:25:17 +0530] "GET /Eedu/ HTTP/1.1" 200 43704 2961
0:0:0:0:0:0:0:1 - - [29/Aug/2022:17:25:18 +0530] "GET /Eedu/compitation/RAS HTTP/1.1" 200 20411 200
0:0:0:0:0:0:0:1 - - [29/Aug/2022:17:25:19 +0530] "GET /Eedu/showQuiz/RAS/STATE%20POLITY HTTP/1.1" 200 3345 185
0:0:0:0:0:0:0:1 - - [29/Aug/2022:17:25:20 +0530] "GET /Eedu/startQuiz/RAS/STATE%20POLITY/1 HTTP/1.1" 500 443 206
0:0:0:0:0:0:0:1 - - [29/Aug/2022:17:29:19 +0530] "GET /Eedu/ HTTP/1.1" 200 43704 2793
0:0:0:0:0:0:0:1 - - [29/Aug/2022:17:29:20 +0530] "GET /Eedu/compitation/RAS HTTP/1.1" 200 20411 227
0:0:0:0:0:0:0:1 - - [29/Aug/2022:17:29:21 +0530] "GET /Eedu/showQuiz/RAS/STATE%20POLITY HTTP/1.1" 200 3345 142
0:0:0:0:0:0:0:1 - - [29/Aug/2022:17:29:22 +0530] "GET /Eedu/startQuiz/RAS/STATE%20POLITY/1 HTTP/1.1" 500 444 133
0:0:0:0:0:0:0:1 - - [29/Aug/2022:17:30:51 +0530] "GET /Eedu/ HTTP/1.1" 200 43704 3033
0:0:0:0:0:0:0:1 - - [29/Aug/2022:17:30:52 +0530] "GET /Eedu/compitation/RAS HTTP/1.1" 200 20411 183
0:0:0:0:0:0:0:1 - - [29/Aug/2022:17:30:54 +0530] "GET /Eedu/showQuiz/RAS/STATE%20POLITY HTTP/1.1" 200 3345 170
0:0:0:0:0:0:0:1 - - [29/Aug/2022:17:30:55 +0530] "GET /Eedu/startQuiz/RAS/STATE%20POLITY/1 HTTP/1.1" 200 23 79
0:0:0:0:0:0:0:1 - - [29/Aug/2022:17:31:44 +0530] "GET /Eedu/ HTTP/1.1" 200 43704 2965
0:0:0:0:0:0:0:1 - - [29/Aug/2022:17:31:45 +0530] "GET /Eedu/compitation/RAS HTTP/1.1" 200 20411 213
0:0:0:0:0:0:0:1 - - [29/Aug/2022:17:31:46 +0530] "GET /Eedu/showQuiz/RAS/STATE%20POLITY HTTP/1.1" 200 3345 217
0:0:0:0:0:0:0:1 - - [29/Aug/2022:17:31:47 +0530] "GET /Eedu/startQuiz/RAS/STATE%20POLITY/1 HTTP/1.1" 500 448 155
0:0:0:0:0:0:0:1 - - [29/Aug/2022:17:36:45 +0530] "GET /Eedu/ HTTP/1.1" 200 43704 2693
0:0:0:0:0:0:0:1 - - [29/Aug/2022:17:36:47 +0530] "GET /Eedu/compitation/RAS HTTP/1.1" 200 20411 197
0:0:0:0:0:0:0:1 - - [29/Aug/2022:17:36:48 +0530] "GET /Eedu/showQuiz/RAS/STATE%20POLITY HTTP/1.1" 200 3345 214
0:0:0:0:0:0:0:1 - - [29/Aug/2022:17:36:49 +0530] "GET /Eedu/startQuiz/RAS/STATE%20POLITY/1 HTTP/1.1" 500 448 179
