0:0:0:0:0:0:0:1 - - [15/Sep/2022:22:32:36 +0530] "GET / HTTP/1.1" 200 2457 2732
0:0:0:0:0:0:0:1 - - [15/Sep/2022:22:32:36 +0530] "GET /style.css HTTP/1.1" 200 2881 69
0:0:0:0:0:0:0:1 - - [15/Sep/2022:22:32:36 +0530] "GET /script.js HTTP/1.1" 200 2049 69
0:0:0:0:0:0:0:1 - - [15/Sep/2022:22:32:41 +0530] "GET /login HTTP/1.1" 200 2551 125
0:0:0:0:0:0:0:1 - - [15/Sep/2022:22:32:41 +0530] "GET /css/StyleSheet2.css HTTP/1.1" 200 13107 56
0:0:0:0:0:0:0:1 - - [15/Sep/2022:22:32:41 +0530] "GET /vendor/fontawesome-free/css/all.min.css HTTP/1.1" 200 68848 57
0:0:0:0:0:0:0:1 - - [15/Sep/2022:22:32:41 +0530] "GET /css/loginCss.css HTTP/1.1" 200 10604 58
0:0:0:0:0:0:0:1 - - [15/Sep/2022:22:32:41 +0530] "GET /css/sb-admin-2.min.css HTTP/1.1" 200 256692 58
0:0:0:0:0:0:0:1 - - [15/Sep/2022:22:32:41 +0530] "GET /css/[[@%7B/image/bg3.jpeg%7D]] HTTP/1.1" 400 - 0
0:0:0:0:0:0:0:1 - - [15/Sep/2022:22:32:41 +0530] "GET /image/pass.png HTTP/1.1" 404 146 183
0:0:0:0:0:0:0:1 - - [15/Sep/2022:22:32:41 +0530] "GET /image/mail.png HTTP/1.1" 404 146 183
0:0:0:0:0:0:0:1 - - [15/Sep/2022:22:32:45 +0530] "GET /? HTTP/1.1" 200 2457 80
0:0:0:0:0:0:0:1 - - [15/Sep/2022:22:32:47 +0530] "GET /login HTTP/1.1" 200 2551 50
0:0:0:0:0:0:0:1 - - [15/Sep/2022:22:32:47 +0530] "GET /css/[[@%7B/image/bg3.jpeg%7D]] HTTP/1.1" 400 - 0
0:0:0:0:0:0:0:1 - - [15/Sep/2022:22:32:47 +0530] "GET /image/pass.png HTTP/1.1" 404 146 43
0:0:0:0:0:0:0:1 - - [15/Sep/2022:22:32:47 +0530] "GET /image/mail.png HTTP/1.1" 404 146 44
0:0:0:0:0:0:0:1 - - [15/Sep/2022:22:32:54 +0530] "POST /submit HTTP/1.1" 302 - 116
0:0:0:0:0:0:0:1 - - [15/Sep/2022:22:32:55 +0530] "GET /Admin/ HTTP/1.1" 200 14965 1584
0:0:0:0:0:0:0:1 - - [15/Sep/2022:22:32:55 +0530] "GET /css/Estyle.css HTTP/1.1" 200 2722 22
0:0:0:0:0:0:0:1 - - [15/Sep/2022:22:32:56 +0530] "GET /favicon.ico HTTP/1.1" 200 946 51
