0:0:0:0:0:0:0:1 - - [02/Jun/2022:19:35:24 +0530] "GET / HTTP/1.1" 200 11694 2593
0:0:0:0:0:0:0:1 - - [02/Jun/2022:19:35:24 +0530] "GET /js/sb-admin-2.min.js HTTP/1.1" 404 152 306
0:0:0:0:0:0:0:1 - - [02/Jun/2022:19:35:24 +0530] "GET /vendor/jquery-easing/jquery.easing.min.js HTTP/1.1" 404 173 343
0:0:0:0:0:0:0:1 - - [02/Jun/2022:19:35:24 +0530] "GET /vendor/bootstrap/js/bootstrap.bundle.min.js HTTP/1.1" 404 175 340
0:0:0:0:0:0:0:1 - - [02/Jun/2022:19:35:24 +0530] "GET /vendor/fontawesome-free/css/all.min.css HTTP/1.1" 404 171 343
0:0:0:0:0:0:0:1 - - [02/Jun/2022:19:35:24 +0530] "GET /vendor/jquery/jquery.min.js HTTP/1.1" 404 159 343
0:0:0:0:0:0:0:1 - - [02/Jun/2022:19:35:24 +0530] "GET /css/sb-admin-2.min.css HTTP/1.1" 404 154 341
0:0:0:0:0:0:0:1 - - [02/Jun/2022:19:35:24 +0530] "GET /js/template.js HTTP/1.1" 404 146 54
0:0:0:0:0:0:0:1 - - [02/Jun/2022:19:35:24 +0530] "GET /img/boy.png HTTP/1.1" 404 143 55
0:0:0:0:0:0:0:1 - - [02/Jun/2022:19:35:24 +0530] "GET /img/SDIcon.ico HTTP/1.1" 404 146 18
0:0:0:0:0:0:0:1 - - [02/Jun/2022:19:38:23 +0530] "GET / HTTP/1.1" 200 11694 2396
0:0:0:0:0:0:0:1 - - [02/Jun/2022:19:38:23 +0530] "GET /js/sb-admin-2.min.js HTTP/1.1" 200 1106 181
0:0:0:0:0:0:0:1 - - [02/Jun/2022:19:38:23 +0530] "GET /vendor/fontawesome-free/css/all.min.css HTTP/1.1" 200 68848 220
0:0:0:0:0:0:0:1 - - [02/Jun/2022:19:38:23 +0530] "GET /vendor/jquery-easing/jquery.easing.min.js HTTP/1.1" 200 2532 209
0:0:0:0:0:0:0:1 - - [02/Jun/2022:19:38:23 +0530] "GET /vendor/jquery/jquery.min.js HTTP/1.1" 200 86927 214
0:0:0:0:0:0:0:1 - - [02/Jun/2022:19:38:23 +0530] "GET /vendor/bootstrap/js/bootstrap.bundle.min.js HTTP/1.1" 200 78635 214
0:0:0:0:0:0:0:1 - - [02/Jun/2022:19:38:23 +0530] "GET /css/sb-admin-2.min.css HTTP/1.1" 200 256692 216
0:0:0:0:0:0:0:1 - - [02/Jun/2022:19:38:23 +0530] "GET /js/template.js HTTP/1.1" 200 - 18
0:0:0:0:0:0:0:1 - - [02/Jun/2022:19:38:23 +0530] "GET /img/boy.png HTTP/1.1" 200 28020 22
0:0:0:0:0:0:0:1 - - [02/Jun/2022:19:38:23 +0530] "GET /vendor/fontawesome-free/webfonts/fa-solid-900.woff2 HTTP/1.1" 200 74348 31
0:0:0:0:0:0:0:1 - - [02/Jun/2022:19:38:24 +0530] "GET /img/SDIcon.ico HTTP/1.1" 200 5430 35
0:0:0:0:0:0:0:1 - - [02/Jun/2022:19:38:35 +0530] "POST /logout HTTP/1.1" 404 306 138
0:0:0:0:0:0:0:1 - - [02/Jun/2022:19:38:35 +0530] "GET /favicon.ico HTTP/1.1" 200 946 12
0:0:0:0:0:0:0:1 - - [02/Jun/2022:19:38:50 +0530] "GET / HTTP/1.1" 200 11694 61
0:0:0:0:0:0:0:1 - - [02/Jun/2022:19:38:50 +0530] "GET /vendor/jquery-easing/jquery.easing.min.js HTTP/1.1" 304 - 19
0:0:0:0:0:0:0:1 - - [02/Jun/2022:19:38:50 +0530] "GET /vendor/fontawesome-free/css/all.min.css HTTP/1.1" 304 - 24
0:0:0:0:0:0:0:1 - - [02/Jun/2022:19:38:50 +0530] "GET /js/sb-admin-2.min.js HTTP/1.1" 304 - 20
0:0:0:0:0:0:0:1 - - [02/Jun/2022:19:38:50 +0530] "GET /css/sb-admin-2.min.css HTTP/1.1" 304 - 22
0:0:0:0:0:0:0:1 - - [02/Jun/2022:19:38:50 +0530] "GET /vendor/bootstrap/js/bootstrap.bundle.min.js HTTP/1.1" 304 - 24
0:0:0:0:0:0:0:1 - - [02/Jun/2022:19:38:50 +0530] "GET /vendor/jquery/jquery.min.js HTTP/1.1" 304 - 23
0:0:0:0:0:0:0:1 - - [02/Jun/2022:19:38:50 +0530] "GET /js/template.js HTTP/1.1" 304 - 11
0:0:0:0:0:0:0:1 - - [02/Jun/2022:19:38:50 +0530] "GET /img/boy.png HTTP/1.1" 304 - 10
0:0:0:0:0:0:0:1 - - [02/Jun/2022:19:38:50 +0530] "GET /vendor/fontawesome-free/webfonts/fa-solid-900.woff2 HTTP/1.1" 304 - 15
0:0:0:0:0:0:0:1 - - [02/Jun/2022:19:38:51 +0530] "GET / HTTP/1.1" 200 11694 116
0:0:0:0:0:0:0:1 - - [02/Jun/2022:19:38:54 +0530] "GET /user/create HTTP/1.1" 404 306 64
0:0:0:0:0:0:0:1 - - [02/Jun/2022:19:43:24 +0530] "GET / HTTP/1.1" 200 11694 267
0:0:0:0:0:0:0:1 - - [02/Jun/2022:19:43:24 +0530] "GET /vendor/jquery/jquery.min.js HTTP/1.1" 200 86927 102
0:0:0:0:0:0:0:1 - - [02/Jun/2022:19:43:24 +0530] "GET /vendor/jquery-easing/jquery.easing.min.js HTTP/1.1" 200 2532 99
0:0:0:0:0:0:0:1 - - [02/Jun/2022:19:43:24 +0530] "GET /css/sb-admin-2.min.css HTTP/1.1" 200 256692 103
0:0:0:0:0:0:0:1 - - [02/Jun/2022:19:43:24 +0530] "GET /vendor/bootstrap/js/bootstrap.bundle.min.js HTTP/1.1" 200 78635 103
0:0:0:0:0:0:0:1 - - [02/Jun/2022:19:43:24 +0530] "GET /vendor/fontawesome-free/css/all.min.css HTTP/1.1" 200 68848 110
0:0:0:0:0:0:0:1 - - [02/Jun/2022:19:43:24 +0530] "GET /js/sb-admin-2.min.js HTTP/1.1" 200 1106 103
0:0:0:0:0:0:0:1 - - [02/Jun/2022:19:43:24 +0530] "GET /js/template.js HTTP/1.1" 200 - 22
0:0:0:0:0:0:0:1 - - [02/Jun/2022:19:43:24 +0530] "GET /img/boy.png HTTP/1.1" 200 28020 22
0:0:0:0:0:0:0:1 - - [02/Jun/2022:19:43:24 +0530] "GET /vendor/fontawesome-free/webfonts/fa-solid-900.woff2 HTTP/1.1" 200 74348 39
0:0:0:0:0:0:0:1 - - [02/Jun/2022:22:50:22 +0530] "GET / HTTP/1.1" 200 2278 523
0:0:0:0:0:0:0:1 - - [02/Jun/2022:22:50:22 +0530] "GET /style.css HTTP/1.1" 404 141 125
0:0:0:0:0:0:0:1 - - [02/Jun/2022:22:50:22 +0530] "GET /script.js HTTP/1.1" 404 141 124
0:0:0:0:0:0:0:1 - - [02/Jun/2022:22:50:25 +0530] "GET / HTTP/1.1" 200 2278 83
0:0:0:0:0:0:0:1 - - [02/Jun/2022:22:50:25 +0530] "GET /style.css HTTP/1.1" 404 141 21
0:0:0:0:0:0:0:1 - - [02/Jun/2022:22:50:25 +0530] "GET /script.js HTTP/1.1" 404 141 21
0:0:0:0:0:0:0:1 - - [02/Jun/2022:22:50:26 +0530] "GET / HTTP/1.1" 200 2278 68
0:0:0:0:0:0:0:1 - - [02/Jun/2022:22:50:26 +0530] "GET /script.js HTTP/1.1" 404 141 20
0:0:0:0:0:0:0:1 - - [02/Jun/2022:22:50:26 +0530] "GET /style.css HTTP/1.1" 404 141 20
0:0:0:0:0:0:0:1 - - [02/Jun/2022:22:50:26 +0530] "GET / HTTP/1.1" 200 2278 65
0:0:0:0:0:0:0:1 - - [02/Jun/2022:22:50:26 +0530] "GET /script.js HTTP/1.1" 404 141 26
0:0:0:0:0:0:0:1 - - [02/Jun/2022:22:50:26 +0530] "GET /style.css HTTP/1.1" 404 141 27
0:0:0:0:0:0:0:1 - - [02/Jun/2022:22:53:15 +0530] "GET / HTTP/1.1" 200 2278 554
0:0:0:0:0:0:0:1 - - [02/Jun/2022:22:53:15 +0530] "GET /script.js HTTP/1.1" 200 2049 40
0:0:0:0:0:0:0:1 - - [02/Jun/2022:22:53:15 +0530] "GET /style.css HTTP/1.1" 200 2881 41
0:0:0:0:0:0:0:1 - - [02/Jun/2022:22:58:03 +0530] "GET / HTTP/1.1" 200 2278 85
0:0:0:0:0:0:0:1 - - [02/Jun/2022:22:58:03 +0530] "GET /script.js HTTP/1.1" 304 - 25
0:0:0:0:0:0:0:1 - - [02/Jun/2022:22:58:03 +0530] "GET /style.css HTTP/1.1" 304 - 25
0:0:0:0:0:0:0:1 - - [02/Jun/2022:22:58:05 +0530] "GET / HTTP/1.1" 200 2278 56
0:0:0:0:0:0:0:1 - - [02/Jun/2022:23:01:59 +0530] "GET / HTTP/1.1" 200 2247 545
0:0:0:0:0:0:0:1 - - [02/Jun/2022:23:01:59 +0530] "GET /script.js HTTP/1.1" 304 - 36
0:0:0:0:0:0:0:1 - - [02/Jun/2022:23:01:59 +0530] "GET /style.css HTTP/1.1" 304 - 37
0:0:0:0:0:0:0:1 - - [02/Jun/2022:23:03:17 +0530] "GET / HTTP/1.1" 200 2250 581
0:0:0:0:0:0:0:1 - - [02/Jun/2022:23:03:17 +0530] "GET /script.js HTTP/1.1" 304 - 44
0:0:0:0:0:0:0:1 - - [02/Jun/2022:23:03:17 +0530] "GET /style.css HTTP/1.1" 304 - 45
0:0:0:0:0:0:0:1 - - [02/Jun/2022:23:03:48 +0530] "GET / HTTP/1.1" 200 2250 91
0:0:0:0:0:0:0:1 - - [02/Jun/2022:23:03:49 +0530] "GET / HTTP/1.1" 200 2250 48
0:0:0:0:0:0:0:1 - - [02/Jun/2022:23:03:51 +0530] "GET / HTTP/1.1" 200 2250 38
0:0:0:0:0:0:0:1 - - [02/Jun/2022:23:05:38 +0530] "GET / HTTP/1.1" 200 2232 548
0:0:0:0:0:0:0:1 - - [02/Jun/2022:23:05:38 +0530] "GET /script.js HTTP/1.1" 304 - 45
0:0:0:0:0:0:0:1 - - [02/Jun/2022:23:05:38 +0530] "GET /style.css HTTP/1.1" 304 - 44
0:0:0:0:0:0:0:1 - - [02/Jun/2022:23:07:20 +0530] "GET / HTTP/1.1" 200 2274 529
0:0:0:0:0:0:0:1 - - [02/Jun/2022:23:07:20 +0530] "GET /style.css HTTP/1.1" 304 - 35
0:0:0:0:0:0:0:1 - - [02/Jun/2022:23:07:20 +0530] "GET /script.js HTTP/1.1" 304 - 37
0:0:0:0:0:0:0:1 - - [02/Jun/2022:23:08:07 +0530] "GET / HTTP/1.1" 200 2274 469
0:0:0:0:0:0:0:1 - - [02/Jun/2022:23:12:19 +0530] "GET / HTTP/1.1" 200 2223 550
0:0:0:0:0:0:0:1 - - [02/Jun/2022:23:12:19 +0530] "GET /style.css HTTP/1.1" 304 - 52
0:0:0:0:0:0:0:1 - - [02/Jun/2022:23:12:19 +0530] "GET /script.js HTTP/1.1" 304 - 52
0:0:0:0:0:0:0:1 - - [02/Jun/2022:23:12:23 +0530] "GET / HTTP/1.1" 200 2223 72
0:0:0:0:0:0:0:1 - - [02/Jun/2022:23:12:24 +0530] "GET / HTTP/1.1" 200 2223 76
0:0:0:0:0:0:0:1 - - [02/Jun/2022:23:12:25 +0530] "GET / HTTP/1.1" 200 2223 50
0:0:0:0:0:0:0:1 - - [02/Jun/2022:23:12:33 +0530] "GET / HTTP/1.1" 200 2223 60
0:0:0:0:0:0:0:1 - - [02/Jun/2022:23:12:41 +0530] "GET / HTTP/1.1" 200 2223 31
0:0:0:0:0:0:0:1 - - [02/Jun/2022:23:12:44 +0530] "GET / HTTP/1.1" 200 2223 56
