0:0:0:0:0:0:0:1 - - [09/Aug/2022:10:33:36 +0530] "GET / HTTP/1.1" 200 26002 565
0:0:0:0:0:0:0:1 - - [09/Aug/2022:10:33:36 +0530] "GET /style.css HTTP/1.1" 304 - 71
0:0:0:0:0:0:0:1 - - [09/Aug/2022:10:33:36 +0530] "GET /script.js HTTP/1.1" 304 - 50
0:0:0:0:0:0:0:1 - - [09/Aug/2022:11:23:38 +0530] "GET /index HTTP/1.1" 404 306 343
0:0:0:0:0:0:0:1 - - [09/Aug/2022:11:23:44 +0530] "GET / HTTP/1.1" 200 11319 2373
0:0:0:0:0:0:0:1 - - [09/Aug/2022:11:23:44 +0530] "GET /vendor/fontawesome-free/css/all.min.css HTTP/1.1" 304 - 49
0:0:0:0:0:0:0:1 - - [09/Aug/2022:11:23:44 +0530] "GET /vendor/jquery/jquery.min.js HTTP/1.1" 304 - 56
0:0:0:0:0:0:0:1 - - [09/Aug/2022:11:23:44 +0530] "GET /css/sb-admin-2.min.css HTTP/1.1" 304 - 83
0:0:0:0:0:0:0:1 - - [09/Aug/2022:11:23:44 +0530] "GET /img/boy.png HTTP/1.1" 304 - 63
0:0:0:0:0:0:0:1 - - [09/Aug/2022:11:23:44 +0530] "GET /vendor/jquery-easing/jquery.easing.min.js HTTP/1.1" 304 - 69
0:0:0:0:0:0:0:1 - - [09/Aug/2022:11:23:44 +0530] "GET /vendor/bootstrap/js/bootstrap.bundle.min.js HTTP/1.1" 304 - 68
0:0:0:0:0:0:0:1 - - [09/Aug/2022:11:23:44 +0530] "GET /js/sb-admin-2.min.js HTTP/1.1" 304 - 43
0:0:0:0:0:0:0:1 - - [09/Aug/2022:11:23:44 +0530] "GET /js/template.js HTTP/1.1" 304 - 21
0:0:0:0:0:0:0:1 - - [09/Aug/2022:11:23:44 +0530] "GET /vendor/fontawesome-free/webfonts/fa-solid-900.woff2 HTTP/1.1" 304 - 61
0:0:0:0:0:0:0:1 - - [09/Aug/2022:11:23:44 +0530] "GET /img/SDIcon.ico HTTP/1.1" 304 - 16
0:0:0:0:0:0:0:1 - - [09/Aug/2022:11:23:44 +0530] "GET /vendor/bootstrap/js/bootstrap.bundle.min.js.map HTTP/1.1" 200 311949 63
0:0:0:0:0:0:0:1 - - [09/Aug/2022:11:23:46 +0530] "GET / HTTP/1.1" 200 11319 101
0:0:0:0:0:0:0:1 - - [09/Aug/2022:11:23:46 +0530] "GET /vendor/bootstrap/js/bootstrap.bundle.min.js.map HTTP/1.1" 200 311949 12
0:0:0:0:0:0:0:1 - - [09/Aug/2022:11:24:40 +0530] "GET / HTTP/1.1" 200 11319 2416
0:0:0:0:0:0:0:1 - - [09/Aug/2022:11:24:40 +0530] "GET /vendor/bootstrap/js/bootstrap.bundle.min.js.map HTTP/1.1" 200 311949 58
0:0:0:0:0:0:0:1 - - [09/Aug/2022:11:24:45 +0530] "GET / HTTP/1.1" 200 11319 106
0:0:0:0:0:0:0:1 - - [09/Aug/2022:11:24:45 +0530] "GET /vendor/bootstrap/js/bootstrap.bundle.min.js.map HTTP/1.1" 200 311949 24
0:0:0:0:0:0:0:1 - - [09/Aug/2022:11:24:50 +0530] "GET / HTTP/1.1" 200 11319 94
0:0:0:0:0:0:0:1 - - [09/Aug/2022:11:26:04 +0530] "GET / HTTP/1.1" 200 2233 2546
0:0:0:0:0:0:0:1 - - [09/Aug/2022:11:26:13 +0530] "GET /shop/view HTTP/1.1" 200 14274 201
0:0:0:0:0:0:0:1 - - [09/Aug/2022:11:26:13 +0530] "GET /vendor/datatables/jquery.dataTables.min.js HTTP/1.1" 304 - 41
0:0:0:0:0:0:0:1 - - [09/Aug/2022:11:26:13 +0530] "GET /vendor/datatables/dataTables.bootstrap4.min.js HTTP/1.1" 304 - 40
0:0:0:0:0:0:0:1 - - [09/Aug/2022:11:26:13 +0530] "GET /vendor/datatables/dataTables.bootstrap4.min.css HTTP/1.1" 304 - 58
0:0:0:0:0:0:0:1 - - [09/Aug/2022:11:26:13 +0530] "GET /js/demo/datatables-demo.js HTTP/1.1" 304 - 40
0:0:0:0:0:0:0:1 - - [09/Aug/2022:11:26:13 +0530] "GET /js/property.js HTTP/1.1" 304 - 41
0:0:0:0:0:0:0:1 - - [09/Aug/2022:11:26:22 +0530] "GET /shop/view HTTP/1.1" 200 14274 136
0:0:0:0:0:0:0:1 - - [09/Aug/2022:11:26:28 +0530] "GET / HTTP/1.1" 200 2233 52
0:0:0:0:0:0:0:1 - - [09/Aug/2022:11:26:41 +0530] "GET /shop/view HTTP/1.1" 200 14274 86
0:0:0:0:0:0:0:1 - - [09/Aug/2022:11:26:43 +0530] "GET / HTTP/1.1" 200 2233 57
0:0:0:0:0:0:0:1 - - [09/Aug/2022:11:26:45 +0530] "GET /shop/view HTTP/1.1" 200 14274 58
0:0:0:0:0:0:0:1 - - [09/Aug/2022:21:05:14 +0530] "GET / HTTP/1.1" 200 2233 2791
0:0:0:0:0:0:0:1 - - [09/Aug/2022:21:05:14 +0530] "GET /script.js HTTP/1.1" 304 - 42
0:0:0:0:0:0:0:1 - - [09/Aug/2022:21:05:14 +0530] "GET /style.css HTTP/1.1" 304 - 43
0:0:0:0:0:0:0:1 - - [09/Aug/2022:21:05:22 +0530] "GET /genology HTTP/1.1" 200 26626 136
0:0:0:0:0:0:0:1 - - [09/Aug/2022:21:07:41 +0530] "GET /genology HTTP/1.1" 200 26382 538
0:0:0:0:0:0:0:1 - - [09/Aug/2022:21:10:36 +0530] "GET /vendor/jquery/jquery.min.js HTTP/1.1" 304 - 138
0:0:0:0:0:0:0:1 - - [09/Aug/2022:21:10:36 +0530] "GET /css/sb-admin-2.min.css HTTP/1.1" 304 - 143
0:0:0:0:0:0:0:1 - - [09/Aug/2022:21:10:36 +0530] "GET /vendor/fontawesome-free/css/all.min.css HTTP/1.1" 304 - 135
0:0:0:0:0:0:0:1 - - [09/Aug/2022:21:10:36 +0530] "GET /vendor/datatables/dataTables.bootstrap4.min.css HTTP/1.1" 304 - 135
0:0:0:0:0:0:0:1 - - [09/Aug/2022:21:10:36 +0530] "GET /vendor/bootstrap/js/bootstrap.bundle.min.js HTTP/1.1" 304 - 134
0:0:0:0:0:0:0:1 - - [09/Aug/2022:21:10:36 +0530] "GET /img/boy.png HTTP/1.1" 304 - 137
0:0:0:0:0:0:0:1 - - [09/Aug/2022:21:10:36 +0530] "GET /js/sb-admin-2.min.js HTTP/1.1" 304 - 20
0:0:0:0:0:0:0:1 - - [09/Aug/2022:21:10:36 +0530] "GET /vendor/jquery-easing/jquery.easing.min.js HTTP/1.1" 304 - 20
0:0:0:0:0:0:0:1 - - [09/Aug/2022:21:10:36 +0530] "GET /vendor/datatables/jquery.dataTables.min.js HTTP/1.1" 304 - 20
0:0:0:0:0:0:0:1 - - [09/Aug/2022:21:10:36 +0530] "GET /js/template.js HTTP/1.1" 304 - 20
0:0:0:0:0:0:0:1 - - [09/Aug/2022:21:10:36 +0530] "GET /vendor/datatables/dataTables.bootstrap4.min.js HTTP/1.1" 304 - 21
0:0:0:0:0:0:0:1 - - [09/Aug/2022:21:10:36 +0530] "GET /js/demo/datatables-demo.js HTTP/1.1" 304 - 21
0:0:0:0:0:0:0:1 - - [09/Aug/2022:21:10:37 +0530] "GET /js/property.js HTTP/1.1" 304 - 26
0:0:0:0:0:0:0:1 - - [09/Aug/2022:21:10:37 +0530] "GET /vendor/fontawesome-free/webfonts/fa-solid-900.woff2 HTTP/1.1" 304 - 66
0:0:0:0:0:0:0:1 - - [09/Aug/2022:21:13:07 +0530] "GET / HTTP/1.1" 200 2233 2730
0:0:0:0:0:0:0:1 - - [09/Aug/2022:21:13:12 +0530] "GET /genology HTTP/1.1" 200 26387 157
0:0:0:0:0:0:0:1 - - [09/Aug/2022:21:13:12 +0530] "GET /css/style.css HTTP/1.1" 200 2763 97
0:0:0:0:0:0:0:1 - - [09/Aug/2022:21:13:12 +0530] "GET /js/script.js HTTP/1.1" 200 409 73
0:0:0:0:0:0:0:1 - - [09/Aug/2022:21:21:12 +0530] "GET /genology HTTP/1.1" 200 56938 538
0:0:0:0:0:0:0:1 - - [09/Aug/2022:21:21:12 +0530] "GET /js/script.js HTTP/1.1" 304 - 35
0:0:0:0:0:0:0:1 - - [09/Aug/2022:21:21:12 +0530] "GET /css/style.css HTTP/1.1" 304 - 59
0:0:0:0:0:0:0:1 - - [09/Aug/2022:21:28:40 +0530] "GET /css/style.css HTTP/1.1" 304 - 93
0:0:0:0:0:0:0:1 - - [09/Aug/2022:21:28:40 +0530] "GET /js/script.js HTTP/1.1" 304 - 50
0:0:0:0:0:0:0:1 - - [09/Aug/2022:21:28:40 +0530] "GET /genology HTTP/1.1" 200 56988 563
