0:0:0:0:0:0:0:1 - - [09/Sep/2022:00:00:46 +0530] "GET /Eedu/ HTTP/1.1" 200 43788 2860
0:0:0:0:0:0:0:1 - - [09/Sep/2022:00:00:48 +0530] "GET /Eedu/compitation/RAS HTTP/1.1" 200 41412 300
0:0:0:0:0:0:0:1 - - [09/Sep/2022:00:00:53 +0530] "GET /Eedu/showQuiz/RAS/INDIAN%20ECONOMICS HTTP/1.1" 200 17296 186
0:0:0:0:0:0:0:1 - - [09/Sep/2022:00:04:43 +0530] "GET /Eedu/showScoreBoard/RAS/INDIAN%20ECONOMICS/2 HTTP/1.1" 200 2565 195
0:0:0:0:0:0:0:1 - - [09/Sep/2022:00:04:43 +0530] "GET /js/demo/datatables-demo.js HTTP/1.1" 200 103 121
0:0:0:0:0:0:0:1 - - [09/Sep/2022:00:04:43 +0530] "GET /vendor/datatables/dataTables.bootstrap4.min.js HTTP/1.1" 200 2085 121
0:0:0:0:0:0:0:1 - - [09/Sep/2022:00:04:43 +0530] "GET /vendor/datatables/jquery.dataTables.min.js HTTP/1.1" 200 82411 124
0:0:0:0:0:0:0:1 - - [09/Sep/2022:00:04:43 +0530] "GET /vendor/datatables/dataTables.bootstrap4.min.css HTTP/1.1" 200 5222 127
0:0:0:0:0:0:0:1 - - [09/Sep/2022:00:08:37 +0530] "GET /css/Estyle.css HTTP/1.1" 304 - 48
0:0:0:0:0:0:0:1 - - [09/Sep/2022:00:08:46 +0530] "GET /Eedu/showScoreBoard/RAS/INDIAN%20ECONOMICS/2 HTTP/1.1" 200 2565 177
0:0:0:0:0:0:0:1 - - [09/Sep/2022:00:16:22 +0530] "GET /Eedu/showScoreBoard/RAS/INDIAN%20ECONOMICS/2 HTTP/1.1" 200 2565 139
0:0:0:0:0:0:0:1 - - [09/Sep/2022:00:17:45 +0530] "GET /Eedu/startQuiz/RAS/INDIAN%20ECONOMICS/2 HTTP/1.1" 200 273 127
0:0:0:0:0:0:0:1 - - [09/Sep/2022:00:17:55 +0530] "GET /Eedu/ HTTP/1.1" 200 43788 63
0:0:0:0:0:0:0:1 - - [09/Sep/2022:00:17:55 +0530] "GET /css/Estyle.css HTTP/1.1" 304 - 12
0:0:0:0:0:0:0:1 - - [09/Sep/2022:00:19:58 +0530] "GET /Eedu/ HTTP/1.1" 200 43788 3447
0:0:0:0:0:0:0:1 - - [09/Sep/2022:00:20:01 +0530] "GET /Eedu/compitation/RAS HTTP/1.1" 200 41412 298
0:0:0:0:0:0:0:1 - - [09/Sep/2022:00:20:07 +0530] "GET /Eedu/showQuiz/RAS/INDIAN%20ECONOMICS HTTP/1.1" 200 17358 141
0:0:0:0:0:0:0:1 - - [09/Sep/2022:00:20:16 +0530] "GET /Eedu/showScoreBoard/RAS/INDIAN%20ECONOMICS/1 HTTP/1.1" 200 2402 149
0:0:0:0:0:0:0:1 - - [09/Sep/2022:00:21:16 +0530] "GET /Eedu/showQuiz/RAS/STATE%20POLITY HTTP/1.1" 200 8809 82
0:0:0:0:0:0:0:1 - - [09/Sep/2022:00:21:20 +0530] "GET /Eedu/showScoreBoard/RAS/STATE%20POLITY/1 HTTP/1.1" 200 2093 68
0:0:0:0:0:0:0:1 - - [09/Sep/2022:00:21:35 +0530] "GET /Eedu/startQuiz/RAS/STATE%20POLITY/1 HTTP/1.1" 200 10534 215
0:0:0:0:0:0:0:1 - - [09/Sep/2022:00:21:35 +0530] "GET /css/quiz.css HTTP/1.1" 200 1244 43
0:0:0:0:0:0:0:1 - - [09/Sep/2022:00:21:57 +0530] "GET /Eedu/showQuiz/RAS/INDIAN%20ECONOMICS HTTP/1.1" 200 17358 82
0:0:0:0:0:0:0:1 - - [09/Sep/2022:00:21:59 +0530] "GET /Eedu/startQuiz/RAS/INDIAN%20ECONOMICS/2 HTTP/1.1" 200 273 88
0:0:0:0:0:0:0:1 - - [09/Sep/2022:00:22:08 +0530] "GET /Eedu/startQuiz/RAS/INDIAN%20ECONOMICS/1 HTTP/1.1" 200 273 92
0:0:0:0:0:0:0:1 - - [09/Sep/2022:00:23:15 +0530] "GET /Eedu/showQuiz/RAS/INDIAN%20ECONOMICS HTTP/1.1" 200 17358 2977
0:0:0:0:0:0:0:1 - - [09/Sep/2022:00:23:19 +0530] "GET /Eedu/startQuiz/RAS/INDIAN%20ECONOMICS/2 HTTP/1.1" 200 8780 178
0:0:0:0:0:0:0:1 - - [09/Sep/2022:00:23:40 +0530] "POST /Eedu/saveQuiz/RAS/INDIAN%20ECONOMICS/2 HTTP/1.1" 302 - 223
0:0:0:0:0:0:0:1 - - [09/Sep/2022:00:23:40 +0530] "GET /Eedu/ HTTP/1.1" 200 43788 83
0:0:0:0:0:0:0:1 - - [09/Sep/2022:00:24:04 +0530] "GET /Eedu/compitation/REET HTTP/1.1" 200 270 140
0:0:0:0:0:0:0:1 - - [09/Sep/2022:00:24:09 +0530] "GET /Eedu/compitation/PATWAR HTTP/1.1" 200 272 49
0:0:0:0:0:0:0:1 - - [09/Sep/2022:00:24:12 +0530] "GET /Eedu/ HTTP/1.1" 200 43788 80
0:0:0:0:0:0:0:1 - - [09/Sep/2022:00:24:13 +0530] "GET /Eedu/compitation/RAS HTTP/1.1" 200 41412 79
0:0:0:0:0:0:0:1 - - [09/Sep/2022:00:24:17 +0530] "GET /Eedu/showQuiz/RAS/MATHEMATICS HTTP/1.1" 200 293 98
0:0:0:0:0:0:0:1 - - [09/Sep/2022:00:24:28 +0530] "GET /Eedu/compitation/POLICE HTTP/1.1" 200 272 41
0:0:0:0:0:0:0:1 - - [09/Sep/2022:00:24:39 +0530] "GET /Eedu/compitation/RAS HTTP/1.1" 200 41412 65
0:0:0:0:0:0:0:1 - - [09/Sep/2022:00:24:42 +0530] "GET /Eedu/showQuiz/RAS/INDIAN%20POLITY HTTP/1.1" 200 8812 46
0:0:0:0:0:0:0:1 - - [09/Sep/2022:00:24:45 +0530] "GET /Eedu/showScoreBoard/RAS/INDIAN%20POLITY/1 HTTP/1.1" 200 2093 120
0:0:0:0:0:0:0:1 - - [09/Sep/2022:00:24:49 +0530] "GET /Eedu/startQuiz/RAS/INDIAN%20POLITY/1 HTTP/1.1" 200 1267 78
0:0:0:0:0:0:0:1 - - [09/Sep/2022:00:24:59 +0530] "GET /Eedu/showQuiz/RAS/ENGLISH HTTP/1.1" 200 8790 93
0:0:0:0:0:0:0:1 - - [09/Sep/2022:00:25:00 +0530] "GET /Eedu/startQuiz/RAS/ENGLISH/1 HTTP/1.1" 200 8966 78
0:0:0:0:0:0:0:1 - - [09/Sep/2022:00:25:07 +0530] "GET /Eedu/showQuiz/RAS/GEOGRAPHY HTTP/1.1" 200 8796 53
0:0:0:0:0:0:0:1 - - [09/Sep/2022:00:25:08 +0530] "GET /Eedu/startQuiz/RAS/GEOGRAPHY/1 HTTP/1.1" 200 3116 53
0:0:0:0:0:0:0:1 - - [09/Sep/2022:00:25:13 +0530] "POST /Eedu/saveQuiz/RAS/GEOGRAPHY/1 HTTP/1.1" 302 - 67
0:0:0:0:0:0:0:1 - - [09/Sep/2022:00:25:13 +0530] "GET /Eedu/ HTTP/1.1" 200 43788 30
0:0:0:0:0:0:0:1 - - [09/Sep/2022:00:25:14 +0530] "GET /Eedu/compitation/RAS HTTP/1.1" 200 41412 51
0:0:0:0:0:0:0:1 - - [09/Sep/2022:00:25:34 +0530] "GET /Eedu/showQuiz/RAS/INDIAN%20ECONOMICS HTTP/1.1" 200 17358 114
0:0:0:0:0:0:0:1 - - [09/Sep/2022:00:25:36 +0530] "GET /Eedu/startQuiz/RAS/INDIAN%20ECONOMICS/2 HTTP/1.1" 200 8780 113
0:0:0:0:0:0:0:1 - - [09/Sep/2022:00:25:46 +0530] "GET /Eedu/showScoreBoard/RAS/INDIAN%20ECONOMICS/2 HTTP/1.1" 200 2728 127
0:0:0:0:0:0:0:1 - - [09/Sep/2022:00:34:30 +0530] "GET /Eedu/compitation/RAS HTTP/1.1" 200 41412 2770
0:0:0:0:0:0:0:1 - - [09/Sep/2022:00:34:30 +0530] "GET /css/Estyle.css HTTP/1.1" 304 - 49
0:0:0:0:0:0:0:1 - - [09/Sep/2022:00:34:33 +0530] "GET /Eedu/showQuiz/RAS/INDIAN%20ECONOMICS HTTP/1.1" 200 17358 208
0:0:0:0:0:0:0:1 - - [09/Sep/2022:00:34:35 +0530] "GET /Eedu/startQuiz/RAS/INDIAN%20ECONOMICS/2 HTTP/1.1" 200 8780 178
0:0:0:0:0:0:0:1 - - [09/Sep/2022:00:34:43 +0530] "POST /Eedu/saveQuiz/RAS/INDIAN%20ECONOMICS/2 HTTP/1.1" 500 412 223
0:0:0:0:0:0:0:1 - - [09/Sep/2022:00:36:30 +0530] "GET /Eedu/startQuiz/RAS/INDIAN%20ECONOMICS/2 HTTP/1.1" 200 8780 2934
0:0:0:0:0:0:0:1 - - [09/Sep/2022:00:36:34 +0530] "POST /Eedu/saveQuiz/RAS/INDIAN%20ECONOMICS/2 HTTP/1.1" 200 1608 205
0:0:0:0:0:0:0:1 - - [09/Sep/2022:00:36:34 +0530] "GET /css/SuccessStyle.css HTTP/1.1" 200 7068 62
0:0:0:0:0:0:0:1 - - [09/Sep/2022:00:36:34 +0530] "GET /js/SuccessJs.js HTTP/1.1" 200 107 55
0:0:0:0:0:0:0:1 - - [09/Sep/2022:00:36:34 +0530] "GET /css/bootstrap.min.css HTTP/1.1" 404 153 127
0:0:0:0:0:0:0:1 - - [09/Sep/2022:00:36:44 +0530] "POST /Eedu/saveQuiz/RAS/INDIAN%20ECONOMICS/2 HTTP/1.1" 200 1608 124
0:0:0:0:0:0:0:1 - - [09/Sep/2022:00:36:44 +0530] "GET /css/bootstrap.min.css HTTP/1.1" 404 153 34
0:0:0:0:0:0:0:1 - - [09/Sep/2022:00:36:47 +0530] "POST /Eedu/saveQuiz/RAS/INDIAN%20ECONOMICS/2 HTTP/1.1" 200 1608 91
0:0:0:0:0:0:0:1 - - [09/Sep/2022:00:36:47 +0530] "GET /css/bootstrap.min.css HTTP/1.1" 404 153 18
0:0:0:0:0:0:0:1 - - [09/Sep/2022:00:36:52 +0530] "POST /Eedu/saveQuiz/RAS/INDIAN%20ECONOMICS/2 HTTP/1.1" 200 1608 82
0:0:0:0:0:0:0:1 - - [09/Sep/2022:00:36:52 +0530] "GET /css/SuccessStyle.css HTTP/1.1" 304 - 31
0:0:0:0:0:0:0:1 - - [09/Sep/2022:00:36:52 +0530] "GET /js/SuccessJs.js HTTP/1.1" 304 - 31
0:0:0:0:0:0:0:1 - - [09/Sep/2022:00:36:52 +0530] "GET /css/bootstrap.min.css HTTP/1.1" 404 153 43
0:0:0:0:0:0:0:1 - - [09/Sep/2022:00:39:14 +0530] "GET /Eedu/startQuiz/RAS/INDIAN%20ECONOMICS/2 HTTP/1.1" 200 8780 2767
0:0:0:0:0:0:0:1 - - [09/Sep/2022:00:39:19 +0530] "POST /Eedu/saveQuiz/RAS/INDIAN%20ECONOMICS/2 HTTP/1.1" 200 1661 195
0:0:0:0:0:0:0:1 - - [09/Sep/2022:00:39:19 +0530] "GET /js/SuccessJs.js HTTP/1.1" 304 - 34
0:0:0:0:0:0:0:1 - - [09/Sep/2022:00:39:19 +0530] "GET /css/SuccessStyle.css HTTP/1.1" 304 - 41
0:0:0:0:0:0:0:1 - - [09/Sep/2022:00:45:37 +0530] "GET /Eedu/ HTTP/1.1" 200 43788 3235
0:0:0:0:0:0:0:1 - - [09/Sep/2022:00:45:37 +0530] "GET /css/Estyle.css HTTP/1.1" 304 - 40
0:0:0:0:0:0:0:1 - - [09/Sep/2022:00:45:38 +0530] "GET /Eedu/compitation/RAS HTTP/1.1" 200 41412 226
0:0:0:0:0:0:0:1 - - [09/Sep/2022:00:45:40 +0530] "GET /Eedu/showQuiz/RAS/INDIAN%20ECONOMICS HTTP/1.1" 200 17358 175
0:0:0:0:0:0:0:1 - - [09/Sep/2022:00:45:41 +0530] "GET /Eedu/startQuiz/RAS/INDIAN%20ECONOMICS/2 HTTP/1.1" 200 8780 160
0:0:0:0:0:0:0:1 - - [09/Sep/2022:00:45:46 +0530] "POST /Eedu/saveQuiz/RAS/INDIAN%20ECONOMICS/2 HTTP/1.1" 200 1730 203
0:0:0:0:0:0:0:1 - - [09/Sep/2022:00:45:47 +0530] "GET /css/SuccessStyle.css HTTP/1.1" 304 - 20
0:0:0:0:0:0:0:1 - - [09/Sep/2022:00:45:47 +0530] "GET /js/SuccessJs.js HTTP/1.1" 304 - 20
0:0:0:0:0:0:0:1 - - [09/Sep/2022:00:45:49 +0530] "GET /Eedu/showQuiz/RAS/INDIAN%20ECONOMICS HTTP/1.1" 200 17358 85
0:0:0:0:0:0:0:1 - - [09/Sep/2022:00:46:03 +0530] "GET /Eedu/showQuiz/RAS/INDIAN%20ECONOMICS HTTP/1.1" 200 17358 86
0:0:0:0:0:0:0:1 - - [09/Sep/2022:00:46:11 +0530] "GET /Eedu/showQuiz/RAS/INDIAN%20ECONOMICS HTTP/1.1" 200 17358 66
0:0:0:0:0:0:0:1 - - [09/Sep/2022:00:46:27 +0530] "POST /Eedu/saveQuiz/RAS/INDIAN%20ECONOMICS/2 HTTP/1.1" 200 1730 120
0:0:0:0:0:0:0:1 - - [09/Sep/2022:00:46:34 +0530] "GET /Eedu/showQuiz/RAS/INDIAN%20ECONOMICS HTTP/1.1" 200 17358 75
0:0:0:0:0:0:0:1 - - [09/Sep/2022:00:46:42 +0530] "GET /Eedu/showQuiz/RAS/INDIAN%20ECONOMICS HTTP/1.1" 200 17358 59
0:0:0:0:0:0:0:1 - - [09/Sep/2022:00:46:46 +0530] "GET /Eedu/showQuiz/RAS/INDIAN%20ECONOMICS HTTP/1.1" 200 17358 65
0:0:0:0:0:0:0:1 - - [09/Sep/2022:00:46:52 +0530] "GET /Eedu/showQuiz/RAS/INDIAN%20ECONOMICS HTTP/1.1" 200 17358 83
0:0:0:0:0:0:0:1 - - [09/Sep/2022:00:46:54 +0530] "GET /Eedu/startQuiz/RAS/INDIAN%20ECONOMICS/1 HTTP/1.1" 200 3132 113
0:0:0:0:0:0:0:1 - - [09/Sep/2022:00:46:57 +0530] "POST /Eedu/saveQuiz/RAS/INDIAN%20ECONOMICS/1 HTTP/1.1" 200 1730 69
0:0:0:0:0:0:0:1 - - [09/Sep/2022:00:46:57 +0530] "GET /js/SuccessJs.js HTTP/1.1" 304 - 9
0:0:0:0:0:0:0:1 - - [09/Sep/2022:00:46:57 +0530] "GET /css/SuccessStyle.css HTTP/1.1" 304 - 9
0:0:0:0:0:0:0:1 - - [09/Sep/2022:00:47:00 +0530] "GET /Eedu/showQuiz/RAS/INDIAN%20ECONOMICS HTTP/1.1" 200 17358 46
0:0:0:0:0:0:0:1 - - [09/Sep/2022:00:47:10 +0530] "GET /Eedu/showQuiz/RAS/ENGLISH HTTP/1.1" 200 8790 39
0:0:0:0:0:0:0:1 - - [09/Sep/2022:00:47:10 +0530] "GET /Eedu/startQuiz/RAS/ENGLISH/1 HTTP/1.1" 200 8966 72
0:0:0:0:0:0:0:1 - - [09/Sep/2022:00:47:14 +0530] "POST /Eedu/saveQuiz/RAS/ENGLISH/1 HTTP/1.1" 200 1719 59
0:0:0:0:0:0:0:1 - - [09/Sep/2022:00:47:16 +0530] "GET /Eedu/showQuiz/RAS/ENGLISH HTTP/1.1" 200 8790 46
0:0:0:0:0:0:0:1 - - [09/Sep/2022:00:47:22 +0530] "GET /Eedu/showQuiz/RAS/ENGLISH HTTP/1.1" 200 8790 83
0:0:0:0:0:0:0:1 - - [09/Sep/2022:00:47:26 +0530] "GET /Eedu/showQuiz/RAS/ENGLISH HTTP/1.1" 200 8790 101
0:0:0:0:0:0:0:1 - - [09/Sep/2022:00:55:34 +0530] "GET /Admin? HTTP/1.1" 404 306 214
0:0:0:0:0:0:0:1 - - [09/Sep/2022:00:55:37 +0530] "GET /Admin/ HTTP/1.1" 200 39427 94
0:0:0:0:0:0:0:1 - - [09/Sep/2022:00:55:41 +0530] "GET /Admin/compitation/REET HTTP/1.1" 200 305 97
0:0:0:0:0:0:0:1 - - [09/Sep/2022:00:55:47 +0530] "GET /Admin/compitation/RAS HTTP/1.1" 200 17551 199
0:0:0:0:0:0:0:1 - - [09/Sep/2022:00:55:53 +0530] "GET /Admin/createQuiz/RAS/INDIAN%20POLITY HTTP/1.1" 200 14778 261
0:0:0:0:0:0:0:1 - - [09/Sep/2022:00:55:53 +0530] "GET /js/sb-admin-2.min.js HTTP/1.1" 200 1106 59
0:0:0:0:0:0:0:1 - - [09/Sep/2022:00:55:53 +0530] "GET /css/sb-admin-2.min.css HTTP/1.1" 200 256692 67
0:0:0:0:0:0:0:1 - - [09/Sep/2022:00:55:53 +0530] "GET /vendor/fontawesome-free/css/all.min.css HTTP/1.1" 200 68848 68
0:0:0:0:0:0:0:1 - - [09/Sep/2022:00:55:53 +0530] "GET /vendor/jquery/jquery.min.js HTTP/1.1" 200 86927 60
0:0:0:0:0:0:0:1 - - [09/Sep/2022:00:55:53 +0530] "GET /vendor/bootstrap/js/bootstrap.bundle.min.js HTTP/1.1" 200 78635 60
0:0:0:0:0:0:0:1 - - [09/Sep/2022:00:55:53 +0530] "GET /vendor/jquery-easing/jquery.easing.min.js HTTP/1.1" 200 2532 58
0:0:0:0:0:0:0:1 - - [09/Sep/2022:00:55:53 +0530] "GET /js/template.js HTTP/1.1" 200 - 9
0:0:0:0:0:0:0:1 - - [09/Sep/2022:00:56:02 +0530] "POST /Admin/saveQuiz HTTP/1.1" 302 - 109
0:0:0:0:0:0:0:1 - - [09/Sep/2022:00:56:02 +0530] "GET /Admin/ HTTP/1.1" 200 39427 34
0:0:0:0:0:0:0:1 - - [09/Sep/2022:00:56:04 +0530] "GET /Admin/compitation/RAS HTTP/1.1" 200 17551 51
0:0:0:0:0:0:0:1 - - [09/Sep/2022:00:56:18 +0530] "GET /Eedu/ HTTP/1.1" 200 43788 61
0:0:0:0:0:0:0:1 - - [09/Sep/2022:00:56:20 +0530] "GET /Eedu/compitation/RAS HTTP/1.1" 200 41412 118
0:0:0:0:0:0:0:1 - - [09/Sep/2022:00:56:21 +0530] "GET /Eedu/showQuiz/RAS/INDIAN%20POLITY HTTP/1.1" 200 17340 71
0:0:0:0:0:0:0:1 - - [09/Sep/2022:00:56:24 +0530] "GET /Eedu/startQuiz/RAS/INDIAN%20POLITY/2 HTTP/1.1" 200 18848 64
0:0:0:0:0:0:0:1 - - [09/Sep/2022:00:57:14 +0530] "POST /Eedu/saveQuiz/RAS/INDIAN%20POLITY/2 HTTP/1.1" 200 1727 76
0:0:0:0:0:0:0:1 - - [09/Sep/2022:00:57:14 +0530] "GET /css/SuccessStyle.css HTTP/1.1" 304 - 13
0:0:0:0:0:0:0:1 - - [09/Sep/2022:00:57:14 +0530] "GET /js/SuccessJs.js HTTP/1.1" 304 - 13
0:0:0:0:0:0:0:1 - - [09/Sep/2022:00:57:19 +0530] "GET /Eedu/showQuiz/RAS/INDIAN%20POLITY HTTP/1.1" 200 17340 107
0:0:0:0:0:0:0:1 - - [09/Sep/2022:00:57:19 +0530] "GET /css/Estyle.css HTTP/1.1" 304 - 21
0:0:0:0:0:0:0:1 - - [09/Sep/2022:00:57:21 +0530] "GET /Eedu/startQuiz/RAS/INDIAN%20POLITY/2 HTTP/1.1" 200 18848 110
0:0:0:0:0:0:0:1 - - [09/Sep/2022:00:58:30 +0530] "POST /Eedu/saveQuiz/RAS/INDIAN%20POLITY/2 HTTP/1.1" 200 1727 88
0:0:0:0:0:0:0:1 - - [09/Sep/2022:00:58:38 +0530] "GET /Eedu/showQuiz/RAS/INDIAN%20POLITY HTTP/1.1" 200 17340 45
0:0:0:0:0:0:0:1 - - [09/Sep/2022:00:58:40 +0530] "GET /Eedu/startQuiz/RAS/INDIAN%20POLITY/1 HTTP/1.1" 200 1267 54
0:0:0:0:0:0:0:1 - - [09/Sep/2022:00:58:48 +0530] "GET /Eedu/showQuiz/RAS/INDIAN%20POLITY HTTP/1.1" 200 17340 90
0:0:0:0:0:0:0:1 - - [09/Sep/2022:00:59:13 +0530] "GET /Eedu/compitation/RAS HTTP/1.1" 200 41412 125
0:0:0:0:0:0:0:1 - - [09/Sep/2022:00:59:15 +0530] "GET /Eedu/showQuiz/RAS/INDIAN%20ECONOMICS HTTP/1.1" 200 17358 59
0:0:0:0:0:0:0:1 - - [09/Sep/2022:00:59:16 +0530] "GET /Eedu/startQuiz/RAS/INDIAN%20ECONOMICS/2 HTTP/1.1" 200 8780 47
0:0:0:0:0:0:0:1 - - [09/Sep/2022:00:59:21 +0530] "POST /Eedu/saveQuiz/RAS/INDIAN%20ECONOMICS/2 HTTP/1.1" 200 1730 75
0:0:0:0:0:0:0:1 - - [09/Sep/2022:00:59:23 +0530] "GET /Eedu/showQuiz/RAS/INDIAN%20ECONOMICS HTTP/1.1" 200 17358 49
0:0:0:0:0:0:0:1 - - [09/Sep/2022:00:59:26 +0530] "GET /Eedu/showQuiz/RAS/INDIAN%20POLITY HTTP/1.1" 200 17340 41
0:0:0:0:0:0:0:1 - - [09/Sep/2022:00:59:28 +0530] "GET /Eedu/startQuiz/RAS/INDIAN%20POLITY/2 HTTP/1.1" 200 18848 62
0:0:0:0:0:0:0:1 - - [09/Sep/2022:00:59:39 +0530] "POST /Eedu/saveQuiz/RAS/INDIAN%20POLITY/2 HTTP/1.1" 200 1727 51
0:0:0:0:0:0:0:1 - - [09/Sep/2022:00:59:39 +0530] "GET /css/SuccessStyle.css HTTP/1.1" 304 - 24
0:0:0:0:0:0:0:1 - - [09/Sep/2022:00:59:39 +0530] "GET /js/SuccessJs.js HTTP/1.1" 304 - 24
0:0:0:0:0:0:0:1 - - [09/Sep/2022:00:59:46 +0530] "GET /Eedu/showQuiz/RAS/INDIAN%20POLITY HTTP/1.1" 200 17340 99
0:0:0:0:0:0:0:1 - - [09/Sep/2022:00:59:48 +0530] "GET /Eedu/showScoreBoard/RAS/INDIAN%20POLITY/2 HTTP/1.1" 200 2568 130
0:0:0:0:0:0:0:1 - - [09/Sep/2022:11:03:04 +0530] "GET /Eedu/ HTTP/1.1" 200 43788 2902
0:0:0:0:0:0:0:1 - - [09/Sep/2022:11:03:04 +0530] "GET /css/Estyle.css HTTP/1.1" 304 - 46
0:0:0:0:0:0:0:1 - - [09/Sep/2022:11:03:10 +0530] "GET /Eedu/compitation/RAS HTTP/1.1" 200 41412 249
0:0:0:0:0:0:0:1 - - [09/Sep/2022:11:03:12 +0530] "GET /Eedu/showQuiz/RAS/INDIAN%20ECONOMICS HTTP/1.1" 200 17358 138
0:0:0:0:0:0:0:1 - - [09/Sep/2022:11:03:15 +0530] "GET /Eedu/showScoreBoard/RAS/INDIAN%20ECONOMICS/2 HTTP/1.1" 200 4200 71
0:0:0:0:0:0:0:1 - - [09/Sep/2022:11:03:15 +0530] "GET /js/demo/datatables-demo.js HTTP/1.1" 304 - 46
0:0:0:0:0:0:0:1 - - [09/Sep/2022:11:03:15 +0530] "GET /vendor/datatables/dataTables.bootstrap4.min.js HTTP/1.1" 304 - 39
0:0:0:0:0:0:0:1 - - [09/Sep/2022:11:03:15 +0530] "GET /vendor/datatables/dataTables.bootstrap4.min.css HTTP/1.1" 304 - 52
0:0:0:0:0:0:0:1 - - [09/Sep/2022:11:03:15 +0530] "GET /vendor/datatables/jquery.dataTables.min.js HTTP/1.1" 304 - 50
0:0:0:0:0:0:0:1 - - [09/Sep/2022:11:03:19 +0530] "GET /Eedu/startQuiz/RAS/INDIAN%20ECONOMICS/2 HTTP/1.1" 200 8780 182
0:0:0:0:0:0:0:1 - - [09/Sep/2022:11:03:19 +0530] "GET /css/quiz.css HTTP/1.1" 304 - 16
0:0:0:0:0:0:0:1 - - [09/Sep/2022:11:03:23 +0530] "POST /Eedu/saveQuiz/RAS/INDIAN%20ECONOMICS/2 HTTP/1.1" 200 1730 171
0:0:0:0:0:0:0:1 - - [09/Sep/2022:11:03:23 +0530] "GET /js/SuccessJs.js HTTP/1.1" 304 - 9
0:0:0:0:0:0:0:1 - - [09/Sep/2022:11:03:23 +0530] "GET /css/SuccessStyle.css HTTP/1.1" 304 - 10
0:0:0:0:0:0:0:1 - - [09/Sep/2022:11:03:28 +0530] "GET /Eedu/showQuiz/RAS/INDIAN%20ECONOMICS HTTP/1.1" 200 17358 99
0:0:0:0:0:0:0:1 - - [09/Sep/2022:11:03:34 +0530] "GET /Eedu/showScoreBoard/RAS/INDIAN%20ECONOMICS/2 HTTP/1.1" 200 4364 78
0:0:0:0:0:0:0:1 - - [09/Sep/2022:11:05:17 +0530] "GET /Eedu/ HTTP/1.1" 200 43788 2714
0:0:0:0:0:0:0:1 - - [09/Sep/2022:11:05:26 +0530] "GET /Eedu/compitation/RAS HTTP/1.1" 200 41412 249
0:0:0:0:0:0:0:1 - - [09/Sep/2022:11:05:32 +0530] "GET /Eedu/showQuiz/RAS/INDIAN%20ECONOMICS HTTP/1.1" 200 17358 255
0:0:0:0:0:0:0:1 - - [09/Sep/2022:11:05:41 +0530] "GET /Eedu/showQuiz/RAS/INDIAN%20POLITY HTTP/1.1" 200 17340 78
0:0:0:0:0:0:0:1 - - [09/Sep/2022:11:05:43 +0530] "GET /Eedu/startQuiz/RAS/INDIAN%20POLITY/2 HTTP/1.1" 200 18848 138
0:0:0:0:0:0:0:1 - - [09/Sep/2022:11:06:00 +0530] "POST /Eedu/saveQuiz/RAS/INDIAN%20POLITY/2 HTTP/1.1" 200 1727 172
0:0:0:0:0:0:0:1 - - [09/Sep/2022:11:06:04 +0530] "GET /Eedu/showQuiz/RAS/INDIAN%20POLITY HTTP/1.1" 200 17340 121
0:0:0:0:0:0:0:1 - - [09/Sep/2022:11:07:21 +0530] "GET /Eedu/ HTTP/1.1" 200 43788 75
0:0:0:0:0:0:0:1 - - [09/Sep/2022:11:07:21 +0530] "GET /css/Estyle.css HTTP/1.1" 200 2722 47
0:0:0:0:0:0:0:1 - - [09/Sep/2022:11:07:21 +0530] "GET /favicon.ico HTTP/1.1" 200 946 60
0:0:0:0:0:0:0:1 - - [09/Sep/2022:11:07:49 +0530] "GET /Eedu/compitation/RAS HTTP/1.1" 200 41412 115
0:0:0:0:0:0:0:1 - - [09/Sep/2022:11:07:49 +0530] "GET /css/Estyle.css HTTP/1.1" 304 - 13
0:0:0:0:0:0:0:1 - - [09/Sep/2022:11:07:54 +0530] "GET /Eedu/showQuiz/RAS/INDIAN%20ECONOMICS HTTP/1.1" 200 17358 49
0:0:0:0:0:0:0:1 - - [09/Sep/2022:11:07:57 +0530] "GET /Eedu/startQuiz/RAS/INDIAN%20ECONOMICS/2 HTTP/1.1" 200 8780 67
0:0:0:0:0:0:0:1 - - [09/Sep/2022:11:07:57 +0530] "GET /css/quiz.css HTTP/1.1" 200 1244 8
0:0:0:0:0:0:0:1 - - [09/Sep/2022:11:09:02 +0530] "GET /css/Estyle.css HTTP/1.1" 304 - 42
0:0:0:0:0:0:0:1 - - [09/Sep/2022:11:09:29 +0530] "GET /Eedu/showQuiz/RAS/INDIAN%20ECONOMICS HTTP/1.1" 200 17358 146
0:0:0:0:0:0:0:1 - - [09/Sep/2022:11:09:29 +0530] "GET /css/Estyle.css HTTP/1.1" 304 - 19
0:0:0:0:0:0:0:1 - - [09/Sep/2022:11:09:31 +0530] "GET /Eedu/startQuiz/RAS/INDIAN%20ECONOMICS/2 HTTP/1.1" 200 8780 100
0:0:0:0:0:0:0:1 - - [09/Sep/2022:11:09:46 +0530] "POST /Eedu/saveQuiz/RAS/INDIAN%20ECONOMICS/2 HTTP/1.1" 200 1730 79
0:0:0:0:0:0:0:1 - - [09/Sep/2022:11:09:46 +0530] "GET /css/SuccessStyle.css HTTP/1.1" 200 7068 23
0:0:0:0:0:0:0:1 - - [09/Sep/2022:11:09:46 +0530] "GET /js/SuccessJs.js HTTP/1.1" 200 107 13
0:0:0:0:0:0:0:1 - - [09/Sep/2022:11:10:34 +0530] "GET /Eedu/ HTTP/1.1" 200 43788 62
0:0:0:0:0:0:0:1 - - [09/Sep/2022:11:11:46 +0530] "GET /Eedu/ HTTP/1.1" 200 43788 160
0:0:0:0:0:0:0:1 - - [09/Sep/2022:11:11:46 +0530] "GET /css/Estyle.css HTTP/1.1" 200 2722 15
0:0:0:0:0:0:0:1 - - [09/Sep/2022:11:11:46 +0530] "GET /favicon.ico HTTP/1.1" 200 946 31
0:0:0:0:0:0:0:1 - - [09/Sep/2022:11:11:57 +0530] "GET /Eedu/compitation/RAS HTTP/1.1" 200 41412 74
0:0:0:0:0:0:0:1 - - [09/Sep/2022:11:12:02 +0530] "GET /Eedu/showQuiz/RAS/INDIAN%20POLITY HTTP/1.1" 200 17340 50
0:0:0:0:0:0:0:1 - - [09/Sep/2022:11:12:04 +0530] "GET /Eedu/startQuiz/RAS/INDIAN%20POLITY/2 HTTP/1.1" 200 18848 82
0:0:0:0:0:0:0:1 - - [09/Sep/2022:11:12:04 +0530] "GET /css/quiz.css HTTP/1.1" 200 1244 15
0:0:0:0:0:0:0:1 - - [09/Sep/2022:11:12:58 +0530] "POST /Eedu/saveQuiz/RAS/INDIAN%20POLITY/2 HTTP/1.1" 200 1727 183
0:0:0:0:0:0:0:1 - - [09/Sep/2022:11:12:58 +0530] "GET /css/SuccessStyle.css HTTP/1.1" 200 7068 48
0:0:0:0:0:0:0:1 - - [09/Sep/2022:11:12:58 +0530] "GET /js/SuccessJs.js HTTP/1.1" 200 107 48
0:0:0:0:0:0:0:1 - - [09/Sep/2022:11:13:00 +0530] "GET /Eedu/showQuiz/RAS/INDIAN%20POLITY HTTP/1.1" 200 17340 123
0:0:0:0:0:0:0:1 - - [09/Sep/2022:11:13:00 +0530] "GET /css/Estyle.css HTTP/1.1" 304 - 25
0:0:0:0:0:0:0:1 - - [09/Sep/2022:12:45:45 +0530] "GET /Eedu/ HTTP/1.1" 200 43788 2931
0:0:0:0:0:0:0:1 - - [09/Sep/2022:12:45:45 +0530] "GET /css/Estyle.css HTTP/1.1" 200 2722 56
0:0:0:0:0:0:0:1 - - [09/Sep/2022:12:45:50 +0530] "GET /Eedu/compitation/RAS HTTP/1.1" 200 41412 251
0:0:0:0:0:0:0:1 - - [09/Sep/2022:12:45:53 +0530] "GET /Eedu/showQuiz/RAS/INDIAN%20POLITY HTTP/1.1" 200 17340 145
0:0:0:0:0:0:0:1 - - [09/Sep/2022:12:46:04 +0530] "GET /Eedu/showScoreBoard/RAS/INDIAN%20POLITY/2 HTTP/1.1" 200 5747 95
0:0:0:0:0:0:0:1 - - [09/Sep/2022:12:46:04 +0530] "GET /vendor/bootstrap/js/bootstrap.bundle.min.js HTTP/1.1" 304 - 20
0:0:0:0:0:0:0:1 - - [09/Sep/2022:12:46:04 +0530] "GET /js/sb-admin-2.min.js HTTP/1.1" 304 - 20
0:0:0:0:0:0:0:1 - - [09/Sep/2022:12:46:04 +0530] "GET /vendor/jquery/jquery.min.js HTTP/1.1" 304 - 24
0:0:0:0:0:0:0:1 - - [09/Sep/2022:12:46:04 +0530] "GET /vendor/jquery-easing/jquery.easing.min.js HTTP/1.1" 304 - 20
0:0:0:0:0:0:0:1 - - [09/Sep/2022:12:46:04 +0530] "GET /img/boy.png HTTP/1.1" 200 28020 29
0:0:0:0:0:0:0:1 - - [09/Sep/2022:12:46:04 +0530] "GET /js/template.js HTTP/1.1" 304 - 22
0:0:0:0:0:0:0:1 - - [09/Sep/2022:12:46:41 +0530] "GET /Eedu/startQuiz/RAS/INDIAN%20POLITY/2 HTTP/1.1" 200 18848 207
0:0:0:0:0:0:0:1 - - [09/Sep/2022:12:46:44 +0530] "POST /Eedu/saveQuiz/RAS/INDIAN%20POLITY/2 HTTP/1.1" 200 1727 167
0:0:0:0:0:0:0:1 - - [09/Sep/2022:12:46:44 +0530] "GET /css/SuccessStyle.css HTTP/1.1" 304 - 24
0:0:0:0:0:0:0:1 - - [09/Sep/2022:12:46:44 +0530] "GET /js/SuccessJs.js HTTP/1.1" 304 - 23
0:0:0:0:0:0:0:1 - - [09/Sep/2022:12:46:46 +0530] "GET /Eedu/showQuiz/RAS/INDIAN%20POLITY HTTP/1.1" 200 17340 86
0:0:0:0:0:0:0:1 - - [09/Sep/2022:12:49:57 +0530] "GET /Eedu/ HTTP/1.1" 200 43788 2894
0:0:0:0:0:0:0:1 - - [09/Sep/2022:12:49:59 +0530] "GET /Eedu/compitation/RAS HTTP/1.1" 200 41412 286
0:0:0:0:0:0:0:1 - - [09/Sep/2022:12:50:02 +0530] "GET /Eedu/showQuiz/RAS/INDIAN%20POLITY HTTP/1.1" 200 17340 212
0:0:0:0:0:0:0:1 - - [09/Sep/2022:12:50:03 +0530] "GET /Eedu/showScoreBoard/RAS/INDIAN%20POLITY/2 HTTP/1.1" 200 6653 112
0:0:0:0:0:0:0:1 - - [09/Sep/2022:12:50:04 +0530] "GET /vendor/fontawesome-free/css/all.min.css HTTP/1.1" 304 - 20
0:0:0:0:0:0:0:1 - - [09/Sep/2022:12:50:04 +0530] "GET /css/sb-admin-2.min.css HTTP/1.1" 304 - 13
0:0:0:0:0:0:0:1 - - [09/Sep/2022:12:50:04 +0530] "GET /vendor/fontawesome-free/webfonts/fa-solid-900.woff2 HTTP/1.1" 200 74348 51
0:0:0:0:0:0:0:1 - - [09/Sep/2022:12:50:04 +0530] "GET /img/SDIcon.ico HTTP/1.1" 404 146 73
0:0:0:0:0:0:0:1 - - [09/Sep/2022:12:50:21 +0530] "GET /admin/actionParam/edit HTTP/1.1" 404 306 101
0:0:0:0:0:0:0:1 - - [09/Sep/2022:12:51:16 +0530] "GET /Eedu/ HTTP/1.1" 200 43788 2856
0:0:0:0:0:0:0:1 - - [09/Sep/2022:12:51:18 +0530] "GET /Eedu/compitation/RAS HTTP/1.1" 200 41412 312
0:0:0:0:0:0:0:1 - - [09/Sep/2022:12:51:21 +0530] "GET /Eedu/showQuiz/RAS/INDIAN%20POLITY HTTP/1.1" 200 17340 214
0:0:0:0:0:0:0:1 - - [09/Sep/2022:12:51:22 +0530] "GET /Eedu/showScoreBoard/RAS/INDIAN%20POLITY/2 HTTP/1.1" 200 6694 133
0:0:0:0:0:0:0:1 - - [09/Sep/2022:13:04:57 +0530] "GET /Eedu/ HTTP/1.1" 200 43788 3164
0:0:0:0:0:0:0:1 - - [09/Sep/2022:13:04:57 +0530] "GET /css/Estyle.css HTTP/1.1" 304 - 51
0:0:0:0:0:0:0:1 - - [09/Sep/2022:13:05:00 +0530] "GET /Eedu/compitation/RAS HTTP/1.1" 200 41412 281
0:0:0:0:0:0:0:1 - - [09/Sep/2022:13:05:02 +0530] "GET /Eedu/showQuiz/RAS/INDIAN%20POLITY HTTP/1.1" 200 17340 184
0:0:0:0:0:0:0:1 - - [09/Sep/2022:13:05:03 +0530] "GET /Eedu/showScoreBoard/RAS/INDIAN%20POLITY/2 HTTP/1.1" 200 6906 107
0:0:0:0:0:0:0:1 - - [09/Sep/2022:13:14:07 +0530] "GET /Eedu/ HTTP/1.1" 200 43788 2375
0:0:0:0:0:0:0:1 - - [09/Sep/2022:13:14:09 +0530] "GET /Eedu/compitation/RAS HTTP/1.1" 200 41412 242
0:0:0:0:0:0:0:1 - - [09/Sep/2022:13:14:11 +0530] "GET /Eedu/showQuiz/RAS/INDIAN%20POLITY HTTP/1.1" 200 17340 204
0:0:0:0:0:0:0:1 - - [09/Sep/2022:13:14:12 +0530] "GET /Eedu/showScoreBoard/RAS/INDIAN%20POLITY/2 HTTP/1.1" 200 6953 145
0:0:0:0:0:0:0:1 - - [09/Sep/2022:13:14:32 +0530] "GET /vendor/bootstrap/js/bootstrap.bundle.min.js.map HTTP/1.1" 200 311949 129
0:0:0:0:0:0:0:1 - - [09/Sep/2022:13:15:19 +0530] "GET /Eedu/showScoreBoard/RAS/INDIAN%20POLITY/2 HTTP/1.1" 200 6953 192
0:0:0:0:0:0:0:1 - - [09/Sep/2022:13:15:19 +0530] "GET /vendor/bootstrap/js/bootstrap.bundle.min.js.map HTTP/1.1" 200 311949 38
0:0:0:0:0:0:0:1 - - [09/Sep/2022:15:22:55 +0530] "GET /Eedu/ HTTP/1.1" 200 43788 2833
0:0:0:0:0:0:0:1 - - [09/Sep/2022:15:22:55 +0530] "GET /css/Estyle.css HTTP/1.1" 304 - 31
0:0:0:0:0:0:0:1 - - [09/Sep/2022:15:22:58 +0530] "GET /Eedu/compitation/RAS HTTP/1.1" 200 41412 234
0:0:0:0:0:0:0:1 - - [09/Sep/2022:15:22:59 +0530] "GET /Eedu/showQuiz/RAS/INDIAN%20POLITY HTTP/1.1" 200 17340 224
0:0:0:0:0:0:0:1 - - [09/Sep/2022:15:23:01 +0530] "GET /Eedu/showScoreBoard/RAS/INDIAN%20POLITY/2 HTTP/1.1" 200 6953 146
0:0:0:0:0:0:0:1 - - [09/Sep/2022:15:23:16 +0530] "GET /Eedu/startQuiz/RAS/INDIAN%20POLITY/2 HTTP/1.1" 200 18848 163
0:0:0:0:0:0:0:1 - - [09/Sep/2022:15:23:16 +0530] "GET /css/quiz.css HTTP/1.1" 304 - 15
0:0:0:0:0:0:0:1 - - [09/Sep/2022:15:23:31 +0530] "POST /Eedu/saveQuiz/RAS/INDIAN%20POLITY/2 HTTP/1.1" 200 1727 203
0:0:0:0:0:0:0:1 - - [09/Sep/2022:15:23:31 +0530] "GET /css/SuccessStyle.css HTTP/1.1" 304 - 45
0:0:0:0:0:0:0:1 - - [09/Sep/2022:15:23:31 +0530] "GET /js/SuccessJs.js HTTP/1.1" 304 - 44
0:0:0:0:0:0:0:1 - - [09/Sep/2022:15:23:32 +0530] "GET /Eedu/showQuiz/RAS/INDIAN%20POLITY HTTP/1.1" 200 17340 112
0:0:0:0:0:0:0:1 - - [09/Sep/2022:15:24:19 +0530] "GET /Eedu/ HTTP/1.1" 200 43788 83
0:0:0:0:0:0:0:1 - - [09/Sep/2022:15:24:21 +0530] "GET /Eedu/compitation/RAS HTTP/1.1" 200 41412 57
0:0:0:0:0:0:0:1 - - [09/Sep/2022:15:24:22 +0530] "GET /Eedu/showQuiz/RAS/INDIAN%20POLITY HTTP/1.1" 200 17340 69
0:0:0:0:0:0:0:1 - - [09/Sep/2022:15:29:05 +0530] "GET /Eedu/ HTTP/1.1" 200 43788 3240
0:0:0:0:0:0:0:1 - - [09/Sep/2022:15:29:06 +0530] "GET /Eedu/compitation/RAS HTTP/1.1" 200 41412 279
0:0:0:0:0:0:0:1 - - [09/Sep/2022:15:29:08 +0530] "GET /Eedu/showQuiz/RAS/INDIAN%20POLITY HTTP/1.1" 200 17368 205
0:0:0:0:0:0:0:1 - - [09/Sep/2022:15:29:13 +0530] "GET /Eedu/showScoreBoard/RAS/INDIAN%20POLITY/2 HTTP/1.1" 200 7117 137
0:0:0:0:0:0:0:1 - - [09/Sep/2022:15:29:24 +0530] "GET /Eedu/showScoreBoard/RAS/INDIAN%20POLITY/1 HTTP/1.1" 200 5986 90
0:0:0:0:0:0:0:1 - - [09/Sep/2022:16:07:33 +0530] "GET / HTTP/1.1" 200 2233 136
0:0:0:0:0:0:0:1 - - [09/Sep/2022:16:07:33 +0530] "GET /script.js HTTP/1.1" 200 2049 62
0:0:0:0:0:0:0:1 - - [09/Sep/2022:16:07:33 +0530] "GET /style.css HTTP/1.1" 200 2881 71
0:0:0:0:0:0:0:1 - - [09/Sep/2022:16:07:37 +0530] "GET / HTTP/1.1" 200 2233 163
0:0:0:0:0:0:0:1 - - [09/Sep/2022:16:10:58 +0530] "GET / HTTP/1.1" 200 2241 2874
0:0:0:0:0:0:0:1 - - [09/Sep/2022:16:11:05 +0530] "GET /login HTTP/1.1" 500 410 201
0:0:0:0:0:0:0:1 - - [09/Sep/2022:16:26:07 +0530] "GET / HTTP/1.1" 200 2475 2814
0:0:0:0:0:0:0:1 - - [09/Sep/2022:16:27:19 +0530] "GET / HTTP/1.1" 200 2481 2886
0:0:0:0:0:0:0:1 - - [09/Sep/2022:16:30:12 +0530] "GET / HTTP/1.1" 200 2417 2899
0:0:0:0:0:0:0:1 - - [09/Sep/2022:20:58:31 +0530] "GET / HTTP/1.1" 200 2355 254
0:0:0:0:0:0:0:1 - - [09/Sep/2022:20:58:31 +0530] "GET /Eedu/ HTTP/1.1" 200 8206 3423
0:0:0:0:0:0:0:1 - - [09/Sep/2022:20:58:31 +0530] "GET /style.css HTTP/1.1" 304 - 79
0:0:0:0:0:0:0:1 - - [09/Sep/2022:20:58:31 +0530] "GET /script.js HTTP/1.1" 304 - 72
0:0:0:0:0:0:0:1 - - [09/Sep/2022:20:59:41 +0530] "GET / HTTP/1.1" 200 2373 2724
0:0:0:0:0:0:0:1 - - [09/Sep/2022:20:59:59 +0530] "GET / HTTP/1.1" 200 2373 83
0:0:0:0:0:0:0:1 - - [09/Sep/2022:21:03:14 +0530] "GET / HTTP/1.1" 200 2467 2785
0:0:0:0:0:0:0:1 - - [09/Sep/2022:21:16:39 +0530] "GET /Eedu/ HTTP/1.1" 200 43788 355
0:0:0:0:0:0:0:1 - - [09/Sep/2022:21:16:39 +0530] "GET /css/Estyle.css HTTP/1.1" 304 - 37
0:0:0:0:0:0:0:1 - - [09/Sep/2022:21:16:43 +0530] "GET /Eedu/compitation/RAS HTTP/1.1" 200 41412 265
0:0:0:0:0:0:0:1 - - [09/Sep/2022:21:16:45 +0530] "GET /Eedu/showQuiz/RAS/INDIAN%20ECONOMICS HTTP/1.1" 200 17386 205
0:0:0:0:0:0:0:1 - - [09/Sep/2022:21:16:47 +0530] "GET /Eedu/showScoreBoard/RAS/INDIAN%20ECONOMICS/2 HTTP/1.1" 200 8429 150
0:0:0:0:0:0:0:1 - - [09/Sep/2022:21:16:47 +0530] "GET /css/sb-admin-2.min.css HTTP/1.1" 304 - 82
0:0:0:0:0:0:0:1 - - [09/Sep/2022:21:16:47 +0530] "GET /vendor/fontawesome-free/css/all.min.css HTTP/1.1" 304 - 88
0:0:0:0:0:0:0:1 - - [09/Sep/2022:21:16:47 +0530] "GET /vendor/jquery-easing/jquery.easing.min.js HTTP/1.1" 304 - 83
0:0:0:0:0:0:0:1 - - [09/Sep/2022:21:16:47 +0530] "GET /vendor/bootstrap/js/bootstrap.bundle.min.js HTTP/1.1" 304 - 93
0:0:0:0:0:0:0:1 - - [09/Sep/2022:21:16:47 +0530] "GET /vendor/datatables/dataTables.bootstrap4.min.css HTTP/1.1" 304 - 102
0:0:0:0:0:0:0:1 - - [09/Sep/2022:21:16:47 +0530] "GET /vendor/jquery/jquery.min.js HTTP/1.1" 304 - 97
0:0:0:0:0:0:0:1 - - [09/Sep/2022:21:16:47 +0530] "GET /js/template.js HTTP/1.1" 304 - 30
0:0:0:0:0:0:0:1 - - [09/Sep/2022:21:16:47 +0530] "GET /vendor/datatables/jquery.dataTables.min.js HTTP/1.1" 304 - 27
0:0:0:0:0:0:0:1 - - [09/Sep/2022:21:16:47 +0530] "GET /js/sb-admin-2.min.js HTTP/1.1" 304 - 58
0:0:0:0:0:0:0:1 - - [09/Sep/2022:21:16:47 +0530] "GET /img/boy.png HTTP/1.1" 304 - 65
0:0:0:0:0:0:0:1 - - [09/Sep/2022:21:16:47 +0530] "GET /js/demo/datatables-demo.js HTTP/1.1" 304 - 63
0:0:0:0:0:0:0:1 - - [09/Sep/2022:21:16:47 +0530] "GET /vendor/datatables/dataTables.bootstrap4.min.js HTTP/1.1" 304 - 62
0:0:0:0:0:0:0:1 - - [09/Sep/2022:21:17:01 +0530] "GET /vendor/fontawesome-free/webfonts/fa-solid-900.woff2 HTTP/1.1" 304 - 97
0:0:0:0:0:0:0:1 - - [09/Sep/2022:21:17:10 +0530] "GET /Eedu/compitation/RAS HTTP/1.1" 200 41412 133
0:0:0:0:0:0:0:1 - - [09/Sep/2022:21:17:13 +0530] "GET /Eedu/showQuiz/RAS/INDIAN%20ECONOMICS HTTP/1.1" 200 17386 46
0:0:0:0:0:0:0:1 - - [09/Sep/2022:21:17:16 +0530] "GET /Eedu/startQuiz/RAS/INDIAN%20ECONOMICS/2 HTTP/1.1" 200 8780 111
0:0:0:0:0:0:0:1 - - [09/Sep/2022:21:17:16 +0530] "GET /css/quiz.css HTTP/1.1" 304 - 8
0:0:0:0:0:0:0:1 - - [09/Sep/2022:21:17:22 +0530] "POST /Eedu/saveQuiz/RAS/INDIAN%20ECONOMICS/2 HTTP/1.1" 200 1730 160
0:0:0:0:0:0:0:1 - - [09/Sep/2022:21:17:22 +0530] "GET /js/SuccessJs.js HTTP/1.1" 304 - 10
0:0:0:0:0:0:0:1 - - [09/Sep/2022:21:17:22 +0530] "GET /css/SuccessStyle.css HTTP/1.1" 304 - 10
0:0:0:0:0:0:0:1 - - [09/Sep/2022:21:17:24 +0530] "GET /Eedu/showQuiz/RAS/INDIAN%20ECONOMICS HTTP/1.1" 200 17386 49
0:0:0:0:0:0:0:1 - - [09/Sep/2022:21:17:27 +0530] "GET /Eedu/showScoreBoard/RAS/INDIAN%20ECONOMICS/2 HTTP/1.1" 200 8594 83
0:0:0:0:0:0:0:1 - - [09/Sep/2022:21:17:57 +0530] "GET /Eedu/startQuiz/RAS/INDIAN%20ECONOMICS/1 HTTP/1.1" 200 3132 122
0:0:0:0:0:0:0:1 - - [09/Sep/2022:21:18:01 +0530] "POST /Eedu/saveQuiz/RAS/INDIAN%20ECONOMICS/1 HTTP/1.1" 200 1730 66
0:0:0:0:0:0:0:1 - - [09/Sep/2022:21:18:02 +0530] "GET /Eedu/showQuiz/RAS/INDIAN%20ECONOMICS HTTP/1.1" 200 17386 57
0:0:0:0:0:0:0:1 - - [09/Sep/2022:21:18:08 +0530] "GET /Eedu/showQuiz/RAS/INDIAN%20POLITY HTTP/1.1" 200 17368 72
0:0:0:0:0:0:0:1 - - [09/Sep/2022:21:18:10 +0530] "GET /Eedu/showScoreBoard/RAS/INDIAN%20POLITY/2 HTTP/1.1" 200 7117 86
0:0:0:0:0:0:0:1 - - [09/Sep/2022:21:18:21 +0530] "GET /Eedu/showQuiz/RAS/STATE%20POLITY HTTP/1.1" 200 8823 45
0:0:0:0:0:0:0:1 - - [09/Sep/2022:21:19:53 +0530] "GET /Eedu/compitation/RAS HTTP/1.1" 200 41412 200
0:0:0:0:0:0:0:1 - - [09/Sep/2022:21:19:56 +0530] "GET /Eedu/showQuiz/RAS/INDIAN%20ECONOMICS HTTP/1.1" 200 17386 121
0:0:0:0:0:0:0:1 - - [09/Sep/2022:21:19:58 +0530] "GET /Eedu/startQuiz/RAS/INDIAN%20ECONOMICS/2 HTTP/1.1" 200 8780 101
0:0:0:0:0:0:0:1 - - [09/Sep/2022:21:20:03 +0530] "GET /Eedu/showScoreBoard/RAS/INDIAN%20ECONOMICS/2 HTTP/1.1" 200 8594 72
0:0:0:0:0:0:0:1 - - [09/Sep/2022:21:20:50 +0530] "GET /Eedu/compitation/RAS HTTP/1.1" 200 41412 54
0:0:0:0:0:0:0:1 - - [09/Sep/2022:21:20:52 +0530] "GET /Eedu/showQuiz/RAS/GEOGRAPHY HTTP/1.1" 200 8810 38
0:0:0:0:0:0:0:1 - - [09/Sep/2022:21:20:53 +0530] "GET /Eedu/showScoreBoard/RAS/GEOGRAPHY/1 HTTP/1.1" 200 6128 47
0:0:0:0:0:0:0:1 - - [09/Sep/2022:21:21:08 +0530] "GET /Eedu/showScoreBoard/RAS/GEOGRAPHY/1 HTTP/1.1" 200 6128 81
0:0:0:0:0:0:0:1 - - [09/Sep/2022:21:28:26 +0530] "GET /Eedu/ HTTP/1.1" 200 43788 3018
0:0:0:0:0:0:0:1 - - [09/Sep/2022:21:28:30 +0530] "GET / HTTP/1.1" 200 2462 109
0:0:0:0:0:0:0:1 - - [09/Sep/2022:21:31:34 +0530] "GET / HTTP/1.1" 200 2462 2426
0:0:0:0:0:0:0:1 - - [09/Sep/2022:21:31:36 +0530] "GET /login HTTP/1.1" 500 410 167
0:0:0:0:0:0:0:1 - - [09/Sep/2022:21:34:01 +0530] "GET / HTTP/1.1" 200 2462 2312
0:0:0:0:0:0:0:1 - - [09/Sep/2022:21:34:04 +0530] "GET /login HTTP/1.1" 500 410 177
0:0:0:0:0:0:0:1 - - [09/Sep/2022:21:58:14 +0530] "GET / HTTP/1.1" 200 2462 2698
0:0:0:0:0:0:0:1 - - [09/Sep/2022:21:58:17 +0530] "GET /login HTTP/1.1" 500 410 186
0:0:0:0:0:0:0:1 - - [09/Sep/2022:21:59:20 +0530] "GET / HTTP/1.1" 200 2462 2765
0:0:0:0:0:0:0:1 - - [09/Sep/2022:21:59:22 +0530] "GET /login HTTP/1.1" 500 410 208
0:0:0:0:0:0:0:1 - - [09/Sep/2022:22:01:16 +0530] "GET / HTTP/1.1" 200 2462 2907
0:0:0:0:0:0:0:1 - - [09/Sep/2022:22:01:22 +0530] "GET /login HTTP/1.1" 500 410 193
0:0:0:0:0:0:0:1 - - [09/Sep/2022:22:03:26 +0530] "GET /login HTTP/1.1" 500 410 111
0:0:0:0:0:0:0:1 - - [09/Sep/2022:22:03:29 +0530] "GET / HTTP/1.1" 200 2462 53
0:0:0:0:0:0:0:1 - - [09/Sep/2022:22:03:35 +0530] "GET /login HTTP/1.1" 500 410 74
0:0:0:0:0:0:0:1 - - [09/Sep/2022:22:04:02 +0530] "GET /login HTTP/1.1" 500 410 104
0:0:0:0:0:0:0:1 - - [09/Sep/2022:22:04:14 +0530] "GET /login HTTP/1.1" 500 410 146
0:0:0:0:0:0:0:1 - - [09/Sep/2022:22:07:32 +0530] "GET /login HTTP/1.1" 500 410 2887
0:0:0:0:0:0:0:1 - - [09/Sep/2022:22:07:37 +0530] "GET / HTTP/1.1" 200 2462 78
0:0:0:0:0:0:0:1 - - [09/Sep/2022:22:07:39 +0530] "GET /login HTTP/1.1" 500 410 114
0:0:0:0:0:0:0:1 - - [09/Sep/2022:22:08:51 +0530] "GET / HTTP/1.1" 200 2462 3141
0:0:0:0:0:0:0:1 - - [09/Sep/2022:22:08:53 +0530] "GET /login HTTP/1.1" 200 2489 99
0:0:0:0:0:0:0:1 - - [09/Sep/2022:22:08:53 +0530] "GET /css/loginCss.css HTTP/1.1" 200 10088 79
0:0:0:0:0:0:0:1 - - [09/Sep/2022:22:08:53 +0530] "GET /css/StyleSheet2.css HTTP/1.1" 200 12476 80
0:0:0:0:0:0:0:1 - - [09/Sep/2022:22:08:53 +0530] "GET /css/[[@%7B/image/bg3.jpeg%7D]] HTTP/1.1" 400 - 0
0:0:0:0:0:0:0:1 - - [09/Sep/2022:22:09:58 +0530] "GET / HTTP/1.1" 200 2462 2364
0:0:0:0:0:0:0:1 - - [09/Sep/2022:22:10:00 +0530] "GET /login HTTP/1.1" 200 2201 64
0:0:0:0:0:0:0:1 - - [09/Sep/2022:22:10:00 +0530] "GET /css/[[@%7B/image/bg3.jpeg%7D]] HTTP/1.1" 400 - 0
0:0:0:0:0:0:0:1 - - [09/Sep/2022:22:10:01 +0530] "GET /image/mail.png HTTP/1.1" 404 146 186
0:0:0:0:0:0:0:1 - - [09/Sep/2022:22:10:01 +0530] "GET /image/pass.png HTTP/1.1" 404 146 180
0:0:0:0:0:0:0:1 - - [09/Sep/2022:22:10:29 +0530] "POST /submit HTTP/1.1" 200 2201 110
0:0:0:0:0:0:0:1 - - [09/Sep/2022:22:10:29 +0530] "GET /css/[[@%7B/image/bg3.jpeg%7D]] HTTP/1.1" 400 - 0
0:0:0:0:0:0:0:1 - - [09/Sep/2022:22:10:29 +0530] "GET /image/pass.png HTTP/1.1" 404 146 39
0:0:0:0:0:0:0:1 - - [09/Sep/2022:22:10:29 +0530] "GET /image/mail.png HTTP/1.1" 404 146 40
0:0:0:0:0:0:0:1 - - [09/Sep/2022:22:10:46 +0530] "POST /submit HTTP/1.1" 200 2201 56
0:0:0:0:0:0:0:1 - - [09/Sep/2022:22:10:46 +0530] "GET /css/[[@%7B/image/bg3.jpeg%7D]] HTTP/1.1" 400 - 0
0:0:0:0:0:0:0:1 - - [09/Sep/2022:22:10:46 +0530] "GET /image/pass.png HTTP/1.1" 404 146 33
0:0:0:0:0:0:0:1 - - [09/Sep/2022:22:10:46 +0530] "GET /image/mail.png HTTP/1.1" 404 146 35
0:0:0:0:0:0:0:1 - - [09/Sep/2022:22:10:52 +0530] "GET /login HTTP/1.1" 200 2201 97
0:0:0:0:0:0:0:1 - - [09/Sep/2022:22:10:59 +0530] "POST /submit HTTP/1.1" 200 2201 47
0:0:0:0:0:0:0:1 - - [09/Sep/2022:22:12:58 +0530] "GET / HTTP/1.1" 200 2462 3139
0:0:0:0:0:0:0:1 - - [09/Sep/2022:22:13:01 +0530] "GET /login HTTP/1.1" 200 2164 76
0:0:0:0:0:0:0:1 - - [09/Sep/2022:22:19:53 +0530] "GET / HTTP/1.1" 200 2462 2834
0:0:0:0:0:0:0:1 - - [09/Sep/2022:22:19:55 +0530] "GET /login HTTP/1.1" 200 2094 83
0:0:0:0:0:0:0:1 - - [09/Sep/2022:22:20:04 +0530] "POST /submit HTTP/1.1" 200 2094 151
0:0:0:0:0:0:0:1 - - [09/Sep/2022:22:23:50 +0530] "GET / HTTP/1.1" 200 2462 2934
0:0:0:0:0:0:0:1 - - [09/Sep/2022:22:23:52 +0530] "GET /login HTTP/1.1" 200 2094 111
0:0:0:0:0:0:0:1 - - [09/Sep/2022:22:24:07 +0530] "POST /submit HTTP/1.1" 302 - 121
0:0:0:0:0:0:0:1 - - [09/Sep/2022:22:24:07 +0530] "GET /Eedu/ HTTP/1.1" 200 43788 216
0:0:0:0:0:0:0:1 - - [09/Sep/2022:22:24:07 +0530] "GET /css/Estyle.css HTTP/1.1" 304 - 39
0:0:0:0:0:0:0:1 - - [09/Sep/2022:22:24:43 +0530] "POST /submit HTTP/1.1" 302 - 88
0:0:0:0:0:0:0:1 - - [09/Sep/2022:22:24:44 +0530] "GET /Eedu/ HTTP/1.1" 200 43788 114
0:0:0:0:0:0:0:1 - - [09/Sep/2022:22:25:21 +0530] "GET / HTTP/1.1" 200 2462 2777
0:0:0:0:0:0:0:1 - - [09/Sep/2022:22:25:22 +0530] "GET /login HTTP/1.1" 200 2094 86
0:0:0:0:0:0:0:1 - - [09/Sep/2022:22:25:22 +0530] "GET /css/[[@%7B/image/bg3.jpeg%7D]] HTTP/1.1" 400 - 0
0:0:0:0:0:0:0:1 - - [09/Sep/2022:22:25:23 +0530] "GET /image/mail.png HTTP/1.1" 404 146 161
0:0:0:0:0:0:0:1 - - [09/Sep/2022:22:25:23 +0530] "GET /image/pass.png HTTP/1.1" 404 146 153
0:0:0:0:0:0:0:1 - - [09/Sep/2022:22:26:16 +0530] "POST /submit HTTP/1.1" 302 - 42374
0:0:0:0:0:0:0:1 - - [09/Sep/2022:22:26:16 +0530] "GET /Eedu/ HTTP/1.1" 200 43788 383
0:0:0:0:0:0:0:1 - - [09/Sep/2022:22:26:22 +0530] "GET /Eedu/compitation/RAS HTTP/1.1" 200 41412 340
0:0:0:0:0:0:0:1 - - [09/Sep/2022:22:26:25 +0530] "GET /Eedu/showQuiz/RAS/INDIAN%20ECONOMICS HTTP/1.1" 200 17386 208
0:0:0:0:0:0:0:1 - - [09/Sep/2022:22:27:07 +0530] "GET / HTTP/1.1" 200 2462 2504
0:0:0:0:0:0:0:1 - - [09/Sep/2022:22:27:10 +0530] "GET /login HTTP/1.1" 200 2094 105
0:0:0:0:0:0:0:1 - - [09/Sep/2022:22:27:10 +0530] "GET /css/[[@%7B/image/bg3.jpeg%7D]] HTTP/1.1" 400 - 0
0:0:0:0:0:0:0:1 - - [09/Sep/2022:22:27:11 +0530] "GET /image/mail.png HTTP/1.1" 404 146 164
0:0:0:0:0:0:0:1 - - [09/Sep/2022:22:27:11 +0530] "GET /image/pass.png HTTP/1.1" 404 146 158
0:0:0:0:0:0:0:1 - - [09/Sep/2022:22:27:15 +0530] "POST /submit HTTP/1.1" 302 - 90
0:0:0:0:0:0:0:1 - - [09/Sep/2022:22:27:15 +0530] "GET /Admin/ HTTP/1.1" 200 39427 232
0:0:0:0:0:0:0:1 - - [09/Sep/2022:22:27:23 +0530] "GET /Admin/compitation/REET HTTP/1.1" 200 305 165
0:0:0:0:0:0:0:1 - - [09/Sep/2022:22:27:28 +0530] "GET /Admin/compitation/RAS HTTP/1.1" 200 17551 110
0:0:0:0:0:0:0:1 - - [09/Sep/2022:22:27:30 +0530] "GET /Admin/createQuiz/RAS/MATHEMATICS HTTP/1.1" 200 14772 210
0:0:0:0:0:0:0:1 - - [09/Sep/2022:22:28:09 +0530] "GET /image/mail.png HTTP/1.1" 404 146 50
0:0:0:0:0:0:0:1 - - [09/Sep/2022:22:28:29 +0530] "POST / HTTP/1.1" 405 338 105
0:0:0:0:0:0:0:1 - - [09/Sep/2022:22:31:05 +0530] "GET / HTTP/1.1" 200 2462 2592
0:0:0:0:0:0:0:1 - - [09/Sep/2022:22:31:07 +0530] "GET /login HTTP/1.1" 200 2093 100
0:0:0:0:0:0:0:1 - - [09/Sep/2022:22:31:07 +0530] "GET /css/[[@%7B/image/bg3.jpeg%7D]] HTTP/1.1" 400 - 0
0:0:0:0:0:0:0:1 - - [09/Sep/2022:22:31:08 +0530] "GET /image/pass.png HTTP/1.1" 404 146 178
0:0:0:0:0:0:0:1 - - [09/Sep/2022:22:31:08 +0530] "GET /image/mail.png HTTP/1.1" 404 146 182
0:0:0:0:0:0:0:1 - - [09/Sep/2022:22:31:09 +0530] "GET /? HTTP/1.1" 200 2462 95
0:0:0:0:0:0:0:1 - - [09/Sep/2022:22:31:12 +0530] "GET /login HTTP/1.1" 200 2093 47
0:0:0:0:0:0:0:1 - - [09/Sep/2022:22:31:12 +0530] "GET /css/[[@%7B/image/bg3.jpeg%7D]] HTTP/1.1" 400 - 0
0:0:0:0:0:0:0:1 - - [09/Sep/2022:22:31:12 +0530] "GET /image/pass.png HTTP/1.1" 404 146 61
0:0:0:0:0:0:0:1 - - [09/Sep/2022:22:31:12 +0530] "GET /image/mail.png HTTP/1.1" 404 146 62
0:0:0:0:0:0:0:1 - - [09/Sep/2022:22:33:41 +0530] "POST /submit HTTP/1.1" 302 - 139
0:0:0:0:0:0:0:1 - - [09/Sep/2022:22:33:41 +0530] "GET /Eedu/ HTTP/1.1" 200 43788 316
0:0:0:0:0:0:0:1 - - [09/Sep/2022:22:36:27 +0530] "GET /? HTTP/1.1" 200 2462 113
0:0:0:0:0:0:0:1 - - [09/Sep/2022:22:36:32 +0530] "GET /signUp HTTP/1.1" 404 306 111
0:0:0:0:0:0:0:1 - - [09/Sep/2022:22:45:34 +0530] "GET / HTTP/1.1" 200 2462 2606
0:0:0:0:0:0:0:1 - - [09/Sep/2022:22:45:36 +0530] "GET /signUp HTTP/1.1" 200 2258 84
0:0:0:0:0:0:0:1 - - [09/Sep/2022:22:45:36 +0530] "GET /css/loginCss.css HTTP/1.1" 304 - 43
0:0:0:0:0:0:0:1 - - [09/Sep/2022:22:45:36 +0530] "GET /css/StyleSheet2.css HTTP/1.1" 304 - 36
0:0:0:0:0:0:0:1 - - [09/Sep/2022:22:45:36 +0530] "GET /css/[[@%7B/image/bg3.jpeg%7D]] HTTP/1.1" 400 - 0
0:0:0:0:0:0:0:1 - - [09/Sep/2022:22:45:37 +0530] "GET /image/mail.png HTTP/1.1" 404 146 169
0:0:0:0:0:0:0:1 - - [09/Sep/2022:22:45:37 +0530] "GET /image/pass.png HTTP/1.1" 404 146 166
0:0:0:0:0:0:0:1 - - [09/Sep/2022:22:45:47 +0530] "POST /signUpSubmit HTTP/1.1" 200 2093 130
0:0:0:0:0:0:0:1 - - [09/Sep/2022:22:45:47 +0530] "GET /css/[[@%7B/image/bg3.jpeg%7D]] HTTP/1.1" 400 - 0
0:0:0:0:0:0:0:1 - - [09/Sep/2022:22:45:47 +0530] "GET /image/pass.png HTTP/1.1" 404 146 79
0:0:0:0:0:0:0:1 - - [09/Sep/2022:22:45:47 +0530] "GET /image/mail.png HTTP/1.1" 404 146 80
0:0:0:0:0:0:0:1 - - [09/Sep/2022:22:51:00 +0530] "GET / HTTP/1.1" 200 2462 2747
0:0:0:0:0:0:0:1 - - [09/Sep/2022:22:51:02 +0530] "GET /signUp HTTP/1.1" 200 2258 86
0:0:0:0:0:0:0:1 - - [09/Sep/2022:22:51:02 +0530] "GET /css/[[@%7B/image/bg3.jpeg%7D]] HTTP/1.1" 400 - 0
0:0:0:0:0:0:0:1 - - [09/Sep/2022:22:51:03 +0530] "GET /image/mail.png HTTP/1.1" 404 146 216
0:0:0:0:0:0:0:1 - - [09/Sep/2022:22:51:03 +0530] "GET /image/pass.png HTTP/1.1" 404 146 209
0:0:0:0:0:0:0:1 - - [09/Sep/2022:22:52:45 +0530] "GET /css/[[@%7B/image/bg3.jpeg%7D]] HTTP/1.1" 400 - 0
0:0:0:0:0:0:0:1 - - [09/Sep/2022:22:52:45 +0530] "GET /signUp HTTP/1.1" 200 2258 2976
0:0:0:0:0:0:0:1 - - [09/Sep/2022:22:52:45 +0530] "GET /image/mail.png HTTP/1.1" 404 146 171
0:0:0:0:0:0:0:1 - - [09/Sep/2022:22:52:45 +0530] "GET /image/pass.png HTTP/1.1" 404 146 171
0:0:0:0:0:0:0:1 - - [09/Sep/2022:22:52:54 +0530] "POST /signUpSubmit HTTP/1.1" 200 2093 131
0:0:0:0:0:0:0:1 - - [09/Sep/2022:22:52:54 +0530] "GET /css/[[@%7B/image/bg3.jpeg%7D]] HTTP/1.1" 400 - 0
0:0:0:0:0:0:0:1 - - [09/Sep/2022:22:52:54 +0530] "GET /image/mail.png HTTP/1.1" 404 146 59
0:0:0:0:0:0:0:1 - - [09/Sep/2022:22:52:54 +0530] "GET /image/pass.png HTTP/1.1" 404 146 57
0:0:0:0:0:0:0:1 - - [09/Sep/2022:22:56:37 +0530] "GET / HTTP/1.1" 200 2462 2234
0:0:0:0:0:0:0:1 - - [09/Sep/2022:22:56:40 +0530] "GET /signUp HTTP/1.1" 200 2258 96
0:0:0:0:0:0:0:1 - - [09/Sep/2022:22:56:40 +0530] "GET /css/[[@%7B/image/bg3.jpeg%7D]] HTTP/1.1" 400 - 0
0:0:0:0:0:0:0:1 - - [09/Sep/2022:22:56:40 +0530] "GET /image/mail.png HTTP/1.1" 404 146 177
0:0:0:0:0:0:0:1 - - [09/Sep/2022:22:56:40 +0530] "GET /image/pass.png HTTP/1.1" 404 146 177
0:0:0:0:0:0:0:1 - - [09/Sep/2022:22:58:48 +0530] "GET / HTTP/1.1" 200 2462 3137
0:0:0:0:0:0:0:1 - - [09/Sep/2022:22:58:50 +0530] "GET /signUp HTTP/1.1" 200 2258 77
0:0:0:0:0:0:0:1 - - [09/Sep/2022:22:58:50 +0530] "GET /css/[[@%7B/image/bg3.jpeg%7D]] HTTP/1.1" 400 - 0
0:0:0:0:0:0:0:1 - - [09/Sep/2022:22:58:50 +0530] "GET /image/pass.png HTTP/1.1" 404 146 170
0:0:0:0:0:0:0:1 - - [09/Sep/2022:22:58:50 +0530] "GET /image/mail.png HTTP/1.1" 404 146 170
0:0:0:0:0:0:0:1 - - [09/Sep/2022:22:59:06 +0530] "GET /? HTTP/1.1" 200 2462 81
0:0:0:0:0:0:0:1 - - [09/Sep/2022:22:59:08 +0530] "GET /login HTTP/1.1" 200 2093 46
0:0:0:0:0:0:0:1 - - [09/Sep/2022:22:59:08 +0530] "GET /css/[[@%7B/image/bg3.jpeg%7D]] HTTP/1.1" 400 - 0
0:0:0:0:0:0:0:1 - - [09/Sep/2022:22:59:08 +0530] "GET /image/pass.png HTTP/1.1" 404 146 31
0:0:0:0:0:0:0:1 - - [09/Sep/2022:22:59:08 +0530] "GET /image/mail.png HTTP/1.1" 404 146 31
0:0:0:0:0:0:0:1 - - [09/Sep/2022:22:59:12 +0530] "GET /? HTTP/1.1" 200 2462 90
0:0:0:0:0:0:0:1 - - [09/Sep/2022:22:59:13 +0530] "GET /signUp HTTP/1.1" 200 2258 63
0:0:0:0:0:0:0:1 - - [09/Sep/2022:22:59:13 +0530] "GET /css/[[@%7B/image/bg3.jpeg%7D]] HTTP/1.1" 400 - 0
0:0:0:0:0:0:0:1 - - [09/Sep/2022:22:59:13 +0530] "GET /image/pass.png HTTP/1.1" 404 146 59
0:0:0:0:0:0:0:1 - - [09/Sep/2022:22:59:13 +0530] "GET /image/mail.png HTTP/1.1" 404 146 60
0:0:0:0:0:0:0:1 - - [09/Sep/2022:23:02:40 +0530] "GET / HTTP/1.1" 200 2462 2056
0:0:0:0:0:0:0:1 - - [09/Sep/2022:23:02:40 +0530] "GET / HTTP/1.1" 200 2462 2650
0:0:0:0:0:0:0:1 - - [09/Sep/2022:23:02:42 +0530] "GET /signUp HTTP/1.1" 200 2258 104
0:0:0:0:0:0:0:1 - - [09/Sep/2022:23:02:42 +0530] "GET /css/[[@%7B/image/bg3.jpeg%7D]] HTTP/1.1" 400 - 0
0:0:0:0:0:0:0:1 - - [09/Sep/2022:23:02:43 +0530] "GET /image/mail.png HTTP/1.1" 404 146 189
0:0:0:0:0:0:0:1 - - [09/Sep/2022:23:02:43 +0530] "GET /image/pass.png HTTP/1.1" 404 146 185
0:0:0:0:0:0:0:1 - - [09/Sep/2022:23:55:57 +0530] "GET /css/loginCss.css HTTP/1.1" 200 10604 165
0:0:0:0:0:0:0:1 - - [09/Sep/2022:23:55:57 +0530] "GET /css/StyleSheet2.css HTTP/1.1" 200 13107 165
0:0:0:0:0:0:0:1 - - [09/Sep/2022:23:58:25 +0530] "GET / HTTP/1.1" 200 2462 2244
0:0:0:0:0:0:0:1 - - [09/Sep/2022:23:58:37 +0530] "GET /Eedu/ HTTP/1.1" 200 43788 304
0:0:0:0:0:0:0:1 - - [09/Sep/2022:23:58:37 +0530] "GET /css/Estyle.css HTTP/1.1" 200 2722 73
0:0:0:0:0:0:0:1 - - [09/Sep/2022:23:58:48 +0530] "GET / HTTP/1.1" 200 2462 125
0:0:0:0:0:0:0:1 - - [09/Sep/2022:23:58:48 +0530] "GET /style.css HTTP/1.1" 200 2881 34
0:0:0:0:0:0:0:1 - - [09/Sep/2022:23:58:48 +0530] "GET /script.js HTTP/1.1" 200 2049 34
0:0:0:0:0:0:0:1 - - [09/Sep/2022:23:58:51 +0530] "GET /login HTTP/1.1" 200 2093 69
0:0:0:0:0:0:0:1 - - [09/Sep/2022:23:58:51 +0530] "GET /css/StyleSheet2.css HTTP/1.1" 200 13107 8
0:0:0:0:0:0:0:1 - - [09/Sep/2022:23:58:51 +0530] "GET /css/loginCss.css HTTP/1.1" 200 10604 11
0:0:0:0:0:0:0:1 - - [09/Sep/2022:23:58:52 +0530] "GET /css/[[@%7B/image/bg3.jpeg%7D]] HTTP/1.1" 400 - 0
0:0:0:0:0:0:0:1 - - [09/Sep/2022:23:58:52 +0530] "GET /image/pass.png HTTP/1.1" 404 146 162
0:0:0:0:0:0:0:1 - - [09/Sep/2022:23:58:52 +0530] "GET /image/mail.png HTTP/1.1" 404 146 183
0:0:0:0:0:0:0:1 - - [09/Sep/2022:23:58:57 +0530] "GET /signUp HTTP/1.1" 200 2258 92
0:0:0:0:0:0:0:1 - - [09/Sep/2022:23:58:57 +0530] "GET /css/[[@%7B/image/bg3.jpeg%7D]] HTTP/1.1" 400 - 0
0:0:0:0:0:0:0:1 - - [09/Sep/2022:23:58:57 +0530] "GET /image/pass.png HTTP/1.1" 404 146 49
0:0:0:0:0:0:0:1 - - [09/Sep/2022:23:58:57 +0530] "GET /image/mail.png HTTP/1.1" 404 146 53
0:0:0:0:0:0:0:1 - - [09/Sep/2022:23:59:12 +0530] "POST /signUpSubmit HTTP/1.1" 200 2093 105
0:0:0:0:0:0:0:1 - - [09/Sep/2022:23:59:12 +0530] "GET /css/[[@%7B/image/bg3.jpeg%7D]] HTTP/1.1" 400 - 0
0:0:0:0:0:0:0:1 - - [09/Sep/2022:23:59:12 +0530] "GET /image/pass.png HTTP/1.1" 404 146 27
0:0:0:0:0:0:0:1 - - [09/Sep/2022:23:59:12 +0530] "GET /image/mail.png HTTP/1.1" 404 146 28
