0:0:0:0:0:0:0:1 - - [26/Aug/2022:12:22:34 +0530] "GET /Admin/ HTTP/1.1" 200 39427 3206
0:0:0:0:0:0:0:1 - - [26/Aug/2022:12:22:34 +0530] "GET /css/Estyle.css HTTP/1.1" 200 2547 61
0:0:0:0:0:0:0:1 - - [26/Aug/2022:12:22:37 +0530] "GET /Admin/compitation/REET HTTP/1.1" 200 282 234
0:0:0:0:0:0:0:1 - - [26/Aug/2022:12:22:41 +0530] "GET /Admin/compitation/RAS HTTP/1.1" 200 17504 94
0:0:0:0:0:0:0:1 - - [26/Aug/2022:12:22:43 +0530] "GET /Admin/createQuiz/RAS/STATE%20POLITY HTTP/1.1" 200 14775 176
0:0:0:0:0:0:0:1 - - [26/Aug/2022:12:22:55 +0530] "POST /Admin/saveQuiz HTTP/1.1" 302 - 121
0:0:0:0:0:0:0:1 - - [26/Aug/2022:12:22:55 +0530] "GET /Admin/ HTTP/1.1" 200 39427 40
0:0:0:0:0:0:0:1 - - [26/Aug/2022:12:26:03 +0530] "GET /Eedu/ HTTP/1.1" 200 43704 2864
0:0:0:0:0:0:0:1 - - [26/Aug/2022:12:26:03 +0530] "GET /css/Estyle.css HTTP/1.1" 304 - 33
0:0:0:0:0:0:0:1 - - [26/Aug/2022:12:26:05 +0530] "GET /Eedu/compitation/RAS HTTP/1.1" 200 20411 237
0:0:0:0:0:0:0:1 - - [26/Aug/2022:12:26:08 +0530] "GET /Eedu/showQuiz/RAS/STATE%20POLITY HTTP/1.1" 200 3345 135
0:0:0:0:0:0:0:1 - - [26/Aug/2022:12:27:58 +0530] "GET /Eedu/startQuiz/RAS/STATE%20POLITY/1 HTTP/1.1" 200 5754 105051
0:0:0:0:0:0:0:1 - - [26/Aug/2022:12:27:58 +0530] "GET /css/quizStyle.css HTTP/1.1" 200 11409 79
0:0:0:0:0:0:0:1 - - [26/Aug/2022:12:28:29 +0530] "GET /Eedu/startQuiz/RAS/STATE%20POLITY/1 HTTP/1.1" 200 5754 166
0:0:0:0:0:0:0:1 - - [26/Aug/2022:12:29:13 +0530] "GET /Eedu/startQuiz/RAS/STATE%20POLITY/1 HTTP/1.1" 200 5754 3502
0:0:0:0:0:0:0:1 - - [26/Aug/2022:12:32:36 +0530] "GET /Eedu/startQuiz/RAS/STATE%20POLITY/1 HTTP/1.1" 200 5754 2684
0:0:0:0:0:0:0:1 - - [26/Aug/2022:12:32:36 +0530] "GET /css/quizStyle.css HTTP/1.1" 304 - 51
0:0:0:0:0:0:0:1 - - [26/Aug/2022:12:32:53 +0530] "GET /Eedu/startQuiz/RAS/STATE%20POLITY/1 HTTP/1.1" 200 5754 106
0:0:0:0:0:0:0:1 - - [26/Aug/2022:12:32:55 +0530] "GET /Eedu/startQuiz/RAS/STATE%20POLITY/1 HTTP/1.1" 200 5754 90
0:0:0:0:0:0:0:1 - - [26/Aug/2022:12:32:56 +0530] "GET /Eedu/startQuiz/RAS/STATE%20POLITY/1 HTTP/1.1" 200 5754 103
0:0:0:0:0:0:0:1 - - [26/Aug/2022:12:36:21 +0530] "GET /Eedu/startQuiz/RAS/STATE%20POLITY/1 HTTP/1.1" 200 5796 3142
0:0:0:0:0:0:0:1 - - [26/Aug/2022:12:36:21 +0530] "GET /css/quizStyle.css HTTP/1.1" 304 - 42
0:0:0:0:0:0:0:1 - - [26/Aug/2022:12:36:21 +0530] "GET /js/quizScript.js HTTP/1.1" 200 13518 40
0:0:0:0:0:0:0:1 - - [26/Aug/2022:12:36:27 +0530] "GET /Eedu/startQuiz/RAS/STATE%20POLITY/1 HTTP/1.1" 200 5796 123
0:0:0:0:0:0:0:1 - - [26/Aug/2022:12:36:27 +0530] "GET /js/quizScript.js HTTP/1.1" 304 - 20
0:0:0:0:0:0:0:1 - - [26/Aug/2022:12:36:32 +0530] "GET /Eedu/startQuiz/RAS HTTP/1.1" 404 306 138
0:0:0:0:0:0:0:1 - - [26/Aug/2022:12:36:37 +0530] "GET /Eedu/startQuiz/RAS/ HTTP/1.1" 404 306 52
0:0:0:0:0:0:0:1 - - [26/Aug/2022:12:36:42 +0530] "GET /Eedu/startQuiz/RAS/ HTTP/1.1" 404 306 27
0:0:0:0:0:0:0:1 - - [26/Aug/2022:12:36:54 +0530] "GET /Eedu/ HTTP/1.1" 200 43704 194
0:0:0:0:0:0:0:1 - - [26/Aug/2022:12:36:54 +0530] "GET /css/Estyle.css HTTP/1.1" 304 - 7
0:0:0:0:0:0:0:1 - - [26/Aug/2022:12:37:03 +0530] "GET /Eedu/compitation/RAS HTTP/1.1" 200 20411 218
0:0:0:0:0:0:0:1 - - [26/Aug/2022:12:37:04 +0530] "GET /Eedu/showQuiz/RAS/STATE%20POLITY HTTP/1.1" 200 3345 134
0:0:0:0:0:0:0:1 - - [26/Aug/2022:12:37:09 +0530] "GET /Eedu/startQuiz/RAS/STATE%20POLITY/1 HTTP/1.1" 200 5796 76
0:0:0:0:0:0:0:1 - - [26/Aug/2022:12:37:09 +0530] "GET /js/quizScript.js HTTP/1.1" 304 - 8
0:0:0:0:0:0:0:1 - - [26/Aug/2022:12:39:08 +0530] "GET /Eedu/startQuiz/RAS/STATE%20POLITY/1 HTTP/1.1" 200 19177 2972
0:0:0:0:0:0:0:1 - - [26/Aug/2022:12:39:16 +0530] "GET /Eedu/ HTTP/1.1" 200 43704 152
0:0:0:0:0:0:0:1 - - [26/Aug/2022:12:39:18 +0530] "GET /Eedu/compitation/RAS HTTP/1.1" 200 20411 201
0:0:0:0:0:0:0:1 - - [26/Aug/2022:12:39:19 +0530] "GET /Eedu/showQuiz/RAS/STATE%20POLITY HTTP/1.1" 200 3345 118
0:0:0:0:0:0:0:1 - - [26/Aug/2022:12:39:22 +0530] "GET /Eedu/startQuiz/RAS/STATE%20POLITY/1 HTTP/1.1" 200 19177 83
0:0:0:0:0:0:0:1 - - [26/Aug/2022:12:42:17 +0530] "GET /Eedu/ HTTP/1.1" 200 43704 3092
0:0:0:0:0:0:0:1 - - [26/Aug/2022:12:42:17 +0530] "GET /css/Estyle.css HTTP/1.1" 304 - 44
0:0:0:0:0:0:0:1 - - [26/Aug/2022:12:42:24 +0530] "GET /Eedu/compitation/RAS HTTP/1.1" 200 20411 256
0:0:0:0:0:0:0:1 - - [26/Aug/2022:12:42:25 +0530] "GET /Eedu/showQuiz/RAS/STATE%20POLITY HTTP/1.1" 200 3345 111
0:0:0:0:0:0:0:1 - - [26/Aug/2022:12:42:27 +0530] "GET /Eedu/startQuiz/RAS/STATE%20POLITY/1 HTTP/1.1" 200 19178 213
0:0:0:0:0:0:0:1 - - [26/Aug/2022:12:42:27 +0530] "GET /css/quizStyle.css HTTP/1.1" 304 - 18
0:0:0:0:0:0:0:1 - - [26/Aug/2022:12:44:57 +0530] "GET /Eedu/ HTTP/1.1" 200 43704 2728
0:0:0:0:0:0:0:1 - - [26/Aug/2022:12:44:59 +0530] "GET /Eedu/compitation/RAS HTTP/1.1" 200 20411 203
0:0:0:0:0:0:0:1 - - [26/Aug/2022:12:45:01 +0530] "GET /Eedu/showQuiz/RAS/STATE%20POLITY HTTP/1.1" 200 3345 205
0:0:0:0:0:0:0:1 - - [26/Aug/2022:12:45:02 +0530] "GET /Eedu/startQuiz/RAS/STATE%20POLITY/1 HTTP/1.1" 200 19039 202
0:0:0:0:0:0:0:1 - - [26/Aug/2022:13:02:36 +0530] "GET /Eedu/ HTTP/1.1" 200 43704 2917
0:0:0:0:0:0:0:1 - - [26/Aug/2022:13:02:36 +0530] "GET /css/Estyle.css HTTP/1.1" 304 - 31
0:0:0:0:0:0:0:1 - - [26/Aug/2022:13:02:38 +0530] "GET /Eedu/compitation/RAS HTTP/1.1" 200 20411 259
0:0:0:0:0:0:0:1 - - [26/Aug/2022:13:02:39 +0530] "GET /Eedu/showQuiz/RAS/STATE%20POLITY HTTP/1.1" 200 3345 186
0:0:0:0:0:0:0:1 - - [26/Aug/2022:13:02:40 +0530] "GET /Eedu/startQuiz/RAS/STATE%20POLITY/1 HTTP/1.1" 200 5849 138
0:0:0:0:0:0:0:1 - - [26/Aug/2022:13:02:40 +0530] "GET /css/quizStyle.css HTTP/1.1" 304 - 21
0:0:0:0:0:0:0:1 - - [26/Aug/2022:13:02:40 +0530] "GET /js/quizScript.js HTTP/1.1" 200 13518 40
0:0:0:0:0:0:0:1 - - [26/Aug/2022:13:24:03 +0530] "GET /Eedu/compitation/RAS HTTP/1.1" 200 20411 262
0:0:0:0:0:0:0:1 - - [26/Aug/2022:13:24:03 +0530] "GET /css/Estyle.css HTTP/1.1" 304 - 22
0:0:0:0:0:0:0:1 - - [26/Aug/2022:13:24:07 +0530] "GET /Eedu/showQuiz/RAS/STATE%20POLITY HTTP/1.1" 200 3345 70
0:0:0:0:0:0:0:1 - - [26/Aug/2022:13:24:17 +0530] "GET /Eedu/startQuiz/RAS/STATE%20POLITY/1 HTTP/1.1" 200 5849 105
0:0:0:0:0:0:0:1 - - [26/Aug/2022:13:24:17 +0530] "GET /css/quizStyle.css HTTP/1.1" 304 - 38
0:0:0:0:0:0:0:1 - - [26/Aug/2022:13:24:17 +0530] "GET /js/quizScript.js HTTP/1.1" 304 - 24
0:0:0:0:0:0:0:1 - - [26/Aug/2022:13:24:53 +0530] "GET /Eedu/startQuiz/RAS/STATE%20POLITY/1 HTTP/1.1" 200 5849 97
0:0:0:0:0:0:0:1 - - [26/Aug/2022:13:35:01 +0530] "GET /Admin/ HTTP/1.1" 200 39427 128
0:0:0:0:0:0:0:1 - - [26/Aug/2022:13:35:01 +0530] "GET /css/Estyle.css HTTP/1.1" 304 - 17
0:0:0:0:0:0:0:1 - - [26/Aug/2022:13:35:03 +0530] "GET /Admin/compitation/RAS HTTP/1.1" 200 17504 83
0:0:0:0:0:0:0:1 - - [26/Aug/2022:13:35:05 +0530] "GET /Admin/createQuiz/RAS/HINDI HTTP/1.1" 200 14754 289
0:0:0:0:0:0:0:1 - - [26/Aug/2022:13:35:05 +0530] "GET /vendor/bootstrap/js/bootstrap.bundle.min.js.map HTTP/1.1" 200 311949 66
