0:0:0:0:0:0:0:1 - - [25/Aug/2022:12:34:50 +0530] "GET /Admin/ HTTP/1.1" 500 430 545
0:0:0:0:0:0:0:1 - - [25/Aug/2022:12:36:53 +0530] "GET /Admin/ HTTP/1.1" 500 430 452
0:0:0:0:0:0:0:1 - - [25/Aug/2022:12:36:57 +0530] "GET /Admin/ HTTP/1.1" 500 430 69
0:0:0:0:0:0:0:1 - - [25/Aug/2022:12:37:01 +0530] "GET /Admin/ HTTP/1.1" 500 430 76
0:0:0:0:0:0:0:1 - - [25/Aug/2022:12:40:05 +0530] "GET /Admin/ HTTP/1.1" 200 39427 2785
0:0:0:0:0:0:0:1 - - [25/Aug/2022:12:40:05 +0530] "GET /css/Estyle.css HTTP/1.1" 304 - 47
0:0:0:0:0:0:0:1 - - [25/Aug/2022:12:40:34 +0530] "GET /Admin/compitation/RAS HTTP/1.1" 500 707 183
0:0:0:0:0:0:0:1 - - [25/Aug/2022:12:47:49 +0530] "GET /Admin/ HTTP/1.1" 200 39427 1979
0:0:0:0:0:0:0:1 - - [25/Aug/2022:12:47:59 +0530] "GET /Admin/compitation/RAS HTTP/1.1" 500 707 198
0:0:0:0:0:0:0:1 - - [25/Aug/2022:12:51:21 +0530] "GET /Admin/ HTTP/1.1" 200 39427 2706
0:0:0:0:0:0:0:1 - - [25/Aug/2022:12:51:36 +0530] "GET /Admin/compitation/RAS HTTP/1.1" 200 17504 252
0:0:0:0:0:0:0:1 - - [25/Aug/2022:12:51:46 +0530] "GET /Admin/createQuiz/RAS/INDIAN%20POLITY HTTP/1.1" 200 14730 215
0:0:0:0:0:0:0:1 - - [25/Aug/2022:12:51:46 +0530] "GET /vendor/jquery-easing/jquery.easing.min.js HTTP/1.1" 304 - 59
0:0:0:0:0:0:0:1 - - [25/Aug/2022:12:51:46 +0530] "GET /vendor/fontawesome-free/css/all.min.css HTTP/1.1" 304 - 78
0:0:0:0:0:0:0:1 - - [25/Aug/2022:12:51:46 +0530] "GET /js/sb-admin-2.min.js HTTP/1.1" 304 - 59
0:0:0:0:0:0:0:1 - - [25/Aug/2022:12:51:46 +0530] "GET /vendor/jquery/jquery.min.js HTTP/1.1" 304 - 61
0:0:0:0:0:0:0:1 - - [25/Aug/2022:12:51:46 +0530] "GET /vendor/bootstrap/js/bootstrap.bundle.min.js HTTP/1.1" 304 - 62
0:0:0:0:0:0:0:1 - - [25/Aug/2022:12:51:46 +0530] "GET /js/template.js HTTP/1.1" 304 - 12
0:0:0:0:0:0:0:1 - - [25/Aug/2022:12:51:46 +0530] "GET /css/sb-admin-2.min.css HTTP/1.1" 200 256692 101
0:0:0:0:0:0:0:1 - - [25/Aug/2022:12:51:46 +0530] "GET /vendor/fontawesome-free/webfonts/fa-solid-900.woff2 HTTP/1.1" 304 - 32
0:0:0:0:0:0:0:1 - - [25/Aug/2022:12:56:04 +0530] "POST /Admin/saveQuiz HTTP/1.1" 500 424 371
0:0:0:0:0:0:0:1 - - [25/Aug/2022:12:58:55 +0530] "GET /Admin/ HTTP/1.1" 200 39427 2758
0:0:0:0:0:0:0:1 - - [25/Aug/2022:12:58:59 +0530] "GET /Admin/compitation/RAS HTTP/1.1" 200 17504 184
0:0:0:0:0:0:0:1 - - [25/Aug/2022:12:59:01 +0530] "GET /Admin/createQuiz/RAS/INDIAN%20POLITY HTTP/1.1" 200 14730 213
0:0:0:0:0:0:0:1 - - [25/Aug/2022:12:59:17 +0530] "POST /Admin/saveQuiz HTTP/1.1" 500 424 178
0:0:0:0:0:0:0:1 - - [25/Aug/2022:13:04:23 +0530] "POST /Admin/saveQuiz HTTP/1.1" 500 424 167
0:0:0:0:0:0:0:1 - - [25/Aug/2022:13:09:03 +0530] "GET /Admin/ HTTP/1.1" 200 39427 2738
0:0:0:0:0:0:0:1 - - [25/Aug/2022:13:09:05 +0530] "GET /Admin/compitation/RAS HTTP/1.1" 200 17504 217
0:0:0:0:0:0:0:1 - - [25/Aug/2022:13:09:06 +0530] "GET /Admin/createQuiz/RAS/INDIAN%20POLITY HTTP/1.1" 500 411 267
0:0:0:0:0:0:0:1 - - [25/Aug/2022:13:12:05 +0530] "GET /Admin/ HTTP/1.1" 200 39427 2647
0:0:0:0:0:0:0:1 - - [25/Aug/2022:13:12:07 +0530] "GET /Admin/compitation/RAS HTTP/1.1" 200 17504 259
0:0:0:0:0:0:0:1 - - [25/Aug/2022:13:12:08 +0530] "GET /Admin/createQuiz/RAS/INDIAN%20POLITY HTTP/1.1" 200 21032 188
0:0:0:0:0:0:0:1 - - [25/Aug/2022:13:12:18 +0530] "POST /Admin/saveQuiz HTTP/1.1" 500 424 247
0:0:0:0:0:0:0:1 - - [25/Aug/2022:13:13:42 +0530] "GET /Admin/ HTTP/1.1" 200 39427 2980
0:0:0:0:0:0:0:1 - - [25/Aug/2022:13:13:43 +0530] "GET /Admin/compitation/RAS HTTP/1.1" 200 17504 192
0:0:0:0:0:0:0:1 - - [25/Aug/2022:13:13:45 +0530] "GET /Admin/createQuiz/RAS/INDIAN%20POLITY HTTP/1.1" 200 21022 304
0:0:0:0:0:0:0:1 - - [25/Aug/2022:13:13:52 +0530] "POST /Admin/saveQuiz HTTP/1.1" 500 424 177
0:0:0:0:0:0:0:1 - - [25/Aug/2022:13:18:17 +0530] "GET /Admin/ HTTP/1.1" 200 39427 2805
0:0:0:0:0:0:0:1 - - [25/Aug/2022:13:18:19 +0530] "GET /Admin/compitation/RAS HTTP/1.1" 200 17504 248
0:0:0:0:0:0:0:1 - - [25/Aug/2022:13:18:20 +0530] "GET /Admin/createQuiz/RAS/INDIAN%20POLITY HTTP/1.1" 500 411 270
0:0:0:0:0:0:0:1 - - [25/Aug/2022:13:19:44 +0530] "GET /Admin/ HTTP/1.1" 200 39427 2445
0:0:0:0:0:0:0:1 - - [25/Aug/2022:13:19:45 +0530] "GET /Admin/compitation/RAS HTTP/1.1" 200 17504 256
0:0:0:0:0:0:0:1 - - [25/Aug/2022:13:19:46 +0530] "GET /Admin/createQuiz/RAS/INDIAN%20POLITY HTTP/1.1" 500 411 322
0:0:0:0:0:0:0:1 - - [25/Aug/2022:13:23:41 +0530] "GET /Admin/ HTTP/1.1" 200 39427 3139
0:0:0:0:0:0:0:1 - - [25/Aug/2022:13:23:42 +0530] "GET /Admin/compitation/RAS HTTP/1.1" 200 17504 205
0:0:0:0:0:0:0:1 - - [25/Aug/2022:13:23:44 +0530] "GET /Admin/createQuiz/RAS/INDIAN%20POLITY HTTP/1.1" 200 21032 306
0:0:0:0:0:0:0:1 - - [25/Aug/2022:13:23:53 +0530] "POST /Admin/saveQuiz HTTP/1.1" 500 424 189
0:0:0:0:0:0:0:1 - - [25/Aug/2022:13:30:10 +0530] "GET /Admin/ HTTP/1.1" 200 39427 2743
0:0:0:0:0:0:0:1 - - [25/Aug/2022:13:30:12 +0530] "GET /Admin/compitation/RAS HTTP/1.1" 200 17504 250
0:0:0:0:0:0:0:1 - - [25/Aug/2022:13:30:13 +0530] "GET /Admin/createQuiz/RAS/INDIAN%20POLITY HTTP/1.1" 200 21032 197
0:0:0:0:0:0:0:1 - - [25/Aug/2022:13:30:27 +0530] "POST /Admin/saveQuiz HTTP/1.1" 500 420 250
0:0:0:0:0:0:0:1 - - [25/Aug/2022:13:34:37 +0530] "GET /Admin/ HTTP/1.1" 200 39427 3258
0:0:0:0:0:0:0:1 - - [25/Aug/2022:13:34:39 +0530] "GET /Admin/compitation/RAS HTTP/1.1" 200 17504 162
0:0:0:0:0:0:0:1 - - [25/Aug/2022:13:34:40 +0530] "GET /Admin/createQuiz/RAS/INDIAN%20POLITY HTTP/1.1" 200 14778 238
0:0:0:0:0:0:0:1 - - [25/Aug/2022:13:35:00 +0530] "POST /Admin/saveQuiz HTTP/1.1" 500 420 205
0:0:0:0:0:0:0:1 - - [25/Aug/2022:13:38:37 +0530] "GET /Admin/ HTTP/1.1" 200 39427 2976
0:0:0:0:0:0:0:1 - - [25/Aug/2022:13:38:39 +0530] "GET /Admin/compitation/RAS HTTP/1.1" 200 17504 208
0:0:0:0:0:0:0:1 - - [25/Aug/2022:13:38:40 +0530] "GET /Admin/createQuiz/RAS/INDIAN%20POLITY HTTP/1.1" 200 14778 269
0:0:0:0:0:0:0:1 - - [25/Aug/2022:13:38:47 +0530] "POST /Admin/saveQuiz HTTP/1.1" 500 420 174
0:0:0:0:0:0:0:1 - - [25/Aug/2022:14:03:03 +0530] "GET /Admin/ HTTP/1.1" 200 39427 2927
0:0:0:0:0:0:0:1 - - [25/Aug/2022:14:03:05 +0530] "GET /Admin/compitation/RAS HTTP/1.1" 200 17504 215
0:0:0:0:0:0:0:1 - - [25/Aug/2022:14:03:07 +0530] "GET /Admin/createQuiz/RAS/INDIAN%20POLITY HTTP/1.1" 200 14778 266
0:0:0:0:0:0:0:1 - - [25/Aug/2022:14:03:17 +0530] "POST /Admin/saveQuiz HTTP/1.1" 500 420 204
0:0:0:0:0:0:0:1 - - [25/Aug/2022:14:13:50 +0530] "GET /Admin/saveQuiz HTTP/1.1" 405 337 386
0:0:0:0:0:0:0:1 - - [25/Aug/2022:14:13:58 +0530] "GET /Admin/ HTTP/1.1" 200 39427 2915
0:0:0:0:0:0:0:1 - - [25/Aug/2022:14:13:59 +0530] "GET /Admin/compitation/RAS HTTP/1.1" 200 17504 242
0:0:0:0:0:0:0:1 - - [25/Aug/2022:14:14:00 +0530] "GET /Admin/createQuiz/RAS/INDIAN%20POLITY HTTP/1.1" 200 14778 180
0:0:0:0:0:0:0:1 - - [25/Aug/2022:14:14:48 +0530] "POST /Admin/saveQuiz HTTP/1.1" 500 420 240
0:0:0:0:0:0:0:1 - - [25/Aug/2022:16:20:54 +0530] "GET /Admin/ HTTP/1.1" 200 39427 2902
0:0:0:0:0:0:0:1 - - [25/Aug/2022:16:20:56 +0530] "GET /Admin/compitation/RAS HTTP/1.1" 200 17504 185
0:0:0:0:0:0:0:1 - - [25/Aug/2022:16:20:57 +0530] "GET /Admin/createQuiz/RAS/INDIAN%20POLITY HTTP/1.1" 200 14778 283
0:0:0:0:0:0:0:1 - - [25/Aug/2022:16:21:04 +0530] "POST /Admin/saveQuiz HTTP/1.1" 302 - 124
0:0:0:0:0:0:0:1 - - [25/Aug/2022:16:21:04 +0530] "GET /Admin/ HTTP/1.1" 200 39427 45
0:0:0:0:0:0:0:1 - - [25/Aug/2022:16:33:17 +0530] "GET /Admin/createQuiz/RAS/INDIAN%20POLITY HTTP/1.1" 200 14778 2950
0:0:0:0:0:0:0:1 - - [25/Aug/2022:16:33:25 +0530] "POST /Admin/saveQuiz HTTP/1.1" 302 - 140
0:0:0:0:0:0:0:1 - - [25/Aug/2022:16:33:25 +0530] "GET /Admin/ HTTP/1.1" 200 39427 104
0:0:0:0:0:0:0:1 - - [25/Aug/2022:17:03:56 +0530] "GET /Eedu/ HTTP/1.1" 200 43704 203
0:0:0:0:0:0:0:1 - - [25/Aug/2022:17:03:58 +0530] "GET /Eedu/compitation/RAS HTTP/1.1" 200 20411 156
0:0:0:0:0:0:0:1 - - [25/Aug/2022:17:04:00 +0530] "GET /Eedu/showQuiz/RAS/INDIAN%20POLITY HTTP/1.1" 500 495 191
0:0:0:0:0:0:0:1 - - [25/Aug/2022:17:14:41 +0530] "GET /Eedu/ HTTP/1.1" 200 43704 2966
0:0:0:0:0:0:0:1 - - [25/Aug/2022:17:14:47 +0530] "GET /Eedu/ HTTP/1.1" 200 43704 115
0:0:0:0:0:0:0:1 - - [25/Aug/2022:17:14:50 +0530] "GET /Eedu/ HTTP/1.1" 200 43704 70
0:0:0:0:0:0:0:1 - - [25/Aug/2022:17:14:56 +0530] "GET /Admin/ HTTP/1.1" 200 39427 112
0:0:0:0:0:0:0:1 - - [25/Aug/2022:17:15:05 +0530] "GET /Eedu/ HTTP/1.1" 200 43704 60
0:0:0:0:0:0:0:1 - - [25/Aug/2022:17:15:09 +0530] "GET /Eedu/ HTTP/1.1" 200 43704 65
0:0:0:0:0:0:0:1 - - [25/Aug/2022:17:15:11 +0530] "GET /Eedu/compitation/RAS HTTP/1.1" 200 20411 185
0:0:0:0:0:0:0:1 - - [25/Aug/2022:17:15:13 +0530] "GET /Eedu/showQuiz/RAS/INDIAN%20POLITY HTTP/1.1" 500 495 209
0:0:0:0:0:0:0:1 - - [25/Aug/2022:17:16:02 +0530] "GET /Eedu/showQuiz/RAS/INDIAN%20POLITY HTTP/1.1" 500 495 107
0:0:0:0:0:0:0:1 - - [25/Aug/2022:17:22:50 +0530] "GET /Eedu/ HTTP/1.1" 200 43704 2821
0:0:0:0:0:0:0:1 - - [25/Aug/2022:17:22:53 +0530] "GET /Eedu/compitation/RAS HTTP/1.1" 200 20411 276
0:0:0:0:0:0:0:1 - - [25/Aug/2022:17:22:54 +0530] "GET /Eedu/showQuiz/RAS/INDIAN%20POLITY HTTP/1.1" 200 3332 113
0:0:0:0:0:0:0:1 - - [25/Aug/2022:17:23:09 +0530] "GET /Eedu/startQuiz/RAS//2 HTTP/1.1" 404 306 175
0:0:0:0:0:0:0:1 - - [25/Aug/2022:17:25:08 +0530] "GET /Eedu/ HTTP/1.1" 200 43704 2810
0:0:0:0:0:0:0:1 - - [25/Aug/2022:17:25:12 +0530] "GET /Eedu/compitation/RAS HTTP/1.1" 200 20411 185
0:0:0:0:0:0:0:1 - - [25/Aug/2022:17:25:13 +0530] "GET /Eedu/showQuiz/RAS/INDIAN%20POLITY HTTP/1.1" 200 3332 208
0:0:0:0:0:0:0:1 - - [25/Aug/2022:17:25:15 +0530] "GET /Eedu/startQuiz/RAS//2 HTTP/1.1" 404 306 110
0:0:0:0:0:0:0:1 - - [25/Aug/2022:17:27:45 +0530] "GET /Eedu/ HTTP/1.1" 200 43704 2771
0:0:0:0:0:0:0:1 - - [25/Aug/2022:17:27:47 +0530] "GET /Eedu/compitation/RAS HTTP/1.1" 200 20411 186
0:0:0:0:0:0:0:1 - - [25/Aug/2022:17:27:48 +0530] "GET /Eedu/showQuiz/RAS/INDIAN%20POLITY HTTP/1.1" 200 3332 209
0:0:0:0:0:0:0:1 - - [25/Aug/2022:17:27:59 +0530] "GET /Eedu/startQuiz/RAS//2 HTTP/1.1" 404 306 121
0:0:0:0:0:0:0:1 - - [25/Aug/2022:17:43:41 +0530] "GET /Eedu/ HTTP/1.1" 200 43704 3114
0:0:0:0:0:0:0:1 - - [25/Aug/2022:17:43:41 +0530] "GET /css/Estyle.css HTTP/1.1" 200 2547 44
0:0:0:0:0:0:0:1 - - [25/Aug/2022:17:43:42 +0530] "GET /Eedu/compitation/RAS HTTP/1.1" 200 20411 241
0:0:0:0:0:0:0:1 - - [25/Aug/2022:17:43:44 +0530] "GET /Eedu/showQuiz/RAS/INDIAN%20POLITY HTTP/1.1" 200 3332 171
0:0:0:0:0:0:0:1 - - [25/Aug/2022:17:43:45 +0530] "GET /Eedu/startQuiz/RAS//1 HTTP/1.1" 404 306 128
0:0:0:0:0:0:0:1 - - [25/Aug/2022:17:51:49 +0530] "GET /Eedu/ HTTP/1.1" 200 43704 2820
0:0:0:0:0:0:0:1 - - [25/Aug/2022:17:51:49 +0530] "GET /css/Estyle.css HTTP/1.1" 304 - 29
0:0:0:0:0:0:0:1 - - [25/Aug/2022:17:51:51 +0530] "GET /Eedu/compitation/RAS HTTP/1.1" 200 20411 212
0:0:0:0:0:0:0:1 - - [25/Aug/2022:17:51:52 +0530] "GET /Eedu/showQuiz/RAS/INDIAN%20POLITY HTTP/1.1" 200 3335 161
0:0:0:0:0:0:0:1 - - [25/Aug/2022:17:51:53 +0530] "GET /Eedu/startQuiz/RAS/?qz=1 HTTP/1.1" 404 306 143
0:0:0:0:0:0:0:1 - - [25/Aug/2022:22:04:46 +0530] "GET /Eedu/compitation/RAS HTTP/1.1" 200 20411 189
0:0:0:0:0:0:0:1 - - [25/Aug/2022:22:04:46 +0530] "GET /css/Estyle.css HTTP/1.1" 304 - 15
0:0:0:0:0:0:0:1 - - [25/Aug/2022:22:04:51 +0530] "GET /Eedu/showQuiz/RAS/INDIAN%20POLITY HTTP/1.1" 200 3335 75
0:0:0:0:0:0:0:1 - - [25/Aug/2022:22:06:38 +0530] "GET /Eedu/showQuiz/RAS/INDIAN%20POLITY HTTP/1.1" 200 3335 46
0:0:0:0:0:0:0:1 - - [25/Aug/2022:22:06:41 +0530] "GET /Eedu/startQuiz/RAS/?qz=1 HTTP/1.1" 404 306 89
0:0:0:0:0:0:0:1 - - [25/Aug/2022:22:07:19 +0530] "GET /Eedu/compitation/LDC-HIGHCOURT HTTP/1.1" 200 270 116
0:0:0:0:0:0:0:1 - - [25/Aug/2022:22:07:23 +0530] "GET /Eedu/compitation/PATWAR HTTP/1.1" 200 270 44
0:0:0:0:0:0:0:1 - - [25/Aug/2022:22:07:28 +0530] "GET /Eedu/compitation/RAS HTTP/1.1" 200 20411 62
0:0:0:0:0:0:0:1 - - [25/Aug/2022:22:07:37 +0530] "GET /Eedu/showQuiz/RAS/INDIAN%20ECONOMICS HTTP/1.1" 200 270 46
0:0:0:0:0:0:0:1 - - [25/Aug/2022:22:08:23 +0530] "GET /Eedu/compitation/RAS HTTP/1.1" 200 20411 50
0:0:0:0:0:0:0:1 - - [25/Aug/2022:22:08:24 +0530] "GET /Eedu/showQuiz/RAS/INDIAN%20POLITY HTTP/1.1" 200 3335 69
0:0:0:0:0:0:0:1 - - [25/Aug/2022:22:08:27 +0530] "GET /Eedu/startQuiz/RAS/?qz=1 HTTP/1.1" 404 306 91
0:0:0:0:0:0:0:1 - - [25/Aug/2022:22:13:16 +0530] "GET /Eedu/compitation/NEET HTTP/1.1" 200 270 145
0:0:0:0:0:0:0:1 - - [25/Aug/2022:22:13:21 +0530] "GET /Eedu/compitation/PATWAR HTTP/1.1" 200 270 43
0:0:0:0:0:0:0:1 - - [25/Aug/2022:22:13:25 +0530] "GET /Eedu/compitation/RAS HTTP/1.1" 200 20411 55
0:0:0:0:0:0:0:1 - - [25/Aug/2022:22:13:27 +0530] "GET /Eedu/showQuiz/RAS/INDIAN%20POLITY HTTP/1.1" 200 3335 45
0:0:0:0:0:0:0:1 - - [25/Aug/2022:22:13:32 +0530] "GET /Eedu/startQuiz/RAS/?qz=1 HTTP/1.1" 404 306 40
0:0:0:0:0:0:0:1 - - [25/Aug/2022:22:14:00 +0530] "GET /Eedu/showQuiz/RAS/INDIAN%20POLITY HTTP/1.1" 200 3335 39
0:0:0:0:0:0:0:1 - - [25/Aug/2022:22:16:55 +0530] "GET /Eedu/ HTTP/1.1" 200 43704 2676
0:0:0:0:0:0:0:1 - - [25/Aug/2022:22:16:57 +0530] "GET /Eedu/compitation/RAS HTTP/1.1" 200 20411 240
0:0:0:0:0:0:0:1 - - [25/Aug/2022:22:16:59 +0530] "GET /Eedu/showQuiz/RAS/INDIAN%20POLITY HTTP/1.1" 200 3335 190
0:0:0:0:0:0:0:1 - - [25/Aug/2022:22:17:35 +0530] "GET /Eedu/startQuiz/RAS/INDIAN%20POLITY?qz=1 HTTP/1.1" 500 427 142
0:0:0:0:0:0:0:1 - - [25/Aug/2022:22:23:00 +0530] "GET /Eedu/ HTTP/1.1" 200 43704 2510
0:0:0:0:0:0:0:1 - - [25/Aug/2022:22:23:02 +0530] "GET /Eedu/compitation/RAS HTTP/1.1" 200 20411 200
0:0:0:0:0:0:0:1 - - [25/Aug/2022:22:23:03 +0530] "GET /Eedu/showQuiz/RAS/INDIAN%20POLITY HTTP/1.1" 200 3335 159
0:0:0:0:0:0:0:1 - - [25/Aug/2022:22:23:06 +0530] "GET /Eedu/startQuiz/RAS/?qz=1 HTTP/1.1" 404 306 106
0:0:0:0:0:0:0:1 - - [25/Aug/2022:22:23:25 +0530] "GET /Eedu/startQuiz/RAS?qz=1 HTTP/1.1" 404 306 48
0:0:0:0:0:0:0:1 - - [25/Aug/2022:22:26:46 +0530] "GET /Eedu/ HTTP/1.1" 200 43704 1612
0:0:0:0:0:0:0:1 - - [25/Aug/2022:22:26:46 +0530] "GET /Eedu/ HTTP/1.1" 200 8206 3036
0:0:0:0:0:0:0:1 - - [25/Aug/2022:22:26:50 +0530] "GET /Eedu/compitation/RAS HTTP/1.1" 200 20411 224
0:0:0:0:0:0:0:1 - - [25/Aug/2022:22:26:51 +0530] "GET /Eedu/showQuiz/RAS/INDIAN%20POLITY HTTP/1.1" 200 3332 186
0:0:0:0:0:0:0:1 - - [25/Aug/2022:22:26:54 +0530] "GET /Eedu/startQuiz/RAS//1 HTTP/1.1" 404 306 125
0:0:0:0:0:0:0:1 - - [25/Aug/2022:22:28:59 +0530] "GET /Eedu/ HTTP/1.1" 200 43704 2971
0:0:0:0:0:0:0:1 - - [25/Aug/2022:22:29:01 +0530] "GET /Eedu/compitation/RAS HTTP/1.1" 200 20411 235
0:0:0:0:0:0:0:1 - - [25/Aug/2022:22:29:03 +0530] "GET /Eedu/showQuiz/RAS/INDIAN%20POLITY HTTP/1.1" 200 3347 231
0:0:0:0:0:0:0:1 - - [25/Aug/2022:22:29:04 +0530] "GET /Eedu/startQuiz/RAS/INDIAN%20POLITY/1 HTTP/1.1" 500 427 162
0:0:0:0:0:0:0:1 - - [25/Aug/2022:22:30:04 +0530] "GET /Eedu/ HTTP/1.1" 200 43704 2912
0:0:0:0:0:0:0:1 - - [25/Aug/2022:22:30:06 +0530] "GET /Eedu/compitation/RAS HTTP/1.1" 200 20411 212
0:0:0:0:0:0:0:1 - - [25/Aug/2022:22:30:08 +0530] "GET /Eedu/showQuiz/RAS/INDIAN%20POLITY HTTP/1.1" 200 3347 229
0:0:0:0:0:0:0:1 - - [25/Aug/2022:22:32:21 +0530] "GET /Eedu/startQuiz/RAS/INDIAN%20POLITY/1 HTTP/1.1" 500 427 130678
0:0:0:0:0:0:0:1 - - [25/Aug/2022:22:34:54 +0530] "GET /Eedu/ HTTP/1.1" 200 43704 2881
0:0:0:0:0:0:0:1 - - [25/Aug/2022:22:34:54 +0530] "GET /css/Estyle.css HTTP/1.1" 304 - 40
0:0:0:0:0:0:0:1 - - [25/Aug/2022:22:34:56 +0530] "GET /Eedu/compitation/RAS HTTP/1.1" 200 20411 225
0:0:0:0:0:0:0:1 - - [25/Aug/2022:22:34:57 +0530] "GET /Eedu/showQuiz/RAS/INDIAN%20POLITY HTTP/1.1" 200 3347 155
0:0:0:0:0:0:0:1 - - [25/Aug/2022:22:35:35 +0530] "GET /Eedu/startQuiz/RAS/INDIAN%20POLITY/1 HTTP/1.1" 200 3765 35870
0:0:0:0:0:0:0:1 - - [25/Aug/2022:22:35:35 +0530] "GET /css/quizStyle.css HTTP/1.1" 200 11409 56
0:0:0:0:0:0:0:1 - - [25/Aug/2022:22:36:43 +0530] "GET /Eedu/ HTTP/1.1" 200 43704 2803
0:0:0:0:0:0:0:1 - - [25/Aug/2022:22:36:44 +0530] "GET /Eedu/compitation/RAS HTTP/1.1" 200 20411 196
0:0:0:0:0:0:0:1 - - [25/Aug/2022:22:36:45 +0530] "GET /Eedu/showQuiz/RAS/INDIAN%20POLITY HTTP/1.1" 200 3347 162
0:0:0:0:0:0:0:1 - - [25/Aug/2022:22:36:46 +0530] "GET /Eedu/startQuiz/RAS/INDIAN%20POLITY/1 HTTP/1.1" 200 3765 95
0:0:0:0:0:0:0:1 - - [25/Aug/2022:22:42:29 +0530] "GET /Eedu/ HTTP/1.1" 200 43704 2637
0:0:0:0:0:0:0:1 - - [25/Aug/2022:22:42:31 +0530] "GET /Eedu/compitation/RAS HTTP/1.1" 200 20411 221
0:0:0:0:0:0:0:1 - - [25/Aug/2022:22:42:32 +0530] "GET /Eedu/showQuiz/RAS/INDIAN%20POLITY HTTP/1.1" 200 3347 179
0:0:0:0:0:0:0:1 - - [25/Aug/2022:22:46:35 +0530] "GET /Eedu/startQuiz/RAS/INDIAN%20POLITY/1 HTTP/1.1" 200 3765 241997
0:0:0:0:0:0:0:1 - - [25/Aug/2022:22:47:05 +0530] "GET /Admin/ HTTP/1.1" 200 39427 2727
0:0:0:0:0:0:0:1 - - [25/Aug/2022:22:47:07 +0530] "GET /Admin/compitation/RAS HTTP/1.1" 200 17504 237
0:0:0:0:0:0:0:1 - - [25/Aug/2022:22:47:09 +0530] "GET /Admin/createQuiz/RAS/INDIAN%20POLITY HTTP/1.1" 200 14778 224
