0:0:0:0:0:0:0:1 - - [06/Oct/2022:17:02:24 +0530] "GET / HTTP/1.1" 200 2457 2913
0:0:0:0:0:0:0:1 - - [06/Oct/2022:17:02:24 +0530] "GET /script.js HTTP/1.1" 304 - 57
0:0:0:0:0:0:0:1 - - [06/Oct/2022:17:02:24 +0530] "GET /style.css HTTP/1.1" 304 - 56
0:0:0:0:0:0:0:1 - - [06/Oct/2022:17:02:24 +0530] "GET /favicon.ico HTTP/1.1" 200 946 97
0:0:0:0:0:0:0:1 - - [06/Oct/2022:17:02:29 +0530] "GET /login HTTP/1.1" 200 2551 171
0:0:0:0:0:0:0:1 - - [06/Oct/2022:17:02:29 +0530] "GET /vendor/fontawesome-free/css/all.min.css HTTP/1.1" 304 - 79
0:0:0:0:0:0:0:1 - - [06/Oct/2022:17:02:29 +0530] "GET /css/sb-admin-2.min.css HTTP/1.1" 304 - 55
0:0:0:0:0:0:0:1 - - [06/Oct/2022:17:02:29 +0530] "GET /css/StyleSheet2.css HTTP/1.1" 304 - 61
0:0:0:0:0:0:0:1 - - [06/Oct/2022:17:02:29 +0530] "GET /css/loginCss.css HTTP/1.1" 304 - 103
0:0:0:0:0:0:0:1 - - [06/Oct/2022:17:02:29 +0530] "GET /css/[[@%7B/image/bg3.jpeg%7D]] HTTP/1.1" 400 - 0
0:0:0:0:0:0:0:1 - - [06/Oct/2022:17:02:29 +0530] "GET /image/pass.png HTTP/1.1" 404 146 173
0:0:0:0:0:0:0:1 - - [06/Oct/2022:17:02:29 +0530] "GET /image/mail.png HTTP/1.1" 404 146 172
0:0:0:0:0:0:0:1 - - [06/Oct/2022:17:02:29 +0530] "GET /img/SDIcon.ico HTTP/1.1" 404 146 32
0:0:0:0:0:0:0:1 - - [06/Oct/2022:17:02:35 +0530] "POST /submit HTTP/1.1" 302 - 213
0:0:0:0:0:0:0:1 - - [06/Oct/2022:17:02:35 +0530] "GET /Eedu/4/ HTTP/1.1" 200 44053 188
0:0:0:0:0:0:0:1 - - [06/Oct/2022:17:02:35 +0530] "GET /css/Estyle.css HTTP/1.1" 304 - 23
0:0:0:0:0:0:0:1 - - [06/Oct/2022:17:02:39 +0530] "GET /Eedu/compitation/RAS/4 HTTP/1.1" 200 41707 134
0:0:0:0:0:0:0:1 - - [06/Oct/2022:17:02:41 +0530] "GET /Eedu/showQuiz/RAS/INDIAN%20ECONOMICS/4 HTTP/1.1" 200 86119 137
0:0:0:0:0:0:0:1 - - [06/Oct/2022:17:02:42 +0530] "GET /Eedu/startQuiz/RAS/INDIAN%20ECONOMICS/10/4 HTTP/1.1" 200 359 67
0:0:0:0:0:0:0:1 - - [06/Oct/2022:17:02:44 +0530] "GET /Eedu/4 HTTP/1.1" 200 44053 76
0:0:0:0:0:0:0:1 - - [06/Oct/2022:17:02:49 +0530] "GET /Eedu/compitation/REET/4 HTTP/1.1" 200 359 90
0:0:0:0:0:0:0:1 - - [06/Oct/2022:17:02:51 +0530] "GET /Eedu/4 HTTP/1.1" 200 44053 69
